[2024-05-23T03:05:45.368+0000] {processor.py:161} INFO - Started process (PID=64) to work on /home/airflow/.local/lib/python3.12/site-packages/airflow/example_dags/example_subdag_operator.py
[2024-05-23T03:05:45.370+0000] {processor.py:830} INFO - Processing file /home/airflow/.local/lib/python3.12/site-packages/airflow/example_dags/example_subdag_operator.py for tasks to queue
[2024-05-23T03:05:45.373+0000] {logging_mixin.py:188} INFO - [2024-05-23T03:05:45.373+0000] {dagbag.py:545} INFO - Filling up the DagBag from /home/airflow/.local/lib/python3.12/site-packages/airflow/example_dags/example_subdag_operator.py
[2024-05-23T03:05:45.464+0000] {processor.py:840} INFO - DAG(s) 'example_subdag_operator.section-1', 'example_subdag_operator.section-2', 'example_subdag_operator' retrieved from /home/airflow/.local/lib/python3.12/site-packages/airflow/example_dags/example_subdag_operator.py
[2024-05-23T03:05:45.662+0000] {logging_mixin.py:188} INFO - [2024-05-23T03:05:45.661+0000] {dag.py:3096} INFO - Sync 3 DAGs
[2024-05-23T03:05:45.686+0000] {logging_mixin.py:188} INFO - [2024-05-23T03:05:45.686+0000] {dag.py:3954} INFO - Setting next_dagrun for example_subdag_operator to 2022-01-01 00:00:00+00:00, run_after=2022-01-01 00:00:00+00:00
[2024-05-23T03:05:45.690+0000] {logging_mixin.py:188} INFO - [2024-05-23T03:05:45.690+0000] {dag.py:3954} INFO - Setting next_dagrun for example_subdag_operator.section-1 to None, run_after=None
[2024-05-23T03:05:45.693+0000] {logging_mixin.py:188} INFO - [2024-05-23T03:05:45.692+0000] {dag.py:3954} INFO - Setting next_dagrun for example_subdag_operator.section-2 to None, run_after=None
[2024-05-23T03:05:45.707+0000] {logging_mixin.py:188} INFO - [2024-05-23T03:05:45.707+0000] {dag.py:3096} INFO - Sync 2 DAGs
[2024-05-23T03:05:45.712+0000] {logging_mixin.py:188} INFO - [2024-05-23T03:05:45.711+0000] {dag.py:3954} INFO - Setting next_dagrun for example_subdag_operator.section-1 to None, run_after=None
[2024-05-23T03:05:45.714+0000] {logging_mixin.py:188} INFO - [2024-05-23T03:05:45.714+0000] {dag.py:3954} INFO - Setting next_dagrun for example_subdag_operator.section-2 to None, run_after=None
[2024-05-23T03:05:45.762+0000] {processor.py:183} INFO - Processing /home/airflow/.local/lib/python3.12/site-packages/airflow/example_dags/example_subdag_operator.py took 0.403 seconds
[2024-05-23T03:06:16.600+0000] {processor.py:161} INFO - Started process (PID=124) to work on /home/airflow/.local/lib/python3.12/site-packages/airflow/example_dags/example_subdag_operator.py
[2024-05-23T03:06:16.601+0000] {processor.py:830} INFO - Processing file /home/airflow/.local/lib/python3.12/site-packages/airflow/example_dags/example_subdag_operator.py for tasks to queue
[2024-05-23T03:06:16.602+0000] {logging_mixin.py:188} INFO - [2024-05-23T03:06:16.602+0000] {dagbag.py:545} INFO - Filling up the DagBag from /home/airflow/.local/lib/python3.12/site-packages/airflow/example_dags/example_subdag_operator.py
[2024-05-23T03:06:16.615+0000] {processor.py:840} INFO - DAG(s) 'example_subdag_operator.section-1', 'example_subdag_operator.section-2', 'example_subdag_operator' retrieved from /home/airflow/.local/lib/python3.12/site-packages/airflow/example_dags/example_subdag_operator.py
[2024-05-23T03:06:16.623+0000] {logging_mixin.py:188} INFO - [2024-05-23T03:06:16.623+0000] {dag.py:3096} INFO - Sync 3 DAGs
[2024-05-23T03:06:16.633+0000] {logging_mixin.py:188} INFO - [2024-05-23T03:06:16.633+0000] {dag.py:3954} INFO - Setting next_dagrun for example_subdag_operator to 2022-01-01 00:00:00+00:00, run_after=2022-01-01 00:00:00+00:00
[2024-05-23T03:06:16.635+0000] {logging_mixin.py:188} INFO - [2024-05-23T03:06:16.635+0000] {dag.py:3954} INFO - Setting next_dagrun for example_subdag_operator.section-1 to None, run_after=None
[2024-05-23T03:06:16.636+0000] {logging_mixin.py:188} INFO - [2024-05-23T03:06:16.636+0000] {dag.py:3954} INFO - Setting next_dagrun for example_subdag_operator.section-2 to None, run_after=None
[2024-05-23T03:06:16.639+0000] {logging_mixin.py:188} INFO - [2024-05-23T03:06:16.639+0000] {dag.py:3096} INFO - Sync 2 DAGs
[2024-05-23T03:06:16.642+0000] {logging_mixin.py:188} INFO - [2024-05-23T03:06:16.642+0000] {dag.py:3954} INFO - Setting next_dagrun for example_subdag_operator.section-1 to None, run_after=None
[2024-05-23T03:06:16.642+0000] {logging_mixin.py:188} INFO - [2024-05-23T03:06:16.642+0000] {dag.py:3954} INFO - Setting next_dagrun for example_subdag_operator.section-2 to None, run_after=None
[2024-05-23T03:06:16.648+0000] {processor.py:183} INFO - Processing /home/airflow/.local/lib/python3.12/site-packages/airflow/example_dags/example_subdag_operator.py took 0.051 seconds
