[2024-05-20T00:48:18.518+0000] {processor.py:161} INFO - Started process (PID=42) to work on /opt/airflow/dags/fetch_and_store_data.py
[2024-05-20T00:48:18.533+0000] {processor.py:830} INFO - Processing file /opt/airflow/dags/fetch_and_store_data.py for tasks to queue
[2024-05-20T00:48:18.544+0000] {logging_mixin.py:188} INFO - [2024-05-20T00:48:18.542+0000] {dagbag.py:545} INFO - Filling up the DagBag from /opt/airflow/dags/fetch_and_store_data.py
[2024-05-20T00:48:19.018+0000] {processor.py:840} INFO - DAG(s) 'fetch_and_store_data' retrieved from /opt/airflow/dags/fetch_and_store_data.py
[2024-05-20T00:48:21.303+0000] {logging_mixin.py:188} INFO - [2024-05-20T00:48:21.294+0000] {dag.py:3096} INFO - Sync 1 DAGs
[2024-05-20T00:48:21.469+0000] {logging_mixin.py:188} INFO - [2024-05-20T00:48:21.467+0000] {dag.py:3954} INFO - Setting next_dagrun for fetch_and_store_data to 2024-05-20 00:45:00+00:00, run_after=2024-05-20 00:48:00+00:00
[2024-05-20T00:48:21.710+0000] {processor.py:183} INFO - Processing /opt/airflow/dags/fetch_and_store_data.py took 3.285 seconds
[2024-05-20T00:48:54.031+0000] {processor.py:161} INFO - Started process (PID=102) to work on /opt/airflow/dags/fetch_and_store_data.py
[2024-05-20T00:48:54.036+0000] {processor.py:830} INFO - Processing file /opt/airflow/dags/fetch_and_store_data.py for tasks to queue
[2024-05-20T00:48:54.040+0000] {logging_mixin.py:188} INFO - [2024-05-20T00:48:54.039+0000] {dagbag.py:545} INFO - Filling up the DagBag from /opt/airflow/dags/fetch_and_store_data.py
[2024-05-20T00:48:54.150+0000] {processor.py:840} INFO - DAG(s) 'fetch_and_store_data' retrieved from /opt/airflow/dags/fetch_and_store_data.py
[2024-05-20T00:48:54.215+0000] {logging_mixin.py:188} INFO - [2024-05-20T00:48:54.215+0000] {dag.py:3096} INFO - Sync 1 DAGs
[2024-05-20T00:48:54.288+0000] {logging_mixin.py:188} INFO - [2024-05-20T00:48:54.288+0000] {dag.py:3954} INFO - Setting next_dagrun for fetch_and_store_data to 2024-05-20 00:45:00+00:00, run_after=2024-05-20 00:48:00+00:00
[2024-05-20T00:48:54.315+0000] {processor.py:183} INFO - Processing /opt/airflow/dags/fetch_and_store_data.py took 0.293 seconds
[2024-05-20T00:49:25.184+0000] {processor.py:161} INFO - Started process (PID=159) to work on /opt/airflow/dags/fetch_and_store_data.py
[2024-05-20T00:49:25.186+0000] {processor.py:830} INFO - Processing file /opt/airflow/dags/fetch_and_store_data.py for tasks to queue
[2024-05-20T00:49:25.190+0000] {logging_mixin.py:188} INFO - [2024-05-20T00:49:25.189+0000] {dagbag.py:545} INFO - Filling up the DagBag from /opt/airflow/dags/fetch_and_store_data.py
[2024-05-20T00:49:25.339+0000] {processor.py:840} INFO - DAG(s) 'fetch_and_store_data' retrieved from /opt/airflow/dags/fetch_and_store_data.py
[2024-05-20T00:49:25.446+0000] {logging_mixin.py:188} INFO - [2024-05-20T00:49:25.446+0000] {dag.py:3096} INFO - Sync 1 DAGs
[2024-05-20T00:49:25.487+0000] {logging_mixin.py:188} INFO - [2024-05-20T00:49:25.487+0000] {dag.py:3954} INFO - Setting next_dagrun for fetch_and_store_data to 2024-05-20 00:45:00+00:00, run_after=2024-05-20 00:48:00+00:00
[2024-05-20T00:49:25.503+0000] {processor.py:183} INFO - Processing /opt/airflow/dags/fetch_and_store_data.py took 0.331 seconds
[2024-05-20T00:49:55.901+0000] {processor.py:161} INFO - Started process (PID=218) to work on /opt/airflow/dags/fetch_and_store_data.py
[2024-05-20T00:49:55.904+0000] {processor.py:830} INFO - Processing file /opt/airflow/dags/fetch_and_store_data.py for tasks to queue
[2024-05-20T00:49:55.908+0000] {logging_mixin.py:188} INFO - [2024-05-20T00:49:55.908+0000] {dagbag.py:545} INFO - Filling up the DagBag from /opt/airflow/dags/fetch_and_store_data.py
[2024-05-20T00:49:55.982+0000] {processor.py:840} INFO - DAG(s) 'fetch_and_store_data' retrieved from /opt/airflow/dags/fetch_and_store_data.py
[2024-05-20T00:49:56.011+0000] {logging_mixin.py:188} INFO - [2024-05-20T00:49:56.010+0000] {dag.py:3096} INFO - Sync 1 DAGs
[2024-05-20T00:49:56.052+0000] {logging_mixin.py:188} INFO - [2024-05-20T00:49:56.052+0000] {dag.py:3954} INFO - Setting next_dagrun for fetch_and_store_data to 2024-05-20 00:45:00+00:00, run_after=2024-05-20 00:48:00+00:00
[2024-05-20T00:49:56.067+0000] {processor.py:183} INFO - Processing /opt/airflow/dags/fetch_and_store_data.py took 0.173 seconds
[2024-05-20T00:50:29.398+0000] {processor.py:161} INFO - Started process (PID=274) to work on /opt/airflow/dags/fetch_and_store_data.py
[2024-05-20T00:50:29.411+0000] {processor.py:830} INFO - Processing file /opt/airflow/dags/fetch_and_store_data.py for tasks to queue
[2024-05-20T00:50:29.417+0000] {logging_mixin.py:188} INFO - [2024-05-20T00:50:29.416+0000] {dagbag.py:545} INFO - Filling up the DagBag from /opt/airflow/dags/fetch_and_store_data.py
[2024-05-20T00:50:29.853+0000] {processor.py:840} INFO - DAG(s) 'fetch_and_store_data' retrieved from /opt/airflow/dags/fetch_and_store_data.py
[2024-05-20T00:50:29.963+0000] {logging_mixin.py:188} INFO - [2024-05-20T00:50:29.963+0000] {dag.py:3096} INFO - Sync 1 DAGs
[2024-05-20T00:50:30.043+0000] {logging_mixin.py:188} INFO - [2024-05-20T00:50:30.043+0000] {dag.py:3954} INFO - Setting next_dagrun for fetch_and_store_data to 2024-05-20 00:45:00+00:00, run_after=2024-05-20 00:48:00+00:00
[2024-05-20T00:50:30.105+0000] {processor.py:183} INFO - Processing /opt/airflow/dags/fetch_and_store_data.py took 0.757 seconds
[2024-05-20T00:51:00.198+0000] {processor.py:161} INFO - Started process (PID=334) to work on /opt/airflow/dags/fetch_and_store_data.py
[2024-05-20T00:51:00.200+0000] {processor.py:830} INFO - Processing file /opt/airflow/dags/fetch_and_store_data.py for tasks to queue
[2024-05-20T00:51:00.202+0000] {logging_mixin.py:188} INFO - [2024-05-20T00:51:00.202+0000] {dagbag.py:545} INFO - Filling up the DagBag from /opt/airflow/dags/fetch_and_store_data.py
[2024-05-20T00:51:00.255+0000] {processor.py:840} INFO - DAG(s) 'fetch_and_store_data' retrieved from /opt/airflow/dags/fetch_and_store_data.py
[2024-05-20T00:51:00.301+0000] {logging_mixin.py:188} INFO - [2024-05-20T00:51:00.300+0000] {dag.py:3096} INFO - Sync 1 DAGs
[2024-05-20T00:51:00.339+0000] {logging_mixin.py:188} INFO - [2024-05-20T00:51:00.339+0000] {dag.py:3954} INFO - Setting next_dagrun for fetch_and_store_data to 2024-05-20 00:48:00+00:00, run_after=2024-05-20 00:51:00+00:00
[2024-05-20T00:51:00.359+0000] {processor.py:183} INFO - Processing /opt/airflow/dags/fetch_and_store_data.py took 0.167 seconds
[2024-05-20T00:51:30.791+0000] {processor.py:161} INFO - Started process (PID=391) to work on /opt/airflow/dags/fetch_and_store_data.py
[2024-05-20T00:51:30.794+0000] {processor.py:830} INFO - Processing file /opt/airflow/dags/fetch_and_store_data.py for tasks to queue
[2024-05-20T00:51:30.807+0000] {logging_mixin.py:188} INFO - [2024-05-20T00:51:30.803+0000] {dagbag.py:545} INFO - Filling up the DagBag from /opt/airflow/dags/fetch_and_store_data.py
[2024-05-20T00:51:30.988+0000] {processor.py:840} INFO - DAG(s) 'fetch_and_store_data' retrieved from /opt/airflow/dags/fetch_and_store_data.py
[2024-05-20T00:51:31.029+0000] {logging_mixin.py:188} INFO - [2024-05-20T00:51:31.029+0000] {dag.py:3096} INFO - Sync 1 DAGs
[2024-05-20T00:51:31.066+0000] {logging_mixin.py:188} INFO - [2024-05-20T00:51:31.065+0000] {dag.py:3954} INFO - Setting next_dagrun for fetch_and_store_data to 2024-05-20 00:48:00+00:00, run_after=2024-05-20 00:51:00+00:00
[2024-05-20T00:51:31.086+0000] {processor.py:183} INFO - Processing /opt/airflow/dags/fetch_and_store_data.py took 0.308 seconds
[2024-05-20T00:52:02.007+0000] {processor.py:161} INFO - Started process (PID=452) to work on /opt/airflow/dags/fetch_and_store_data.py
[2024-05-20T00:52:02.010+0000] {processor.py:830} INFO - Processing file /opt/airflow/dags/fetch_and_store_data.py for tasks to queue
[2024-05-20T00:52:02.021+0000] {logging_mixin.py:188} INFO - [2024-05-20T00:52:02.018+0000] {dagbag.py:545} INFO - Filling up the DagBag from /opt/airflow/dags/fetch_and_store_data.py
[2024-05-20T00:52:02.078+0000] {processor.py:840} INFO - DAG(s) 'fetch_and_store_data' retrieved from /opt/airflow/dags/fetch_and_store_data.py
[2024-05-20T00:52:02.119+0000] {logging_mixin.py:188} INFO - [2024-05-20T00:52:02.119+0000] {dag.py:3096} INFO - Sync 1 DAGs
[2024-05-20T00:52:02.147+0000] {logging_mixin.py:188} INFO - [2024-05-20T00:52:02.147+0000] {dag.py:3954} INFO - Setting next_dagrun for fetch_and_store_data to 2024-05-20 00:48:00+00:00, run_after=2024-05-20 00:51:00+00:00
[2024-05-20T00:52:02.162+0000] {processor.py:183} INFO - Processing /opt/airflow/dags/fetch_and_store_data.py took 0.164 seconds
[2024-05-20T00:52:33.287+0000] {processor.py:161} INFO - Started process (PID=512) to work on /opt/airflow/dags/fetch_and_store_data.py
[2024-05-20T00:52:33.300+0000] {processor.py:830} INFO - Processing file /opt/airflow/dags/fetch_and_store_data.py for tasks to queue
[2024-05-20T00:52:33.360+0000] {logging_mixin.py:188} INFO - [2024-05-20T00:52:33.351+0000] {dagbag.py:545} INFO - Filling up the DagBag from /opt/airflow/dags/fetch_and_store_data.py
[2024-05-20T00:52:34.006+0000] {processor.py:840} INFO - DAG(s) 'fetch_and_store_data' retrieved from /opt/airflow/dags/fetch_and_store_data.py
[2024-05-20T00:52:34.075+0000] {logging_mixin.py:188} INFO - [2024-05-20T00:52:34.075+0000] {dag.py:3096} INFO - Sync 1 DAGs
[2024-05-20T00:52:34.195+0000] {logging_mixin.py:188} INFO - [2024-05-20T00:52:34.194+0000] {dag.py:3954} INFO - Setting next_dagrun for fetch_and_store_data to 2024-05-20 00:48:00+00:00, run_after=2024-05-20 00:51:00+00:00
[2024-05-20T00:52:34.246+0000] {processor.py:183} INFO - Processing /opt/airflow/dags/fetch_and_store_data.py took 1.131 seconds
[2024-05-20T00:53:04.568+0000] {processor.py:161} INFO - Started process (PID=572) to work on /opt/airflow/dags/fetch_and_store_data.py
[2024-05-20T00:53:04.579+0000] {processor.py:830} INFO - Processing file /opt/airflow/dags/fetch_and_store_data.py for tasks to queue
[2024-05-20T00:53:04.584+0000] {logging_mixin.py:188} INFO - [2024-05-20T00:53:04.583+0000] {dagbag.py:545} INFO - Filling up the DagBag from /opt/airflow/dags/fetch_and_store_data.py
[2024-05-20T00:53:04.771+0000] {processor.py:840} INFO - DAG(s) 'fetch_and_store_data' retrieved from /opt/airflow/dags/fetch_and_store_data.py
[2024-05-20T00:53:04.839+0000] {logging_mixin.py:188} INFO - [2024-05-20T00:53:04.838+0000] {dag.py:3096} INFO - Sync 1 DAGs
[2024-05-20T00:53:04.929+0000] {logging_mixin.py:188} INFO - [2024-05-20T00:53:04.928+0000] {dag.py:3954} INFO - Setting next_dagrun for fetch_and_store_data to 2024-05-20 00:48:00+00:00, run_after=2024-05-20 00:51:00+00:00
[2024-05-20T00:53:04.989+0000] {processor.py:183} INFO - Processing /opt/airflow/dags/fetch_and_store_data.py took 0.440 seconds
[2024-05-20T00:53:46.959+0000] {processor.py:161} INFO - Started process (PID=596) to work on /opt/airflow/dags/fetch_and_store_data.py
[2024-05-20T00:53:46.965+0000] {processor.py:830} INFO - Processing file /opt/airflow/dags/fetch_and_store_data.py for tasks to queue
[2024-05-20T00:53:46.975+0000] {logging_mixin.py:188} INFO - [2024-05-20T00:53:46.973+0000] {dagbag.py:545} INFO - Filling up the DagBag from /opt/airflow/dags/fetch_and_store_data.py
[2024-05-20T00:53:47.769+0000] {processor.py:840} INFO - DAG(s) 'fetch_and_store_data' retrieved from /opt/airflow/dags/fetch_and_store_data.py
[2024-05-20T00:53:48.140+0000] {logging_mixin.py:188} INFO - [2024-05-20T00:53:48.134+0000] {dag.py:3096} INFO - Sync 1 DAGs
[2024-05-20T00:53:48.390+0000] {logging_mixin.py:188} INFO - [2024-05-20T00:53:48.389+0000] {dag.py:3954} INFO - Setting next_dagrun for fetch_and_store_data to 2024-05-20 00:48:00+00:00, run_after=2024-05-20 00:51:00+00:00
[2024-05-20T00:53:48.503+0000] {processor.py:183} INFO - Processing /opt/airflow/dags/fetch_and_store_data.py took 1.619 seconds
[2024-05-20T00:54:19.150+0000] {processor.py:161} INFO - Started process (PID=656) to work on /opt/airflow/dags/fetch_and_store_data.py
[2024-05-20T00:54:19.152+0000] {processor.py:830} INFO - Processing file /opt/airflow/dags/fetch_and_store_data.py for tasks to queue
[2024-05-20T00:54:19.154+0000] {logging_mixin.py:188} INFO - [2024-05-20T00:54:19.154+0000] {dagbag.py:545} INFO - Filling up the DagBag from /opt/airflow/dags/fetch_and_store_data.py
[2024-05-20T00:54:19.230+0000] {processor.py:840} INFO - DAG(s) 'fetch_and_store_data' retrieved from /opt/airflow/dags/fetch_and_store_data.py
[2024-05-20T00:54:19.266+0000] {logging_mixin.py:188} INFO - [2024-05-20T00:54:19.266+0000] {dag.py:3096} INFO - Sync 1 DAGs
[2024-05-20T00:54:19.299+0000] {logging_mixin.py:188} INFO - [2024-05-20T00:54:19.299+0000] {dag.py:3954} INFO - Setting next_dagrun for fetch_and_store_data to 2024-05-20 00:51:00+00:00, run_after=2024-05-20 00:54:00+00:00
[2024-05-20T00:54:19.338+0000] {processor.py:183} INFO - Processing /opt/airflow/dags/fetch_and_store_data.py took 0.194 seconds
[2024-05-20T00:54:49.508+0000] {processor.py:161} INFO - Started process (PID=716) to work on /opt/airflow/dags/fetch_and_store_data.py
[2024-05-20T00:54:49.509+0000] {processor.py:830} INFO - Processing file /opt/airflow/dags/fetch_and_store_data.py for tasks to queue
[2024-05-20T00:54:49.511+0000] {logging_mixin.py:188} INFO - [2024-05-20T00:54:49.511+0000] {dagbag.py:545} INFO - Filling up the DagBag from /opt/airflow/dags/fetch_and_store_data.py
[2024-05-20T00:54:49.551+0000] {processor.py:840} INFO - DAG(s) 'fetch_and_store_data' retrieved from /opt/airflow/dags/fetch_and_store_data.py
[2024-05-20T00:54:49.573+0000] {logging_mixin.py:188} INFO - [2024-05-20T00:54:49.573+0000] {dag.py:3096} INFO - Sync 1 DAGs
[2024-05-20T00:54:49.600+0000] {logging_mixin.py:188} INFO - [2024-05-20T00:54:49.599+0000] {dag.py:3954} INFO - Setting next_dagrun for fetch_and_store_data to 2024-05-20 00:51:00+00:00, run_after=2024-05-20 00:54:00+00:00
[2024-05-20T00:54:49.616+0000] {processor.py:183} INFO - Processing /opt/airflow/dags/fetch_and_store_data.py took 0.114 seconds
[2024-05-20T00:55:37.214+0000] {processor.py:161} INFO - Started process (PID=760) to work on /opt/airflow/dags/fetch_and_store_data.py
[2024-05-20T00:55:37.225+0000] {processor.py:830} INFO - Processing file /opt/airflow/dags/fetch_and_store_data.py for tasks to queue
[2024-05-20T00:55:37.272+0000] {logging_mixin.py:188} INFO - [2024-05-20T00:55:37.269+0000] {dagbag.py:545} INFO - Filling up the DagBag from /opt/airflow/dags/fetch_and_store_data.py
[2024-05-20T00:55:37.630+0000] {processor.py:840} INFO - DAG(s) 'fetch_and_store_data' retrieved from /opt/airflow/dags/fetch_and_store_data.py
[2024-05-20T00:55:37.880+0000] {logging_mixin.py:188} INFO - [2024-05-20T00:55:37.876+0000] {dag.py:3096} INFO - Sync 1 DAGs
[2024-05-20T00:55:38.116+0000] {logging_mixin.py:188} INFO - [2024-05-20T00:55:38.115+0000] {dag.py:3954} INFO - Setting next_dagrun for fetch_and_store_data to 2024-05-20 00:51:00+00:00, run_after=2024-05-20 00:54:00+00:00
[2024-05-20T00:55:38.234+0000] {processor.py:183} INFO - Processing /opt/airflow/dags/fetch_and_store_data.py took 12.350 seconds
[2024-05-20T00:56:09.678+0000] {processor.py:161} INFO - Started process (PID=826) to work on /opt/airflow/dags/fetch_and_store_data.py
[2024-05-20T00:56:09.683+0000] {processor.py:830} INFO - Processing file /opt/airflow/dags/fetch_and_store_data.py for tasks to queue
[2024-05-20T00:56:09.696+0000] {logging_mixin.py:188} INFO - [2024-05-20T00:56:09.692+0000] {dagbag.py:545} INFO - Filling up the DagBag from /opt/airflow/dags/fetch_and_store_data.py
[2024-05-20T00:56:09.889+0000] {processor.py:840} INFO - DAG(s) 'fetch_and_store_data' retrieved from /opt/airflow/dags/fetch_and_store_data.py
[2024-05-20T00:56:10.034+0000] {logging_mixin.py:188} INFO - [2024-05-20T00:56:10.034+0000] {dag.py:3096} INFO - Sync 1 DAGs
[2024-05-20T00:56:10.129+0000] {logging_mixin.py:188} INFO - [2024-05-20T00:56:10.128+0000] {dag.py:3954} INFO - Setting next_dagrun for fetch_and_store_data to 2024-05-20 00:51:00+00:00, run_after=2024-05-20 00:54:00+00:00
[2024-05-20T00:56:10.197+0000] {processor.py:183} INFO - Processing /opt/airflow/dags/fetch_and_store_data.py took 0.556 seconds
[2024-05-20T00:56:40.436+0000] {processor.py:161} INFO - Started process (PID=884) to work on /opt/airflow/dags/fetch_and_store_data.py
[2024-05-20T00:56:40.444+0000] {processor.py:830} INFO - Processing file /opt/airflow/dags/fetch_and_store_data.py for tasks to queue
[2024-05-20T00:56:40.460+0000] {logging_mixin.py:188} INFO - [2024-05-20T00:56:40.459+0000] {dagbag.py:545} INFO - Filling up the DagBag from /opt/airflow/dags/fetch_and_store_data.py
[2024-05-20T00:56:40.684+0000] {processor.py:840} INFO - DAG(s) 'fetch_and_store_data' retrieved from /opt/airflow/dags/fetch_and_store_data.py
[2024-05-20T00:56:40.875+0000] {logging_mixin.py:188} INFO - [2024-05-20T00:56:40.873+0000] {dag.py:3096} INFO - Sync 1 DAGs
[2024-05-20T00:56:40.990+0000] {logging_mixin.py:188} INFO - [2024-05-20T00:56:40.990+0000] {dag.py:3954} INFO - Setting next_dagrun for fetch_and_store_data to 2024-05-20 00:51:00+00:00, run_after=2024-05-20 00:54:00+00:00
[2024-05-20T00:56:41.077+0000] {processor.py:183} INFO - Processing /opt/airflow/dags/fetch_and_store_data.py took 0.706 seconds
[2024-05-20T00:57:12.647+0000] {processor.py:161} INFO - Started process (PID=938) to work on /opt/airflow/dags/fetch_and_store_data.py
[2024-05-20T00:57:12.658+0000] {processor.py:830} INFO - Processing file /opt/airflow/dags/fetch_and_store_data.py for tasks to queue
[2024-05-20T00:57:12.825+0000] {logging_mixin.py:188} INFO - [2024-05-20T00:57:12.751+0000] {dagbag.py:545} INFO - Filling up the DagBag from /opt/airflow/dags/fetch_and_store_data.py
[2024-05-20T00:57:23.543+0000] {processor.py:840} INFO - DAG(s) 'fetch_and_store_data' retrieved from /opt/airflow/dags/fetch_and_store_data.py
[2024-05-20T00:57:25.445+0000] {logging_mixin.py:188} INFO - [2024-05-20T00:57:25.436+0000] {dag.py:3096} INFO - Sync 1 DAGs
[2024-05-20T00:57:25.916+0000] {logging_mixin.py:188} INFO - [2024-05-20T00:57:25.909+0000] {dag.py:3954} INFO - Setting next_dagrun for fetch_and_store_data to 2024-05-20 00:54:00+00:00, run_after=2024-05-20 00:57:00+00:00
[2024-05-20T00:57:27.103+0000] {processor.py:183} INFO - Processing /opt/airflow/dags/fetch_and_store_data.py took 15.331 seconds
[2024-05-20T00:58:04.558+0000] {processor.py:161} INFO - Started process (PID=1004) to work on /opt/airflow/dags/fetch_and_store_data.py
[2024-05-20T00:58:04.561+0000] {processor.py:830} INFO - Processing file /opt/airflow/dags/fetch_and_store_data.py for tasks to queue
[2024-05-20T00:58:04.568+0000] {logging_mixin.py:188} INFO - [2024-05-20T00:58:04.567+0000] {dagbag.py:545} INFO - Filling up the DagBag from /opt/airflow/dags/fetch_and_store_data.py
[2024-05-20T00:58:04.696+0000] {processor.py:840} INFO - DAG(s) 'fetch_and_store_data' retrieved from /opt/airflow/dags/fetch_and_store_data.py
[2024-05-20T00:58:04.752+0000] {logging_mixin.py:188} INFO - [2024-05-20T00:58:04.751+0000] {dag.py:3096} INFO - Sync 1 DAGs
[2024-05-20T00:58:04.849+0000] {logging_mixin.py:188} INFO - [2024-05-20T00:58:04.848+0000] {dag.py:3954} INFO - Setting next_dagrun for fetch_and_store_data to 2024-05-20 00:54:00+00:00, run_after=2024-05-20 00:57:00+00:00
[2024-05-20T00:58:04.929+0000] {processor.py:183} INFO - Processing /opt/airflow/dags/fetch_and_store_data.py took 0.387 seconds
[2024-05-20T00:58:35.015+0000] {processor.py:161} INFO - Started process (PID=1061) to work on /opt/airflow/dags/fetch_and_store_data.py
[2024-05-20T00:58:35.017+0000] {processor.py:830} INFO - Processing file /opt/airflow/dags/fetch_and_store_data.py for tasks to queue
[2024-05-20T00:58:35.021+0000] {logging_mixin.py:188} INFO - [2024-05-20T00:58:35.020+0000] {dagbag.py:545} INFO - Filling up the DagBag from /opt/airflow/dags/fetch_and_store_data.py
[2024-05-20T00:58:35.086+0000] {processor.py:840} INFO - DAG(s) 'fetch_and_store_data' retrieved from /opt/airflow/dags/fetch_and_store_data.py
[2024-05-20T00:58:35.139+0000] {logging_mixin.py:188} INFO - [2024-05-20T00:58:35.138+0000] {dag.py:3096} INFO - Sync 1 DAGs
[2024-05-20T00:58:35.184+0000] {logging_mixin.py:188} INFO - [2024-05-20T00:58:35.184+0000] {dag.py:3954} INFO - Setting next_dagrun for fetch_and_store_data to 2024-05-20 00:54:00+00:00, run_after=2024-05-20 00:57:00+00:00
[2024-05-20T00:58:35.223+0000] {processor.py:183} INFO - Processing /opt/airflow/dags/fetch_and_store_data.py took 0.228 seconds
[2024-05-20T00:59:05.401+0000] {processor.py:161} INFO - Started process (PID=1117) to work on /opt/airflow/dags/fetch_and_store_data.py
[2024-05-20T00:59:05.404+0000] {processor.py:830} INFO - Processing file /opt/airflow/dags/fetch_and_store_data.py for tasks to queue
[2024-05-20T00:59:05.407+0000] {logging_mixin.py:188} INFO - [2024-05-20T00:59:05.406+0000] {dagbag.py:545} INFO - Filling up the DagBag from /opt/airflow/dags/fetch_and_store_data.py
[2024-05-20T00:59:05.469+0000] {processor.py:840} INFO - DAG(s) 'fetch_and_store_data' retrieved from /opt/airflow/dags/fetch_and_store_data.py
[2024-05-20T00:59:05.515+0000] {logging_mixin.py:188} INFO - [2024-05-20T00:59:05.515+0000] {dag.py:3096} INFO - Sync 1 DAGs
[2024-05-20T00:59:05.565+0000] {logging_mixin.py:188} INFO - [2024-05-20T00:59:05.565+0000] {dag.py:3954} INFO - Setting next_dagrun for fetch_and_store_data to 2024-05-20 00:54:00+00:00, run_after=2024-05-20 00:57:00+00:00
[2024-05-20T00:59:05.599+0000] {processor.py:183} INFO - Processing /opt/airflow/dags/fetch_and_store_data.py took 0.227 seconds
[2024-05-20T00:59:36.345+0000] {processor.py:161} INFO - Started process (PID=1176) to work on /opt/airflow/dags/fetch_and_store_data.py
[2024-05-20T00:59:36.347+0000] {processor.py:830} INFO - Processing file /opt/airflow/dags/fetch_and_store_data.py for tasks to queue
[2024-05-20T00:59:36.350+0000] {logging_mixin.py:188} INFO - [2024-05-20T00:59:36.350+0000] {dagbag.py:545} INFO - Filling up the DagBag from /opt/airflow/dags/fetch_and_store_data.py
[2024-05-20T00:59:36.602+0000] {processor.py:840} INFO - DAG(s) 'fetch_and_store_data' retrieved from /opt/airflow/dags/fetch_and_store_data.py
[2024-05-20T00:59:36.684+0000] {logging_mixin.py:188} INFO - [2024-05-20T00:59:36.677+0000] {dag.py:3096} INFO - Sync 1 DAGs
[2024-05-20T00:59:37.098+0000] {logging_mixin.py:188} INFO - [2024-05-20T00:59:37.094+0000] {dag.py:3954} INFO - Setting next_dagrun for fetch_and_store_data to 2024-05-20 00:54:00+00:00, run_after=2024-05-20 00:57:00+00:00
[2024-05-20T00:59:37.292+0000] {processor.py:183} INFO - Processing /opt/airflow/dags/fetch_and_store_data.py took 0.968 seconds
[2024-05-20T01:00:11.173+0000] {processor.py:161} INFO - Started process (PID=1235) to work on /opt/airflow/dags/fetch_and_store_data.py
[2024-05-20T01:00:11.178+0000] {processor.py:830} INFO - Processing file /opt/airflow/dags/fetch_and_store_data.py for tasks to queue
[2024-05-20T01:00:11.230+0000] {logging_mixin.py:188} INFO - [2024-05-20T01:00:11.229+0000] {dagbag.py:545} INFO - Filling up the DagBag from /opt/airflow/dags/fetch_and_store_data.py
[2024-05-20T01:00:11.734+0000] {processor.py:840} INFO - DAG(s) 'fetch_and_store_data' retrieved from /opt/airflow/dags/fetch_and_store_data.py
[2024-05-20T01:00:12.056+0000] {logging_mixin.py:188} INFO - [2024-05-20T01:00:12.053+0000] {dag.py:3096} INFO - Sync 1 DAGs
[2024-05-20T01:00:12.463+0000] {logging_mixin.py:188} INFO - [2024-05-20T01:00:12.380+0000] {dag.py:3954} INFO - Setting next_dagrun for fetch_and_store_data to 2024-05-20 00:57:00+00:00, run_after=2024-05-20 01:00:00+00:00
[2024-05-20T01:00:12.816+0000] {processor.py:183} INFO - Processing /opt/airflow/dags/fetch_and_store_data.py took 1.679 seconds
[2024-05-20T01:00:56.645+0000] {processor.py:161} INFO - Started process (PID=1296) to work on /opt/airflow/dags/fetch_and_store_data.py
[2024-05-20T01:00:56.647+0000] {processor.py:830} INFO - Processing file /opt/airflow/dags/fetch_and_store_data.py for tasks to queue
[2024-05-20T01:00:56.650+0000] {logging_mixin.py:188} INFO - [2024-05-20T01:00:56.650+0000] {dagbag.py:545} INFO - Filling up the DagBag from /opt/airflow/dags/fetch_and_store_data.py
[2024-05-20T01:00:56.806+0000] {processor.py:840} INFO - DAG(s) 'fetch_and_store_data' retrieved from /opt/airflow/dags/fetch_and_store_data.py
[2024-05-20T01:00:56.952+0000] {logging_mixin.py:188} INFO - [2024-05-20T01:00:56.949+0000] {dag.py:3096} INFO - Sync 1 DAGs
[2024-05-20T01:00:57.043+0000] {logging_mixin.py:188} INFO - [2024-05-20T01:00:57.042+0000] {dag.py:3954} INFO - Setting next_dagrun for fetch_and_store_data to 2024-05-20 00:57:00+00:00, run_after=2024-05-20 01:00:00+00:00
[2024-05-20T01:00:57.087+0000] {processor.py:183} INFO - Processing /opt/airflow/dags/fetch_and_store_data.py took 0.449 seconds
[2024-05-20T01:01:27.257+0000] {processor.py:161} INFO - Started process (PID=1354) to work on /opt/airflow/dags/fetch_and_store_data.py
[2024-05-20T01:01:27.259+0000] {processor.py:830} INFO - Processing file /opt/airflow/dags/fetch_and_store_data.py for tasks to queue
[2024-05-20T01:01:27.263+0000] {logging_mixin.py:188} INFO - [2024-05-20T01:01:27.263+0000] {dagbag.py:545} INFO - Filling up the DagBag from /opt/airflow/dags/fetch_and_store_data.py
[2024-05-20T01:01:27.307+0000] {processor.py:840} INFO - DAG(s) 'fetch_and_store_data' retrieved from /opt/airflow/dags/fetch_and_store_data.py
[2024-05-20T01:01:27.333+0000] {logging_mixin.py:188} INFO - [2024-05-20T01:01:27.332+0000] {dag.py:3096} INFO - Sync 1 DAGs
[2024-05-20T01:01:27.365+0000] {logging_mixin.py:188} INFO - [2024-05-20T01:01:27.365+0000] {dag.py:3954} INFO - Setting next_dagrun for fetch_and_store_data to 2024-05-20 00:57:00+00:00, run_after=2024-05-20 01:00:00+00:00
[2024-05-20T01:01:27.409+0000] {processor.py:183} INFO - Processing /opt/airflow/dags/fetch_and_store_data.py took 0.164 seconds
[2024-05-20T01:01:57.498+0000] {processor.py:161} INFO - Started process (PID=1415) to work on /opt/airflow/dags/fetch_and_store_data.py
[2024-05-20T01:01:57.500+0000] {processor.py:830} INFO - Processing file /opt/airflow/dags/fetch_and_store_data.py for tasks to queue
[2024-05-20T01:01:57.503+0000] {logging_mixin.py:188} INFO - [2024-05-20T01:01:57.503+0000] {dagbag.py:545} INFO - Filling up the DagBag from /opt/airflow/dags/fetch_and_store_data.py
[2024-05-20T01:01:57.560+0000] {processor.py:840} INFO - DAG(s) 'fetch_and_store_data' retrieved from /opt/airflow/dags/fetch_and_store_data.py
[2024-05-20T01:01:57.583+0000] {logging_mixin.py:188} INFO - [2024-05-20T01:01:57.582+0000] {dag.py:3096} INFO - Sync 1 DAGs
[2024-05-20T01:01:57.643+0000] {logging_mixin.py:188} INFO - [2024-05-20T01:01:57.643+0000] {dag.py:3954} INFO - Setting next_dagrun for fetch_and_store_data to 2024-05-20 00:57:00+00:00, run_after=2024-05-20 01:00:00+00:00
[2024-05-20T01:01:57.680+0000] {processor.py:183} INFO - Processing /opt/airflow/dags/fetch_and_store_data.py took 0.190 seconds
[2024-05-20T01:02:28.010+0000] {processor.py:161} INFO - Started process (PID=1473) to work on /opt/airflow/dags/fetch_and_store_data.py
[2024-05-20T01:02:28.014+0000] {processor.py:830} INFO - Processing file /opt/airflow/dags/fetch_and_store_data.py for tasks to queue
[2024-05-20T01:02:28.021+0000] {logging_mixin.py:188} INFO - [2024-05-20T01:02:28.020+0000] {dagbag.py:545} INFO - Filling up the DagBag from /opt/airflow/dags/fetch_and_store_data.py
[2024-05-20T01:02:28.117+0000] {processor.py:840} INFO - DAG(s) 'fetch_and_store_data' retrieved from /opt/airflow/dags/fetch_and_store_data.py
[2024-05-20T01:02:28.187+0000] {logging_mixin.py:188} INFO - [2024-05-20T01:02:28.186+0000] {dag.py:3096} INFO - Sync 1 DAGs
[2024-05-20T01:02:28.243+0000] {logging_mixin.py:188} INFO - [2024-05-20T01:02:28.243+0000] {dag.py:3954} INFO - Setting next_dagrun for fetch_and_store_data to 2024-05-20 00:57:00+00:00, run_after=2024-05-20 01:00:00+00:00
[2024-05-20T01:02:28.274+0000] {processor.py:183} INFO - Processing /opt/airflow/dags/fetch_and_store_data.py took 0.295 seconds
[2024-05-20T01:02:58.349+0000] {processor.py:161} INFO - Started process (PID=1534) to work on /opt/airflow/dags/fetch_and_store_data.py
[2024-05-20T01:02:58.352+0000] {processor.py:830} INFO - Processing file /opt/airflow/dags/fetch_and_store_data.py for tasks to queue
[2024-05-20T01:02:58.358+0000] {logging_mixin.py:188} INFO - [2024-05-20T01:02:58.357+0000] {dagbag.py:545} INFO - Filling up the DagBag from /opt/airflow/dags/fetch_and_store_data.py
[2024-05-20T01:02:58.524+0000] {processor.py:840} INFO - DAG(s) 'fetch_and_store_data' retrieved from /opt/airflow/dags/fetch_and_store_data.py
[2024-05-20T01:02:58.724+0000] {logging_mixin.py:188} INFO - [2024-05-20T01:02:58.718+0000] {dag.py:3096} INFO - Sync 1 DAGs
[2024-05-20T01:02:58.920+0000] {logging_mixin.py:188} INFO - [2024-05-20T01:02:58.915+0000] {dag.py:3954} INFO - Setting next_dagrun for fetch_and_store_data to 2024-05-20 00:57:00+00:00, run_after=2024-05-20 01:00:00+00:00
[2024-05-20T01:02:59.009+0000] {processor.py:183} INFO - Processing /opt/airflow/dags/fetch_and_store_data.py took 0.678 seconds
[2024-05-20T01:03:30.505+0000] {processor.py:161} INFO - Started process (PID=1593) to work on /opt/airflow/dags/fetch_and_store_data.py
[2024-05-20T01:03:30.513+0000] {processor.py:830} INFO - Processing file /opt/airflow/dags/fetch_and_store_data.py for tasks to queue
[2024-05-20T01:03:30.527+0000] {logging_mixin.py:188} INFO - [2024-05-20T01:03:30.525+0000] {dagbag.py:545} INFO - Filling up the DagBag from /opt/airflow/dags/fetch_and_store_data.py
[2024-05-20T01:03:31.221+0000] {processor.py:840} INFO - DAG(s) 'fetch_and_store_data' retrieved from /opt/airflow/dags/fetch_and_store_data.py
[2024-05-20T01:03:31.907+0000] {logging_mixin.py:188} INFO - [2024-05-20T01:03:31.905+0000] {dag.py:3096} INFO - Sync 1 DAGs
[2024-05-20T01:03:32.000+0000] {logging_mixin.py:188} INFO - [2024-05-20T01:03:31.999+0000] {dag.py:3954} INFO - Setting next_dagrun for fetch_and_store_data to 2024-05-20 01:00:00+00:00, run_after=2024-05-20 01:03:00+00:00
[2024-05-20T01:03:32.054+0000] {processor.py:183} INFO - Processing /opt/airflow/dags/fetch_and_store_data.py took 1.593 seconds
