[2024-05-20T00:48:31.978+0000] {processor.py:161} INFO - Started process (PID=58) to work on /home/airflow/.local/lib/python3.12/site-packages/airflow/example_dags/example_task_group_decorator.py
[2024-05-20T00:48:31.985+0000] {processor.py:830} INFO - Processing file /home/airflow/.local/lib/python3.12/site-packages/airflow/example_dags/example_task_group_decorator.py for tasks to queue
[2024-05-20T00:48:31.992+0000] {logging_mixin.py:188} INFO - [2024-05-20T00:48:31.991+0000] {dagbag.py:545} INFO - Filling up the DagBag from /home/airflow/.local/lib/python3.12/site-packages/airflow/example_dags/example_task_group_decorator.py
[2024-05-20T00:48:32.172+0000] {processor.py:840} INFO - DAG(s) 'example_task_group_decorator' retrieved from /home/airflow/.local/lib/python3.12/site-packages/airflow/example_dags/example_task_group_decorator.py
[2024-05-20T00:48:32.958+0000] {logging_mixin.py:188} INFO - [2024-05-20T00:48:32.945+0000] {dag.py:3096} INFO - Sync 1 DAGs
[2024-05-20T00:48:33.151+0000] {logging_mixin.py:188} INFO - [2024-05-20T00:48:33.150+0000] {dag.py:3954} INFO - Setting next_dagrun for example_task_group_decorator to 2024-05-19 00:00:00+00:00, run_after=2024-05-20 00:00:00+00:00
[2024-05-20T00:48:33.301+0000] {processor.py:183} INFO - Processing /home/airflow/.local/lib/python3.12/site-packages/airflow/example_dags/example_task_group_decorator.py took 1.417 seconds
[2024-05-20T00:49:03.399+0000] {processor.py:161} INFO - Started process (PID=118) to work on /home/airflow/.local/lib/python3.12/site-packages/airflow/example_dags/example_task_group_decorator.py
[2024-05-20T00:49:03.403+0000] {processor.py:830} INFO - Processing file /home/airflow/.local/lib/python3.12/site-packages/airflow/example_dags/example_task_group_decorator.py for tasks to queue
[2024-05-20T00:49:03.411+0000] {logging_mixin.py:188} INFO - [2024-05-20T00:49:03.410+0000] {dagbag.py:545} INFO - Filling up the DagBag from /home/airflow/.local/lib/python3.12/site-packages/airflow/example_dags/example_task_group_decorator.py
[2024-05-20T00:49:03.448+0000] {processor.py:840} INFO - DAG(s) 'example_task_group_decorator' retrieved from /home/airflow/.local/lib/python3.12/site-packages/airflow/example_dags/example_task_group_decorator.py
[2024-05-20T00:49:03.502+0000] {logging_mixin.py:188} INFO - [2024-05-20T00:49:03.502+0000] {dag.py:3096} INFO - Sync 1 DAGs
[2024-05-20T00:49:03.571+0000] {logging_mixin.py:188} INFO - [2024-05-20T00:49:03.570+0000] {dag.py:3954} INFO - Setting next_dagrun for example_task_group_decorator to 2024-05-19 00:00:00+00:00, run_after=2024-05-20 00:00:00+00:00
[2024-05-20T00:49:03.603+0000] {processor.py:183} INFO - Processing /home/airflow/.local/lib/python3.12/site-packages/airflow/example_dags/example_task_group_decorator.py took 0.213 seconds
[2024-05-20T00:49:34.232+0000] {processor.py:161} INFO - Started process (PID=177) to work on /home/airflow/.local/lib/python3.12/site-packages/airflow/example_dags/example_task_group_decorator.py
[2024-05-20T00:49:34.237+0000] {processor.py:830} INFO - Processing file /home/airflow/.local/lib/python3.12/site-packages/airflow/example_dags/example_task_group_decorator.py for tasks to queue
[2024-05-20T00:49:34.240+0000] {logging_mixin.py:188} INFO - [2024-05-20T00:49:34.239+0000] {dagbag.py:545} INFO - Filling up the DagBag from /home/airflow/.local/lib/python3.12/site-packages/airflow/example_dags/example_task_group_decorator.py
[2024-05-20T00:49:34.259+0000] {processor.py:840} INFO - DAG(s) 'example_task_group_decorator' retrieved from /home/airflow/.local/lib/python3.12/site-packages/airflow/example_dags/example_task_group_decorator.py
[2024-05-20T00:49:34.329+0000] {logging_mixin.py:188} INFO - [2024-05-20T00:49:34.328+0000] {dag.py:3096} INFO - Sync 1 DAGs
[2024-05-20T00:49:34.359+0000] {logging_mixin.py:188} INFO - [2024-05-20T00:49:34.358+0000] {dag.py:3954} INFO - Setting next_dagrun for example_task_group_decorator to 2024-05-19 00:00:00+00:00, run_after=2024-05-20 00:00:00+00:00
[2024-05-20T00:49:34.390+0000] {processor.py:183} INFO - Processing /home/airflow/.local/lib/python3.12/site-packages/airflow/example_dags/example_task_group_decorator.py took 0.167 seconds
[2024-05-20T00:50:05.184+0000] {processor.py:161} INFO - Started process (PID=234) to work on /home/airflow/.local/lib/python3.12/site-packages/airflow/example_dags/example_task_group_decorator.py
[2024-05-20T00:50:05.186+0000] {processor.py:830} INFO - Processing file /home/airflow/.local/lib/python3.12/site-packages/airflow/example_dags/example_task_group_decorator.py for tasks to queue
[2024-05-20T00:50:05.190+0000] {logging_mixin.py:188} INFO - [2024-05-20T00:50:05.189+0000] {dagbag.py:545} INFO - Filling up the DagBag from /home/airflow/.local/lib/python3.12/site-packages/airflow/example_dags/example_task_group_decorator.py
[2024-05-20T00:50:05.204+0000] {processor.py:840} INFO - DAG(s) 'example_task_group_decorator' retrieved from /home/airflow/.local/lib/python3.12/site-packages/airflow/example_dags/example_task_group_decorator.py
[2024-05-20T00:50:05.227+0000] {logging_mixin.py:188} INFO - [2024-05-20T00:50:05.227+0000] {dag.py:3096} INFO - Sync 1 DAGs
[2024-05-20T00:50:05.245+0000] {logging_mixin.py:188} INFO - [2024-05-20T00:50:05.245+0000] {dag.py:3954} INFO - Setting next_dagrun for example_task_group_decorator to 2024-05-19 00:00:00+00:00, run_after=2024-05-20 00:00:00+00:00
[2024-05-20T00:50:05.263+0000] {processor.py:183} INFO - Processing /home/airflow/.local/lib/python3.12/site-packages/airflow/example_dags/example_task_group_decorator.py took 0.085 seconds
[2024-05-20T00:50:36.906+0000] {processor.py:161} INFO - Started process (PID=294) to work on /home/airflow/.local/lib/python3.12/site-packages/airflow/example_dags/example_task_group_decorator.py
[2024-05-20T00:50:36.924+0000] {processor.py:830} INFO - Processing file /home/airflow/.local/lib/python3.12/site-packages/airflow/example_dags/example_task_group_decorator.py for tasks to queue
[2024-05-20T00:50:36.952+0000] {logging_mixin.py:188} INFO - [2024-05-20T00:50:36.950+0000] {dagbag.py:545} INFO - Filling up the DagBag from /home/airflow/.local/lib/python3.12/site-packages/airflow/example_dags/example_task_group_decorator.py
[2024-05-20T00:50:37.132+0000] {processor.py:840} INFO - DAG(s) 'example_task_group_decorator' retrieved from /home/airflow/.local/lib/python3.12/site-packages/airflow/example_dags/example_task_group_decorator.py
[2024-05-20T00:50:37.613+0000] {logging_mixin.py:188} INFO - [2024-05-20T00:50:37.610+0000] {dag.py:3096} INFO - Sync 1 DAGs
[2024-05-20T00:50:38.149+0000] {logging_mixin.py:188} INFO - [2024-05-20T00:50:38.147+0000] {dag.py:3954} INFO - Setting next_dagrun for example_task_group_decorator to 2024-05-19 00:00:00+00:00, run_after=2024-05-20 00:00:00+00:00
[2024-05-20T00:50:38.371+0000] {processor.py:183} INFO - Processing /home/airflow/.local/lib/python3.12/site-packages/airflow/example_dags/example_task_group_decorator.py took 1.549 seconds
[2024-05-20T00:51:08.739+0000] {processor.py:161} INFO - Started process (PID=353) to work on /home/airflow/.local/lib/python3.12/site-packages/airflow/example_dags/example_task_group_decorator.py
[2024-05-20T00:51:08.744+0000] {processor.py:830} INFO - Processing file /home/airflow/.local/lib/python3.12/site-packages/airflow/example_dags/example_task_group_decorator.py for tasks to queue
[2024-05-20T00:51:08.750+0000] {logging_mixin.py:188} INFO - [2024-05-20T00:51:08.750+0000] {dagbag.py:545} INFO - Filling up the DagBag from /home/airflow/.local/lib/python3.12/site-packages/airflow/example_dags/example_task_group_decorator.py
[2024-05-20T00:51:08.853+0000] {processor.py:840} INFO - DAG(s) 'example_task_group_decorator' retrieved from /home/airflow/.local/lib/python3.12/site-packages/airflow/example_dags/example_task_group_decorator.py
[2024-05-20T00:51:08.961+0000] {logging_mixin.py:188} INFO - [2024-05-20T00:51:08.947+0000] {dag.py:3096} INFO - Sync 1 DAGs
[2024-05-20T00:51:09.072+0000] {logging_mixin.py:188} INFO - [2024-05-20T00:51:09.072+0000] {dag.py:3954} INFO - Setting next_dagrun for example_task_group_decorator to 2024-05-19 00:00:00+00:00, run_after=2024-05-20 00:00:00+00:00
[2024-05-20T00:51:09.595+0000] {processor.py:183} INFO - Processing /home/airflow/.local/lib/python3.12/site-packages/airflow/example_dags/example_task_group_decorator.py took 0.907 seconds
[2024-05-20T00:51:40.123+0000] {processor.py:161} INFO - Started process (PID=413) to work on /home/airflow/.local/lib/python3.12/site-packages/airflow/example_dags/example_task_group_decorator.py
[2024-05-20T00:51:40.125+0000] {processor.py:830} INFO - Processing file /home/airflow/.local/lib/python3.12/site-packages/airflow/example_dags/example_task_group_decorator.py for tasks to queue
[2024-05-20T00:51:40.130+0000] {logging_mixin.py:188} INFO - [2024-05-20T00:51:40.129+0000] {dagbag.py:545} INFO - Filling up the DagBag from /home/airflow/.local/lib/python3.12/site-packages/airflow/example_dags/example_task_group_decorator.py
[2024-05-20T00:51:40.201+0000] {processor.py:840} INFO - DAG(s) 'example_task_group_decorator' retrieved from /home/airflow/.local/lib/python3.12/site-packages/airflow/example_dags/example_task_group_decorator.py
[2024-05-20T00:51:40.234+0000] {logging_mixin.py:188} INFO - [2024-05-20T00:51:40.234+0000] {dag.py:3096} INFO - Sync 1 DAGs
[2024-05-20T00:51:40.277+0000] {logging_mixin.py:188} INFO - [2024-05-20T00:51:40.277+0000] {dag.py:3954} INFO - Setting next_dagrun for example_task_group_decorator to 2024-05-19 00:00:00+00:00, run_after=2024-05-20 00:00:00+00:00
[2024-05-20T00:51:40.297+0000] {processor.py:183} INFO - Processing /home/airflow/.local/lib/python3.12/site-packages/airflow/example_dags/example_task_group_decorator.py took 0.186 seconds
[2024-05-20T00:52:10.561+0000] {processor.py:161} INFO - Started process (PID=473) to work on /home/airflow/.local/lib/python3.12/site-packages/airflow/example_dags/example_task_group_decorator.py
[2024-05-20T00:52:10.567+0000] {processor.py:830} INFO - Processing file /home/airflow/.local/lib/python3.12/site-packages/airflow/example_dags/example_task_group_decorator.py for tasks to queue
[2024-05-20T00:52:10.575+0000] {logging_mixin.py:188} INFO - [2024-05-20T00:52:10.574+0000] {dagbag.py:545} INFO - Filling up the DagBag from /home/airflow/.local/lib/python3.12/site-packages/airflow/example_dags/example_task_group_decorator.py
[2024-05-20T00:52:10.594+0000] {processor.py:840} INFO - DAG(s) 'example_task_group_decorator' retrieved from /home/airflow/.local/lib/python3.12/site-packages/airflow/example_dags/example_task_group_decorator.py
[2024-05-20T00:52:10.625+0000] {logging_mixin.py:188} INFO - [2024-05-20T00:52:10.625+0000] {dag.py:3096} INFO - Sync 1 DAGs
[2024-05-20T00:52:10.649+0000] {logging_mixin.py:188} INFO - [2024-05-20T00:52:10.649+0000] {dag.py:3954} INFO - Setting next_dagrun for example_task_group_decorator to 2024-05-19 00:00:00+00:00, run_after=2024-05-20 00:00:00+00:00
[2024-05-20T00:52:10.669+0000] {processor.py:183} INFO - Processing /home/airflow/.local/lib/python3.12/site-packages/airflow/example_dags/example_task_group_decorator.py took 0.115 seconds
[2024-05-20T00:52:40.978+0000] {processor.py:161} INFO - Started process (PID=533) to work on /home/airflow/.local/lib/python3.12/site-packages/airflow/example_dags/example_task_group_decorator.py
[2024-05-20T00:52:40.979+0000] {processor.py:830} INFO - Processing file /home/airflow/.local/lib/python3.12/site-packages/airflow/example_dags/example_task_group_decorator.py for tasks to queue
[2024-05-20T00:52:40.981+0000] {logging_mixin.py:188} INFO - [2024-05-20T00:52:40.980+0000] {dagbag.py:545} INFO - Filling up the DagBag from /home/airflow/.local/lib/python3.12/site-packages/airflow/example_dags/example_task_group_decorator.py
[2024-05-20T00:52:40.994+0000] {processor.py:840} INFO - DAG(s) 'example_task_group_decorator' retrieved from /home/airflow/.local/lib/python3.12/site-packages/airflow/example_dags/example_task_group_decorator.py
[2024-05-20T00:52:41.038+0000] {logging_mixin.py:188} INFO - [2024-05-20T00:52:41.038+0000] {dag.py:3096} INFO - Sync 1 DAGs
[2024-05-20T00:52:41.068+0000] {logging_mixin.py:188} INFO - [2024-05-20T00:52:41.068+0000] {dag.py:3954} INFO - Setting next_dagrun for example_task_group_decorator to 2024-05-19 00:00:00+00:00, run_after=2024-05-20 00:00:00+00:00
[2024-05-20T00:52:41.089+0000] {processor.py:183} INFO - Processing /home/airflow/.local/lib/python3.12/site-packages/airflow/example_dags/example_task_group_decorator.py took 0.116 seconds
[2024-05-20T00:53:50.279+0000] {processor.py:161} INFO - Started process (PID=610) to work on /home/airflow/.local/lib/python3.12/site-packages/airflow/example_dags/example_task_group_decorator.py
[2024-05-20T00:53:50.281+0000] {processor.py:830} INFO - Processing file /home/airflow/.local/lib/python3.12/site-packages/airflow/example_dags/example_task_group_decorator.py for tasks to queue
[2024-05-20T00:53:50.288+0000] {logging_mixin.py:188} INFO - [2024-05-20T00:53:50.287+0000] {dagbag.py:545} INFO - Filling up the DagBag from /home/airflow/.local/lib/python3.12/site-packages/airflow/example_dags/example_task_group_decorator.py
[2024-05-20T00:53:50.330+0000] {processor.py:840} INFO - DAG(s) 'example_task_group_decorator' retrieved from /home/airflow/.local/lib/python3.12/site-packages/airflow/example_dags/example_task_group_decorator.py
[2024-05-20T00:53:50.378+0000] {logging_mixin.py:188} INFO - [2024-05-20T00:53:50.377+0000] {dag.py:3096} INFO - Sync 1 DAGs
[2024-05-20T00:53:50.414+0000] {logging_mixin.py:188} INFO - [2024-05-20T00:53:50.413+0000] {dag.py:3954} INFO - Setting next_dagrun for example_task_group_decorator to 2024-05-19 00:00:00+00:00, run_after=2024-05-20 00:00:00+00:00
[2024-05-20T00:53:50.461+0000] {processor.py:183} INFO - Processing /home/airflow/.local/lib/python3.12/site-packages/airflow/example_dags/example_task_group_decorator.py took 0.192 seconds
[2024-05-20T00:54:20.921+0000] {processor.py:161} INFO - Started process (PID=669) to work on /home/airflow/.local/lib/python3.12/site-packages/airflow/example_dags/example_task_group_decorator.py
[2024-05-20T00:54:20.922+0000] {processor.py:830} INFO - Processing file /home/airflow/.local/lib/python3.12/site-packages/airflow/example_dags/example_task_group_decorator.py for tasks to queue
[2024-05-20T00:54:20.924+0000] {logging_mixin.py:188} INFO - [2024-05-20T00:54:20.924+0000] {dagbag.py:545} INFO - Filling up the DagBag from /home/airflow/.local/lib/python3.12/site-packages/airflow/example_dags/example_task_group_decorator.py
[2024-05-20T00:54:20.936+0000] {processor.py:840} INFO - DAG(s) 'example_task_group_decorator' retrieved from /home/airflow/.local/lib/python3.12/site-packages/airflow/example_dags/example_task_group_decorator.py
[2024-05-20T00:54:20.956+0000] {logging_mixin.py:188} INFO - [2024-05-20T00:54:20.956+0000] {dag.py:3096} INFO - Sync 1 DAGs
[2024-05-20T00:54:20.974+0000] {logging_mixin.py:188} INFO - [2024-05-20T00:54:20.974+0000] {dag.py:3954} INFO - Setting next_dagrun for example_task_group_decorator to 2024-05-19 00:00:00+00:00, run_after=2024-05-20 00:00:00+00:00
[2024-05-20T00:54:20.993+0000] {processor.py:183} INFO - Processing /home/airflow/.local/lib/python3.12/site-packages/airflow/example_dags/example_task_group_decorator.py took 0.078 seconds
[2024-05-20T00:54:51.186+0000] {processor.py:161} INFO - Started process (PID=729) to work on /home/airflow/.local/lib/python3.12/site-packages/airflow/example_dags/example_task_group_decorator.py
[2024-05-20T00:54:51.188+0000] {processor.py:830} INFO - Processing file /home/airflow/.local/lib/python3.12/site-packages/airflow/example_dags/example_task_group_decorator.py for tasks to queue
[2024-05-20T00:54:51.189+0000] {logging_mixin.py:188} INFO - [2024-05-20T00:54:51.189+0000] {dagbag.py:545} INFO - Filling up the DagBag from /home/airflow/.local/lib/python3.12/site-packages/airflow/example_dags/example_task_group_decorator.py
[2024-05-20T00:54:51.207+0000] {processor.py:840} INFO - DAG(s) 'example_task_group_decorator' retrieved from /home/airflow/.local/lib/python3.12/site-packages/airflow/example_dags/example_task_group_decorator.py
[2024-05-20T00:54:51.232+0000] {logging_mixin.py:188} INFO - [2024-05-20T00:54:51.232+0000] {dag.py:3096} INFO - Sync 1 DAGs
[2024-05-20T00:54:51.251+0000] {logging_mixin.py:188} INFO - [2024-05-20T00:54:51.251+0000] {dag.py:3954} INFO - Setting next_dagrun for example_task_group_decorator to 2024-05-19 00:00:00+00:00, run_after=2024-05-20 00:00:00+00:00
[2024-05-20T00:54:51.270+0000] {processor.py:183} INFO - Processing /home/airflow/.local/lib/python3.12/site-packages/airflow/example_dags/example_task_group_decorator.py took 0.089 seconds
[2024-05-20T00:55:42.122+0000] {processor.py:161} INFO - Started process (PID=788) to work on /home/airflow/.local/lib/python3.12/site-packages/airflow/example_dags/example_task_group_decorator.py
[2024-05-20T00:55:42.124+0000] {processor.py:830} INFO - Processing file /home/airflow/.local/lib/python3.12/site-packages/airflow/example_dags/example_task_group_decorator.py for tasks to queue
[2024-05-20T00:55:42.128+0000] {logging_mixin.py:188} INFO - [2024-05-20T00:55:42.127+0000] {dagbag.py:545} INFO - Filling up the DagBag from /home/airflow/.local/lib/python3.12/site-packages/airflow/example_dags/example_task_group_decorator.py
[2024-05-20T00:55:42.256+0000] {processor.py:840} INFO - DAG(s) 'example_task_group_decorator' retrieved from /home/airflow/.local/lib/python3.12/site-packages/airflow/example_dags/example_task_group_decorator.py
[2024-05-20T00:55:42.390+0000] {logging_mixin.py:188} INFO - [2024-05-20T00:55:42.390+0000] {dag.py:3096} INFO - Sync 1 DAGs
[2024-05-20T00:55:42.465+0000] {logging_mixin.py:188} INFO - [2024-05-20T00:55:42.465+0000] {dag.py:3954} INFO - Setting next_dagrun for example_task_group_decorator to 2024-05-19 00:00:00+00:00, run_after=2024-05-20 00:00:00+00:00
[2024-05-20T00:55:42.554+0000] {processor.py:183} INFO - Processing /home/airflow/.local/lib/python3.12/site-packages/airflow/example_dags/example_task_group_decorator.py took 0.444 seconds
[2024-05-20T00:56:14.325+0000] {processor.py:161} INFO - Started process (PID=844) to work on /home/airflow/.local/lib/python3.12/site-packages/airflow/example_dags/example_task_group_decorator.py
[2024-05-20T00:56:14.327+0000] {processor.py:830} INFO - Processing file /home/airflow/.local/lib/python3.12/site-packages/airflow/example_dags/example_task_group_decorator.py for tasks to queue
[2024-05-20T00:56:14.334+0000] {logging_mixin.py:188} INFO - [2024-05-20T00:56:14.333+0000] {dagbag.py:545} INFO - Filling up the DagBag from /home/airflow/.local/lib/python3.12/site-packages/airflow/example_dags/example_task_group_decorator.py
[2024-05-20T00:56:14.356+0000] {processor.py:840} INFO - DAG(s) 'example_task_group_decorator' retrieved from /home/airflow/.local/lib/python3.12/site-packages/airflow/example_dags/example_task_group_decorator.py
[2024-05-20T00:56:14.396+0000] {logging_mixin.py:188} INFO - [2024-05-20T00:56:14.395+0000] {dag.py:3096} INFO - Sync 1 DAGs
[2024-05-20T00:56:14.431+0000] {logging_mixin.py:188} INFO - [2024-05-20T00:56:14.431+0000] {dag.py:3954} INFO - Setting next_dagrun for example_task_group_decorator to 2024-05-19 00:00:00+00:00, run_after=2024-05-20 00:00:00+00:00
[2024-05-20T00:56:14.464+0000] {processor.py:183} INFO - Processing /home/airflow/.local/lib/python3.12/site-packages/airflow/example_dags/example_task_group_decorator.py took 0.146 seconds
[2024-05-20T00:56:45.303+0000] {processor.py:161} INFO - Started process (PID=904) to work on /home/airflow/.local/lib/python3.12/site-packages/airflow/example_dags/example_task_group_decorator.py
[2024-05-20T00:56:45.305+0000] {processor.py:830} INFO - Processing file /home/airflow/.local/lib/python3.12/site-packages/airflow/example_dags/example_task_group_decorator.py for tasks to queue
[2024-05-20T00:56:45.307+0000] {logging_mixin.py:188} INFO - [2024-05-20T00:56:45.306+0000] {dagbag.py:545} INFO - Filling up the DagBag from /home/airflow/.local/lib/python3.12/site-packages/airflow/example_dags/example_task_group_decorator.py
[2024-05-20T00:56:45.320+0000] {processor.py:840} INFO - DAG(s) 'example_task_group_decorator' retrieved from /home/airflow/.local/lib/python3.12/site-packages/airflow/example_dags/example_task_group_decorator.py
[2024-05-20T00:56:45.344+0000] {logging_mixin.py:188} INFO - [2024-05-20T00:56:45.343+0000] {dag.py:3096} INFO - Sync 1 DAGs
[2024-05-20T00:56:45.366+0000] {logging_mixin.py:188} INFO - [2024-05-20T00:56:45.366+0000] {dag.py:3954} INFO - Setting next_dagrun for example_task_group_decorator to 2024-05-19 00:00:00+00:00, run_after=2024-05-20 00:00:00+00:00
[2024-05-20T00:56:45.390+0000] {processor.py:183} INFO - Processing /home/airflow/.local/lib/python3.12/site-packages/airflow/example_dags/example_task_group_decorator.py took 0.093 seconds
[2024-05-20T00:57:46.294+0000] {processor.py:161} INFO - Started process (PID=960) to work on /home/airflow/.local/lib/python3.12/site-packages/airflow/example_dags/example_task_group_decorator.py
[2024-05-20T00:57:46.298+0000] {processor.py:830} INFO - Processing file /home/airflow/.local/lib/python3.12/site-packages/airflow/example_dags/example_task_group_decorator.py for tasks to queue
[2024-05-20T00:57:46.304+0000] {logging_mixin.py:188} INFO - [2024-05-20T00:57:46.303+0000] {dagbag.py:545} INFO - Filling up the DagBag from /home/airflow/.local/lib/python3.12/site-packages/airflow/example_dags/example_task_group_decorator.py
[2024-05-20T00:57:46.511+0000] {processor.py:840} INFO - DAG(s) 'example_task_group_decorator' retrieved from /home/airflow/.local/lib/python3.12/site-packages/airflow/example_dags/example_task_group_decorator.py
[2024-05-20T00:57:46.785+0000] {logging_mixin.py:188} INFO - [2024-05-20T00:57:46.781+0000] {dag.py:3096} INFO - Sync 1 DAGs
[2024-05-20T00:57:47.020+0000] {logging_mixin.py:188} INFO - [2024-05-20T00:57:47.019+0000] {dag.py:3954} INFO - Setting next_dagrun for example_task_group_decorator to 2024-05-19 00:00:00+00:00, run_after=2024-05-20 00:00:00+00:00
[2024-05-20T00:57:47.095+0000] {processor.py:183} INFO - Processing /home/airflow/.local/lib/python3.12/site-packages/airflow/example_dags/example_task_group_decorator.py took 0.825 seconds
[2024-05-20T00:58:17.974+0000] {processor.py:161} INFO - Started process (PID=1020) to work on /home/airflow/.local/lib/python3.12/site-packages/airflow/example_dags/example_task_group_decorator.py
[2024-05-20T00:58:17.977+0000] {processor.py:830} INFO - Processing file /home/airflow/.local/lib/python3.12/site-packages/airflow/example_dags/example_task_group_decorator.py for tasks to queue
[2024-05-20T00:58:17.997+0000] {logging_mixin.py:188} INFO - [2024-05-20T00:58:17.996+0000] {dagbag.py:545} INFO - Filling up the DagBag from /home/airflow/.local/lib/python3.12/site-packages/airflow/example_dags/example_task_group_decorator.py
[2024-05-20T00:58:18.035+0000] {processor.py:840} INFO - DAG(s) 'example_task_group_decorator' retrieved from /home/airflow/.local/lib/python3.12/site-packages/airflow/example_dags/example_task_group_decorator.py
[2024-05-20T00:58:18.111+0000] {logging_mixin.py:188} INFO - [2024-05-20T00:58:18.110+0000] {dag.py:3096} INFO - Sync 1 DAGs
[2024-05-20T00:58:18.153+0000] {logging_mixin.py:188} INFO - [2024-05-20T00:58:18.153+0000] {dag.py:3954} INFO - Setting next_dagrun for example_task_group_decorator to 2024-05-19 00:00:00+00:00, run_after=2024-05-20 00:00:00+00:00
[2024-05-20T00:58:18.204+0000] {processor.py:183} INFO - Processing /home/airflow/.local/lib/python3.12/site-packages/airflow/example_dags/example_task_group_decorator.py took 0.242 seconds
[2024-05-20T00:58:48.374+0000] {processor.py:161} INFO - Started process (PID=1079) to work on /home/airflow/.local/lib/python3.12/site-packages/airflow/example_dags/example_task_group_decorator.py
[2024-05-20T00:58:48.396+0000] {processor.py:830} INFO - Processing file /home/airflow/.local/lib/python3.12/site-packages/airflow/example_dags/example_task_group_decorator.py for tasks to queue
[2024-05-20T00:58:48.407+0000] {logging_mixin.py:188} INFO - [2024-05-20T00:58:48.406+0000] {dagbag.py:545} INFO - Filling up the DagBag from /home/airflow/.local/lib/python3.12/site-packages/airflow/example_dags/example_task_group_decorator.py
[2024-05-20T00:58:48.453+0000] {processor.py:840} INFO - DAG(s) 'example_task_group_decorator' retrieved from /home/airflow/.local/lib/python3.12/site-packages/airflow/example_dags/example_task_group_decorator.py
[2024-05-20T00:58:48.578+0000] {logging_mixin.py:188} INFO - [2024-05-20T00:58:48.577+0000] {dag.py:3096} INFO - Sync 1 DAGs
[2024-05-20T00:58:48.653+0000] {logging_mixin.py:188} INFO - [2024-05-20T00:58:48.652+0000] {dag.py:3954} INFO - Setting next_dagrun for example_task_group_decorator to 2024-05-19 00:00:00+00:00, run_after=2024-05-20 00:00:00+00:00
[2024-05-20T00:58:48.712+0000] {processor.py:183} INFO - Processing /home/airflow/.local/lib/python3.12/site-packages/airflow/example_dags/example_task_group_decorator.py took 0.412 seconds
[2024-05-20T00:59:19.682+0000] {processor.py:161} INFO - Started process (PID=1138) to work on /home/airflow/.local/lib/python3.12/site-packages/airflow/example_dags/example_task_group_decorator.py
[2024-05-20T00:59:19.710+0000] {processor.py:830} INFO - Processing file /home/airflow/.local/lib/python3.12/site-packages/airflow/example_dags/example_task_group_decorator.py for tasks to queue
[2024-05-20T00:59:19.721+0000] {logging_mixin.py:188} INFO - [2024-05-20T00:59:19.720+0000] {dagbag.py:545} INFO - Filling up the DagBag from /home/airflow/.local/lib/python3.12/site-packages/airflow/example_dags/example_task_group_decorator.py
[2024-05-20T00:59:19.783+0000] {processor.py:840} INFO - DAG(s) 'example_task_group_decorator' retrieved from /home/airflow/.local/lib/python3.12/site-packages/airflow/example_dags/example_task_group_decorator.py
[2024-05-20T00:59:19.870+0000] {logging_mixin.py:188} INFO - [2024-05-20T00:59:19.869+0000] {dag.py:3096} INFO - Sync 1 DAGs
[2024-05-20T00:59:19.947+0000] {logging_mixin.py:188} INFO - [2024-05-20T00:59:19.947+0000] {dag.py:3954} INFO - Setting next_dagrun for example_task_group_decorator to 2024-05-19 00:00:00+00:00, run_after=2024-05-20 00:00:00+00:00
[2024-05-20T00:59:20.050+0000] {processor.py:183} INFO - Processing /home/airflow/.local/lib/python3.12/site-packages/airflow/example_dags/example_task_group_decorator.py took 0.383 seconds
[2024-05-20T00:59:54.810+0000] {processor.py:161} INFO - Started process (PID=1198) to work on /home/airflow/.local/lib/python3.12/site-packages/airflow/example_dags/example_task_group_decorator.py
[2024-05-20T00:59:54.843+0000] {processor.py:830} INFO - Processing file /home/airflow/.local/lib/python3.12/site-packages/airflow/example_dags/example_task_group_decorator.py for tasks to queue
[2024-05-20T00:59:54.851+0000] {logging_mixin.py:188} INFO - [2024-05-20T00:59:54.850+0000] {dagbag.py:545} INFO - Filling up the DagBag from /home/airflow/.local/lib/python3.12/site-packages/airflow/example_dags/example_task_group_decorator.py
[2024-05-20T00:59:54.962+0000] {processor.py:840} INFO - DAG(s) 'example_task_group_decorator' retrieved from /home/airflow/.local/lib/python3.12/site-packages/airflow/example_dags/example_task_group_decorator.py
[2024-05-20T00:59:55.327+0000] {logging_mixin.py:188} INFO - [2024-05-20T00:59:55.326+0000] {dag.py:3096} INFO - Sync 1 DAGs
[2024-05-20T00:59:55.515+0000] {logging_mixin.py:188} INFO - [2024-05-20T00:59:55.514+0000] {dag.py:3954} INFO - Setting next_dagrun for example_task_group_decorator to 2024-05-19 00:00:00+00:00, run_after=2024-05-20 00:00:00+00:00
[2024-05-20T00:59:55.626+0000] {processor.py:183} INFO - Processing /home/airflow/.local/lib/python3.12/site-packages/airflow/example_dags/example_task_group_decorator.py took 1.102 seconds
[2024-05-20T01:00:26.165+0000] {processor.py:161} INFO - Started process (PID=1258) to work on /home/airflow/.local/lib/python3.12/site-packages/airflow/example_dags/example_task_group_decorator.py
[2024-05-20T01:00:26.167+0000] {processor.py:830} INFO - Processing file /home/airflow/.local/lib/python3.12/site-packages/airflow/example_dags/example_task_group_decorator.py for tasks to queue
[2024-05-20T01:00:26.198+0000] {logging_mixin.py:188} INFO - [2024-05-20T01:00:26.195+0000] {dagbag.py:545} INFO - Filling up the DagBag from /home/airflow/.local/lib/python3.12/site-packages/airflow/example_dags/example_task_group_decorator.py
[2024-05-20T01:00:26.248+0000] {processor.py:840} INFO - DAG(s) 'example_task_group_decorator' retrieved from /home/airflow/.local/lib/python3.12/site-packages/airflow/example_dags/example_task_group_decorator.py
[2024-05-20T01:00:26.322+0000] {logging_mixin.py:188} INFO - [2024-05-20T01:00:26.321+0000] {dag.py:3096} INFO - Sync 1 DAGs
[2024-05-20T01:00:26.358+0000] {logging_mixin.py:188} INFO - [2024-05-20T01:00:26.357+0000] {dag.py:3954} INFO - Setting next_dagrun for example_task_group_decorator to 2024-05-19 00:00:00+00:00, run_after=2024-05-20 00:00:00+00:00
[2024-05-20T01:00:26.383+0000] {processor.py:183} INFO - Processing /home/airflow/.local/lib/python3.12/site-packages/airflow/example_dags/example_task_group_decorator.py took 0.231 seconds
[2024-05-20T01:00:59.388+0000] {processor.py:161} INFO - Started process (PID=1311) to work on /home/airflow/.local/lib/python3.12/site-packages/airflow/example_dags/example_task_group_decorator.py
[2024-05-20T01:00:59.401+0000] {processor.py:830} INFO - Processing file /home/airflow/.local/lib/python3.12/site-packages/airflow/example_dags/example_task_group_decorator.py for tasks to queue
[2024-05-20T01:00:59.445+0000] {logging_mixin.py:188} INFO - [2024-05-20T01:00:59.444+0000] {dagbag.py:545} INFO - Filling up the DagBag from /home/airflow/.local/lib/python3.12/site-packages/airflow/example_dags/example_task_group_decorator.py
[2024-05-20T01:00:59.503+0000] {processor.py:840} INFO - DAG(s) 'example_task_group_decorator' retrieved from /home/airflow/.local/lib/python3.12/site-packages/airflow/example_dags/example_task_group_decorator.py
[2024-05-20T01:00:59.695+0000] {logging_mixin.py:188} INFO - [2024-05-20T01:00:59.695+0000] {dag.py:3096} INFO - Sync 1 DAGs
[2024-05-20T01:00:59.802+0000] {logging_mixin.py:188} INFO - [2024-05-20T01:00:59.801+0000] {dag.py:3954} INFO - Setting next_dagrun for example_task_group_decorator to 2024-05-19 00:00:00+00:00, run_after=2024-05-20 00:00:00+00:00
[2024-05-20T01:00:59.894+0000] {processor.py:183} INFO - Processing /home/airflow/.local/lib/python3.12/site-packages/airflow/example_dags/example_task_group_decorator.py took 0.614 seconds
[2024-05-20T01:01:30.620+0000] {processor.py:161} INFO - Started process (PID=1377) to work on /home/airflow/.local/lib/python3.12/site-packages/airflow/example_dags/example_task_group_decorator.py
[2024-05-20T01:01:30.622+0000] {processor.py:830} INFO - Processing file /home/airflow/.local/lib/python3.12/site-packages/airflow/example_dags/example_task_group_decorator.py for tasks to queue
[2024-05-20T01:01:30.624+0000] {logging_mixin.py:188} INFO - [2024-05-20T01:01:30.624+0000] {dagbag.py:545} INFO - Filling up the DagBag from /home/airflow/.local/lib/python3.12/site-packages/airflow/example_dags/example_task_group_decorator.py
[2024-05-20T01:01:30.640+0000] {processor.py:840} INFO - DAG(s) 'example_task_group_decorator' retrieved from /home/airflow/.local/lib/python3.12/site-packages/airflow/example_dags/example_task_group_decorator.py
[2024-05-20T01:01:30.668+0000] {logging_mixin.py:188} INFO - [2024-05-20T01:01:30.667+0000] {dag.py:3096} INFO - Sync 1 DAGs
[2024-05-20T01:01:30.695+0000] {logging_mixin.py:188} INFO - [2024-05-20T01:01:30.695+0000] {dag.py:3954} INFO - Setting next_dagrun for example_task_group_decorator to 2024-05-19 00:00:00+00:00, run_after=2024-05-20 00:00:00+00:00
[2024-05-20T01:01:30.714+0000] {processor.py:183} INFO - Processing /home/airflow/.local/lib/python3.12/site-packages/airflow/example_dags/example_task_group_decorator.py took 0.101 seconds
[2024-05-20T01:02:00.780+0000] {processor.py:161} INFO - Started process (PID=1437) to work on /home/airflow/.local/lib/python3.12/site-packages/airflow/example_dags/example_task_group_decorator.py
[2024-05-20T01:02:00.783+0000] {processor.py:830} INFO - Processing file /home/airflow/.local/lib/python3.12/site-packages/airflow/example_dags/example_task_group_decorator.py for tasks to queue
[2024-05-20T01:02:00.787+0000] {logging_mixin.py:188} INFO - [2024-05-20T01:02:00.786+0000] {dagbag.py:545} INFO - Filling up the DagBag from /home/airflow/.local/lib/python3.12/site-packages/airflow/example_dags/example_task_group_decorator.py
[2024-05-20T01:02:00.807+0000] {processor.py:840} INFO - DAG(s) 'example_task_group_decorator' retrieved from /home/airflow/.local/lib/python3.12/site-packages/airflow/example_dags/example_task_group_decorator.py
[2024-05-20T01:02:00.845+0000] {logging_mixin.py:188} INFO - [2024-05-20T01:02:00.845+0000] {dag.py:3096} INFO - Sync 1 DAGs
[2024-05-20T01:02:00.880+0000] {logging_mixin.py:188} INFO - [2024-05-20T01:02:00.880+0000] {dag.py:3954} INFO - Setting next_dagrun for example_task_group_decorator to 2024-05-19 00:00:00+00:00, run_after=2024-05-20 00:00:00+00:00
[2024-05-20T01:02:00.905+0000] {processor.py:183} INFO - Processing /home/airflow/.local/lib/python3.12/site-packages/airflow/example_dags/example_task_group_decorator.py took 0.138 seconds
[2024-05-20T01:02:31.767+0000] {processor.py:161} INFO - Started process (PID=1497) to work on /home/airflow/.local/lib/python3.12/site-packages/airflow/example_dags/example_task_group_decorator.py
[2024-05-20T01:02:31.769+0000] {processor.py:830} INFO - Processing file /home/airflow/.local/lib/python3.12/site-packages/airflow/example_dags/example_task_group_decorator.py for tasks to queue
[2024-05-20T01:02:31.790+0000] {logging_mixin.py:188} INFO - [2024-05-20T01:02:31.785+0000] {dagbag.py:545} INFO - Filling up the DagBag from /home/airflow/.local/lib/python3.12/site-packages/airflow/example_dags/example_task_group_decorator.py
[2024-05-20T01:02:31.942+0000] {processor.py:840} INFO - DAG(s) 'example_task_group_decorator' retrieved from /home/airflow/.local/lib/python3.12/site-packages/airflow/example_dags/example_task_group_decorator.py
[2024-05-20T01:02:32.103+0000] {logging_mixin.py:188} INFO - [2024-05-20T01:02:32.103+0000] {dag.py:3096} INFO - Sync 1 DAGs
[2024-05-20T01:02:32.270+0000] {logging_mixin.py:188} INFO - [2024-05-20T01:02:32.269+0000] {dag.py:3954} INFO - Setting next_dagrun for example_task_group_decorator to 2024-05-19 00:00:00+00:00, run_after=2024-05-20 00:00:00+00:00
[2024-05-20T01:02:32.464+0000] {processor.py:183} INFO - Processing /home/airflow/.local/lib/python3.12/site-packages/airflow/example_dags/example_task_group_decorator.py took 0.732 seconds
[2024-05-20T01:03:24.494+0000] {processor.py:161} INFO - Started process (PID=1557) to work on /home/airflow/.local/lib/python3.12/site-packages/airflow/example_dags/example_task_group_decorator.py
[2024-05-20T01:03:24.499+0000] {processor.py:830} INFO - Processing file /home/airflow/.local/lib/python3.12/site-packages/airflow/example_dags/example_task_group_decorator.py for tasks to queue
[2024-05-20T01:03:24.507+0000] {logging_mixin.py:188} INFO - [2024-05-20T01:03:24.505+0000] {dagbag.py:545} INFO - Filling up the DagBag from /home/airflow/.local/lib/python3.12/site-packages/airflow/example_dags/example_task_group_decorator.py
[2024-05-20T01:03:24.578+0000] {processor.py:840} INFO - DAG(s) 'example_task_group_decorator' retrieved from /home/airflow/.local/lib/python3.12/site-packages/airflow/example_dags/example_task_group_decorator.py
[2024-05-20T01:03:24.651+0000] {logging_mixin.py:188} INFO - [2024-05-20T01:03:24.650+0000] {dag.py:3096} INFO - Sync 1 DAGs
[2024-05-20T01:03:24.741+0000] {logging_mixin.py:188} INFO - [2024-05-20T01:03:24.740+0000] {dag.py:3954} INFO - Setting next_dagrun for example_task_group_decorator to 2024-05-19 00:00:00+00:00, run_after=2024-05-20 00:00:00+00:00
[2024-05-20T01:03:24.792+0000] {processor.py:183} INFO - Processing /home/airflow/.local/lib/python3.12/site-packages/airflow/example_dags/example_task_group_decorator.py took 0.319 seconds
