[2024-05-20T00:48:22.624+0000] {processor.py:161} INFO - Started process (PID=46) to work on /home/airflow/.local/lib/python3.12/site-packages/airflow/example_dags/example_external_task_marker_dag.py
[2024-05-20T00:48:22.635+0000] {processor.py:830} INFO - Processing file /home/airflow/.local/lib/python3.12/site-packages/airflow/example_dags/example_external_task_marker_dag.py for tasks to queue
[2024-05-20T00:48:22.687+0000] {logging_mixin.py:188} INFO - [2024-05-20T00:48:22.671+0000] {dagbag.py:545} INFO - Filling up the DagBag from /home/airflow/.local/lib/python3.12/site-packages/airflow/example_dags/example_external_task_marker_dag.py
[2024-05-20T00:48:22.800+0000] {processor.py:840} INFO - DAG(s) 'example_external_task_marker_parent', 'example_external_task_marker_child' retrieved from /home/airflow/.local/lib/python3.12/site-packages/airflow/example_dags/example_external_task_marker_dag.py
[2024-05-20T00:48:23.507+0000] {logging_mixin.py:188} INFO - [2024-05-20T00:48:23.499+0000] {dag.py:3096} INFO - Sync 2 DAGs
[2024-05-20T00:48:23.563+0000] {logging_mixin.py:188} INFO - [2024-05-20T00:48:23.563+0000] {dag.py:3954} INFO - Setting next_dagrun for example_external_task_marker_child to None, run_after=None
[2024-05-20T00:48:23.572+0000] {logging_mixin.py:188} INFO - [2024-05-20T00:48:23.571+0000] {dag.py:3954} INFO - Setting next_dagrun for example_external_task_marker_parent to None, run_after=None
[2024-05-20T00:48:23.752+0000] {processor.py:183} INFO - Processing /home/airflow/.local/lib/python3.12/site-packages/airflow/example_dags/example_external_task_marker_dag.py took 1.197 seconds
[2024-05-20T00:48:54.804+0000] {processor.py:161} INFO - Started process (PID=106) to work on /home/airflow/.local/lib/python3.12/site-packages/airflow/example_dags/example_external_task_marker_dag.py
[2024-05-20T00:48:54.806+0000] {processor.py:830} INFO - Processing file /home/airflow/.local/lib/python3.12/site-packages/airflow/example_dags/example_external_task_marker_dag.py for tasks to queue
[2024-05-20T00:48:54.809+0000] {logging_mixin.py:188} INFO - [2024-05-20T00:48:54.808+0000] {dagbag.py:545} INFO - Filling up the DagBag from /home/airflow/.local/lib/python3.12/site-packages/airflow/example_dags/example_external_task_marker_dag.py
[2024-05-20T00:48:54.831+0000] {processor.py:840} INFO - DAG(s) 'example_external_task_marker_child', 'example_external_task_marker_parent' retrieved from /home/airflow/.local/lib/python3.12/site-packages/airflow/example_dags/example_external_task_marker_dag.py
[2024-05-20T00:48:54.874+0000] {logging_mixin.py:188} INFO - [2024-05-20T00:48:54.873+0000] {dag.py:3096} INFO - Sync 2 DAGs
[2024-05-20T00:48:54.894+0000] {logging_mixin.py:188} INFO - [2024-05-20T00:48:54.894+0000] {dag.py:3954} INFO - Setting next_dagrun for example_external_task_marker_child to None, run_after=None
[2024-05-20T00:48:54.901+0000] {logging_mixin.py:188} INFO - [2024-05-20T00:48:54.901+0000] {dag.py:3954} INFO - Setting next_dagrun for example_external_task_marker_parent to None, run_after=None
[2024-05-20T00:48:54.928+0000] {processor.py:183} INFO - Processing /home/airflow/.local/lib/python3.12/site-packages/airflow/example_dags/example_external_task_marker_dag.py took 0.131 seconds
[2024-05-20T00:49:25.627+0000] {processor.py:161} INFO - Started process (PID=163) to work on /home/airflow/.local/lib/python3.12/site-packages/airflow/example_dags/example_external_task_marker_dag.py
[2024-05-20T00:49:25.630+0000] {processor.py:830} INFO - Processing file /home/airflow/.local/lib/python3.12/site-packages/airflow/example_dags/example_external_task_marker_dag.py for tasks to queue
[2024-05-20T00:49:25.633+0000] {logging_mixin.py:188} INFO - [2024-05-20T00:49:25.632+0000] {dagbag.py:545} INFO - Filling up the DagBag from /home/airflow/.local/lib/python3.12/site-packages/airflow/example_dags/example_external_task_marker_dag.py
[2024-05-20T00:49:25.641+0000] {processor.py:840} INFO - DAG(s) 'example_external_task_marker_child', 'example_external_task_marker_parent' retrieved from /home/airflow/.local/lib/python3.12/site-packages/airflow/example_dags/example_external_task_marker_dag.py
[2024-05-20T00:49:25.669+0000] {logging_mixin.py:188} INFO - [2024-05-20T00:49:25.669+0000] {dag.py:3096} INFO - Sync 2 DAGs
[2024-05-20T00:49:25.681+0000] {logging_mixin.py:188} INFO - [2024-05-20T00:49:25.681+0000] {dag.py:3954} INFO - Setting next_dagrun for example_external_task_marker_child to None, run_after=None
[2024-05-20T00:49:25.686+0000] {logging_mixin.py:188} INFO - [2024-05-20T00:49:25.685+0000] {dag.py:3954} INFO - Setting next_dagrun for example_external_task_marker_parent to None, run_after=None
[2024-05-20T00:49:25.702+0000] {processor.py:183} INFO - Processing /home/airflow/.local/lib/python3.12/site-packages/airflow/example_dags/example_external_task_marker_dag.py took 0.083 seconds
[2024-05-20T00:49:56.155+0000] {processor.py:161} INFO - Started process (PID=222) to work on /home/airflow/.local/lib/python3.12/site-packages/airflow/example_dags/example_external_task_marker_dag.py
[2024-05-20T00:49:56.156+0000] {processor.py:830} INFO - Processing file /home/airflow/.local/lib/python3.12/site-packages/airflow/example_dags/example_external_task_marker_dag.py for tasks to queue
[2024-05-20T00:49:56.157+0000] {logging_mixin.py:188} INFO - [2024-05-20T00:49:56.157+0000] {dagbag.py:545} INFO - Filling up the DagBag from /home/airflow/.local/lib/python3.12/site-packages/airflow/example_dags/example_external_task_marker_dag.py
[2024-05-20T00:49:56.163+0000] {processor.py:840} INFO - DAG(s) 'example_external_task_marker_child', 'example_external_task_marker_parent' retrieved from /home/airflow/.local/lib/python3.12/site-packages/airflow/example_dags/example_external_task_marker_dag.py
[2024-05-20T00:49:56.180+0000] {logging_mixin.py:188} INFO - [2024-05-20T00:49:56.180+0000] {dag.py:3096} INFO - Sync 2 DAGs
[2024-05-20T00:49:56.190+0000] {logging_mixin.py:188} INFO - [2024-05-20T00:49:56.189+0000] {dag.py:3954} INFO - Setting next_dagrun for example_external_task_marker_child to None, run_after=None
[2024-05-20T00:49:56.192+0000] {logging_mixin.py:188} INFO - [2024-05-20T00:49:56.192+0000] {dag.py:3954} INFO - Setting next_dagrun for example_external_task_marker_parent to None, run_after=None
[2024-05-20T00:49:56.204+0000] {processor.py:183} INFO - Processing /home/airflow/.local/lib/python3.12/site-packages/airflow/example_dags/example_external_task_marker_dag.py took 0.053 seconds
[2024-05-20T00:50:30.558+0000] {processor.py:161} INFO - Started process (PID=278) to work on /home/airflow/.local/lib/python3.12/site-packages/airflow/example_dags/example_external_task_marker_dag.py
[2024-05-20T00:50:30.562+0000] {processor.py:830} INFO - Processing file /home/airflow/.local/lib/python3.12/site-packages/airflow/example_dags/example_external_task_marker_dag.py for tasks to queue
[2024-05-20T00:50:30.569+0000] {logging_mixin.py:188} INFO - [2024-05-20T00:50:30.567+0000] {dagbag.py:545} INFO - Filling up the DagBag from /home/airflow/.local/lib/python3.12/site-packages/airflow/example_dags/example_external_task_marker_dag.py
[2024-05-20T00:50:30.600+0000] {processor.py:840} INFO - DAG(s) 'example_external_task_marker_parent', 'example_external_task_marker_child' retrieved from /home/airflow/.local/lib/python3.12/site-packages/airflow/example_dags/example_external_task_marker_dag.py
[2024-05-20T00:50:30.668+0000] {logging_mixin.py:188} INFO - [2024-05-20T00:50:30.667+0000] {dag.py:3096} INFO - Sync 2 DAGs
[2024-05-20T00:50:30.706+0000] {logging_mixin.py:188} INFO - [2024-05-20T00:50:30.705+0000] {dag.py:3954} INFO - Setting next_dagrun for example_external_task_marker_child to None, run_after=None
[2024-05-20T00:50:30.715+0000] {logging_mixin.py:188} INFO - [2024-05-20T00:50:30.715+0000] {dag.py:3954} INFO - Setting next_dagrun for example_external_task_marker_parent to None, run_after=None
[2024-05-20T00:50:30.765+0000] {processor.py:183} INFO - Processing /home/airflow/.local/lib/python3.12/site-packages/airflow/example_dags/example_external_task_marker_dag.py took 0.218 seconds
[2024-05-20T00:51:01.553+0000] {processor.py:161} INFO - Started process (PID=337) to work on /home/airflow/.local/lib/python3.12/site-packages/airflow/example_dags/example_external_task_marker_dag.py
[2024-05-20T00:51:01.555+0000] {processor.py:830} INFO - Processing file /home/airflow/.local/lib/python3.12/site-packages/airflow/example_dags/example_external_task_marker_dag.py for tasks to queue
[2024-05-20T00:51:01.557+0000] {logging_mixin.py:188} INFO - [2024-05-20T00:51:01.557+0000] {dagbag.py:545} INFO - Filling up the DagBag from /home/airflow/.local/lib/python3.12/site-packages/airflow/example_dags/example_external_task_marker_dag.py
[2024-05-20T00:51:01.565+0000] {processor.py:840} INFO - DAG(s) 'example_external_task_marker_child', 'example_external_task_marker_parent' retrieved from /home/airflow/.local/lib/python3.12/site-packages/airflow/example_dags/example_external_task_marker_dag.py
[2024-05-20T00:51:01.595+0000] {logging_mixin.py:188} INFO - [2024-05-20T00:51:01.594+0000] {dag.py:3096} INFO - Sync 2 DAGs
[2024-05-20T00:51:01.609+0000] {logging_mixin.py:188} INFO - [2024-05-20T00:51:01.608+0000] {dag.py:3954} INFO - Setting next_dagrun for example_external_task_marker_child to None, run_after=None
[2024-05-20T00:51:01.612+0000] {logging_mixin.py:188} INFO - [2024-05-20T00:51:01.612+0000] {dag.py:3954} INFO - Setting next_dagrun for example_external_task_marker_parent to None, run_after=None
[2024-05-20T00:51:01.637+0000] {processor.py:183} INFO - Processing /home/airflow/.local/lib/python3.12/site-packages/airflow/example_dags/example_external_task_marker_dag.py took 0.091 seconds
[2024-05-20T00:51:31.814+0000] {processor.py:161} INFO - Started process (PID=397) to work on /home/airflow/.local/lib/python3.12/site-packages/airflow/example_dags/example_external_task_marker_dag.py
[2024-05-20T00:51:31.819+0000] {processor.py:830} INFO - Processing file /home/airflow/.local/lib/python3.12/site-packages/airflow/example_dags/example_external_task_marker_dag.py for tasks to queue
[2024-05-20T00:51:31.823+0000] {logging_mixin.py:188} INFO - [2024-05-20T00:51:31.822+0000] {dagbag.py:545} INFO - Filling up the DagBag from /home/airflow/.local/lib/python3.12/site-packages/airflow/example_dags/example_external_task_marker_dag.py
[2024-05-20T00:51:31.833+0000] {processor.py:840} INFO - DAG(s) 'example_external_task_marker_child', 'example_external_task_marker_parent' retrieved from /home/airflow/.local/lib/python3.12/site-packages/airflow/example_dags/example_external_task_marker_dag.py
[2024-05-20T00:51:31.877+0000] {logging_mixin.py:188} INFO - [2024-05-20T00:51:31.876+0000] {dag.py:3096} INFO - Sync 2 DAGs
[2024-05-20T00:51:31.895+0000] {logging_mixin.py:188} INFO - [2024-05-20T00:51:31.895+0000] {dag.py:3954} INFO - Setting next_dagrun for example_external_task_marker_child to None, run_after=None
[2024-05-20T00:51:31.902+0000] {logging_mixin.py:188} INFO - [2024-05-20T00:51:31.902+0000] {dag.py:3954} INFO - Setting next_dagrun for example_external_task_marker_parent to None, run_after=None
[2024-05-20T00:51:31.921+0000] {processor.py:183} INFO - Processing /home/airflow/.local/lib/python3.12/site-packages/airflow/example_dags/example_external_task_marker_dag.py took 0.117 seconds
[2024-05-20T00:52:02.181+0000] {processor.py:161} INFO - Started process (PID=455) to work on /home/airflow/.local/lib/python3.12/site-packages/airflow/example_dags/example_external_task_marker_dag.py
[2024-05-20T00:52:02.182+0000] {processor.py:830} INFO - Processing file /home/airflow/.local/lib/python3.12/site-packages/airflow/example_dags/example_external_task_marker_dag.py for tasks to queue
[2024-05-20T00:52:02.184+0000] {logging_mixin.py:188} INFO - [2024-05-20T00:52:02.184+0000] {dagbag.py:545} INFO - Filling up the DagBag from /home/airflow/.local/lib/python3.12/site-packages/airflow/example_dags/example_external_task_marker_dag.py
[2024-05-20T00:52:02.189+0000] {processor.py:840} INFO - DAG(s) 'example_external_task_marker_child', 'example_external_task_marker_parent' retrieved from /home/airflow/.local/lib/python3.12/site-packages/airflow/example_dags/example_external_task_marker_dag.py
[2024-05-20T00:52:02.220+0000] {logging_mixin.py:188} INFO - [2024-05-20T00:52:02.219+0000] {dag.py:3096} INFO - Sync 2 DAGs
[2024-05-20T00:52:02.234+0000] {logging_mixin.py:188} INFO - [2024-05-20T00:52:02.233+0000] {dag.py:3954} INFO - Setting next_dagrun for example_external_task_marker_child to None, run_after=None
[2024-05-20T00:52:02.239+0000] {logging_mixin.py:188} INFO - [2024-05-20T00:52:02.239+0000] {dag.py:3954} INFO - Setting next_dagrun for example_external_task_marker_parent to None, run_after=None
[2024-05-20T00:52:02.252+0000] {processor.py:183} INFO - Processing /home/airflow/.local/lib/python3.12/site-packages/airflow/example_dags/example_external_task_marker_dag.py took 0.076 seconds
[2024-05-20T00:52:34.293+0000] {processor.py:161} INFO - Started process (PID=515) to work on /home/airflow/.local/lib/python3.12/site-packages/airflow/example_dags/example_external_task_marker_dag.py
[2024-05-20T00:52:34.313+0000] {processor.py:830} INFO - Processing file /home/airflow/.local/lib/python3.12/site-packages/airflow/example_dags/example_external_task_marker_dag.py for tasks to queue
[2024-05-20T00:52:34.323+0000] {logging_mixin.py:188} INFO - [2024-05-20T00:52:34.322+0000] {dagbag.py:545} INFO - Filling up the DagBag from /home/airflow/.local/lib/python3.12/site-packages/airflow/example_dags/example_external_task_marker_dag.py
[2024-05-20T00:52:34.346+0000] {processor.py:840} INFO - DAG(s) 'example_external_task_marker_parent', 'example_external_task_marker_child' retrieved from /home/airflow/.local/lib/python3.12/site-packages/airflow/example_dags/example_external_task_marker_dag.py
[2024-05-20T00:52:34.474+0000] {logging_mixin.py:188} INFO - [2024-05-20T00:52:34.474+0000] {dag.py:3096} INFO - Sync 2 DAGs
[2024-05-20T00:52:34.522+0000] {logging_mixin.py:188} INFO - [2024-05-20T00:52:34.521+0000] {dag.py:3954} INFO - Setting next_dagrun for example_external_task_marker_child to None, run_after=None
[2024-05-20T00:52:34.532+0000] {logging_mixin.py:188} INFO - [2024-05-20T00:52:34.532+0000] {dag.py:3954} INFO - Setting next_dagrun for example_external_task_marker_parent to None, run_after=None
[2024-05-20T00:52:34.558+0000] {processor.py:183} INFO - Processing /home/airflow/.local/lib/python3.12/site-packages/airflow/example_dags/example_external_task_marker_dag.py took 0.275 seconds
[2024-05-20T00:53:05.485+0000] {processor.py:161} INFO - Started process (PID=575) to work on /home/airflow/.local/lib/python3.12/site-packages/airflow/example_dags/example_external_task_marker_dag.py
[2024-05-20T00:53:05.487+0000] {processor.py:830} INFO - Processing file /home/airflow/.local/lib/python3.12/site-packages/airflow/example_dags/example_external_task_marker_dag.py for tasks to queue
[2024-05-20T00:53:05.491+0000] {logging_mixin.py:188} INFO - [2024-05-20T00:53:05.491+0000] {dagbag.py:545} INFO - Filling up the DagBag from /home/airflow/.local/lib/python3.12/site-packages/airflow/example_dags/example_external_task_marker_dag.py
[2024-05-20T00:53:05.517+0000] {processor.py:840} INFO - DAG(s) 'example_external_task_marker_child', 'example_external_task_marker_parent' retrieved from /home/airflow/.local/lib/python3.12/site-packages/airflow/example_dags/example_external_task_marker_dag.py
[2024-05-20T00:53:05.623+0000] {logging_mixin.py:188} INFO - [2024-05-20T00:53:05.623+0000] {dag.py:3096} INFO - Sync 2 DAGs
[2024-05-20T00:53:05.651+0000] {logging_mixin.py:188} INFO - [2024-05-20T00:53:05.651+0000] {dag.py:3954} INFO - Setting next_dagrun for example_external_task_marker_child to None, run_after=None
[2024-05-20T00:53:05.657+0000] {logging_mixin.py:188} INFO - [2024-05-20T00:53:05.657+0000] {dag.py:3954} INFO - Setting next_dagrun for example_external_task_marker_parent to None, run_after=None
[2024-05-20T00:53:05.696+0000] {processor.py:183} INFO - Processing /home/airflow/.local/lib/python3.12/site-packages/airflow/example_dags/example_external_task_marker_dag.py took 0.228 seconds
[2024-05-20T00:53:48.757+0000] {processor.py:161} INFO - Started process (PID=600) to work on /home/airflow/.local/lib/python3.12/site-packages/airflow/example_dags/example_external_task_marker_dag.py
[2024-05-20T00:53:48.769+0000] {processor.py:830} INFO - Processing file /home/airflow/.local/lib/python3.12/site-packages/airflow/example_dags/example_external_task_marker_dag.py for tasks to queue
[2024-05-20T00:53:48.776+0000] {logging_mixin.py:188} INFO - [2024-05-20T00:53:48.775+0000] {dagbag.py:545} INFO - Filling up the DagBag from /home/airflow/.local/lib/python3.12/site-packages/airflow/example_dags/example_external_task_marker_dag.py
[2024-05-20T00:53:48.798+0000] {processor.py:840} INFO - DAG(s) 'example_external_task_marker_child', 'example_external_task_marker_parent' retrieved from /home/airflow/.local/lib/python3.12/site-packages/airflow/example_dags/example_external_task_marker_dag.py
[2024-05-20T00:53:48.867+0000] {logging_mixin.py:188} INFO - [2024-05-20T00:53:48.867+0000] {dag.py:3096} INFO - Sync 2 DAGs
[2024-05-20T00:53:48.931+0000] {logging_mixin.py:188} INFO - [2024-05-20T00:53:48.931+0000] {dag.py:3954} INFO - Setting next_dagrun for example_external_task_marker_child to None, run_after=None
[2024-05-20T00:53:48.947+0000] {logging_mixin.py:188} INFO - [2024-05-20T00:53:48.943+0000] {dag.py:3954} INFO - Setting next_dagrun for example_external_task_marker_parent to None, run_after=None
[2024-05-20T00:53:49.010+0000] {processor.py:183} INFO - Processing /home/airflow/.local/lib/python3.12/site-packages/airflow/example_dags/example_external_task_marker_dag.py took 0.265 seconds
[2024-05-20T00:54:19.364+0000] {processor.py:161} INFO - Started process (PID=659) to work on /home/airflow/.local/lib/python3.12/site-packages/airflow/example_dags/example_external_task_marker_dag.py
[2024-05-20T00:54:19.365+0000] {processor.py:830} INFO - Processing file /home/airflow/.local/lib/python3.12/site-packages/airflow/example_dags/example_external_task_marker_dag.py for tasks to queue
[2024-05-20T00:54:19.367+0000] {logging_mixin.py:188} INFO - [2024-05-20T00:54:19.367+0000] {dagbag.py:545} INFO - Filling up the DagBag from /home/airflow/.local/lib/python3.12/site-packages/airflow/example_dags/example_external_task_marker_dag.py
[2024-05-20T00:54:19.386+0000] {processor.py:840} INFO - DAG(s) 'example_external_task_marker_child', 'example_external_task_marker_parent' retrieved from /home/airflow/.local/lib/python3.12/site-packages/airflow/example_dags/example_external_task_marker_dag.py
[2024-05-20T00:54:19.414+0000] {logging_mixin.py:188} INFO - [2024-05-20T00:54:19.413+0000] {dag.py:3096} INFO - Sync 2 DAGs
[2024-05-20T00:54:19.428+0000] {logging_mixin.py:188} INFO - [2024-05-20T00:54:19.428+0000] {dag.py:3954} INFO - Setting next_dagrun for example_external_task_marker_child to None, run_after=None
[2024-05-20T00:54:19.432+0000] {logging_mixin.py:188} INFO - [2024-05-20T00:54:19.432+0000] {dag.py:3954} INFO - Setting next_dagrun for example_external_task_marker_parent to None, run_after=None
[2024-05-20T00:54:19.455+0000] {processor.py:183} INFO - Processing /home/airflow/.local/lib/python3.12/site-packages/airflow/example_dags/example_external_task_marker_dag.py took 0.098 seconds
[2024-05-20T00:54:49.643+0000] {processor.py:161} INFO - Started process (PID=719) to work on /home/airflow/.local/lib/python3.12/site-packages/airflow/example_dags/example_external_task_marker_dag.py
[2024-05-20T00:54:49.645+0000] {processor.py:830} INFO - Processing file /home/airflow/.local/lib/python3.12/site-packages/airflow/example_dags/example_external_task_marker_dag.py for tasks to queue
[2024-05-20T00:54:49.650+0000] {logging_mixin.py:188} INFO - [2024-05-20T00:54:49.650+0000] {dagbag.py:545} INFO - Filling up the DagBag from /home/airflow/.local/lib/python3.12/site-packages/airflow/example_dags/example_external_task_marker_dag.py
[2024-05-20T00:54:49.660+0000] {processor.py:840} INFO - DAG(s) 'example_external_task_marker_parent', 'example_external_task_marker_child' retrieved from /home/airflow/.local/lib/python3.12/site-packages/airflow/example_dags/example_external_task_marker_dag.py
[2024-05-20T00:54:49.695+0000] {logging_mixin.py:188} INFO - [2024-05-20T00:54:49.695+0000] {dag.py:3096} INFO - Sync 2 DAGs
[2024-05-20T00:54:49.707+0000] {logging_mixin.py:188} INFO - [2024-05-20T00:54:49.707+0000] {dag.py:3954} INFO - Setting next_dagrun for example_external_task_marker_child to None, run_after=None
[2024-05-20T00:54:49.711+0000] {logging_mixin.py:188} INFO - [2024-05-20T00:54:49.711+0000] {dag.py:3954} INFO - Setting next_dagrun for example_external_task_marker_parent to None, run_after=None
[2024-05-20T00:54:49.725+0000] {processor.py:183} INFO - Processing /home/airflow/.local/lib/python3.12/site-packages/airflow/example_dags/example_external_task_marker_dag.py took 0.091 seconds
[2024-05-20T00:55:39.539+0000] {processor.py:161} INFO - Started process (PID=770) to work on /home/airflow/.local/lib/python3.12/site-packages/airflow/example_dags/example_external_task_marker_dag.py
[2024-05-20T00:55:39.545+0000] {processor.py:830} INFO - Processing file /home/airflow/.local/lib/python3.12/site-packages/airflow/example_dags/example_external_task_marker_dag.py for tasks to queue
[2024-05-20T00:55:39.560+0000] {logging_mixin.py:188} INFO - [2024-05-20T00:55:39.557+0000] {dagbag.py:545} INFO - Filling up the DagBag from /home/airflow/.local/lib/python3.12/site-packages/airflow/example_dags/example_external_task_marker_dag.py
[2024-05-20T00:55:39.652+0000] {processor.py:840} INFO - DAG(s) 'example_external_task_marker_parent', 'example_external_task_marker_child' retrieved from /home/airflow/.local/lib/python3.12/site-packages/airflow/example_dags/example_external_task_marker_dag.py
[2024-05-20T00:55:39.788+0000] {logging_mixin.py:188} INFO - [2024-05-20T00:55:39.787+0000] {dag.py:3096} INFO - Sync 2 DAGs
[2024-05-20T00:55:39.837+0000] {logging_mixin.py:188} INFO - [2024-05-20T00:55:39.836+0000] {dag.py:3954} INFO - Setting next_dagrun for example_external_task_marker_child to None, run_after=None
[2024-05-20T00:55:39.851+0000] {logging_mixin.py:188} INFO - [2024-05-20T00:55:39.850+0000] {dag.py:3954} INFO - Setting next_dagrun for example_external_task_marker_parent to None, run_after=None
[2024-05-20T00:55:39.969+0000] {processor.py:183} INFO - Processing /home/airflow/.local/lib/python3.12/site-packages/airflow/example_dags/example_external_task_marker_dag.py took 0.493 seconds
[2024-05-20T00:56:11.474+0000] {processor.py:161} INFO - Started process (PID=830) to work on /home/airflow/.local/lib/python3.12/site-packages/airflow/example_dags/example_external_task_marker_dag.py
[2024-05-20T00:56:11.479+0000] {processor.py:830} INFO - Processing file /home/airflow/.local/lib/python3.12/site-packages/airflow/example_dags/example_external_task_marker_dag.py for tasks to queue
[2024-05-20T00:56:11.553+0000] {logging_mixin.py:188} INFO - [2024-05-20T00:56:11.551+0000] {dagbag.py:545} INFO - Filling up the DagBag from /home/airflow/.local/lib/python3.12/site-packages/airflow/example_dags/example_external_task_marker_dag.py
[2024-05-20T00:56:11.626+0000] {processor.py:840} INFO - DAG(s) 'example_external_task_marker_parent', 'example_external_task_marker_child' retrieved from /home/airflow/.local/lib/python3.12/site-packages/airflow/example_dags/example_external_task_marker_dag.py
[2024-05-20T00:56:11.935+0000] {logging_mixin.py:188} INFO - [2024-05-20T00:56:11.934+0000] {dag.py:3096} INFO - Sync 2 DAGs
[2024-05-20T00:56:12.140+0000] {logging_mixin.py:188} INFO - [2024-05-20T00:56:12.139+0000] {dag.py:3954} INFO - Setting next_dagrun for example_external_task_marker_child to None, run_after=None
[2024-05-20T00:56:12.201+0000] {logging_mixin.py:188} INFO - [2024-05-20T00:56:12.196+0000] {dag.py:3954} INFO - Setting next_dagrun for example_external_task_marker_parent to None, run_after=None
[2024-05-20T00:56:12.309+0000] {processor.py:183} INFO - Processing /home/airflow/.local/lib/python3.12/site-packages/airflow/example_dags/example_external_task_marker_dag.py took 0.890 seconds
[2024-05-20T00:56:42.924+0000] {processor.py:161} INFO - Started process (PID=890) to work on /home/airflow/.local/lib/python3.12/site-packages/airflow/example_dags/example_external_task_marker_dag.py
[2024-05-20T00:56:42.938+0000] {processor.py:830} INFO - Processing file /home/airflow/.local/lib/python3.12/site-packages/airflow/example_dags/example_external_task_marker_dag.py for tasks to queue
[2024-05-20T00:56:42.972+0000] {logging_mixin.py:188} INFO - [2024-05-20T00:56:42.970+0000] {dagbag.py:545} INFO - Filling up the DagBag from /home/airflow/.local/lib/python3.12/site-packages/airflow/example_dags/example_external_task_marker_dag.py
[2024-05-20T00:56:43.053+0000] {processor.py:840} INFO - DAG(s) 'example_external_task_marker_child', 'example_external_task_marker_parent' retrieved from /home/airflow/.local/lib/python3.12/site-packages/airflow/example_dags/example_external_task_marker_dag.py
[2024-05-20T00:56:43.285+0000] {logging_mixin.py:188} INFO - [2024-05-20T00:56:43.281+0000] {dag.py:3096} INFO - Sync 2 DAGs
[2024-05-20T00:56:43.363+0000] {logging_mixin.py:188} INFO - [2024-05-20T00:56:43.362+0000] {dag.py:3954} INFO - Setting next_dagrun for example_external_task_marker_child to None, run_after=None
[2024-05-20T00:56:43.383+0000] {logging_mixin.py:188} INFO - [2024-05-20T00:56:43.383+0000] {dag.py:3954} INFO - Setting next_dagrun for example_external_task_marker_parent to None, run_after=None
[2024-05-20T00:56:43.472+0000] {processor.py:183} INFO - Processing /home/airflow/.local/lib/python3.12/site-packages/airflow/example_dags/example_external_task_marker_dag.py took 0.604 seconds
[2024-05-20T00:57:27.401+0000] {processor.py:161} INFO - Started process (PID=948) to work on /home/airflow/.local/lib/python3.12/site-packages/airflow/example_dags/example_external_task_marker_dag.py
[2024-05-20T00:57:27.406+0000] {processor.py:830} INFO - Processing file /home/airflow/.local/lib/python3.12/site-packages/airflow/example_dags/example_external_task_marker_dag.py for tasks to queue
[2024-05-20T00:57:27.414+0000] {logging_mixin.py:188} INFO - [2024-05-20T00:57:27.413+0000] {dagbag.py:545} INFO - Filling up the DagBag from /home/airflow/.local/lib/python3.12/site-packages/airflow/example_dags/example_external_task_marker_dag.py
[2024-05-20T00:57:27.542+0000] {processor.py:840} INFO - DAG(s) 'example_external_task_marker_child', 'example_external_task_marker_parent' retrieved from /home/airflow/.local/lib/python3.12/site-packages/airflow/example_dags/example_external_task_marker_dag.py
[2024-05-20T00:57:29.230+0000] {logging_mixin.py:188} INFO - [2024-05-20T00:57:29.212+0000] {dag.py:3096} INFO - Sync 2 DAGs
[2024-05-20T00:57:29.328+0000] {logging_mixin.py:188} INFO - [2024-05-20T00:57:29.326+0000] {dag.py:3954} INFO - Setting next_dagrun for example_external_task_marker_child to None, run_after=None
[2024-05-20T00:57:29.375+0000] {logging_mixin.py:188} INFO - [2024-05-20T00:57:29.375+0000] {dag.py:3954} INFO - Setting next_dagrun for example_external_task_marker_parent to None, run_after=None
[2024-05-20T00:57:29.518+0000] {processor.py:183} INFO - Processing /home/airflow/.local/lib/python3.12/site-packages/airflow/example_dags/example_external_task_marker_dag.py took 2.187 seconds
[2024-05-20T00:58:05.685+0000] {processor.py:161} INFO - Started process (PID=1008) to work on /home/airflow/.local/lib/python3.12/site-packages/airflow/example_dags/example_external_task_marker_dag.py
[2024-05-20T00:58:05.701+0000] {processor.py:830} INFO - Processing file /home/airflow/.local/lib/python3.12/site-packages/airflow/example_dags/example_external_task_marker_dag.py for tasks to queue
[2024-05-20T00:58:05.729+0000] {logging_mixin.py:188} INFO - [2024-05-20T00:58:05.727+0000] {dagbag.py:545} INFO - Filling up the DagBag from /home/airflow/.local/lib/python3.12/site-packages/airflow/example_dags/example_external_task_marker_dag.py
[2024-05-20T00:58:05.780+0000] {processor.py:840} INFO - DAG(s) 'example_external_task_marker_parent', 'example_external_task_marker_child' retrieved from /home/airflow/.local/lib/python3.12/site-packages/airflow/example_dags/example_external_task_marker_dag.py
[2024-05-20T00:58:05.935+0000] {logging_mixin.py:188} INFO - [2024-05-20T00:58:05.934+0000] {dag.py:3096} INFO - Sync 2 DAGs
[2024-05-20T00:58:06.037+0000] {logging_mixin.py:188} INFO - [2024-05-20T00:58:06.036+0000] {dag.py:3954} INFO - Setting next_dagrun for example_external_task_marker_child to None, run_after=None
[2024-05-20T00:58:06.058+0000] {logging_mixin.py:188} INFO - [2024-05-20T00:58:06.057+0000] {dag.py:3954} INFO - Setting next_dagrun for example_external_task_marker_parent to None, run_after=None
[2024-05-20T00:58:06.118+0000] {processor.py:183} INFO - Processing /home/airflow/.local/lib/python3.12/site-packages/airflow/example_dags/example_external_task_marker_dag.py took 0.515 seconds
[2024-05-20T00:58:36.928+0000] {processor.py:161} INFO - Started process (PID=1067) to work on /home/airflow/.local/lib/python3.12/site-packages/airflow/example_dags/example_external_task_marker_dag.py
[2024-05-20T00:58:36.933+0000] {processor.py:830} INFO - Processing file /home/airflow/.local/lib/python3.12/site-packages/airflow/example_dags/example_external_task_marker_dag.py for tasks to queue
[2024-05-20T00:58:36.938+0000] {logging_mixin.py:188} INFO - [2024-05-20T00:58:36.937+0000] {dagbag.py:545} INFO - Filling up the DagBag from /home/airflow/.local/lib/python3.12/site-packages/airflow/example_dags/example_external_task_marker_dag.py
[2024-05-20T00:58:36.950+0000] {processor.py:840} INFO - DAG(s) 'example_external_task_marker_parent', 'example_external_task_marker_child' retrieved from /home/airflow/.local/lib/python3.12/site-packages/airflow/example_dags/example_external_task_marker_dag.py
[2024-05-20T00:58:37.114+0000] {logging_mixin.py:188} INFO - [2024-05-20T00:58:37.114+0000] {dag.py:3096} INFO - Sync 2 DAGs
[2024-05-20T00:58:37.272+0000] {logging_mixin.py:188} INFO - [2024-05-20T00:58:37.263+0000] {dag.py:3954} INFO - Setting next_dagrun for example_external_task_marker_child to None, run_after=None
[2024-05-20T00:58:37.293+0000] {logging_mixin.py:188} INFO - [2024-05-20T00:58:37.293+0000] {dag.py:3954} INFO - Setting next_dagrun for example_external_task_marker_parent to None, run_after=None
[2024-05-20T00:58:37.383+0000] {processor.py:183} INFO - Processing /home/airflow/.local/lib/python3.12/site-packages/airflow/example_dags/example_external_task_marker_dag.py took 0.473 seconds
[2024-05-20T00:59:08.407+0000] {processor.py:161} INFO - Started process (PID=1126) to work on /home/airflow/.local/lib/python3.12/site-packages/airflow/example_dags/example_external_task_marker_dag.py
[2024-05-20T00:59:08.410+0000] {processor.py:830} INFO - Processing file /home/airflow/.local/lib/python3.12/site-packages/airflow/example_dags/example_external_task_marker_dag.py for tasks to queue
[2024-05-20T00:59:08.416+0000] {logging_mixin.py:188} INFO - [2024-05-20T00:59:08.415+0000] {dagbag.py:545} INFO - Filling up the DagBag from /home/airflow/.local/lib/python3.12/site-packages/airflow/example_dags/example_external_task_marker_dag.py
[2024-05-20T00:59:08.425+0000] {processor.py:840} INFO - DAG(s) 'example_external_task_marker_child', 'example_external_task_marker_parent' retrieved from /home/airflow/.local/lib/python3.12/site-packages/airflow/example_dags/example_external_task_marker_dag.py
[2024-05-20T00:59:08.454+0000] {logging_mixin.py:188} INFO - [2024-05-20T00:59:08.453+0000] {dag.py:3096} INFO - Sync 2 DAGs
[2024-05-20T00:59:08.468+0000] {logging_mixin.py:188} INFO - [2024-05-20T00:59:08.468+0000] {dag.py:3954} INFO - Setting next_dagrun for example_external_task_marker_child to None, run_after=None
[2024-05-20T00:59:08.472+0000] {logging_mixin.py:188} INFO - [2024-05-20T00:59:08.472+0000] {dag.py:3954} INFO - Setting next_dagrun for example_external_task_marker_parent to None, run_after=None
[2024-05-20T00:59:08.497+0000] {processor.py:183} INFO - Processing /home/airflow/.local/lib/python3.12/site-packages/airflow/example_dags/example_external_task_marker_dag.py took 0.110 seconds
[2024-05-20T00:59:38.900+0000] {processor.py:161} INFO - Started process (PID=1184) to work on /home/airflow/.local/lib/python3.12/site-packages/airflow/example_dags/example_external_task_marker_dag.py
[2024-05-20T00:59:38.902+0000] {processor.py:830} INFO - Processing file /home/airflow/.local/lib/python3.12/site-packages/airflow/example_dags/example_external_task_marker_dag.py for tasks to queue
[2024-05-20T00:59:38.905+0000] {logging_mixin.py:188} INFO - [2024-05-20T00:59:38.905+0000] {dagbag.py:545} INFO - Filling up the DagBag from /home/airflow/.local/lib/python3.12/site-packages/airflow/example_dags/example_external_task_marker_dag.py
[2024-05-20T00:59:38.921+0000] {processor.py:840} INFO - DAG(s) 'example_external_task_marker_child', 'example_external_task_marker_parent' retrieved from /home/airflow/.local/lib/python3.12/site-packages/airflow/example_dags/example_external_task_marker_dag.py
[2024-05-20T00:59:38.961+0000] {logging_mixin.py:188} INFO - [2024-05-20T00:59:38.961+0000] {dag.py:3096} INFO - Sync 2 DAGs
[2024-05-20T00:59:38.978+0000] {logging_mixin.py:188} INFO - [2024-05-20T00:59:38.977+0000] {dag.py:3954} INFO - Setting next_dagrun for example_external_task_marker_child to None, run_after=None
[2024-05-20T00:59:38.983+0000] {logging_mixin.py:188} INFO - [2024-05-20T00:59:38.983+0000] {dag.py:3954} INFO - Setting next_dagrun for example_external_task_marker_parent to None, run_after=None
[2024-05-20T00:59:39.004+0000] {processor.py:183} INFO - Processing /home/airflow/.local/lib/python3.12/site-packages/airflow/example_dags/example_external_task_marker_dag.py took 0.112 seconds
[2024-05-20T01:00:13.089+0000] {processor.py:161} INFO - Started process (PID=1239) to work on /home/airflow/.local/lib/python3.12/site-packages/airflow/example_dags/example_external_task_marker_dag.py
[2024-05-20T01:00:13.111+0000] {processor.py:830} INFO - Processing file /home/airflow/.local/lib/python3.12/site-packages/airflow/example_dags/example_external_task_marker_dag.py for tasks to queue
[2024-05-20T01:00:13.152+0000] {logging_mixin.py:188} INFO - [2024-05-20T01:00:13.152+0000] {dagbag.py:545} INFO - Filling up the DagBag from /home/airflow/.local/lib/python3.12/site-packages/airflow/example_dags/example_external_task_marker_dag.py
[2024-05-20T01:00:13.248+0000] {processor.py:840} INFO - DAG(s) 'example_external_task_marker_parent', 'example_external_task_marker_child' retrieved from /home/airflow/.local/lib/python3.12/site-packages/airflow/example_dags/example_external_task_marker_dag.py
[2024-05-20T01:00:13.538+0000] {logging_mixin.py:188} INFO - [2024-05-20T01:00:13.538+0000] {dag.py:3096} INFO - Sync 2 DAGs
[2024-05-20T01:00:13.594+0000] {logging_mixin.py:188} INFO - [2024-05-20T01:00:13.591+0000] {dag.py:3954} INFO - Setting next_dagrun for example_external_task_marker_child to None, run_after=None
[2024-05-20T01:00:13.646+0000] {logging_mixin.py:188} INFO - [2024-05-20T01:00:13.646+0000] {dag.py:3954} INFO - Setting next_dagrun for example_external_task_marker_parent to None, run_after=None
[2024-05-20T01:00:13.697+0000] {processor.py:183} INFO - Processing /home/airflow/.local/lib/python3.12/site-packages/airflow/example_dags/example_external_task_marker_dag.py took 0.711 seconds
[2024-05-20T01:00:57.377+0000] {processor.py:161} INFO - Started process (PID=1299) to work on /home/airflow/.local/lib/python3.12/site-packages/airflow/example_dags/example_external_task_marker_dag.py
[2024-05-20T01:00:57.381+0000] {processor.py:830} INFO - Processing file /home/airflow/.local/lib/python3.12/site-packages/airflow/example_dags/example_external_task_marker_dag.py for tasks to queue
[2024-05-20T01:00:57.385+0000] {logging_mixin.py:188} INFO - [2024-05-20T01:00:57.384+0000] {dagbag.py:545} INFO - Filling up the DagBag from /home/airflow/.local/lib/python3.12/site-packages/airflow/example_dags/example_external_task_marker_dag.py
[2024-05-20T01:00:57.399+0000] {processor.py:840} INFO - DAG(s) 'example_external_task_marker_parent', 'example_external_task_marker_child' retrieved from /home/airflow/.local/lib/python3.12/site-packages/airflow/example_dags/example_external_task_marker_dag.py
[2024-05-20T01:00:57.461+0000] {logging_mixin.py:188} INFO - [2024-05-20T01:00:57.460+0000] {dag.py:3096} INFO - Sync 2 DAGs
[2024-05-20T01:00:57.490+0000] {logging_mixin.py:188} INFO - [2024-05-20T01:00:57.489+0000] {dag.py:3954} INFO - Setting next_dagrun for example_external_task_marker_child to None, run_after=None
[2024-05-20T01:00:57.523+0000] {logging_mixin.py:188} INFO - [2024-05-20T01:00:57.521+0000] {dag.py:3954} INFO - Setting next_dagrun for example_external_task_marker_parent to None, run_after=None
[2024-05-20T01:00:57.588+0000] {processor.py:183} INFO - Processing /home/airflow/.local/lib/python3.12/site-packages/airflow/example_dags/example_external_task_marker_dag.py took 0.220 seconds
[2024-05-20T01:01:28.581+0000] {processor.py:161} INFO - Started process (PID=1359) to work on /home/airflow/.local/lib/python3.12/site-packages/airflow/example_dags/example_external_task_marker_dag.py
[2024-05-20T01:01:28.583+0000] {processor.py:830} INFO - Processing file /home/airflow/.local/lib/python3.12/site-packages/airflow/example_dags/example_external_task_marker_dag.py for tasks to queue
[2024-05-20T01:01:28.585+0000] {logging_mixin.py:188} INFO - [2024-05-20T01:01:28.584+0000] {dagbag.py:545} INFO - Filling up the DagBag from /home/airflow/.local/lib/python3.12/site-packages/airflow/example_dags/example_external_task_marker_dag.py
[2024-05-20T01:01:28.591+0000] {processor.py:840} INFO - DAG(s) 'example_external_task_marker_child', 'example_external_task_marker_parent' retrieved from /home/airflow/.local/lib/python3.12/site-packages/airflow/example_dags/example_external_task_marker_dag.py
[2024-05-20T01:01:28.638+0000] {logging_mixin.py:188} INFO - [2024-05-20T01:01:28.638+0000] {dag.py:3096} INFO - Sync 2 DAGs
[2024-05-20T01:01:28.673+0000] {logging_mixin.py:188} INFO - [2024-05-20T01:01:28.673+0000] {dag.py:3954} INFO - Setting next_dagrun for example_external_task_marker_child to None, run_after=None
[2024-05-20T01:01:28.682+0000] {logging_mixin.py:188} INFO - [2024-05-20T01:01:28.681+0000] {dag.py:3954} INFO - Setting next_dagrun for example_external_task_marker_parent to None, run_after=None
[2024-05-20T01:01:28.737+0000] {processor.py:183} INFO - Processing /home/airflow/.local/lib/python3.12/site-packages/airflow/example_dags/example_external_task_marker_dag.py took 0.161 seconds
[2024-05-20T01:01:58.944+0000] {processor.py:161} INFO - Started process (PID=1419) to work on /home/airflow/.local/lib/python3.12/site-packages/airflow/example_dags/example_external_task_marker_dag.py
[2024-05-20T01:01:58.951+0000] {processor.py:830} INFO - Processing file /home/airflow/.local/lib/python3.12/site-packages/airflow/example_dags/example_external_task_marker_dag.py for tasks to queue
[2024-05-20T01:01:58.984+0000] {logging_mixin.py:188} INFO - [2024-05-20T01:01:58.983+0000] {dagbag.py:545} INFO - Filling up the DagBag from /home/airflow/.local/lib/python3.12/site-packages/airflow/example_dags/example_external_task_marker_dag.py
[2024-05-20T01:01:59.003+0000] {processor.py:840} INFO - DAG(s) 'example_external_task_marker_parent', 'example_external_task_marker_child' retrieved from /home/airflow/.local/lib/python3.12/site-packages/airflow/example_dags/example_external_task_marker_dag.py
[2024-05-20T01:01:59.064+0000] {logging_mixin.py:188} INFO - [2024-05-20T01:01:59.064+0000] {dag.py:3096} INFO - Sync 2 DAGs
[2024-05-20T01:01:59.092+0000] {logging_mixin.py:188} INFO - [2024-05-20T01:01:59.091+0000] {dag.py:3954} INFO - Setting next_dagrun for example_external_task_marker_child to None, run_after=None
[2024-05-20T01:01:59.106+0000] {logging_mixin.py:188} INFO - [2024-05-20T01:01:59.105+0000] {dag.py:3954} INFO - Setting next_dagrun for example_external_task_marker_parent to None, run_after=None
[2024-05-20T01:01:59.134+0000] {processor.py:183} INFO - Processing /home/airflow/.local/lib/python3.12/site-packages/airflow/example_dags/example_external_task_marker_dag.py took 0.205 seconds
[2024-05-20T01:02:29.567+0000] {processor.py:161} INFO - Started process (PID=1479) to work on /home/airflow/.local/lib/python3.12/site-packages/airflow/example_dags/example_external_task_marker_dag.py
[2024-05-20T01:02:29.569+0000] {processor.py:830} INFO - Processing file /home/airflow/.local/lib/python3.12/site-packages/airflow/example_dags/example_external_task_marker_dag.py for tasks to queue
[2024-05-20T01:02:29.572+0000] {logging_mixin.py:188} INFO - [2024-05-20T01:02:29.571+0000] {dagbag.py:545} INFO - Filling up the DagBag from /home/airflow/.local/lib/python3.12/site-packages/airflow/example_dags/example_external_task_marker_dag.py
[2024-05-20T01:02:29.579+0000] {processor.py:840} INFO - DAG(s) 'example_external_task_marker_child', 'example_external_task_marker_parent' retrieved from /home/airflow/.local/lib/python3.12/site-packages/airflow/example_dags/example_external_task_marker_dag.py
[2024-05-20T01:02:29.613+0000] {logging_mixin.py:188} INFO - [2024-05-20T01:02:29.612+0000] {dag.py:3096} INFO - Sync 2 DAGs
[2024-05-20T01:02:29.628+0000] {logging_mixin.py:188} INFO - [2024-05-20T01:02:29.628+0000] {dag.py:3954} INFO - Setting next_dagrun for example_external_task_marker_child to None, run_after=None
[2024-05-20T01:02:29.633+0000] {logging_mixin.py:188} INFO - [2024-05-20T01:02:29.633+0000] {dag.py:3954} INFO - Setting next_dagrun for example_external_task_marker_parent to None, run_after=None
[2024-05-20T01:02:29.649+0000] {processor.py:183} INFO - Processing /home/airflow/.local/lib/python3.12/site-packages/airflow/example_dags/example_external_task_marker_dag.py took 0.092 seconds
[2024-05-20T01:03:00.693+0000] {processor.py:161} INFO - Started process (PID=1545) to work on /home/airflow/.local/lib/python3.12/site-packages/airflow/example_dags/example_external_task_marker_dag.py
[2024-05-20T01:03:00.699+0000] {processor.py:830} INFO - Processing file /home/airflow/.local/lib/python3.12/site-packages/airflow/example_dags/example_external_task_marker_dag.py for tasks to queue
[2024-05-20T01:03:00.711+0000] {logging_mixin.py:188} INFO - [2024-05-20T01:03:00.707+0000] {dagbag.py:545} INFO - Filling up the DagBag from /home/airflow/.local/lib/python3.12/site-packages/airflow/example_dags/example_external_task_marker_dag.py
[2024-05-20T01:03:00.786+0000] {processor.py:840} INFO - DAG(s) 'example_external_task_marker_parent', 'example_external_task_marker_child' retrieved from /home/airflow/.local/lib/python3.12/site-packages/airflow/example_dags/example_external_task_marker_dag.py
[2024-05-20T01:03:02.950+0000] {logging_mixin.py:188} INFO - [2024-05-20T01:03:02.879+0000] {dag.py:3096} INFO - Sync 2 DAGs
[2024-05-20T01:03:19.644+0000] {logging_mixin.py:188} INFO - [2024-05-20T01:03:19.636+0000] {dag.py:3954} INFO - Setting next_dagrun for example_external_task_marker_child to None, run_after=None
[2024-05-20T01:03:19.711+0000] {logging_mixin.py:188} INFO - [2024-05-20T01:03:19.710+0000] {dag.py:3954} INFO - Setting next_dagrun for example_external_task_marker_parent to None, run_after=None
[2024-05-20T01:03:19.894+0000] {processor.py:183} INFO - Processing /home/airflow/.local/lib/python3.12/site-packages/airflow/example_dags/example_external_task_marker_dag.py took 19.230 seconds
