[2024-05-20T00:48:35.723+0000] {processor.py:161} INFO - Started process (PID=61) to work on /home/airflow/.local/lib/python3.12/site-packages/airflow/example_dags/example_python_decorator.py
[2024-05-20T00:48:35.725+0000] {processor.py:830} INFO - Processing file /home/airflow/.local/lib/python3.12/site-packages/airflow/example_dags/example_python_decorator.py for tasks to queue
[2024-05-20T00:48:35.751+0000] {logging_mixin.py:188} INFO - [2024-05-20T00:48:35.746+0000] {dagbag.py:545} INFO - Filling up the DagBag from /home/airflow/.local/lib/python3.12/site-packages/airflow/example_dags/example_python_decorator.py
[2024-05-20T00:48:35.915+0000] {processor.py:840} INFO - DAG(s) 'example_python_decorator' retrieved from /home/airflow/.local/lib/python3.12/site-packages/airflow/example_dags/example_python_decorator.py
[2024-05-20T00:48:37.567+0000] {logging_mixin.py:188} INFO - [2024-05-20T00:48:37.554+0000] {dag.py:3096} INFO - Sync 1 DAGs
[2024-05-20T00:48:37.630+0000] {logging_mixin.py:188} INFO - [2024-05-20T00:48:37.629+0000] {dag.py:3954} INFO - Setting next_dagrun for example_python_decorator to None, run_after=None
[2024-05-20T00:48:37.769+0000] {processor.py:183} INFO - Processing /home/airflow/.local/lib/python3.12/site-packages/airflow/example_dags/example_python_decorator.py took 2.114 seconds
[2024-05-20T00:49:07.908+0000] {processor.py:161} INFO - Started process (PID=121) to work on /home/airflow/.local/lib/python3.12/site-packages/airflow/example_dags/example_python_decorator.py
[2024-05-20T00:49:07.911+0000] {processor.py:830} INFO - Processing file /home/airflow/.local/lib/python3.12/site-packages/airflow/example_dags/example_python_decorator.py for tasks to queue
[2024-05-20T00:49:07.935+0000] {logging_mixin.py:188} INFO - [2024-05-20T00:49:07.934+0000] {dagbag.py:545} INFO - Filling up the DagBag from /home/airflow/.local/lib/python3.12/site-packages/airflow/example_dags/example_python_decorator.py
[2024-05-20T00:49:08.003+0000] {processor.py:840} INFO - DAG(s) 'example_python_decorator' retrieved from /home/airflow/.local/lib/python3.12/site-packages/airflow/example_dags/example_python_decorator.py
[2024-05-20T00:49:08.182+0000] {logging_mixin.py:188} INFO - [2024-05-20T00:49:08.181+0000] {dag.py:3096} INFO - Sync 1 DAGs
[2024-05-20T00:49:08.219+0000] {logging_mixin.py:188} INFO - [2024-05-20T00:49:08.218+0000] {dag.py:3954} INFO - Setting next_dagrun for example_python_decorator to None, run_after=None
[2024-05-20T00:49:08.273+0000] {processor.py:183} INFO - Processing /home/airflow/.local/lib/python3.12/site-packages/airflow/example_dags/example_python_decorator.py took 0.387 seconds
[2024-05-20T00:49:38.603+0000] {processor.py:161} INFO - Started process (PID=180) to work on /home/airflow/.local/lib/python3.12/site-packages/airflow/example_dags/example_python_decorator.py
[2024-05-20T00:49:38.605+0000] {processor.py:830} INFO - Processing file /home/airflow/.local/lib/python3.12/site-packages/airflow/example_dags/example_python_decorator.py for tasks to queue
[2024-05-20T00:49:38.610+0000] {logging_mixin.py:188} INFO - [2024-05-20T00:49:38.609+0000] {dagbag.py:545} INFO - Filling up the DagBag from /home/airflow/.local/lib/python3.12/site-packages/airflow/example_dags/example_python_decorator.py
[2024-05-20T00:49:38.682+0000] {processor.py:840} INFO - DAG(s) 'example_python_decorator' retrieved from /home/airflow/.local/lib/python3.12/site-packages/airflow/example_dags/example_python_decorator.py
[2024-05-20T00:49:38.756+0000] {logging_mixin.py:188} INFO - [2024-05-20T00:49:38.756+0000] {dag.py:3096} INFO - Sync 1 DAGs
[2024-05-20T00:49:38.779+0000] {logging_mixin.py:188} INFO - [2024-05-20T00:49:38.778+0000] {dag.py:3954} INFO - Setting next_dagrun for example_python_decorator to None, run_after=None
[2024-05-20T00:49:38.825+0000] {processor.py:183} INFO - Processing /home/airflow/.local/lib/python3.12/site-packages/airflow/example_dags/example_python_decorator.py took 0.233 seconds
[2024-05-20T00:50:09.433+0000] {processor.py:161} INFO - Started process (PID=239) to work on /home/airflow/.local/lib/python3.12/site-packages/airflow/example_dags/example_python_decorator.py
[2024-05-20T00:50:09.435+0000] {processor.py:830} INFO - Processing file /home/airflow/.local/lib/python3.12/site-packages/airflow/example_dags/example_python_decorator.py for tasks to queue
[2024-05-20T00:50:09.438+0000] {logging_mixin.py:188} INFO - [2024-05-20T00:50:09.438+0000] {dagbag.py:545} INFO - Filling up the DagBag from /home/airflow/.local/lib/python3.12/site-packages/airflow/example_dags/example_python_decorator.py
[2024-05-20T00:50:09.461+0000] {processor.py:840} INFO - DAG(s) 'example_python_decorator' retrieved from /home/airflow/.local/lib/python3.12/site-packages/airflow/example_dags/example_python_decorator.py
[2024-05-20T00:50:09.522+0000] {logging_mixin.py:188} INFO - [2024-05-20T00:50:09.522+0000] {dag.py:3096} INFO - Sync 1 DAGs
[2024-05-20T00:50:09.540+0000] {logging_mixin.py:188} INFO - [2024-05-20T00:50:09.540+0000] {dag.py:3954} INFO - Setting next_dagrun for example_python_decorator to None, run_after=None
[2024-05-20T00:50:09.563+0000] {processor.py:183} INFO - Processing /home/airflow/.local/lib/python3.12/site-packages/airflow/example_dags/example_python_decorator.py took 0.140 seconds
[2024-05-20T00:50:40.719+0000] {processor.py:161} INFO - Started process (PID=299) to work on /home/airflow/.local/lib/python3.12/site-packages/airflow/example_dags/example_python_decorator.py
[2024-05-20T00:50:40.743+0000] {processor.py:830} INFO - Processing file /home/airflow/.local/lib/python3.12/site-packages/airflow/example_dags/example_python_decorator.py for tasks to queue
[2024-05-20T00:50:40.762+0000] {logging_mixin.py:188} INFO - [2024-05-20T00:50:40.760+0000] {dagbag.py:545} INFO - Filling up the DagBag from /home/airflow/.local/lib/python3.12/site-packages/airflow/example_dags/example_python_decorator.py
[2024-05-20T00:50:40.900+0000] {processor.py:840} INFO - DAG(s) 'example_python_decorator' retrieved from /home/airflow/.local/lib/python3.12/site-packages/airflow/example_dags/example_python_decorator.py
[2024-05-20T00:50:41.065+0000] {logging_mixin.py:188} INFO - [2024-05-20T00:50:41.064+0000] {dag.py:3096} INFO - Sync 1 DAGs
[2024-05-20T00:50:41.227+0000] {logging_mixin.py:188} INFO - [2024-05-20T00:50:41.225+0000] {dag.py:3954} INFO - Setting next_dagrun for example_python_decorator to None, run_after=None
[2024-05-20T00:50:41.320+0000] {processor.py:183} INFO - Processing /home/airflow/.local/lib/python3.12/site-packages/airflow/example_dags/example_python_decorator.py took 0.637 seconds
[2024-05-20T00:51:12.013+0000] {processor.py:161} INFO - Started process (PID=356) to work on /home/airflow/.local/lib/python3.12/site-packages/airflow/example_dags/example_python_decorator.py
[2024-05-20T00:51:12.016+0000] {processor.py:830} INFO - Processing file /home/airflow/.local/lib/python3.12/site-packages/airflow/example_dags/example_python_decorator.py for tasks to queue
[2024-05-20T00:51:12.020+0000] {logging_mixin.py:188} INFO - [2024-05-20T00:51:12.019+0000] {dagbag.py:545} INFO - Filling up the DagBag from /home/airflow/.local/lib/python3.12/site-packages/airflow/example_dags/example_python_decorator.py
[2024-05-20T00:51:12.060+0000] {processor.py:840} INFO - DAG(s) 'example_python_decorator' retrieved from /home/airflow/.local/lib/python3.12/site-packages/airflow/example_dags/example_python_decorator.py
[2024-05-20T00:51:12.210+0000] {logging_mixin.py:188} INFO - [2024-05-20T00:51:12.209+0000] {dag.py:3096} INFO - Sync 1 DAGs
[2024-05-20T00:51:12.267+0000] {logging_mixin.py:188} INFO - [2024-05-20T00:51:12.267+0000] {dag.py:3954} INFO - Setting next_dagrun for example_python_decorator to None, run_after=None
[2024-05-20T00:51:12.302+0000] {processor.py:183} INFO - Processing /home/airflow/.local/lib/python3.12/site-packages/airflow/example_dags/example_python_decorator.py took 0.314 seconds
[2024-05-20T00:51:42.490+0000] {processor.py:161} INFO - Started process (PID=416) to work on /home/airflow/.local/lib/python3.12/site-packages/airflow/example_dags/example_python_decorator.py
[2024-05-20T00:51:42.499+0000] {processor.py:830} INFO - Processing file /home/airflow/.local/lib/python3.12/site-packages/airflow/example_dags/example_python_decorator.py for tasks to queue
[2024-05-20T00:51:42.506+0000] {logging_mixin.py:188} INFO - [2024-05-20T00:51:42.505+0000] {dagbag.py:545} INFO - Filling up the DagBag from /home/airflow/.local/lib/python3.12/site-packages/airflow/example_dags/example_python_decorator.py
[2024-05-20T00:51:42.541+0000] {processor.py:840} INFO - DAG(s) 'example_python_decorator' retrieved from /home/airflow/.local/lib/python3.12/site-packages/airflow/example_dags/example_python_decorator.py
[2024-05-20T00:51:42.603+0000] {logging_mixin.py:188} INFO - [2024-05-20T00:51:42.602+0000] {dag.py:3096} INFO - Sync 1 DAGs
[2024-05-20T00:51:42.628+0000] {logging_mixin.py:188} INFO - [2024-05-20T00:51:42.628+0000] {dag.py:3954} INFO - Setting next_dagrun for example_python_decorator to None, run_after=None
[2024-05-20T00:51:42.684+0000] {processor.py:183} INFO - Processing /home/airflow/.local/lib/python3.12/site-packages/airflow/example_dags/example_python_decorator.py took 0.211 seconds
[2024-05-20T00:52:12.727+0000] {processor.py:161} INFO - Started process (PID=476) to work on /home/airflow/.local/lib/python3.12/site-packages/airflow/example_dags/example_python_decorator.py
[2024-05-20T00:52:12.729+0000] {processor.py:830} INFO - Processing file /home/airflow/.local/lib/python3.12/site-packages/airflow/example_dags/example_python_decorator.py for tasks to queue
[2024-05-20T00:52:12.731+0000] {logging_mixin.py:188} INFO - [2024-05-20T00:52:12.731+0000] {dagbag.py:545} INFO - Filling up the DagBag from /home/airflow/.local/lib/python3.12/site-packages/airflow/example_dags/example_python_decorator.py
[2024-05-20T00:52:12.771+0000] {processor.py:840} INFO - DAG(s) 'example_python_decorator' retrieved from /home/airflow/.local/lib/python3.12/site-packages/airflow/example_dags/example_python_decorator.py
[2024-05-20T00:52:12.810+0000] {logging_mixin.py:188} INFO - [2024-05-20T00:52:12.810+0000] {dag.py:3096} INFO - Sync 1 DAGs
[2024-05-20T00:52:12.834+0000] {logging_mixin.py:188} INFO - [2024-05-20T00:52:12.834+0000] {dag.py:3954} INFO - Setting next_dagrun for example_python_decorator to None, run_after=None
[2024-05-20T00:52:12.876+0000] {processor.py:183} INFO - Processing /home/airflow/.local/lib/python3.12/site-packages/airflow/example_dags/example_python_decorator.py took 0.155 seconds
[2024-05-20T00:52:43.221+0000] {processor.py:161} INFO - Started process (PID=536) to work on /home/airflow/.local/lib/python3.12/site-packages/airflow/example_dags/example_python_decorator.py
[2024-05-20T00:52:43.223+0000] {processor.py:830} INFO - Processing file /home/airflow/.local/lib/python3.12/site-packages/airflow/example_dags/example_python_decorator.py for tasks to queue
[2024-05-20T00:52:43.242+0000] {logging_mixin.py:188} INFO - [2024-05-20T00:52:43.240+0000] {dagbag.py:545} INFO - Filling up the DagBag from /home/airflow/.local/lib/python3.12/site-packages/airflow/example_dags/example_python_decorator.py
[2024-05-20T00:52:43.276+0000] {processor.py:840} INFO - DAG(s) 'example_python_decorator' retrieved from /home/airflow/.local/lib/python3.12/site-packages/airflow/example_dags/example_python_decorator.py
[2024-05-20T00:52:43.340+0000] {logging_mixin.py:188} INFO - [2024-05-20T00:52:43.340+0000] {dag.py:3096} INFO - Sync 1 DAGs
[2024-05-20T00:52:43.377+0000] {logging_mixin.py:188} INFO - [2024-05-20T00:52:43.376+0000] {dag.py:3954} INFO - Setting next_dagrun for example_python_decorator to None, run_after=None
[2024-05-20T00:52:43.430+0000] {processor.py:183} INFO - Processing /home/airflow/.local/lib/python3.12/site-packages/airflow/example_dags/example_python_decorator.py took 0.219 seconds
[2024-05-20T00:53:50.713+0000] {processor.py:161} INFO - Started process (PID=613) to work on /home/airflow/.local/lib/python3.12/site-packages/airflow/example_dags/example_python_decorator.py
[2024-05-20T00:53:50.715+0000] {processor.py:830} INFO - Processing file /home/airflow/.local/lib/python3.12/site-packages/airflow/example_dags/example_python_decorator.py for tasks to queue
[2024-05-20T00:53:50.719+0000] {logging_mixin.py:188} INFO - [2024-05-20T00:53:50.719+0000] {dagbag.py:545} INFO - Filling up the DagBag from /home/airflow/.local/lib/python3.12/site-packages/airflow/example_dags/example_python_decorator.py
[2024-05-20T00:53:50.741+0000] {processor.py:840} INFO - DAG(s) 'example_python_decorator' retrieved from /home/airflow/.local/lib/python3.12/site-packages/airflow/example_dags/example_python_decorator.py
[2024-05-20T00:53:50.777+0000] {logging_mixin.py:188} INFO - [2024-05-20T00:53:50.776+0000] {dag.py:3096} INFO - Sync 1 DAGs
[2024-05-20T00:53:50.797+0000] {logging_mixin.py:188} INFO - [2024-05-20T00:53:50.796+0000] {dag.py:3954} INFO - Setting next_dagrun for example_python_decorator to None, run_after=None
[2024-05-20T00:53:50.825+0000] {processor.py:183} INFO - Processing /home/airflow/.local/lib/python3.12/site-packages/airflow/example_dags/example_python_decorator.py took 0.124 seconds
[2024-05-20T00:54:21.086+0000] {processor.py:161} INFO - Started process (PID=672) to work on /home/airflow/.local/lib/python3.12/site-packages/airflow/example_dags/example_python_decorator.py
[2024-05-20T00:54:21.089+0000] {processor.py:830} INFO - Processing file /home/airflow/.local/lib/python3.12/site-packages/airflow/example_dags/example_python_decorator.py for tasks to queue
[2024-05-20T00:54:21.093+0000] {logging_mixin.py:188} INFO - [2024-05-20T00:54:21.092+0000] {dagbag.py:545} INFO - Filling up the DagBag from /home/airflow/.local/lib/python3.12/site-packages/airflow/example_dags/example_python_decorator.py
[2024-05-20T00:54:21.107+0000] {processor.py:840} INFO - DAG(s) 'example_python_decorator' retrieved from /home/airflow/.local/lib/python3.12/site-packages/airflow/example_dags/example_python_decorator.py
[2024-05-20T00:54:21.155+0000] {logging_mixin.py:188} INFO - [2024-05-20T00:54:21.155+0000] {dag.py:3096} INFO - Sync 1 DAGs
[2024-05-20T00:54:21.174+0000] {logging_mixin.py:188} INFO - [2024-05-20T00:54:21.174+0000] {dag.py:3954} INFO - Setting next_dagrun for example_python_decorator to None, run_after=None
[2024-05-20T00:54:21.195+0000] {processor.py:183} INFO - Processing /home/airflow/.local/lib/python3.12/site-packages/airflow/example_dags/example_python_decorator.py took 0.120 seconds
[2024-05-20T00:54:51.327+0000] {processor.py:161} INFO - Started process (PID=732) to work on /home/airflow/.local/lib/python3.12/site-packages/airflow/example_dags/example_python_decorator.py
[2024-05-20T00:54:51.328+0000] {processor.py:830} INFO - Processing file /home/airflow/.local/lib/python3.12/site-packages/airflow/example_dags/example_python_decorator.py for tasks to queue
[2024-05-20T00:54:51.330+0000] {logging_mixin.py:188} INFO - [2024-05-20T00:54:51.330+0000] {dagbag.py:545} INFO - Filling up the DagBag from /home/airflow/.local/lib/python3.12/site-packages/airflow/example_dags/example_python_decorator.py
[2024-05-20T00:54:51.341+0000] {processor.py:840} INFO - DAG(s) 'example_python_decorator' retrieved from /home/airflow/.local/lib/python3.12/site-packages/airflow/example_dags/example_python_decorator.py
[2024-05-20T00:54:51.359+0000] {logging_mixin.py:188} INFO - [2024-05-20T00:54:51.359+0000] {dag.py:3096} INFO - Sync 1 DAGs
[2024-05-20T00:54:51.370+0000] {logging_mixin.py:188} INFO - [2024-05-20T00:54:51.369+0000] {dag.py:3954} INFO - Setting next_dagrun for example_python_decorator to None, run_after=None
[2024-05-20T00:54:51.388+0000] {processor.py:183} INFO - Processing /home/airflow/.local/lib/python3.12/site-packages/airflow/example_dags/example_python_decorator.py took 0.065 seconds
[2024-05-20T00:55:42.652+0000] {processor.py:161} INFO - Started process (PID=791) to work on /home/airflow/.local/lib/python3.12/site-packages/airflow/example_dags/example_python_decorator.py
[2024-05-20T00:55:42.656+0000] {processor.py:830} INFO - Processing file /home/airflow/.local/lib/python3.12/site-packages/airflow/example_dags/example_python_decorator.py for tasks to queue
[2024-05-20T00:55:42.661+0000] {logging_mixin.py:188} INFO - [2024-05-20T00:55:42.660+0000] {dagbag.py:545} INFO - Filling up the DagBag from /home/airflow/.local/lib/python3.12/site-packages/airflow/example_dags/example_python_decorator.py
[2024-05-20T00:55:42.691+0000] {processor.py:840} INFO - DAG(s) 'example_python_decorator' retrieved from /home/airflow/.local/lib/python3.12/site-packages/airflow/example_dags/example_python_decorator.py
[2024-05-20T00:55:42.732+0000] {logging_mixin.py:188} INFO - [2024-05-20T00:55:42.731+0000] {dag.py:3096} INFO - Sync 1 DAGs
[2024-05-20T00:55:42.771+0000] {logging_mixin.py:188} INFO - [2024-05-20T00:55:42.771+0000] {dag.py:3954} INFO - Setting next_dagrun for example_python_decorator to None, run_after=None
[2024-05-20T00:55:42.829+0000] {processor.py:183} INFO - Processing /home/airflow/.local/lib/python3.12/site-packages/airflow/example_dags/example_python_decorator.py took 0.207 seconds
[2024-05-20T00:56:14.504+0000] {processor.py:161} INFO - Started process (PID=847) to work on /home/airflow/.local/lib/python3.12/site-packages/airflow/example_dags/example_python_decorator.py
[2024-05-20T00:56:14.506+0000] {processor.py:830} INFO - Processing file /home/airflow/.local/lib/python3.12/site-packages/airflow/example_dags/example_python_decorator.py for tasks to queue
[2024-05-20T00:56:14.511+0000] {logging_mixin.py:188} INFO - [2024-05-20T00:56:14.510+0000] {dagbag.py:545} INFO - Filling up the DagBag from /home/airflow/.local/lib/python3.12/site-packages/airflow/example_dags/example_python_decorator.py
[2024-05-20T00:56:14.536+0000] {processor.py:840} INFO - DAG(s) 'example_python_decorator' retrieved from /home/airflow/.local/lib/python3.12/site-packages/airflow/example_dags/example_python_decorator.py
[2024-05-20T00:56:14.590+0000] {logging_mixin.py:188} INFO - [2024-05-20T00:56:14.589+0000] {dag.py:3096} INFO - Sync 1 DAGs
[2024-05-20T00:56:14.608+0000] {logging_mixin.py:188} INFO - [2024-05-20T00:56:14.608+0000] {dag.py:3954} INFO - Setting next_dagrun for example_python_decorator to None, run_after=None
[2024-05-20T00:56:14.637+0000] {processor.py:183} INFO - Processing /home/airflow/.local/lib/python3.12/site-packages/airflow/example_dags/example_python_decorator.py took 0.140 seconds
[2024-05-20T00:56:45.452+0000] {processor.py:161} INFO - Started process (PID=907) to work on /home/airflow/.local/lib/python3.12/site-packages/airflow/example_dags/example_python_decorator.py
[2024-05-20T00:56:45.455+0000] {processor.py:830} INFO - Processing file /home/airflow/.local/lib/python3.12/site-packages/airflow/example_dags/example_python_decorator.py for tasks to queue
[2024-05-20T00:56:45.458+0000] {logging_mixin.py:188} INFO - [2024-05-20T00:56:45.457+0000] {dagbag.py:545} INFO - Filling up the DagBag from /home/airflow/.local/lib/python3.12/site-packages/airflow/example_dags/example_python_decorator.py
[2024-05-20T00:56:45.477+0000] {processor.py:840} INFO - DAG(s) 'example_python_decorator' retrieved from /home/airflow/.local/lib/python3.12/site-packages/airflow/example_dags/example_python_decorator.py
[2024-05-20T00:56:45.505+0000] {logging_mixin.py:188} INFO - [2024-05-20T00:56:45.505+0000] {dag.py:3096} INFO - Sync 1 DAGs
[2024-05-20T00:56:45.521+0000] {logging_mixin.py:188} INFO - [2024-05-20T00:56:45.521+0000] {dag.py:3954} INFO - Setting next_dagrun for example_python_decorator to None, run_after=None
[2024-05-20T00:56:45.545+0000] {processor.py:183} INFO - Processing /home/airflow/.local/lib/python3.12/site-packages/airflow/example_dags/example_python_decorator.py took 0.101 seconds
[2024-05-20T00:57:47.716+0000] {processor.py:161} INFO - Started process (PID=963) to work on /home/airflow/.local/lib/python3.12/site-packages/airflow/example_dags/example_python_decorator.py
[2024-05-20T00:57:47.720+0000] {processor.py:830} INFO - Processing file /home/airflow/.local/lib/python3.12/site-packages/airflow/example_dags/example_python_decorator.py for tasks to queue
[2024-05-20T00:57:47.727+0000] {logging_mixin.py:188} INFO - [2024-05-20T00:57:47.725+0000] {dagbag.py:545} INFO - Filling up the DagBag from /home/airflow/.local/lib/python3.12/site-packages/airflow/example_dags/example_python_decorator.py
[2024-05-20T00:57:47.802+0000] {processor.py:840} INFO - DAG(s) 'example_python_decorator' retrieved from /home/airflow/.local/lib/python3.12/site-packages/airflow/example_dags/example_python_decorator.py
[2024-05-20T00:57:47.913+0000] {logging_mixin.py:188} INFO - [2024-05-20T00:57:47.913+0000] {dag.py:3096} INFO - Sync 1 DAGs
[2024-05-20T00:57:47.954+0000] {logging_mixin.py:188} INFO - [2024-05-20T00:57:47.953+0000] {dag.py:3954} INFO - Setting next_dagrun for example_python_decorator to None, run_after=None
[2024-05-20T00:57:48.022+0000] {processor.py:183} INFO - Processing /home/airflow/.local/lib/python3.12/site-packages/airflow/example_dags/example_python_decorator.py took 0.342 seconds
[2024-05-20T00:58:18.251+0000] {processor.py:161} INFO - Started process (PID=1023) to work on /home/airflow/.local/lib/python3.12/site-packages/airflow/example_dags/example_python_decorator.py
[2024-05-20T00:58:18.257+0000] {processor.py:830} INFO - Processing file /home/airflow/.local/lib/python3.12/site-packages/airflow/example_dags/example_python_decorator.py for tasks to queue
[2024-05-20T00:58:18.268+0000] {logging_mixin.py:188} INFO - [2024-05-20T00:58:18.268+0000] {dagbag.py:545} INFO - Filling up the DagBag from /home/airflow/.local/lib/python3.12/site-packages/airflow/example_dags/example_python_decorator.py
[2024-05-20T00:58:18.298+0000] {processor.py:840} INFO - DAG(s) 'example_python_decorator' retrieved from /home/airflow/.local/lib/python3.12/site-packages/airflow/example_dags/example_python_decorator.py
[2024-05-20T00:58:18.362+0000] {logging_mixin.py:188} INFO - [2024-05-20T00:58:18.362+0000] {dag.py:3096} INFO - Sync 1 DAGs
[2024-05-20T00:58:18.389+0000] {logging_mixin.py:188} INFO - [2024-05-20T00:58:18.389+0000] {dag.py:3954} INFO - Setting next_dagrun for example_python_decorator to None, run_after=None
[2024-05-20T00:58:18.421+0000] {processor.py:183} INFO - Processing /home/airflow/.local/lib/python3.12/site-packages/airflow/example_dags/example_python_decorator.py took 0.189 seconds
[2024-05-20T00:58:48.867+0000] {processor.py:161} INFO - Started process (PID=1082) to work on /home/airflow/.local/lib/python3.12/site-packages/airflow/example_dags/example_python_decorator.py
[2024-05-20T00:58:48.873+0000] {processor.py:830} INFO - Processing file /home/airflow/.local/lib/python3.12/site-packages/airflow/example_dags/example_python_decorator.py for tasks to queue
[2024-05-20T00:58:48.877+0000] {logging_mixin.py:188} INFO - [2024-05-20T00:58:48.876+0000] {dagbag.py:545} INFO - Filling up the DagBag from /home/airflow/.local/lib/python3.12/site-packages/airflow/example_dags/example_python_decorator.py
[2024-05-20T00:58:48.912+0000] {processor.py:840} INFO - DAG(s) 'example_python_decorator' retrieved from /home/airflow/.local/lib/python3.12/site-packages/airflow/example_dags/example_python_decorator.py
[2024-05-20T00:58:48.950+0000] {logging_mixin.py:188} INFO - [2024-05-20T00:58:48.950+0000] {dag.py:3096} INFO - Sync 1 DAGs
[2024-05-20T00:58:48.968+0000] {logging_mixin.py:188} INFO - [2024-05-20T00:58:48.968+0000] {dag.py:3954} INFO - Setting next_dagrun for example_python_decorator to None, run_after=None
[2024-05-20T00:58:48.995+0000] {processor.py:183} INFO - Processing /home/airflow/.local/lib/python3.12/site-packages/airflow/example_dags/example_python_decorator.py took 0.144 seconds
[2024-05-20T00:59:20.105+0000] {processor.py:161} INFO - Started process (PID=1141) to work on /home/airflow/.local/lib/python3.12/site-packages/airflow/example_dags/example_python_decorator.py
[2024-05-20T00:59:20.108+0000] {processor.py:830} INFO - Processing file /home/airflow/.local/lib/python3.12/site-packages/airflow/example_dags/example_python_decorator.py for tasks to queue
[2024-05-20T00:59:20.111+0000] {logging_mixin.py:188} INFO - [2024-05-20T00:59:20.110+0000] {dagbag.py:545} INFO - Filling up the DagBag from /home/airflow/.local/lib/python3.12/site-packages/airflow/example_dags/example_python_decorator.py
[2024-05-20T00:59:20.127+0000] {processor.py:840} INFO - DAG(s) 'example_python_decorator' retrieved from /home/airflow/.local/lib/python3.12/site-packages/airflow/example_dags/example_python_decorator.py
[2024-05-20T00:59:20.150+0000] {logging_mixin.py:188} INFO - [2024-05-20T00:59:20.150+0000] {dag.py:3096} INFO - Sync 1 DAGs
[2024-05-20T00:59:20.162+0000] {logging_mixin.py:188} INFO - [2024-05-20T00:59:20.161+0000] {dag.py:3954} INFO - Setting next_dagrun for example_python_decorator to None, run_after=None
[2024-05-20T00:59:20.182+0000] {processor.py:183} INFO - Processing /home/airflow/.local/lib/python3.12/site-packages/airflow/example_dags/example_python_decorator.py took 0.084 seconds
[2024-05-20T00:59:55.719+0000] {processor.py:161} INFO - Started process (PID=1201) to work on /home/airflow/.local/lib/python3.12/site-packages/airflow/example_dags/example_python_decorator.py
[2024-05-20T00:59:55.729+0000] {processor.py:830} INFO - Processing file /home/airflow/.local/lib/python3.12/site-packages/airflow/example_dags/example_python_decorator.py for tasks to queue
[2024-05-20T00:59:55.737+0000] {logging_mixin.py:188} INFO - [2024-05-20T00:59:55.736+0000] {dagbag.py:545} INFO - Filling up the DagBag from /home/airflow/.local/lib/python3.12/site-packages/airflow/example_dags/example_python_decorator.py
[2024-05-20T00:59:55.800+0000] {processor.py:840} INFO - DAG(s) 'example_python_decorator' retrieved from /home/airflow/.local/lib/python3.12/site-packages/airflow/example_dags/example_python_decorator.py
[2024-05-20T00:59:55.874+0000] {logging_mixin.py:188} INFO - [2024-05-20T00:59:55.873+0000] {dag.py:3096} INFO - Sync 1 DAGs
[2024-05-20T00:59:55.892+0000] {logging_mixin.py:188} INFO - [2024-05-20T00:59:55.892+0000] {dag.py:3954} INFO - Setting next_dagrun for example_python_decorator to None, run_after=None
[2024-05-20T00:59:55.937+0000] {processor.py:183} INFO - Processing /home/airflow/.local/lib/python3.12/site-packages/airflow/example_dags/example_python_decorator.py took 0.233 seconds
[2024-05-20T01:00:26.435+0000] {processor.py:161} INFO - Started process (PID=1261) to work on /home/airflow/.local/lib/python3.12/site-packages/airflow/example_dags/example_python_decorator.py
[2024-05-20T01:00:26.437+0000] {processor.py:830} INFO - Processing file /home/airflow/.local/lib/python3.12/site-packages/airflow/example_dags/example_python_decorator.py for tasks to queue
[2024-05-20T01:00:26.440+0000] {logging_mixin.py:188} INFO - [2024-05-20T01:00:26.439+0000] {dagbag.py:545} INFO - Filling up the DagBag from /home/airflow/.local/lib/python3.12/site-packages/airflow/example_dags/example_python_decorator.py
[2024-05-20T01:00:26.459+0000] {processor.py:840} INFO - DAG(s) 'example_python_decorator' retrieved from /home/airflow/.local/lib/python3.12/site-packages/airflow/example_dags/example_python_decorator.py
[2024-05-20T01:00:26.487+0000] {logging_mixin.py:188} INFO - [2024-05-20T01:00:26.487+0000] {dag.py:3096} INFO - Sync 1 DAGs
[2024-05-20T01:00:26.502+0000] {logging_mixin.py:188} INFO - [2024-05-20T01:00:26.502+0000] {dag.py:3954} INFO - Setting next_dagrun for example_python_decorator to None, run_after=None
[2024-05-20T01:00:26.525+0000] {processor.py:183} INFO - Processing /home/airflow/.local/lib/python3.12/site-packages/airflow/example_dags/example_python_decorator.py took 0.098 seconds
[2024-05-20T01:01:00.243+0000] {processor.py:161} INFO - Started process (PID=1320) to work on /home/airflow/.local/lib/python3.12/site-packages/airflow/example_dags/example_python_decorator.py
[2024-05-20T01:01:00.246+0000] {processor.py:830} INFO - Processing file /home/airflow/.local/lib/python3.12/site-packages/airflow/example_dags/example_python_decorator.py for tasks to queue
[2024-05-20T01:01:00.253+0000] {logging_mixin.py:188} INFO - [2024-05-20T01:01:00.252+0000] {dagbag.py:545} INFO - Filling up the DagBag from /home/airflow/.local/lib/python3.12/site-packages/airflow/example_dags/example_python_decorator.py
[2024-05-20T01:01:00.305+0000] {processor.py:840} INFO - DAG(s) 'example_python_decorator' retrieved from /home/airflow/.local/lib/python3.12/site-packages/airflow/example_dags/example_python_decorator.py
[2024-05-20T01:01:00.375+0000] {logging_mixin.py:188} INFO - [2024-05-20T01:01:00.374+0000] {dag.py:3096} INFO - Sync 1 DAGs
[2024-05-20T01:01:00.409+0000] {logging_mixin.py:188} INFO - [2024-05-20T01:01:00.409+0000] {dag.py:3954} INFO - Setting next_dagrun for example_python_decorator to None, run_after=None
[2024-05-20T01:01:00.467+0000] {processor.py:183} INFO - Processing /home/airflow/.local/lib/python3.12/site-packages/airflow/example_dags/example_python_decorator.py took 0.251 seconds
[2024-05-20T01:01:30.757+0000] {processor.py:161} INFO - Started process (PID=1380) to work on /home/airflow/.local/lib/python3.12/site-packages/airflow/example_dags/example_python_decorator.py
[2024-05-20T01:01:30.759+0000] {processor.py:830} INFO - Processing file /home/airflow/.local/lib/python3.12/site-packages/airflow/example_dags/example_python_decorator.py for tasks to queue
[2024-05-20T01:01:30.762+0000] {logging_mixin.py:188} INFO - [2024-05-20T01:01:30.761+0000] {dagbag.py:545} INFO - Filling up the DagBag from /home/airflow/.local/lib/python3.12/site-packages/airflow/example_dags/example_python_decorator.py
[2024-05-20T01:01:30.779+0000] {processor.py:840} INFO - DAG(s) 'example_python_decorator' retrieved from /home/airflow/.local/lib/python3.12/site-packages/airflow/example_dags/example_python_decorator.py
[2024-05-20T01:01:30.815+0000] {logging_mixin.py:188} INFO - [2024-05-20T01:01:30.814+0000] {dag.py:3096} INFO - Sync 1 DAGs
[2024-05-20T01:01:30.826+0000] {logging_mixin.py:188} INFO - [2024-05-20T01:01:30.826+0000] {dag.py:3954} INFO - Setting next_dagrun for example_python_decorator to None, run_after=None
[2024-05-20T01:01:30.844+0000] {processor.py:183} INFO - Processing /home/airflow/.local/lib/python3.12/site-packages/airflow/example_dags/example_python_decorator.py took 0.102 seconds
[2024-05-20T01:02:00.944+0000] {processor.py:161} INFO - Started process (PID=1440) to work on /home/airflow/.local/lib/python3.12/site-packages/airflow/example_dags/example_python_decorator.py
[2024-05-20T01:02:00.945+0000] {processor.py:830} INFO - Processing file /home/airflow/.local/lib/python3.12/site-packages/airflow/example_dags/example_python_decorator.py for tasks to queue
[2024-05-20T01:02:00.947+0000] {logging_mixin.py:188} INFO - [2024-05-20T01:02:00.947+0000] {dagbag.py:545} INFO - Filling up the DagBag from /home/airflow/.local/lib/python3.12/site-packages/airflow/example_dags/example_python_decorator.py
[2024-05-20T01:02:00.967+0000] {processor.py:840} INFO - DAG(s) 'example_python_decorator' retrieved from /home/airflow/.local/lib/python3.12/site-packages/airflow/example_dags/example_python_decorator.py
[2024-05-20T01:02:00.989+0000] {logging_mixin.py:188} INFO - [2024-05-20T01:02:00.989+0000] {dag.py:3096} INFO - Sync 1 DAGs
[2024-05-20T01:02:01.010+0000] {logging_mixin.py:188} INFO - [2024-05-20T01:02:01.010+0000] {dag.py:3954} INFO - Setting next_dagrun for example_python_decorator to None, run_after=None
[2024-05-20T01:02:01.028+0000] {processor.py:183} INFO - Processing /home/airflow/.local/lib/python3.12/site-packages/airflow/example_dags/example_python_decorator.py took 0.092 seconds
[2024-05-20T01:02:32.921+0000] {processor.py:161} INFO - Started process (PID=1500) to work on /home/airflow/.local/lib/python3.12/site-packages/airflow/example_dags/example_python_decorator.py
[2024-05-20T01:02:32.926+0000] {processor.py:830} INFO - Processing file /home/airflow/.local/lib/python3.12/site-packages/airflow/example_dags/example_python_decorator.py for tasks to queue
[2024-05-20T01:02:32.931+0000] {logging_mixin.py:188} INFO - [2024-05-20T01:02:32.930+0000] {dagbag.py:545} INFO - Filling up the DagBag from /home/airflow/.local/lib/python3.12/site-packages/airflow/example_dags/example_python_decorator.py
[2024-05-20T01:02:32.983+0000] {processor.py:840} INFO - DAG(s) 'example_python_decorator' retrieved from /home/airflow/.local/lib/python3.12/site-packages/airflow/example_dags/example_python_decorator.py
[2024-05-20T01:02:33.070+0000] {logging_mixin.py:188} INFO - [2024-05-20T01:02:33.069+0000] {dag.py:3096} INFO - Sync 1 DAGs
[2024-05-20T01:02:33.137+0000] {logging_mixin.py:188} INFO - [2024-05-20T01:02:33.136+0000] {dag.py:3954} INFO - Setting next_dagrun for example_python_decorator to None, run_after=None
[2024-05-20T01:02:33.177+0000] {processor.py:183} INFO - Processing /home/airflow/.local/lib/python3.12/site-packages/airflow/example_dags/example_python_decorator.py took 0.287 seconds
[2024-05-20T01:03:24.851+0000] {processor.py:161} INFO - Started process (PID=1560) to work on /home/airflow/.local/lib/python3.12/site-packages/airflow/example_dags/example_python_decorator.py
[2024-05-20T01:03:24.855+0000] {processor.py:830} INFO - Processing file /home/airflow/.local/lib/python3.12/site-packages/airflow/example_dags/example_python_decorator.py for tasks to queue
[2024-05-20T01:03:24.861+0000] {logging_mixin.py:188} INFO - [2024-05-20T01:03:24.860+0000] {dagbag.py:545} INFO - Filling up the DagBag from /home/airflow/.local/lib/python3.12/site-packages/airflow/example_dags/example_python_decorator.py
[2024-05-20T01:03:24.928+0000] {processor.py:840} INFO - DAG(s) 'example_python_decorator' retrieved from /home/airflow/.local/lib/python3.12/site-packages/airflow/example_dags/example_python_decorator.py
[2024-05-20T01:03:25.010+0000] {logging_mixin.py:188} INFO - [2024-05-20T01:03:25.009+0000] {dag.py:3096} INFO - Sync 1 DAGs
[2024-05-20T01:03:25.117+0000] {logging_mixin.py:188} INFO - [2024-05-20T01:03:25.116+0000] {dag.py:3954} INFO - Setting next_dagrun for example_python_decorator to None, run_after=None
[2024-05-20T01:03:25.178+0000] {processor.py:183} INFO - Processing /home/airflow/.local/lib/python3.12/site-packages/airflow/example_dags/example_python_decorator.py took 0.349 seconds
