[2024-05-20T00:48:35.767+0000] {processor.py:161} INFO - Started process (PID=62) to work on /home/airflow/.local/lib/python3.12/site-packages/airflow/example_dags/example_setup_teardown.py
[2024-05-20T00:48:35.784+0000] {processor.py:830} INFO - Processing file /home/airflow/.local/lib/python3.12/site-packages/airflow/example_dags/example_setup_teardown.py for tasks to queue
[2024-05-20T00:48:35.841+0000] {logging_mixin.py:188} INFO - [2024-05-20T00:48:35.833+0000] {dagbag.py:545} INFO - Filling up the DagBag from /home/airflow/.local/lib/python3.12/site-packages/airflow/example_dags/example_setup_teardown.py
[2024-05-20T00:48:35.913+0000] {processor.py:840} INFO - DAG(s) 'example_setup_teardown' retrieved from /home/airflow/.local/lib/python3.12/site-packages/airflow/example_dags/example_setup_teardown.py
[2024-05-20T00:48:37.594+0000] {logging_mixin.py:188} INFO - [2024-05-20T00:48:37.593+0000] {dag.py:3096} INFO - Sync 1 DAGs
[2024-05-20T00:48:37.672+0000] {logging_mixin.py:188} INFO - [2024-05-20T00:48:37.671+0000] {dag.py:3954} INFO - Setting next_dagrun for example_setup_teardown to 2024-05-19 00:00:00+00:00, run_after=2024-05-20 00:00:00+00:00
[2024-05-20T00:48:37.780+0000] {processor.py:183} INFO - Processing /home/airflow/.local/lib/python3.12/site-packages/airflow/example_dags/example_setup_teardown.py took 2.049 seconds
[2024-05-20T00:49:10.031+0000] {processor.py:161} INFO - Started process (PID=122) to work on /home/airflow/.local/lib/python3.12/site-packages/airflow/example_dags/example_setup_teardown.py
[2024-05-20T00:49:10.063+0000] {processor.py:830} INFO - Processing file /home/airflow/.local/lib/python3.12/site-packages/airflow/example_dags/example_setup_teardown.py for tasks to queue
[2024-05-20T00:49:10.100+0000] {logging_mixin.py:188} INFO - [2024-05-20T00:49:10.088+0000] {dagbag.py:545} INFO - Filling up the DagBag from /home/airflow/.local/lib/python3.12/site-packages/airflow/example_dags/example_setup_teardown.py
[2024-05-20T00:49:10.200+0000] {processor.py:840} INFO - DAG(s) 'example_setup_teardown' retrieved from /home/airflow/.local/lib/python3.12/site-packages/airflow/example_dags/example_setup_teardown.py
[2024-05-20T00:49:10.406+0000] {logging_mixin.py:188} INFO - [2024-05-20T00:49:10.405+0000] {dag.py:3096} INFO - Sync 1 DAGs
[2024-05-20T00:49:10.497+0000] {logging_mixin.py:188} INFO - [2024-05-20T00:49:10.497+0000] {dag.py:3954} INFO - Setting next_dagrun for example_setup_teardown to 2024-05-19 00:00:00+00:00, run_after=2024-05-20 00:00:00+00:00
[2024-05-20T00:49:10.534+0000] {processor.py:183} INFO - Processing /home/airflow/.local/lib/python3.12/site-packages/airflow/example_dags/example_setup_teardown.py took 0.642 seconds
[2024-05-20T00:49:40.627+0000] {processor.py:161} INFO - Started process (PID=181) to work on /home/airflow/.local/lib/python3.12/site-packages/airflow/example_dags/example_setup_teardown.py
[2024-05-20T00:49:40.628+0000] {processor.py:830} INFO - Processing file /home/airflow/.local/lib/python3.12/site-packages/airflow/example_dags/example_setup_teardown.py for tasks to queue
[2024-05-20T00:49:40.630+0000] {logging_mixin.py:188} INFO - [2024-05-20T00:49:40.630+0000] {dagbag.py:545} INFO - Filling up the DagBag from /home/airflow/.local/lib/python3.12/site-packages/airflow/example_dags/example_setup_teardown.py
[2024-05-20T00:49:40.638+0000] {processor.py:840} INFO - DAG(s) 'example_setup_teardown' retrieved from /home/airflow/.local/lib/python3.12/site-packages/airflow/example_dags/example_setup_teardown.py
[2024-05-20T00:49:40.663+0000] {logging_mixin.py:188} INFO - [2024-05-20T00:49:40.662+0000] {dag.py:3096} INFO - Sync 1 DAGs
[2024-05-20T00:49:40.693+0000] {logging_mixin.py:188} INFO - [2024-05-20T00:49:40.693+0000] {dag.py:3954} INFO - Setting next_dagrun for example_setup_teardown to 2024-05-19 00:00:00+00:00, run_after=2024-05-20 00:00:00+00:00
[2024-05-20T00:49:40.713+0000] {processor.py:183} INFO - Processing /home/airflow/.local/lib/python3.12/site-packages/airflow/example_dags/example_setup_teardown.py took 0.092 seconds
[2024-05-20T00:50:11.570+0000] {processor.py:161} INFO - Started process (PID=240) to work on /home/airflow/.local/lib/python3.12/site-packages/airflow/example_dags/example_setup_teardown.py
[2024-05-20T00:50:11.574+0000] {processor.py:830} INFO - Processing file /home/airflow/.local/lib/python3.12/site-packages/airflow/example_dags/example_setup_teardown.py for tasks to queue
[2024-05-20T00:50:11.581+0000] {logging_mixin.py:188} INFO - [2024-05-20T00:50:11.580+0000] {dagbag.py:545} INFO - Filling up the DagBag from /home/airflow/.local/lib/python3.12/site-packages/airflow/example_dags/example_setup_teardown.py
[2024-05-20T00:50:11.619+0000] {processor.py:840} INFO - DAG(s) 'example_setup_teardown' retrieved from /home/airflow/.local/lib/python3.12/site-packages/airflow/example_dags/example_setup_teardown.py
[2024-05-20T00:50:11.672+0000] {logging_mixin.py:188} INFO - [2024-05-20T00:50:11.671+0000] {dag.py:3096} INFO - Sync 1 DAGs
[2024-05-20T00:50:11.746+0000] {logging_mixin.py:188} INFO - [2024-05-20T00:50:11.745+0000] {dag.py:3954} INFO - Setting next_dagrun for example_setup_teardown to 2024-05-19 00:00:00+00:00, run_after=2024-05-20 00:00:00+00:00
[2024-05-20T00:50:11.846+0000] {processor.py:183} INFO - Processing /home/airflow/.local/lib/python3.12/site-packages/airflow/example_dags/example_setup_teardown.py took 0.294 seconds
[2024-05-20T00:50:42.710+0000] {processor.py:161} INFO - Started process (PID=300) to work on /home/airflow/.local/lib/python3.12/site-packages/airflow/example_dags/example_setup_teardown.py
[2024-05-20T00:50:42.730+0000] {processor.py:830} INFO - Processing file /home/airflow/.local/lib/python3.12/site-packages/airflow/example_dags/example_setup_teardown.py for tasks to queue
[2024-05-20T00:50:42.784+0000] {logging_mixin.py:188} INFO - [2024-05-20T00:50:42.782+0000] {dagbag.py:545} INFO - Filling up the DagBag from /home/airflow/.local/lib/python3.12/site-packages/airflow/example_dags/example_setup_teardown.py
[2024-05-20T00:50:43.000+0000] {processor.py:840} INFO - DAG(s) 'example_setup_teardown' retrieved from /home/airflow/.local/lib/python3.12/site-packages/airflow/example_dags/example_setup_teardown.py
[2024-05-20T00:50:43.203+0000] {logging_mixin.py:188} INFO - [2024-05-20T00:50:43.203+0000] {dag.py:3096} INFO - Sync 1 DAGs
[2024-05-20T00:50:43.326+0000] {logging_mixin.py:188} INFO - [2024-05-20T00:50:43.325+0000] {dag.py:3954} INFO - Setting next_dagrun for example_setup_teardown to 2024-05-19 00:00:00+00:00, run_after=2024-05-20 00:00:00+00:00
[2024-05-20T00:50:43.427+0000] {processor.py:183} INFO - Processing /home/airflow/.local/lib/python3.12/site-packages/airflow/example_dags/example_setup_teardown.py took 0.804 seconds
[2024-05-20T00:51:14.385+0000] {processor.py:161} INFO - Started process (PID=357) to work on /home/airflow/.local/lib/python3.12/site-packages/airflow/example_dags/example_setup_teardown.py
[2024-05-20T00:51:14.389+0000] {processor.py:830} INFO - Processing file /home/airflow/.local/lib/python3.12/site-packages/airflow/example_dags/example_setup_teardown.py for tasks to queue
[2024-05-20T00:51:14.395+0000] {logging_mixin.py:188} INFO - [2024-05-20T00:51:14.393+0000] {dagbag.py:545} INFO - Filling up the DagBag from /home/airflow/.local/lib/python3.12/site-packages/airflow/example_dags/example_setup_teardown.py
[2024-05-20T00:51:14.418+0000] {processor.py:840} INFO - DAG(s) 'example_setup_teardown' retrieved from /home/airflow/.local/lib/python3.12/site-packages/airflow/example_dags/example_setup_teardown.py
[2024-05-20T00:51:14.564+0000] {logging_mixin.py:188} INFO - [2024-05-20T00:51:14.560+0000] {dag.py:3096} INFO - Sync 1 DAGs
[2024-05-20T00:51:14.680+0000] {logging_mixin.py:188} INFO - [2024-05-20T00:51:14.676+0000] {dag.py:3954} INFO - Setting next_dagrun for example_setup_teardown to 2024-05-19 00:00:00+00:00, run_after=2024-05-20 00:00:00+00:00
[2024-05-20T00:51:14.776+0000] {processor.py:183} INFO - Processing /home/airflow/.local/lib/python3.12/site-packages/airflow/example_dags/example_setup_teardown.py took 0.440 seconds
[2024-05-20T00:51:45.600+0000] {processor.py:161} INFO - Started process (PID=417) to work on /home/airflow/.local/lib/python3.12/site-packages/airflow/example_dags/example_setup_teardown.py
[2024-05-20T00:51:45.605+0000] {processor.py:830} INFO - Processing file /home/airflow/.local/lib/python3.12/site-packages/airflow/example_dags/example_setup_teardown.py for tasks to queue
[2024-05-20T00:51:45.613+0000] {logging_mixin.py:188} INFO - [2024-05-20T00:51:45.612+0000] {dagbag.py:545} INFO - Filling up the DagBag from /home/airflow/.local/lib/python3.12/site-packages/airflow/example_dags/example_setup_teardown.py
[2024-05-20T00:51:45.664+0000] {processor.py:840} INFO - DAG(s) 'example_setup_teardown' retrieved from /home/airflow/.local/lib/python3.12/site-packages/airflow/example_dags/example_setup_teardown.py
[2024-05-20T00:51:45.788+0000] {logging_mixin.py:188} INFO - [2024-05-20T00:51:45.788+0000] {dag.py:3096} INFO - Sync 1 DAGs
[2024-05-20T00:51:45.865+0000] {logging_mixin.py:188} INFO - [2024-05-20T00:51:45.865+0000] {dag.py:3954} INFO - Setting next_dagrun for example_setup_teardown to 2024-05-19 00:00:00+00:00, run_after=2024-05-20 00:00:00+00:00
[2024-05-20T00:51:45.900+0000] {processor.py:183} INFO - Processing /home/airflow/.local/lib/python3.12/site-packages/airflow/example_dags/example_setup_teardown.py took 0.317 seconds
[2024-05-20T00:52:16.870+0000] {processor.py:161} INFO - Started process (PID=477) to work on /home/airflow/.local/lib/python3.12/site-packages/airflow/example_dags/example_setup_teardown.py
[2024-05-20T00:52:16.879+0000] {processor.py:830} INFO - Processing file /home/airflow/.local/lib/python3.12/site-packages/airflow/example_dags/example_setup_teardown.py for tasks to queue
[2024-05-20T00:52:16.894+0000] {logging_mixin.py:188} INFO - [2024-05-20T00:52:16.893+0000] {dagbag.py:545} INFO - Filling up the DagBag from /home/airflow/.local/lib/python3.12/site-packages/airflow/example_dags/example_setup_teardown.py
[2024-05-20T00:52:16.922+0000] {processor.py:840} INFO - DAG(s) 'example_setup_teardown' retrieved from /home/airflow/.local/lib/python3.12/site-packages/airflow/example_dags/example_setup_teardown.py
[2024-05-20T00:52:17.036+0000] {logging_mixin.py:188} INFO - [2024-05-20T00:52:17.035+0000] {dag.py:3096} INFO - Sync 1 DAGs
[2024-05-20T00:52:17.087+0000] {logging_mixin.py:188} INFO - [2024-05-20T00:52:17.087+0000] {dag.py:3954} INFO - Setting next_dagrun for example_setup_teardown to 2024-05-19 00:00:00+00:00, run_after=2024-05-20 00:00:00+00:00
[2024-05-20T00:52:17.117+0000] {processor.py:183} INFO - Processing /home/airflow/.local/lib/python3.12/site-packages/airflow/example_dags/example_setup_teardown.py took 0.263 seconds
[2024-05-20T00:52:47.435+0000] {processor.py:161} INFO - Started process (PID=537) to work on /home/airflow/.local/lib/python3.12/site-packages/airflow/example_dags/example_setup_teardown.py
[2024-05-20T00:52:47.454+0000] {processor.py:830} INFO - Processing file /home/airflow/.local/lib/python3.12/site-packages/airflow/example_dags/example_setup_teardown.py for tasks to queue
[2024-05-20T00:52:47.470+0000] {logging_mixin.py:188} INFO - [2024-05-20T00:52:47.466+0000] {dagbag.py:545} INFO - Filling up the DagBag from /home/airflow/.local/lib/python3.12/site-packages/airflow/example_dags/example_setup_teardown.py
[2024-05-20T00:52:47.519+0000] {processor.py:840} INFO - DAG(s) 'example_setup_teardown' retrieved from /home/airflow/.local/lib/python3.12/site-packages/airflow/example_dags/example_setup_teardown.py
[2024-05-20T00:52:47.624+0000] {logging_mixin.py:188} INFO - [2024-05-20T00:52:47.623+0000] {dag.py:3096} INFO - Sync 1 DAGs
[2024-05-20T00:52:47.714+0000] {logging_mixin.py:188} INFO - [2024-05-20T00:52:47.713+0000] {dag.py:3954} INFO - Setting next_dagrun for example_setup_teardown to 2024-05-19 00:00:00+00:00, run_after=2024-05-20 00:00:00+00:00
[2024-05-20T00:52:47.789+0000] {processor.py:183} INFO - Processing /home/airflow/.local/lib/python3.12/site-packages/airflow/example_dags/example_setup_teardown.py took 0.397 seconds
[2024-05-20T00:53:50.769+0000] {processor.py:161} INFO - Started process (PID=614) to work on /home/airflow/.local/lib/python3.12/site-packages/airflow/example_dags/example_setup_teardown.py
[2024-05-20T00:53:50.770+0000] {processor.py:830} INFO - Processing file /home/airflow/.local/lib/python3.12/site-packages/airflow/example_dags/example_setup_teardown.py for tasks to queue
[2024-05-20T00:53:50.773+0000] {logging_mixin.py:188} INFO - [2024-05-20T00:53:50.772+0000] {dagbag.py:545} INFO - Filling up the DagBag from /home/airflow/.local/lib/python3.12/site-packages/airflow/example_dags/example_setup_teardown.py
[2024-05-20T00:53:50.782+0000] {processor.py:840} INFO - DAG(s) 'example_setup_teardown' retrieved from /home/airflow/.local/lib/python3.12/site-packages/airflow/example_dags/example_setup_teardown.py
[2024-05-20T00:53:50.813+0000] {logging_mixin.py:188} INFO - [2024-05-20T00:53:50.813+0000] {dag.py:3096} INFO - Sync 1 DAGs
[2024-05-20T00:53:50.861+0000] {logging_mixin.py:188} INFO - [2024-05-20T00:53:50.860+0000] {dag.py:3954} INFO - Setting next_dagrun for example_setup_teardown to 2024-05-19 00:00:00+00:00, run_after=2024-05-20 00:00:00+00:00
[2024-05-20T00:53:50.894+0000] {processor.py:183} INFO - Processing /home/airflow/.local/lib/python3.12/site-packages/airflow/example_dags/example_setup_teardown.py took 0.133 seconds
[2024-05-20T00:54:21.206+0000] {processor.py:161} INFO - Started process (PID=673) to work on /home/airflow/.local/lib/python3.12/site-packages/airflow/example_dags/example_setup_teardown.py
[2024-05-20T00:54:21.207+0000] {processor.py:830} INFO - Processing file /home/airflow/.local/lib/python3.12/site-packages/airflow/example_dags/example_setup_teardown.py for tasks to queue
[2024-05-20T00:54:21.210+0000] {logging_mixin.py:188} INFO - [2024-05-20T00:54:21.209+0000] {dagbag.py:545} INFO - Filling up the DagBag from /home/airflow/.local/lib/python3.12/site-packages/airflow/example_dags/example_setup_teardown.py
[2024-05-20T00:54:21.216+0000] {processor.py:840} INFO - DAG(s) 'example_setup_teardown' retrieved from /home/airflow/.local/lib/python3.12/site-packages/airflow/example_dags/example_setup_teardown.py
[2024-05-20T00:54:21.233+0000] {logging_mixin.py:188} INFO - [2024-05-20T00:54:21.233+0000] {dag.py:3096} INFO - Sync 1 DAGs
[2024-05-20T00:54:21.250+0000] {logging_mixin.py:188} INFO - [2024-05-20T00:54:21.249+0000] {dag.py:3954} INFO - Setting next_dagrun for example_setup_teardown to 2024-05-19 00:00:00+00:00, run_after=2024-05-20 00:00:00+00:00
[2024-05-20T00:54:21.266+0000] {processor.py:183} INFO - Processing /home/airflow/.local/lib/python3.12/site-packages/airflow/example_dags/example_setup_teardown.py took 0.065 seconds
[2024-05-20T00:54:51.387+0000] {processor.py:161} INFO - Started process (PID=733) to work on /home/airflow/.local/lib/python3.12/site-packages/airflow/example_dags/example_setup_teardown.py
[2024-05-20T00:54:51.392+0000] {processor.py:830} INFO - Processing file /home/airflow/.local/lib/python3.12/site-packages/airflow/example_dags/example_setup_teardown.py for tasks to queue
[2024-05-20T00:54:51.393+0000] {logging_mixin.py:188} INFO - [2024-05-20T00:54:51.393+0000] {dagbag.py:545} INFO - Filling up the DagBag from /home/airflow/.local/lib/python3.12/site-packages/airflow/example_dags/example_setup_teardown.py
[2024-05-20T00:54:51.399+0000] {processor.py:840} INFO - DAG(s) 'example_setup_teardown' retrieved from /home/airflow/.local/lib/python3.12/site-packages/airflow/example_dags/example_setup_teardown.py
[2024-05-20T00:54:51.417+0000] {logging_mixin.py:188} INFO - [2024-05-20T00:54:51.417+0000] {dag.py:3096} INFO - Sync 1 DAGs
[2024-05-20T00:54:51.434+0000] {logging_mixin.py:188} INFO - [2024-05-20T00:54:51.434+0000] {dag.py:3954} INFO - Setting next_dagrun for example_setup_teardown to 2024-05-19 00:00:00+00:00, run_after=2024-05-20 00:00:00+00:00
[2024-05-20T00:54:51.452+0000] {processor.py:183} INFO - Processing /home/airflow/.local/lib/python3.12/site-packages/airflow/example_dags/example_setup_teardown.py took 0.069 seconds
[2024-05-20T00:55:42.863+0000] {processor.py:161} INFO - Started process (PID=792) to work on /home/airflow/.local/lib/python3.12/site-packages/airflow/example_dags/example_setup_teardown.py
[2024-05-20T00:55:42.866+0000] {processor.py:830} INFO - Processing file /home/airflow/.local/lib/python3.12/site-packages/airflow/example_dags/example_setup_teardown.py for tasks to queue
[2024-05-20T00:55:42.870+0000] {logging_mixin.py:188} INFO - [2024-05-20T00:55:42.868+0000] {dagbag.py:545} INFO - Filling up the DagBag from /home/airflow/.local/lib/python3.12/site-packages/airflow/example_dags/example_setup_teardown.py
[2024-05-20T00:55:42.880+0000] {processor.py:840} INFO - DAG(s) 'example_setup_teardown' retrieved from /home/airflow/.local/lib/python3.12/site-packages/airflow/example_dags/example_setup_teardown.py
[2024-05-20T00:55:42.915+0000] {logging_mixin.py:188} INFO - [2024-05-20T00:55:42.914+0000] {dag.py:3096} INFO - Sync 1 DAGs
[2024-05-20T00:55:42.956+0000] {logging_mixin.py:188} INFO - [2024-05-20T00:55:42.956+0000] {dag.py:3954} INFO - Setting next_dagrun for example_setup_teardown to 2024-05-19 00:00:00+00:00, run_after=2024-05-20 00:00:00+00:00
[2024-05-20T00:55:42.984+0000] {processor.py:183} INFO - Processing /home/airflow/.local/lib/python3.12/site-packages/airflow/example_dags/example_setup_teardown.py took 0.129 seconds
[2024-05-20T00:56:14.668+0000] {processor.py:161} INFO - Started process (PID=848) to work on /home/airflow/.local/lib/python3.12/site-packages/airflow/example_dags/example_setup_teardown.py
[2024-05-20T00:56:14.671+0000] {processor.py:830} INFO - Processing file /home/airflow/.local/lib/python3.12/site-packages/airflow/example_dags/example_setup_teardown.py for tasks to queue
[2024-05-20T00:56:14.675+0000] {logging_mixin.py:188} INFO - [2024-05-20T00:56:14.674+0000] {dagbag.py:545} INFO - Filling up the DagBag from /home/airflow/.local/lib/python3.12/site-packages/airflow/example_dags/example_setup_teardown.py
[2024-05-20T00:56:14.689+0000] {processor.py:840} INFO - DAG(s) 'example_setup_teardown' retrieved from /home/airflow/.local/lib/python3.12/site-packages/airflow/example_dags/example_setup_teardown.py
[2024-05-20T00:56:14.732+0000] {logging_mixin.py:188} INFO - [2024-05-20T00:56:14.731+0000] {dag.py:3096} INFO - Sync 1 DAGs
[2024-05-20T00:56:14.766+0000] {logging_mixin.py:188} INFO - [2024-05-20T00:56:14.766+0000] {dag.py:3954} INFO - Setting next_dagrun for example_setup_teardown to 2024-05-19 00:00:00+00:00, run_after=2024-05-20 00:00:00+00:00
[2024-05-20T00:56:14.796+0000] {processor.py:183} INFO - Processing /home/airflow/.local/lib/python3.12/site-packages/airflow/example_dags/example_setup_teardown.py took 0.136 seconds
[2024-05-20T00:56:45.546+0000] {processor.py:161} INFO - Started process (PID=908) to work on /home/airflow/.local/lib/python3.12/site-packages/airflow/example_dags/example_setup_teardown.py
[2024-05-20T00:56:45.548+0000] {processor.py:830} INFO - Processing file /home/airflow/.local/lib/python3.12/site-packages/airflow/example_dags/example_setup_teardown.py for tasks to queue
[2024-05-20T00:56:45.550+0000] {logging_mixin.py:188} INFO - [2024-05-20T00:56:45.550+0000] {dagbag.py:545} INFO - Filling up the DagBag from /home/airflow/.local/lib/python3.12/site-packages/airflow/example_dags/example_setup_teardown.py
[2024-05-20T00:56:45.557+0000] {processor.py:840} INFO - DAG(s) 'example_setup_teardown' retrieved from /home/airflow/.local/lib/python3.12/site-packages/airflow/example_dags/example_setup_teardown.py
[2024-05-20T00:56:45.578+0000] {logging_mixin.py:188} INFO - [2024-05-20T00:56:45.577+0000] {dag.py:3096} INFO - Sync 1 DAGs
[2024-05-20T00:56:45.596+0000] {logging_mixin.py:188} INFO - [2024-05-20T00:56:45.596+0000] {dag.py:3954} INFO - Setting next_dagrun for example_setup_teardown to 2024-05-19 00:00:00+00:00, run_after=2024-05-20 00:00:00+00:00
[2024-05-20T00:56:45.621+0000] {processor.py:183} INFO - Processing /home/airflow/.local/lib/python3.12/site-packages/airflow/example_dags/example_setup_teardown.py took 0.080 seconds
[2024-05-20T00:57:47.980+0000] {processor.py:161} INFO - Started process (PID=964) to work on /home/airflow/.local/lib/python3.12/site-packages/airflow/example_dags/example_setup_teardown.py
[2024-05-20T00:57:47.984+0000] {processor.py:830} INFO - Processing file /home/airflow/.local/lib/python3.12/site-packages/airflow/example_dags/example_setup_teardown.py for tasks to queue
[2024-05-20T00:57:47.990+0000] {logging_mixin.py:188} INFO - [2024-05-20T00:57:47.990+0000] {dagbag.py:545} INFO - Filling up the DagBag from /home/airflow/.local/lib/python3.12/site-packages/airflow/example_dags/example_setup_teardown.py
[2024-05-20T00:57:48.040+0000] {processor.py:840} INFO - DAG(s) 'example_setup_teardown' retrieved from /home/airflow/.local/lib/python3.12/site-packages/airflow/example_dags/example_setup_teardown.py
[2024-05-20T00:57:48.116+0000] {logging_mixin.py:188} INFO - [2024-05-20T00:57:48.116+0000] {dag.py:3096} INFO - Sync 1 DAGs
[2024-05-20T00:57:48.303+0000] {logging_mixin.py:188} INFO - [2024-05-20T00:57:48.302+0000] {dag.py:3954} INFO - Setting next_dagrun for example_setup_teardown to 2024-05-19 00:00:00+00:00, run_after=2024-05-20 00:00:00+00:00
[2024-05-20T00:57:48.453+0000] {processor.py:183} INFO - Processing /home/airflow/.local/lib/python3.12/site-packages/airflow/example_dags/example_setup_teardown.py took 0.491 seconds
[2024-05-20T00:58:19.535+0000] {processor.py:161} INFO - Started process (PID=1024) to work on /home/airflow/.local/lib/python3.12/site-packages/airflow/example_dags/example_setup_teardown.py
[2024-05-20T00:58:19.540+0000] {processor.py:830} INFO - Processing file /home/airflow/.local/lib/python3.12/site-packages/airflow/example_dags/example_setup_teardown.py for tasks to queue
[2024-05-20T00:58:19.554+0000] {logging_mixin.py:188} INFO - [2024-05-20T00:58:19.552+0000] {dagbag.py:545} INFO - Filling up the DagBag from /home/airflow/.local/lib/python3.12/site-packages/airflow/example_dags/example_setup_teardown.py
[2024-05-20T00:58:19.591+0000] {processor.py:840} INFO - DAG(s) 'example_setup_teardown' retrieved from /home/airflow/.local/lib/python3.12/site-packages/airflow/example_dags/example_setup_teardown.py
[2024-05-20T00:58:19.675+0000] {logging_mixin.py:188} INFO - [2024-05-20T00:58:19.674+0000] {dag.py:3096} INFO - Sync 1 DAGs
[2024-05-20T00:58:19.762+0000] {logging_mixin.py:188} INFO - [2024-05-20T00:58:19.762+0000] {dag.py:3954} INFO - Setting next_dagrun for example_setup_teardown to 2024-05-19 00:00:00+00:00, run_after=2024-05-20 00:00:00+00:00
[2024-05-20T00:58:19.806+0000] {processor.py:183} INFO - Processing /home/airflow/.local/lib/python3.12/site-packages/airflow/example_dags/example_setup_teardown.py took 0.316 seconds
[2024-05-20T00:58:49.874+0000] {processor.py:161} INFO - Started process (PID=1083) to work on /home/airflow/.local/lib/python3.12/site-packages/airflow/example_dags/example_setup_teardown.py
[2024-05-20T00:58:49.881+0000] {processor.py:830} INFO - Processing file /home/airflow/.local/lib/python3.12/site-packages/airflow/example_dags/example_setup_teardown.py for tasks to queue
[2024-05-20T00:58:49.895+0000] {logging_mixin.py:188} INFO - [2024-05-20T00:58:49.892+0000] {dagbag.py:545} INFO - Filling up the DagBag from /home/airflow/.local/lib/python3.12/site-packages/airflow/example_dags/example_setup_teardown.py
[2024-05-20T00:58:49.911+0000] {processor.py:840} INFO - DAG(s) 'example_setup_teardown' retrieved from /home/airflow/.local/lib/python3.12/site-packages/airflow/example_dags/example_setup_teardown.py
[2024-05-20T00:58:49.947+0000] {logging_mixin.py:188} INFO - [2024-05-20T00:58:49.946+0000] {dag.py:3096} INFO - Sync 1 DAGs
[2024-05-20T00:58:49.973+0000] {logging_mixin.py:188} INFO - [2024-05-20T00:58:49.973+0000] {dag.py:3954} INFO - Setting next_dagrun for example_setup_teardown to 2024-05-19 00:00:00+00:00, run_after=2024-05-20 00:00:00+00:00
[2024-05-20T00:58:50.004+0000] {processor.py:183} INFO - Processing /home/airflow/.local/lib/python3.12/site-packages/airflow/example_dags/example_setup_teardown.py took 0.141 seconds
[2024-05-20T00:59:20.232+0000] {processor.py:161} INFO - Started process (PID=1142) to work on /home/airflow/.local/lib/python3.12/site-packages/airflow/example_dags/example_setup_teardown.py
[2024-05-20T00:59:20.233+0000] {processor.py:830} INFO - Processing file /home/airflow/.local/lib/python3.12/site-packages/airflow/example_dags/example_setup_teardown.py for tasks to queue
[2024-05-20T00:59:20.235+0000] {logging_mixin.py:188} INFO - [2024-05-20T00:59:20.235+0000] {dagbag.py:545} INFO - Filling up the DagBag from /home/airflow/.local/lib/python3.12/site-packages/airflow/example_dags/example_setup_teardown.py
[2024-05-20T00:59:20.246+0000] {processor.py:840} INFO - DAG(s) 'example_setup_teardown' retrieved from /home/airflow/.local/lib/python3.12/site-packages/airflow/example_dags/example_setup_teardown.py
[2024-05-20T00:59:20.271+0000] {logging_mixin.py:188} INFO - [2024-05-20T00:59:20.271+0000] {dag.py:3096} INFO - Sync 1 DAGs
[2024-05-20T00:59:20.289+0000] {logging_mixin.py:188} INFO - [2024-05-20T00:59:20.289+0000] {dag.py:3954} INFO - Setting next_dagrun for example_setup_teardown to 2024-05-19 00:00:00+00:00, run_after=2024-05-20 00:00:00+00:00
[2024-05-20T00:59:20.317+0000] {processor.py:183} INFO - Processing /home/airflow/.local/lib/python3.12/site-packages/airflow/example_dags/example_setup_teardown.py took 0.093 seconds
[2024-05-20T00:59:56.040+0000] {processor.py:161} INFO - Started process (PID=1202) to work on /home/airflow/.local/lib/python3.12/site-packages/airflow/example_dags/example_setup_teardown.py
[2024-05-20T00:59:56.045+0000] {processor.py:830} INFO - Processing file /home/airflow/.local/lib/python3.12/site-packages/airflow/example_dags/example_setup_teardown.py for tasks to queue
[2024-05-20T00:59:56.048+0000] {logging_mixin.py:188} INFO - [2024-05-20T00:59:56.047+0000] {dagbag.py:545} INFO - Filling up the DagBag from /home/airflow/.local/lib/python3.12/site-packages/airflow/example_dags/example_setup_teardown.py
[2024-05-20T00:59:56.058+0000] {processor.py:840} INFO - DAG(s) 'example_setup_teardown' retrieved from /home/airflow/.local/lib/python3.12/site-packages/airflow/example_dags/example_setup_teardown.py
[2024-05-20T00:59:56.086+0000] {logging_mixin.py:188} INFO - [2024-05-20T00:59:56.086+0000] {dag.py:3096} INFO - Sync 1 DAGs
[2024-05-20T00:59:56.313+0000] {logging_mixin.py:188} INFO - [2024-05-20T00:59:56.307+0000] {dag.py:3954} INFO - Setting next_dagrun for example_setup_teardown to 2024-05-19 00:00:00+00:00, run_after=2024-05-20 00:00:00+00:00
[2024-05-20T00:59:56.541+0000] {processor.py:183} INFO - Processing /home/airflow/.local/lib/python3.12/site-packages/airflow/example_dags/example_setup_teardown.py took 0.522 seconds
[2024-05-20T01:00:27.587+0000] {processor.py:161} INFO - Started process (PID=1262) to work on /home/airflow/.local/lib/python3.12/site-packages/airflow/example_dags/example_setup_teardown.py
[2024-05-20T01:00:27.594+0000] {processor.py:830} INFO - Processing file /home/airflow/.local/lib/python3.12/site-packages/airflow/example_dags/example_setup_teardown.py for tasks to queue
[2024-05-20T01:00:27.603+0000] {logging_mixin.py:188} INFO - [2024-05-20T01:00:27.602+0000] {dagbag.py:545} INFO - Filling up the DagBag from /home/airflow/.local/lib/python3.12/site-packages/airflow/example_dags/example_setup_teardown.py
[2024-05-20T01:00:27.627+0000] {processor.py:840} INFO - DAG(s) 'example_setup_teardown' retrieved from /home/airflow/.local/lib/python3.12/site-packages/airflow/example_dags/example_setup_teardown.py
[2024-05-20T01:00:27.675+0000] {logging_mixin.py:188} INFO - [2024-05-20T01:00:27.675+0000] {dag.py:3096} INFO - Sync 1 DAGs
[2024-05-20T01:00:27.738+0000] {logging_mixin.py:188} INFO - [2024-05-20T01:00:27.738+0000] {dag.py:3954} INFO - Setting next_dagrun for example_setup_teardown to 2024-05-19 00:00:00+00:00, run_after=2024-05-20 00:00:00+00:00
[2024-05-20T01:00:27.775+0000] {processor.py:183} INFO - Processing /home/airflow/.local/lib/python3.12/site-packages/airflow/example_dags/example_setup_teardown.py took 0.202 seconds
[2024-05-20T01:01:02.714+0000] {processor.py:161} INFO - Started process (PID=1328) to work on /home/airflow/.local/lib/python3.12/site-packages/airflow/example_dags/example_setup_teardown.py
[2024-05-20T01:01:02.729+0000] {processor.py:830} INFO - Processing file /home/airflow/.local/lib/python3.12/site-packages/airflow/example_dags/example_setup_teardown.py for tasks to queue
[2024-05-20T01:01:02.758+0000] {logging_mixin.py:188} INFO - [2024-05-20T01:01:02.757+0000] {dagbag.py:545} INFO - Filling up the DagBag from /home/airflow/.local/lib/python3.12/site-packages/airflow/example_dags/example_setup_teardown.py
[2024-05-20T01:01:02.784+0000] {processor.py:840} INFO - DAG(s) 'example_setup_teardown' retrieved from /home/airflow/.local/lib/python3.12/site-packages/airflow/example_dags/example_setup_teardown.py
[2024-05-20T01:01:02.915+0000] {logging_mixin.py:188} INFO - [2024-05-20T01:01:02.914+0000] {dag.py:3096} INFO - Sync 1 DAGs
[2024-05-20T01:01:02.987+0000] {logging_mixin.py:188} INFO - [2024-05-20T01:01:02.987+0000] {dag.py:3954} INFO - Setting next_dagrun for example_setup_teardown to 2024-05-19 00:00:00+00:00, run_after=2024-05-20 00:00:00+00:00
[2024-05-20T01:01:03.030+0000] {processor.py:183} INFO - Processing /home/airflow/.local/lib/python3.12/site-packages/airflow/example_dags/example_setup_teardown.py took 0.388 seconds
[2024-05-20T01:01:33.244+0000] {processor.py:161} INFO - Started process (PID=1386) to work on /home/airflow/.local/lib/python3.12/site-packages/airflow/example_dags/example_setup_teardown.py
[2024-05-20T01:01:33.247+0000] {processor.py:830} INFO - Processing file /home/airflow/.local/lib/python3.12/site-packages/airflow/example_dags/example_setup_teardown.py for tasks to queue
[2024-05-20T01:01:33.251+0000] {logging_mixin.py:188} INFO - [2024-05-20T01:01:33.250+0000] {dagbag.py:545} INFO - Filling up the DagBag from /home/airflow/.local/lib/python3.12/site-packages/airflow/example_dags/example_setup_teardown.py
[2024-05-20T01:01:33.262+0000] {processor.py:840} INFO - DAG(s) 'example_setup_teardown' retrieved from /home/airflow/.local/lib/python3.12/site-packages/airflow/example_dags/example_setup_teardown.py
[2024-05-20T01:01:33.319+0000] {logging_mixin.py:188} INFO - [2024-05-20T01:01:33.319+0000] {dag.py:3096} INFO - Sync 1 DAGs
[2024-05-20T01:01:33.351+0000] {logging_mixin.py:188} INFO - [2024-05-20T01:01:33.351+0000] {dag.py:3954} INFO - Setting next_dagrun for example_setup_teardown to 2024-05-19 00:00:00+00:00, run_after=2024-05-20 00:00:00+00:00
[2024-05-20T01:01:33.411+0000] {processor.py:183} INFO - Processing /home/airflow/.local/lib/python3.12/site-packages/airflow/example_dags/example_setup_teardown.py took 0.194 seconds
[2024-05-20T01:02:03.577+0000] {processor.py:161} INFO - Started process (PID=1445) to work on /home/airflow/.local/lib/python3.12/site-packages/airflow/example_dags/example_setup_teardown.py
[2024-05-20T01:02:03.580+0000] {processor.py:830} INFO - Processing file /home/airflow/.local/lib/python3.12/site-packages/airflow/example_dags/example_setup_teardown.py for tasks to queue
[2024-05-20T01:02:03.584+0000] {logging_mixin.py:188} INFO - [2024-05-20T01:02:03.583+0000] {dagbag.py:545} INFO - Filling up the DagBag from /home/airflow/.local/lib/python3.12/site-packages/airflow/example_dags/example_setup_teardown.py
[2024-05-20T01:02:03.600+0000] {processor.py:840} INFO - DAG(s) 'example_setup_teardown' retrieved from /home/airflow/.local/lib/python3.12/site-packages/airflow/example_dags/example_setup_teardown.py
[2024-05-20T01:02:03.652+0000] {logging_mixin.py:188} INFO - [2024-05-20T01:02:03.651+0000] {dag.py:3096} INFO - Sync 1 DAGs
[2024-05-20T01:02:03.684+0000] {logging_mixin.py:188} INFO - [2024-05-20T01:02:03.684+0000] {dag.py:3954} INFO - Setting next_dagrun for example_setup_teardown to 2024-05-19 00:00:00+00:00, run_after=2024-05-20 00:00:00+00:00
[2024-05-20T01:02:03.706+0000] {processor.py:183} INFO - Processing /home/airflow/.local/lib/python3.12/site-packages/airflow/example_dags/example_setup_teardown.py took 0.141 seconds
[2024-05-20T01:02:34.580+0000] {processor.py:161} INFO - Started process (PID=1505) to work on /home/airflow/.local/lib/python3.12/site-packages/airflow/example_dags/example_setup_teardown.py
[2024-05-20T01:02:34.582+0000] {processor.py:830} INFO - Processing file /home/airflow/.local/lib/python3.12/site-packages/airflow/example_dags/example_setup_teardown.py for tasks to queue
[2024-05-20T01:02:34.589+0000] {logging_mixin.py:188} INFO - [2024-05-20T01:02:34.588+0000] {dagbag.py:545} INFO - Filling up the DagBag from /home/airflow/.local/lib/python3.12/site-packages/airflow/example_dags/example_setup_teardown.py
[2024-05-20T01:02:34.609+0000] {processor.py:840} INFO - DAG(s) 'example_setup_teardown' retrieved from /home/airflow/.local/lib/python3.12/site-packages/airflow/example_dags/example_setup_teardown.py
[2024-05-20T01:02:34.671+0000] {logging_mixin.py:188} INFO - [2024-05-20T01:02:34.671+0000] {dag.py:3096} INFO - Sync 1 DAGs
[2024-05-20T01:02:34.723+0000] {logging_mixin.py:188} INFO - [2024-05-20T01:02:34.723+0000] {dag.py:3954} INFO - Setting next_dagrun for example_setup_teardown to 2024-05-19 00:00:00+00:00, run_after=2024-05-20 00:00:00+00:00
[2024-05-20T01:02:34.751+0000] {processor.py:183} INFO - Processing /home/airflow/.local/lib/python3.12/site-packages/airflow/example_dags/example_setup_teardown.py took 0.193 seconds
[2024-05-20T01:03:25.298+0000] {processor.py:161} INFO - Started process (PID=1561) to work on /home/airflow/.local/lib/python3.12/site-packages/airflow/example_dags/example_setup_teardown.py
[2024-05-20T01:03:25.303+0000] {processor.py:830} INFO - Processing file /home/airflow/.local/lib/python3.12/site-packages/airflow/example_dags/example_setup_teardown.py for tasks to queue
[2024-05-20T01:03:25.326+0000] {logging_mixin.py:188} INFO - [2024-05-20T01:03:25.315+0000] {dagbag.py:545} INFO - Filling up the DagBag from /home/airflow/.local/lib/python3.12/site-packages/airflow/example_dags/example_setup_teardown.py
[2024-05-20T01:03:25.413+0000] {processor.py:840} INFO - DAG(s) 'example_setup_teardown' retrieved from /home/airflow/.local/lib/python3.12/site-packages/airflow/example_dags/example_setup_teardown.py
[2024-05-20T01:03:25.686+0000] {logging_mixin.py:188} INFO - [2024-05-20T01:03:25.679+0000] {dag.py:3096} INFO - Sync 1 DAGs
[2024-05-20T01:03:25.919+0000] {logging_mixin.py:188} INFO - [2024-05-20T01:03:25.917+0000] {dag.py:3954} INFO - Setting next_dagrun for example_setup_teardown to 2024-05-19 00:00:00+00:00, run_after=2024-05-20 00:00:00+00:00
[2024-05-20T01:03:26.122+0000] {processor.py:183} INFO - Processing /home/airflow/.local/lib/python3.12/site-packages/airflow/example_dags/example_setup_teardown.py took 0.854 seconds
