[2024-05-20T00:48:27.409+0000] {processor.py:161} INFO - Started process (PID=53) to work on /home/airflow/.local/lib/python3.12/site-packages/airflow/example_dags/example_branch_labels.py
[2024-05-20T00:48:27.412+0000] {processor.py:830} INFO - Processing file /home/airflow/.local/lib/python3.12/site-packages/airflow/example_dags/example_branch_labels.py for tasks to queue
[2024-05-20T00:48:27.420+0000] {logging_mixin.py:188} INFO - [2024-05-20T00:48:27.418+0000] {dagbag.py:545} INFO - Filling up the DagBag from /home/airflow/.local/lib/python3.12/site-packages/airflow/example_dags/example_branch_labels.py
[2024-05-20T00:48:27.504+0000] {processor.py:840} INFO - DAG(s) 'example_branch_labels' retrieved from /home/airflow/.local/lib/python3.12/site-packages/airflow/example_dags/example_branch_labels.py
[2024-05-20T00:48:28.282+0000] {logging_mixin.py:188} INFO - [2024-05-20T00:48:28.275+0000] {dag.py:3096} INFO - Sync 1 DAGs
[2024-05-20T00:48:28.679+0000] {logging_mixin.py:188} INFO - [2024-05-20T00:48:28.678+0000] {dag.py:3954} INFO - Setting next_dagrun for example_branch_labels to 2024-05-19 00:00:00+00:00, run_after=2024-05-20 00:00:00+00:00
[2024-05-20T00:48:28.777+0000] {processor.py:183} INFO - Processing /home/airflow/.local/lib/python3.12/site-packages/airflow/example_dags/example_branch_labels.py took 1.415 seconds
[2024-05-20T00:48:59.043+0000] {processor.py:161} INFO - Started process (PID=113) to work on /home/airflow/.local/lib/python3.12/site-packages/airflow/example_dags/example_branch_labels.py
[2024-05-20T00:48:59.048+0000] {processor.py:830} INFO - Processing file /home/airflow/.local/lib/python3.12/site-packages/airflow/example_dags/example_branch_labels.py for tasks to queue
[2024-05-20T00:48:59.064+0000] {logging_mixin.py:188} INFO - [2024-05-20T00:48:59.061+0000] {dagbag.py:545} INFO - Filling up the DagBag from /home/airflow/.local/lib/python3.12/site-packages/airflow/example_dags/example_branch_labels.py
[2024-05-20T00:48:59.104+0000] {processor.py:840} INFO - DAG(s) 'example_branch_labels' retrieved from /home/airflow/.local/lib/python3.12/site-packages/airflow/example_dags/example_branch_labels.py
[2024-05-20T00:48:59.173+0000] {logging_mixin.py:188} INFO - [2024-05-20T00:48:59.173+0000] {dag.py:3096} INFO - Sync 1 DAGs
[2024-05-20T00:48:59.210+0000] {logging_mixin.py:188} INFO - [2024-05-20T00:48:59.210+0000] {dag.py:3954} INFO - Setting next_dagrun for example_branch_labels to 2024-05-19 00:00:00+00:00, run_after=2024-05-20 00:00:00+00:00
[2024-05-20T00:48:59.238+0000] {processor.py:183} INFO - Processing /home/airflow/.local/lib/python3.12/site-packages/airflow/example_dags/example_branch_labels.py took 0.227 seconds
[2024-05-20T00:49:29.336+0000] {processor.py:161} INFO - Started process (PID=170) to work on /home/airflow/.local/lib/python3.12/site-packages/airflow/example_dags/example_branch_labels.py
[2024-05-20T00:49:29.338+0000] {processor.py:830} INFO - Processing file /home/airflow/.local/lib/python3.12/site-packages/airflow/example_dags/example_branch_labels.py for tasks to queue
[2024-05-20T00:49:29.341+0000] {logging_mixin.py:188} INFO - [2024-05-20T00:49:29.340+0000] {dagbag.py:545} INFO - Filling up the DagBag from /home/airflow/.local/lib/python3.12/site-packages/airflow/example_dags/example_branch_labels.py
[2024-05-20T00:49:29.353+0000] {processor.py:840} INFO - DAG(s) 'example_branch_labels' retrieved from /home/airflow/.local/lib/python3.12/site-packages/airflow/example_dags/example_branch_labels.py
[2024-05-20T00:49:29.385+0000] {logging_mixin.py:188} INFO - [2024-05-20T00:49:29.385+0000] {dag.py:3096} INFO - Sync 1 DAGs
[2024-05-20T00:49:29.446+0000] {logging_mixin.py:188} INFO - [2024-05-20T00:49:29.445+0000] {dag.py:3954} INFO - Setting next_dagrun for example_branch_labels to 2024-05-19 00:00:00+00:00, run_after=2024-05-20 00:00:00+00:00
[2024-05-20T00:49:29.515+0000] {processor.py:183} INFO - Processing /home/airflow/.local/lib/python3.12/site-packages/airflow/example_dags/example_branch_labels.py took 0.195 seconds
[2024-05-20T00:50:00.497+0000] {processor.py:161} INFO - Started process (PID=229) to work on /home/airflow/.local/lib/python3.12/site-packages/airflow/example_dags/example_branch_labels.py
[2024-05-20T00:50:00.508+0000] {processor.py:830} INFO - Processing file /home/airflow/.local/lib/python3.12/site-packages/airflow/example_dags/example_branch_labels.py for tasks to queue
[2024-05-20T00:50:00.520+0000] {logging_mixin.py:188} INFO - [2024-05-20T00:50:00.519+0000] {dagbag.py:545} INFO - Filling up the DagBag from /home/airflow/.local/lib/python3.12/site-packages/airflow/example_dags/example_branch_labels.py
[2024-05-20T00:50:00.566+0000] {processor.py:840} INFO - DAG(s) 'example_branch_labels' retrieved from /home/airflow/.local/lib/python3.12/site-packages/airflow/example_dags/example_branch_labels.py
[2024-05-20T00:50:00.636+0000] {logging_mixin.py:188} INFO - [2024-05-20T00:50:00.635+0000] {dag.py:3096} INFO - Sync 1 DAGs
[2024-05-20T00:50:00.727+0000] {logging_mixin.py:188} INFO - [2024-05-20T00:50:00.727+0000] {dag.py:3954} INFO - Setting next_dagrun for example_branch_labels to 2024-05-19 00:00:00+00:00, run_after=2024-05-20 00:00:00+00:00
[2024-05-20T00:50:00.790+0000] {processor.py:183} INFO - Processing /home/airflow/.local/lib/python3.12/site-packages/airflow/example_dags/example_branch_labels.py took 0.304 seconds
[2024-05-20T00:50:32.192+0000] {processor.py:161} INFO - Started process (PID=289) to work on /home/airflow/.local/lib/python3.12/site-packages/airflow/example_dags/example_branch_labels.py
[2024-05-20T00:50:32.196+0000] {processor.py:830} INFO - Processing file /home/airflow/.local/lib/python3.12/site-packages/airflow/example_dags/example_branch_labels.py for tasks to queue
[2024-05-20T00:50:32.200+0000] {logging_mixin.py:188} INFO - [2024-05-20T00:50:32.200+0000] {dagbag.py:545} INFO - Filling up the DagBag from /home/airflow/.local/lib/python3.12/site-packages/airflow/example_dags/example_branch_labels.py
[2024-05-20T00:50:32.214+0000] {processor.py:840} INFO - DAG(s) 'example_branch_labels' retrieved from /home/airflow/.local/lib/python3.12/site-packages/airflow/example_dags/example_branch_labels.py
[2024-05-20T00:50:32.266+0000] {logging_mixin.py:188} INFO - [2024-05-20T00:50:32.266+0000] {dag.py:3096} INFO - Sync 1 DAGs
[2024-05-20T00:50:32.319+0000] {logging_mixin.py:188} INFO - [2024-05-20T00:50:32.319+0000] {dag.py:3954} INFO - Setting next_dagrun for example_branch_labels to 2024-05-19 00:00:00+00:00, run_after=2024-05-20 00:00:00+00:00
[2024-05-20T00:50:32.467+0000] {processor.py:183} INFO - Processing /home/airflow/.local/lib/python3.12/site-packages/airflow/example_dags/example_branch_labels.py took 0.289 seconds
[2024-05-20T00:51:03.582+0000] {processor.py:161} INFO - Started process (PID=348) to work on /home/airflow/.local/lib/python3.12/site-packages/airflow/example_dags/example_branch_labels.py
[2024-05-20T00:51:03.676+0000] {processor.py:830} INFO - Processing file /home/airflow/.local/lib/python3.12/site-packages/airflow/example_dags/example_branch_labels.py for tasks to queue
[2024-05-20T00:51:03.790+0000] {logging_mixin.py:188} INFO - [2024-05-20T00:51:03.784+0000] {dagbag.py:545} INFO - Filling up the DagBag from /home/airflow/.local/lib/python3.12/site-packages/airflow/example_dags/example_branch_labels.py
[2024-05-20T00:51:03.978+0000] {processor.py:840} INFO - DAG(s) 'example_branch_labels' retrieved from /home/airflow/.local/lib/python3.12/site-packages/airflow/example_dags/example_branch_labels.py
[2024-05-20T00:51:04.481+0000] {logging_mixin.py:188} INFO - [2024-05-20T00:51:04.478+0000] {dag.py:3096} INFO - Sync 1 DAGs
[2024-05-20T00:51:04.708+0000] {logging_mixin.py:188} INFO - [2024-05-20T00:51:04.707+0000] {dag.py:3954} INFO - Setting next_dagrun for example_branch_labels to 2024-05-19 00:00:00+00:00, run_after=2024-05-20 00:00:00+00:00
[2024-05-20T00:51:04.842+0000] {processor.py:183} INFO - Processing /home/airflow/.local/lib/python3.12/site-packages/airflow/example_dags/example_branch_labels.py took 1.665 seconds
[2024-05-20T00:51:35.745+0000] {processor.py:161} INFO - Started process (PID=408) to work on /home/airflow/.local/lib/python3.12/site-packages/airflow/example_dags/example_branch_labels.py
[2024-05-20T00:51:35.757+0000] {processor.py:830} INFO - Processing file /home/airflow/.local/lib/python3.12/site-packages/airflow/example_dags/example_branch_labels.py for tasks to queue
[2024-05-20T00:51:35.773+0000] {logging_mixin.py:188} INFO - [2024-05-20T00:51:35.771+0000] {dagbag.py:545} INFO - Filling up the DagBag from /home/airflow/.local/lib/python3.12/site-packages/airflow/example_dags/example_branch_labels.py
[2024-05-20T00:51:35.798+0000] {processor.py:840} INFO - DAG(s) 'example_branch_labels' retrieved from /home/airflow/.local/lib/python3.12/site-packages/airflow/example_dags/example_branch_labels.py
[2024-05-20T00:51:35.838+0000] {logging_mixin.py:188} INFO - [2024-05-20T00:51:35.837+0000] {dag.py:3096} INFO - Sync 1 DAGs
[2024-05-20T00:51:35.890+0000] {logging_mixin.py:188} INFO - [2024-05-20T00:51:35.889+0000] {dag.py:3954} INFO - Setting next_dagrun for example_branch_labels to 2024-05-19 00:00:00+00:00, run_after=2024-05-20 00:00:00+00:00
[2024-05-20T00:51:35.915+0000] {processor.py:183} INFO - Processing /home/airflow/.local/lib/python3.12/site-packages/airflow/example_dags/example_branch_labels.py took 0.183 seconds
[2024-05-20T00:52:06.883+0000] {processor.py:161} INFO - Started process (PID=468) to work on /home/airflow/.local/lib/python3.12/site-packages/airflow/example_dags/example_branch_labels.py
[2024-05-20T00:52:06.886+0000] {processor.py:830} INFO - Processing file /home/airflow/.local/lib/python3.12/site-packages/airflow/example_dags/example_branch_labels.py for tasks to queue
[2024-05-20T00:52:06.891+0000] {logging_mixin.py:188} INFO - [2024-05-20T00:52:06.890+0000] {dagbag.py:545} INFO - Filling up the DagBag from /home/airflow/.local/lib/python3.12/site-packages/airflow/example_dags/example_branch_labels.py
[2024-05-20T00:52:06.907+0000] {processor.py:840} INFO - DAG(s) 'example_branch_labels' retrieved from /home/airflow/.local/lib/python3.12/site-packages/airflow/example_dags/example_branch_labels.py
[2024-05-20T00:52:06.955+0000] {logging_mixin.py:188} INFO - [2024-05-20T00:52:06.955+0000] {dag.py:3096} INFO - Sync 1 DAGs
[2024-05-20T00:52:06.998+0000] {logging_mixin.py:188} INFO - [2024-05-20T00:52:06.997+0000] {dag.py:3954} INFO - Setting next_dagrun for example_branch_labels to 2024-05-19 00:00:00+00:00, run_after=2024-05-20 00:00:00+00:00
[2024-05-20T00:52:07.028+0000] {processor.py:183} INFO - Processing /home/airflow/.local/lib/python3.12/site-packages/airflow/example_dags/example_branch_labels.py took 0.158 seconds
[2024-05-20T00:52:37.277+0000] {processor.py:161} INFO - Started process (PID=529) to work on /home/airflow/.local/lib/python3.12/site-packages/airflow/example_dags/example_branch_labels.py
[2024-05-20T00:52:37.315+0000] {processor.py:830} INFO - Processing file /home/airflow/.local/lib/python3.12/site-packages/airflow/example_dags/example_branch_labels.py for tasks to queue
[2024-05-20T00:52:37.329+0000] {logging_mixin.py:188} INFO - [2024-05-20T00:52:37.329+0000] {dagbag.py:545} INFO - Filling up the DagBag from /home/airflow/.local/lib/python3.12/site-packages/airflow/example_dags/example_branch_labels.py
[2024-05-20T00:52:37.414+0000] {processor.py:840} INFO - DAG(s) 'example_branch_labels' retrieved from /home/airflow/.local/lib/python3.12/site-packages/airflow/example_dags/example_branch_labels.py
[2024-05-20T00:52:37.565+0000] {logging_mixin.py:188} INFO - [2024-05-20T00:52:37.564+0000] {dag.py:3096} INFO - Sync 1 DAGs
[2024-05-20T00:52:37.662+0000] {logging_mixin.py:188} INFO - [2024-05-20T00:52:37.661+0000] {dag.py:3954} INFO - Setting next_dagrun for example_branch_labels to 2024-05-19 00:00:00+00:00, run_after=2024-05-20 00:00:00+00:00
[2024-05-20T00:52:37.722+0000] {processor.py:183} INFO - Processing /home/airflow/.local/lib/python3.12/site-packages/airflow/example_dags/example_branch_labels.py took 0.464 seconds
[2024-05-20T00:53:13.311+0000] {processor.py:161} INFO - Started process (PID=582) to work on /home/airflow/.local/lib/python3.12/site-packages/airflow/example_dags/example_branch_labels.py
[2024-05-20T00:53:13.340+0000] {processor.py:830} INFO - Processing file /home/airflow/.local/lib/python3.12/site-packages/airflow/example_dags/example_branch_labels.py for tasks to queue
[2024-05-20T00:53:13.371+0000] {logging_mixin.py:188} INFO - [2024-05-20T00:53:13.353+0000] {dagbag.py:545} INFO - Filling up the DagBag from /home/airflow/.local/lib/python3.12/site-packages/airflow/example_dags/example_branch_labels.py
[2024-05-20T00:53:13.489+0000] {processor.py:840} INFO - DAG(s) 'example_branch_labels' retrieved from /home/airflow/.local/lib/python3.12/site-packages/airflow/example_dags/example_branch_labels.py
[2024-05-20T00:53:38.600+0000] {logging_mixin.py:188} INFO - [2024-05-20T00:53:38.194+0000] {dag.py:3096} INFO - Sync 1 DAGs
[2024-05-20T00:53:43.538+0000] {logging_mixin.py:188} INFO - [2024-05-20T00:53:43.531+0000] {dag.py:3954} INFO - Setting next_dagrun for example_branch_labels to 2024-05-19 00:00:00+00:00, run_after=2024-05-20 00:00:00+00:00
[2024-05-20T00:53:43.973+0000] {processor.py:183} INFO - Processing /home/airflow/.local/lib/python3.12/site-packages/airflow/example_dags/example_branch_labels.py took 30.747 seconds
[2024-05-20T00:54:15.122+0000] {processor.py:161} INFO - Started process (PID=642) to work on /home/airflow/.local/lib/python3.12/site-packages/airflow/example_dags/example_branch_labels.py
[2024-05-20T00:54:15.127+0000] {processor.py:830} INFO - Processing file /home/airflow/.local/lib/python3.12/site-packages/airflow/example_dags/example_branch_labels.py for tasks to queue
[2024-05-20T00:54:15.150+0000] {logging_mixin.py:188} INFO - [2024-05-20T00:54:15.149+0000] {dagbag.py:545} INFO - Filling up the DagBag from /home/airflow/.local/lib/python3.12/site-packages/airflow/example_dags/example_branch_labels.py
[2024-05-20T00:54:15.222+0000] {processor.py:840} INFO - DAG(s) 'example_branch_labels' retrieved from /home/airflow/.local/lib/python3.12/site-packages/airflow/example_dags/example_branch_labels.py
[2024-05-20T00:54:15.308+0000] {logging_mixin.py:188} INFO - [2024-05-20T00:54:15.307+0000] {dag.py:3096} INFO - Sync 1 DAGs
[2024-05-20T00:54:15.378+0000] {logging_mixin.py:188} INFO - [2024-05-20T00:54:15.378+0000] {dag.py:3954} INFO - Setting next_dagrun for example_branch_labels to 2024-05-19 00:00:00+00:00, run_after=2024-05-20 00:00:00+00:00
[2024-05-20T00:54:15.402+0000] {processor.py:183} INFO - Processing /home/airflow/.local/lib/python3.12/site-packages/airflow/example_dags/example_branch_labels.py took 0.338 seconds
[2024-05-20T00:54:45.594+0000] {processor.py:161} INFO - Started process (PID=701) to work on /home/airflow/.local/lib/python3.12/site-packages/airflow/example_dags/example_branch_labels.py
[2024-05-20T00:54:45.604+0000] {processor.py:830} INFO - Processing file /home/airflow/.local/lib/python3.12/site-packages/airflow/example_dags/example_branch_labels.py for tasks to queue
[2024-05-20T00:54:45.620+0000] {logging_mixin.py:188} INFO - [2024-05-20T00:54:45.619+0000] {dagbag.py:545} INFO - Filling up the DagBag from /home/airflow/.local/lib/python3.12/site-packages/airflow/example_dags/example_branch_labels.py
[2024-05-20T00:54:45.690+0000] {processor.py:840} INFO - DAG(s) 'example_branch_labels' retrieved from /home/airflow/.local/lib/python3.12/site-packages/airflow/example_dags/example_branch_labels.py
[2024-05-20T00:54:45.785+0000] {logging_mixin.py:188} INFO - [2024-05-20T00:54:45.785+0000] {dag.py:3096} INFO - Sync 1 DAGs
[2024-05-20T00:54:45.857+0000] {logging_mixin.py:188} INFO - [2024-05-20T00:54:45.856+0000] {dag.py:3954} INFO - Setting next_dagrun for example_branch_labels to 2024-05-19 00:00:00+00:00, run_after=2024-05-20 00:00:00+00:00
[2024-05-20T00:54:45.899+0000] {processor.py:183} INFO - Processing /home/airflow/.local/lib/python3.12/site-packages/airflow/example_dags/example_branch_labels.py took 0.349 seconds
[2024-05-20T00:55:40.249+0000] {processor.py:161} INFO - Started process (PID=773) to work on /home/airflow/.local/lib/python3.12/site-packages/airflow/example_dags/example_branch_labels.py
[2024-05-20T00:55:40.250+0000] {processor.py:830} INFO - Processing file /home/airflow/.local/lib/python3.12/site-packages/airflow/example_dags/example_branch_labels.py for tasks to queue
[2024-05-20T00:55:40.254+0000] {logging_mixin.py:188} INFO - [2024-05-20T00:55:40.253+0000] {dagbag.py:545} INFO - Filling up the DagBag from /home/airflow/.local/lib/python3.12/site-packages/airflow/example_dags/example_branch_labels.py
[2024-05-20T00:55:40.268+0000] {processor.py:840} INFO - DAG(s) 'example_branch_labels' retrieved from /home/airflow/.local/lib/python3.12/site-packages/airflow/example_dags/example_branch_labels.py
[2024-05-20T00:55:40.304+0000] {logging_mixin.py:188} INFO - [2024-05-20T00:55:40.304+0000] {dag.py:3096} INFO - Sync 1 DAGs
[2024-05-20T00:55:40.360+0000] {logging_mixin.py:188} INFO - [2024-05-20T00:55:40.359+0000] {dag.py:3954} INFO - Setting next_dagrun for example_branch_labels to 2024-05-19 00:00:00+00:00, run_after=2024-05-20 00:00:00+00:00
[2024-05-20T00:55:40.402+0000] {processor.py:183} INFO - Processing /home/airflow/.local/lib/python3.12/site-packages/airflow/example_dags/example_branch_labels.py took 0.163 seconds
[2024-05-20T00:56:12.665+0000] {processor.py:161} INFO - Started process (PID=833) to work on /home/airflow/.local/lib/python3.12/site-packages/airflow/example_dags/example_branch_labels.py
[2024-05-20T00:56:12.681+0000] {processor.py:830} INFO - Processing file /home/airflow/.local/lib/python3.12/site-packages/airflow/example_dags/example_branch_labels.py for tasks to queue
[2024-05-20T00:56:12.688+0000] {logging_mixin.py:188} INFO - [2024-05-20T00:56:12.687+0000] {dagbag.py:545} INFO - Filling up the DagBag from /home/airflow/.local/lib/python3.12/site-packages/airflow/example_dags/example_branch_labels.py
[2024-05-20T00:56:12.706+0000] {processor.py:840} INFO - DAG(s) 'example_branch_labels' retrieved from /home/airflow/.local/lib/python3.12/site-packages/airflow/example_dags/example_branch_labels.py
[2024-05-20T00:56:12.831+0000] {logging_mixin.py:188} INFO - [2024-05-20T00:56:12.830+0000] {dag.py:3096} INFO - Sync 1 DAGs
[2024-05-20T00:56:13.034+0000] {logging_mixin.py:188} INFO - [2024-05-20T00:56:13.032+0000] {dag.py:3954} INFO - Setting next_dagrun for example_branch_labels to 2024-05-19 00:00:00+00:00, run_after=2024-05-20 00:00:00+00:00
[2024-05-20T00:56:13.137+0000] {processor.py:183} INFO - Processing /home/airflow/.local/lib/python3.12/site-packages/airflow/example_dags/example_branch_labels.py took 0.487 seconds
[2024-05-20T00:56:44.452+0000] {processor.py:161} INFO - Started process (PID=895) to work on /home/airflow/.local/lib/python3.12/site-packages/airflow/example_dags/example_branch_labels.py
[2024-05-20T00:56:44.454+0000] {processor.py:830} INFO - Processing file /home/airflow/.local/lib/python3.12/site-packages/airflow/example_dags/example_branch_labels.py for tasks to queue
[2024-05-20T00:56:44.456+0000] {logging_mixin.py:188} INFO - [2024-05-20T00:56:44.455+0000] {dagbag.py:545} INFO - Filling up the DagBag from /home/airflow/.local/lib/python3.12/site-packages/airflow/example_dags/example_branch_labels.py
[2024-05-20T00:56:44.464+0000] {processor.py:840} INFO - DAG(s) 'example_branch_labels' retrieved from /home/airflow/.local/lib/python3.12/site-packages/airflow/example_dags/example_branch_labels.py
[2024-05-20T00:56:44.506+0000] {logging_mixin.py:188} INFO - [2024-05-20T00:56:44.505+0000] {dag.py:3096} INFO - Sync 1 DAGs
[2024-05-20T00:56:44.580+0000] {logging_mixin.py:188} INFO - [2024-05-20T00:56:44.579+0000] {dag.py:3954} INFO - Setting next_dagrun for example_branch_labels to 2024-05-19 00:00:00+00:00, run_after=2024-05-20 00:00:00+00:00
[2024-05-20T00:56:44.616+0000] {processor.py:183} INFO - Processing /home/airflow/.local/lib/python3.12/site-packages/airflow/example_dags/example_branch_labels.py took 0.173 seconds
[2024-05-20T00:57:32.743+0000] {processor.py:161} INFO - Started process (PID=955) to work on /home/airflow/.local/lib/python3.12/site-packages/airflow/example_dags/example_branch_labels.py
[2024-05-20T00:57:32.755+0000] {processor.py:830} INFO - Processing file /home/airflow/.local/lib/python3.12/site-packages/airflow/example_dags/example_branch_labels.py for tasks to queue
[2024-05-20T00:57:32.766+0000] {logging_mixin.py:188} INFO - [2024-05-20T00:57:32.765+0000] {dagbag.py:545} INFO - Filling up the DagBag from /home/airflow/.local/lib/python3.12/site-packages/airflow/example_dags/example_branch_labels.py
[2024-05-20T00:57:32.824+0000] {processor.py:840} INFO - DAG(s) 'example_branch_labels' retrieved from /home/airflow/.local/lib/python3.12/site-packages/airflow/example_dags/example_branch_labels.py
[2024-05-20T00:57:33.292+0000] {logging_mixin.py:188} INFO - [2024-05-20T00:57:33.279+0000] {dag.py:3096} INFO - Sync 1 DAGs
[2024-05-20T00:57:33.968+0000] {logging_mixin.py:188} INFO - [2024-05-20T00:57:33.949+0000] {dag.py:3954} INFO - Setting next_dagrun for example_branch_labels to 2024-05-19 00:00:00+00:00, run_after=2024-05-20 00:00:00+00:00
[2024-05-20T00:57:34.682+0000] {processor.py:183} INFO - Processing /home/airflow/.local/lib/python3.12/site-packages/airflow/example_dags/example_branch_labels.py took 1.982 seconds
[2024-05-20T00:58:07.213+0000] {processor.py:161} INFO - Started process (PID=1015) to work on /home/airflow/.local/lib/python3.12/site-packages/airflow/example_dags/example_branch_labels.py
[2024-05-20T00:58:07.216+0000] {processor.py:830} INFO - Processing file /home/airflow/.local/lib/python3.12/site-packages/airflow/example_dags/example_branch_labels.py for tasks to queue
[2024-05-20T00:58:07.224+0000] {logging_mixin.py:188} INFO - [2024-05-20T00:58:07.223+0000] {dagbag.py:545} INFO - Filling up the DagBag from /home/airflow/.local/lib/python3.12/site-packages/airflow/example_dags/example_branch_labels.py
[2024-05-20T00:58:07.236+0000] {processor.py:840} INFO - DAG(s) 'example_branch_labels' retrieved from /home/airflow/.local/lib/python3.12/site-packages/airflow/example_dags/example_branch_labels.py
[2024-05-20T00:58:07.297+0000] {logging_mixin.py:188} INFO - [2024-05-20T00:58:07.297+0000] {dag.py:3096} INFO - Sync 1 DAGs
[2024-05-20T00:58:07.321+0000] {logging_mixin.py:188} INFO - [2024-05-20T00:58:07.321+0000] {dag.py:3954} INFO - Setting next_dagrun for example_branch_labels to 2024-05-19 00:00:00+00:00, run_after=2024-05-20 00:00:00+00:00
[2024-05-20T00:58:07.338+0000] {processor.py:183} INFO - Processing /home/airflow/.local/lib/python3.12/site-packages/airflow/example_dags/example_branch_labels.py took 0.141 seconds
[2024-05-20T00:58:38.122+0000] {processor.py:161} INFO - Started process (PID=1074) to work on /home/airflow/.local/lib/python3.12/site-packages/airflow/example_dags/example_branch_labels.py
[2024-05-20T00:58:38.124+0000] {processor.py:830} INFO - Processing file /home/airflow/.local/lib/python3.12/site-packages/airflow/example_dags/example_branch_labels.py for tasks to queue
[2024-05-20T00:58:38.130+0000] {logging_mixin.py:188} INFO - [2024-05-20T00:58:38.129+0000] {dagbag.py:545} INFO - Filling up the DagBag from /home/airflow/.local/lib/python3.12/site-packages/airflow/example_dags/example_branch_labels.py
[2024-05-20T00:58:38.138+0000] {processor.py:840} INFO - DAG(s) 'example_branch_labels' retrieved from /home/airflow/.local/lib/python3.12/site-packages/airflow/example_dags/example_branch_labels.py
[2024-05-20T00:58:38.172+0000] {logging_mixin.py:188} INFO - [2024-05-20T00:58:38.172+0000] {dag.py:3096} INFO - Sync 1 DAGs
[2024-05-20T00:58:38.210+0000] {logging_mixin.py:188} INFO - [2024-05-20T00:58:38.209+0000] {dag.py:3954} INFO - Setting next_dagrun for example_branch_labels to 2024-05-19 00:00:00+00:00, run_after=2024-05-20 00:00:00+00:00
[2024-05-20T00:58:38.235+0000] {processor.py:183} INFO - Processing /home/airflow/.local/lib/python3.12/site-packages/airflow/example_dags/example_branch_labels.py took 0.122 seconds
[2024-05-20T00:59:09.098+0000] {processor.py:161} INFO - Started process (PID=1133) to work on /home/airflow/.local/lib/python3.12/site-packages/airflow/example_dags/example_branch_labels.py
[2024-05-20T00:59:09.099+0000] {processor.py:830} INFO - Processing file /home/airflow/.local/lib/python3.12/site-packages/airflow/example_dags/example_branch_labels.py for tasks to queue
[2024-05-20T00:59:09.101+0000] {logging_mixin.py:188} INFO - [2024-05-20T00:59:09.101+0000] {dagbag.py:545} INFO - Filling up the DagBag from /home/airflow/.local/lib/python3.12/site-packages/airflow/example_dags/example_branch_labels.py
[2024-05-20T00:59:09.110+0000] {processor.py:840} INFO - DAG(s) 'example_branch_labels' retrieved from /home/airflow/.local/lib/python3.12/site-packages/airflow/example_dags/example_branch_labels.py
[2024-05-20T00:59:09.130+0000] {logging_mixin.py:188} INFO - [2024-05-20T00:59:09.130+0000] {dag.py:3096} INFO - Sync 1 DAGs
[2024-05-20T00:59:09.150+0000] {logging_mixin.py:188} INFO - [2024-05-20T00:59:09.150+0000] {dag.py:3954} INFO - Setting next_dagrun for example_branch_labels to 2024-05-19 00:00:00+00:00, run_after=2024-05-20 00:00:00+00:00
[2024-05-20T00:59:09.164+0000] {processor.py:183} INFO - Processing /home/airflow/.local/lib/python3.12/site-packages/airflow/example_dags/example_branch_labels.py took 0.071 seconds
[2024-05-20T00:59:39.649+0000] {processor.py:161} INFO - Started process (PID=1191) to work on /home/airflow/.local/lib/python3.12/site-packages/airflow/example_dags/example_branch_labels.py
[2024-05-20T00:59:39.651+0000] {processor.py:830} INFO - Processing file /home/airflow/.local/lib/python3.12/site-packages/airflow/example_dags/example_branch_labels.py for tasks to queue
[2024-05-20T00:59:39.653+0000] {logging_mixin.py:188} INFO - [2024-05-20T00:59:39.653+0000] {dagbag.py:545} INFO - Filling up the DagBag from /home/airflow/.local/lib/python3.12/site-packages/airflow/example_dags/example_branch_labels.py
[2024-05-20T00:59:39.663+0000] {processor.py:840} INFO - DAG(s) 'example_branch_labels' retrieved from /home/airflow/.local/lib/python3.12/site-packages/airflow/example_dags/example_branch_labels.py
[2024-05-20T00:59:39.721+0000] {logging_mixin.py:188} INFO - [2024-05-20T00:59:39.719+0000] {dag.py:3096} INFO - Sync 1 DAGs
[2024-05-20T00:59:39.786+0000] {logging_mixin.py:188} INFO - [2024-05-20T00:59:39.786+0000] {dag.py:3954} INFO - Setting next_dagrun for example_branch_labels to 2024-05-19 00:00:00+00:00, run_after=2024-05-20 00:00:00+00:00
[2024-05-20T00:59:39.806+0000] {processor.py:183} INFO - Processing /home/airflow/.local/lib/python3.12/site-packages/airflow/example_dags/example_branch_labels.py took 0.162 seconds
[2024-05-20T01:00:15.465+0000] {processor.py:161} INFO - Started process (PID=1246) to work on /home/airflow/.local/lib/python3.12/site-packages/airflow/example_dags/example_branch_labels.py
[2024-05-20T01:00:15.471+0000] {processor.py:830} INFO - Processing file /home/airflow/.local/lib/python3.12/site-packages/airflow/example_dags/example_branch_labels.py for tasks to queue
[2024-05-20T01:00:15.477+0000] {logging_mixin.py:188} INFO - [2024-05-20T01:00:15.476+0000] {dagbag.py:545} INFO - Filling up the DagBag from /home/airflow/.local/lib/python3.12/site-packages/airflow/example_dags/example_branch_labels.py
[2024-05-20T01:00:15.494+0000] {processor.py:840} INFO - DAG(s) 'example_branch_labels' retrieved from /home/airflow/.local/lib/python3.12/site-packages/airflow/example_dags/example_branch_labels.py
[2024-05-20T01:00:15.559+0000] {logging_mixin.py:188} INFO - [2024-05-20T01:00:15.558+0000] {dag.py:3096} INFO - Sync 1 DAGs
[2024-05-20T01:00:15.613+0000] {logging_mixin.py:188} INFO - [2024-05-20T01:00:15.612+0000] {dag.py:3954} INFO - Setting next_dagrun for example_branch_labels to 2024-05-19 00:00:00+00:00, run_after=2024-05-20 00:00:00+00:00
[2024-05-20T01:00:15.654+0000] {processor.py:183} INFO - Processing /home/airflow/.local/lib/python3.12/site-packages/airflow/example_dags/example_branch_labels.py took 0.208 seconds
[2024-05-20T01:00:58.271+0000] {processor.py:161} INFO - Started process (PID=1306) to work on /home/airflow/.local/lib/python3.12/site-packages/airflow/example_dags/example_branch_labels.py
[2024-05-20T01:00:58.273+0000] {processor.py:830} INFO - Processing file /home/airflow/.local/lib/python3.12/site-packages/airflow/example_dags/example_branch_labels.py for tasks to queue
[2024-05-20T01:00:58.277+0000] {logging_mixin.py:188} INFO - [2024-05-20T01:00:58.277+0000] {dagbag.py:545} INFO - Filling up the DagBag from /home/airflow/.local/lib/python3.12/site-packages/airflow/example_dags/example_branch_labels.py
[2024-05-20T01:00:58.295+0000] {processor.py:840} INFO - DAG(s) 'example_branch_labels' retrieved from /home/airflow/.local/lib/python3.12/site-packages/airflow/example_dags/example_branch_labels.py
[2024-05-20T01:00:58.439+0000] {logging_mixin.py:188} INFO - [2024-05-20T01:00:58.438+0000] {dag.py:3096} INFO - Sync 1 DAGs
[2024-05-20T01:00:58.528+0000] {logging_mixin.py:188} INFO - [2024-05-20T01:00:58.528+0000] {dag.py:3954} INFO - Setting next_dagrun for example_branch_labels to 2024-05-19 00:00:00+00:00, run_after=2024-05-20 00:00:00+00:00
[2024-05-20T01:00:58.568+0000] {processor.py:183} INFO - Processing /home/airflow/.local/lib/python3.12/site-packages/airflow/example_dags/example_branch_labels.py took 0.309 seconds
[2024-05-20T01:01:29.265+0000] {processor.py:161} INFO - Started process (PID=1366) to work on /home/airflow/.local/lib/python3.12/site-packages/airflow/example_dags/example_branch_labels.py
[2024-05-20T01:01:29.266+0000] {processor.py:830} INFO - Processing file /home/airflow/.local/lib/python3.12/site-packages/airflow/example_dags/example_branch_labels.py for tasks to queue
[2024-05-20T01:01:29.269+0000] {logging_mixin.py:188} INFO - [2024-05-20T01:01:29.269+0000] {dagbag.py:545} INFO - Filling up the DagBag from /home/airflow/.local/lib/python3.12/site-packages/airflow/example_dags/example_branch_labels.py
[2024-05-20T01:01:29.282+0000] {processor.py:840} INFO - DAG(s) 'example_branch_labels' retrieved from /home/airflow/.local/lib/python3.12/site-packages/airflow/example_dags/example_branch_labels.py
[2024-05-20T01:01:29.309+0000] {logging_mixin.py:188} INFO - [2024-05-20T01:01:29.308+0000] {dag.py:3096} INFO - Sync 1 DAGs
[2024-05-20T01:01:29.332+0000] {logging_mixin.py:188} INFO - [2024-05-20T01:01:29.332+0000] {dag.py:3954} INFO - Setting next_dagrun for example_branch_labels to 2024-05-19 00:00:00+00:00, run_after=2024-05-20 00:00:00+00:00
[2024-05-20T01:01:29.355+0000] {processor.py:183} INFO - Processing /home/airflow/.local/lib/python3.12/site-packages/airflow/example_dags/example_branch_labels.py took 0.097 seconds
[2024-05-20T01:01:59.466+0000] {processor.py:161} INFO - Started process (PID=1426) to work on /home/airflow/.local/lib/python3.12/site-packages/airflow/example_dags/example_branch_labels.py
[2024-05-20T01:01:59.467+0000] {processor.py:830} INFO - Processing file /home/airflow/.local/lib/python3.12/site-packages/airflow/example_dags/example_branch_labels.py for tasks to queue
[2024-05-20T01:01:59.470+0000] {logging_mixin.py:188} INFO - [2024-05-20T01:01:59.470+0000] {dagbag.py:545} INFO - Filling up the DagBag from /home/airflow/.local/lib/python3.12/site-packages/airflow/example_dags/example_branch_labels.py
[2024-05-20T01:01:59.478+0000] {processor.py:840} INFO - DAG(s) 'example_branch_labels' retrieved from /home/airflow/.local/lib/python3.12/site-packages/airflow/example_dags/example_branch_labels.py
[2024-05-20T01:01:59.511+0000] {logging_mixin.py:188} INFO - [2024-05-20T01:01:59.511+0000] {dag.py:3096} INFO - Sync 1 DAGs
[2024-05-20T01:01:59.531+0000] {logging_mixin.py:188} INFO - [2024-05-20T01:01:59.531+0000] {dag.py:3954} INFO - Setting next_dagrun for example_branch_labels to 2024-05-19 00:00:00+00:00, run_after=2024-05-20 00:00:00+00:00
[2024-05-20T01:01:59.553+0000] {processor.py:183} INFO - Processing /home/airflow/.local/lib/python3.12/site-packages/airflow/example_dags/example_branch_labels.py took 0.092 seconds
[2024-05-20T01:02:30.039+0000] {processor.py:161} INFO - Started process (PID=1492) to work on /home/airflow/.local/lib/python3.12/site-packages/airflow/example_dags/example_branch_labels.py
[2024-05-20T01:02:30.041+0000] {processor.py:830} INFO - Processing file /home/airflow/.local/lib/python3.12/site-packages/airflow/example_dags/example_branch_labels.py for tasks to queue
[2024-05-20T01:02:30.045+0000] {logging_mixin.py:188} INFO - [2024-05-20T01:02:30.044+0000] {dagbag.py:545} INFO - Filling up the DagBag from /home/airflow/.local/lib/python3.12/site-packages/airflow/example_dags/example_branch_labels.py
[2024-05-20T01:02:30.056+0000] {processor.py:840} INFO - DAG(s) 'example_branch_labels' retrieved from /home/airflow/.local/lib/python3.12/site-packages/airflow/example_dags/example_branch_labels.py
[2024-05-20T01:02:30.101+0000] {logging_mixin.py:188} INFO - [2024-05-20T01:02:30.100+0000] {dag.py:3096} INFO - Sync 1 DAGs
[2024-05-20T01:02:30.135+0000] {logging_mixin.py:188} INFO - [2024-05-20T01:02:30.134+0000] {dag.py:3954} INFO - Setting next_dagrun for example_branch_labels to 2024-05-19 00:00:00+00:00, run_after=2024-05-20 00:00:00+00:00
[2024-05-20T01:02:30.153+0000] {processor.py:183} INFO - Processing /home/airflow/.local/lib/python3.12/site-packages/airflow/example_dags/example_branch_labels.py took 0.121 seconds
[2024-05-20T01:03:22.262+0000] {processor.py:161} INFO - Started process (PID=1552) to work on /home/airflow/.local/lib/python3.12/site-packages/airflow/example_dags/example_branch_labels.py
[2024-05-20T01:03:22.267+0000] {processor.py:830} INFO - Processing file /home/airflow/.local/lib/python3.12/site-packages/airflow/example_dags/example_branch_labels.py for tasks to queue
[2024-05-20T01:03:22.280+0000] {logging_mixin.py:188} INFO - [2024-05-20T01:03:22.277+0000] {dagbag.py:545} INFO - Filling up the DagBag from /home/airflow/.local/lib/python3.12/site-packages/airflow/example_dags/example_branch_labels.py
[2024-05-20T01:03:22.517+0000] {processor.py:840} INFO - DAG(s) 'example_branch_labels' retrieved from /home/airflow/.local/lib/python3.12/site-packages/airflow/example_dags/example_branch_labels.py
[2024-05-20T01:03:22.970+0000] {logging_mixin.py:188} INFO - [2024-05-20T01:03:22.968+0000] {dag.py:3096} INFO - Sync 1 DAGs
[2024-05-20T01:03:23.108+0000] {logging_mixin.py:188} INFO - [2024-05-20T01:03:23.106+0000] {dag.py:3954} INFO - Setting next_dagrun for example_branch_labels to 2024-05-19 00:00:00+00:00, run_after=2024-05-20 00:00:00+00:00
[2024-05-20T01:03:23.264+0000] {processor.py:183} INFO - Processing /home/airflow/.local/lib/python3.12/site-packages/airflow/example_dags/example_branch_labels.py took 1.061 seconds
