[2024-05-20T00:48:31.568+0000] {processor.py:161} INFO - Started process (PID=57) to work on /home/airflow/.local/lib/python3.12/site-packages/airflow/example_dags/example_task_group.py
[2024-05-20T00:48:31.575+0000] {processor.py:830} INFO - Processing file /home/airflow/.local/lib/python3.12/site-packages/airflow/example_dags/example_task_group.py for tasks to queue
[2024-05-20T00:48:31.588+0000] {logging_mixin.py:188} INFO - [2024-05-20T00:48:31.586+0000] {dagbag.py:545} INFO - Filling up the DagBag from /home/airflow/.local/lib/python3.12/site-packages/airflow/example_dags/example_task_group.py
[2024-05-20T00:48:31.695+0000] {processor.py:840} INFO - DAG(s) 'example_task_group' retrieved from /home/airflow/.local/lib/python3.12/site-packages/airflow/example_dags/example_task_group.py
[2024-05-20T00:48:32.548+0000] {logging_mixin.py:188} INFO - [2024-05-20T00:48:32.544+0000] {dag.py:3096} INFO - Sync 1 DAGs
[2024-05-20T00:48:32.869+0000] {logging_mixin.py:188} INFO - [2024-05-20T00:48:32.868+0000] {dag.py:3954} INFO - Setting next_dagrun for example_task_group to 2024-05-19 00:00:00+00:00, run_after=2024-05-20 00:00:00+00:00
[2024-05-20T00:48:33.091+0000] {processor.py:183} INFO - Processing /home/airflow/.local/lib/python3.12/site-packages/airflow/example_dags/example_task_group.py took 1.582 seconds
[2024-05-20T00:49:03.399+0000] {processor.py:161} INFO - Started process (PID=117) to work on /home/airflow/.local/lib/python3.12/site-packages/airflow/example_dags/example_task_group.py
[2024-05-20T00:49:03.404+0000] {processor.py:830} INFO - Processing file /home/airflow/.local/lib/python3.12/site-packages/airflow/example_dags/example_task_group.py for tasks to queue
[2024-05-20T00:49:03.412+0000] {logging_mixin.py:188} INFO - [2024-05-20T00:49:03.412+0000] {dagbag.py:545} INFO - Filling up the DagBag from /home/airflow/.local/lib/python3.12/site-packages/airflow/example_dags/example_task_group.py
[2024-05-20T00:49:03.435+0000] {processor.py:840} INFO - DAG(s) 'example_task_group' retrieved from /home/airflow/.local/lib/python3.12/site-packages/airflow/example_dags/example_task_group.py
[2024-05-20T00:49:03.481+0000] {logging_mixin.py:188} INFO - [2024-05-20T00:49:03.481+0000] {dag.py:3096} INFO - Sync 1 DAGs
[2024-05-20T00:49:03.555+0000] {logging_mixin.py:188} INFO - [2024-05-20T00:49:03.554+0000] {dag.py:3954} INFO - Setting next_dagrun for example_task_group to 2024-05-19 00:00:00+00:00, run_after=2024-05-20 00:00:00+00:00
[2024-05-20T00:49:03.604+0000] {processor.py:183} INFO - Processing /home/airflow/.local/lib/python3.12/site-packages/airflow/example_dags/example_task_group.py took 0.218 seconds
[2024-05-20T00:49:34.094+0000] {processor.py:161} INFO - Started process (PID=176) to work on /home/airflow/.local/lib/python3.12/site-packages/airflow/example_dags/example_task_group.py
[2024-05-20T00:49:34.096+0000] {processor.py:830} INFO - Processing file /home/airflow/.local/lib/python3.12/site-packages/airflow/example_dags/example_task_group.py for tasks to queue
[2024-05-20T00:49:34.099+0000] {logging_mixin.py:188} INFO - [2024-05-20T00:49:34.098+0000] {dagbag.py:545} INFO - Filling up the DagBag from /home/airflow/.local/lib/python3.12/site-packages/airflow/example_dags/example_task_group.py
[2024-05-20T00:49:34.112+0000] {processor.py:840} INFO - DAG(s) 'example_task_group' retrieved from /home/airflow/.local/lib/python3.12/site-packages/airflow/example_dags/example_task_group.py
[2024-05-20T00:49:34.149+0000] {logging_mixin.py:188} INFO - [2024-05-20T00:49:34.148+0000] {dag.py:3096} INFO - Sync 1 DAGs
[2024-05-20T00:49:34.194+0000] {logging_mixin.py:188} INFO - [2024-05-20T00:49:34.193+0000] {dag.py:3954} INFO - Setting next_dagrun for example_task_group to 2024-05-19 00:00:00+00:00, run_after=2024-05-20 00:00:00+00:00
[2024-05-20T00:49:34.226+0000] {processor.py:183} INFO - Processing /home/airflow/.local/lib/python3.12/site-packages/airflow/example_dags/example_task_group.py took 0.139 seconds
[2024-05-20T00:50:05.091+0000] {processor.py:161} INFO - Started process (PID=233) to work on /home/airflow/.local/lib/python3.12/site-packages/airflow/example_dags/example_task_group.py
[2024-05-20T00:50:05.092+0000] {processor.py:830} INFO - Processing file /home/airflow/.local/lib/python3.12/site-packages/airflow/example_dags/example_task_group.py for tasks to queue
[2024-05-20T00:50:05.094+0000] {logging_mixin.py:188} INFO - [2024-05-20T00:50:05.094+0000] {dagbag.py:545} INFO - Filling up the DagBag from /home/airflow/.local/lib/python3.12/site-packages/airflow/example_dags/example_task_group.py
[2024-05-20T00:50:05.101+0000] {processor.py:840} INFO - DAG(s) 'example_task_group' retrieved from /home/airflow/.local/lib/python3.12/site-packages/airflow/example_dags/example_task_group.py
[2024-05-20T00:50:05.118+0000] {logging_mixin.py:188} INFO - [2024-05-20T00:50:05.118+0000] {dag.py:3096} INFO - Sync 1 DAGs
[2024-05-20T00:50:05.135+0000] {logging_mixin.py:188} INFO - [2024-05-20T00:50:05.135+0000] {dag.py:3954} INFO - Setting next_dagrun for example_task_group to 2024-05-19 00:00:00+00:00, run_after=2024-05-20 00:00:00+00:00
[2024-05-20T00:50:05.148+0000] {processor.py:183} INFO - Processing /home/airflow/.local/lib/python3.12/site-packages/airflow/example_dags/example_task_group.py took 0.064 seconds
[2024-05-20T00:50:36.117+0000] {processor.py:161} INFO - Started process (PID=293) to work on /home/airflow/.local/lib/python3.12/site-packages/airflow/example_dags/example_task_group.py
[2024-05-20T00:50:36.120+0000] {processor.py:830} INFO - Processing file /home/airflow/.local/lib/python3.12/site-packages/airflow/example_dags/example_task_group.py for tasks to queue
[2024-05-20T00:50:36.142+0000] {logging_mixin.py:188} INFO - [2024-05-20T00:50:36.138+0000] {dagbag.py:545} INFO - Filling up the DagBag from /home/airflow/.local/lib/python3.12/site-packages/airflow/example_dags/example_task_group.py
[2024-05-20T00:50:36.419+0000] {processor.py:840} INFO - DAG(s) 'example_task_group' retrieved from /home/airflow/.local/lib/python3.12/site-packages/airflow/example_dags/example_task_group.py
[2024-05-20T00:50:36.816+0000] {logging_mixin.py:188} INFO - [2024-05-20T00:50:36.814+0000] {dag.py:3096} INFO - Sync 1 DAGs
[2024-05-20T00:50:37.246+0000] {logging_mixin.py:188} INFO - [2024-05-20T00:50:37.244+0000] {dag.py:3954} INFO - Setting next_dagrun for example_task_group to 2024-05-19 00:00:00+00:00, run_after=2024-05-20 00:00:00+00:00
[2024-05-20T00:50:37.528+0000] {processor.py:183} INFO - Processing /home/airflow/.local/lib/python3.12/site-packages/airflow/example_dags/example_task_group.py took 1.436 seconds
[2024-05-20T00:51:07.946+0000] {processor.py:161} INFO - Started process (PID=352) to work on /home/airflow/.local/lib/python3.12/site-packages/airflow/example_dags/example_task_group.py
[2024-05-20T00:51:07.949+0000] {processor.py:830} INFO - Processing file /home/airflow/.local/lib/python3.12/site-packages/airflow/example_dags/example_task_group.py for tasks to queue
[2024-05-20T00:51:07.955+0000] {logging_mixin.py:188} INFO - [2024-05-20T00:51:07.954+0000] {dagbag.py:545} INFO - Filling up the DagBag from /home/airflow/.local/lib/python3.12/site-packages/airflow/example_dags/example_task_group.py
[2024-05-20T00:51:07.990+0000] {processor.py:840} INFO - DAG(s) 'example_task_group' retrieved from /home/airflow/.local/lib/python3.12/site-packages/airflow/example_dags/example_task_group.py
[2024-05-20T00:51:08.252+0000] {logging_mixin.py:188} INFO - [2024-05-20T00:51:08.251+0000] {dag.py:3096} INFO - Sync 1 DAGs
[2024-05-20T00:51:08.419+0000] {logging_mixin.py:188} INFO - [2024-05-20T00:51:08.417+0000] {dag.py:3954} INFO - Setting next_dagrun for example_task_group to 2024-05-19 00:00:00+00:00, run_after=2024-05-20 00:00:00+00:00
[2024-05-20T00:51:08.513+0000] {processor.py:183} INFO - Processing /home/airflow/.local/lib/python3.12/site-packages/airflow/example_dags/example_task_group.py took 0.641 seconds
[2024-05-20T00:51:39.059+0000] {processor.py:161} INFO - Started process (PID=412) to work on /home/airflow/.local/lib/python3.12/site-packages/airflow/example_dags/example_task_group.py
[2024-05-20T00:51:39.060+0000] {processor.py:830} INFO - Processing file /home/airflow/.local/lib/python3.12/site-packages/airflow/example_dags/example_task_group.py for tasks to queue
[2024-05-20T00:51:39.062+0000] {logging_mixin.py:188} INFO - [2024-05-20T00:51:39.062+0000] {dagbag.py:545} INFO - Filling up the DagBag from /home/airflow/.local/lib/python3.12/site-packages/airflow/example_dags/example_task_group.py
[2024-05-20T00:51:39.072+0000] {processor.py:840} INFO - DAG(s) 'example_task_group' retrieved from /home/airflow/.local/lib/python3.12/site-packages/airflow/example_dags/example_task_group.py
[2024-05-20T00:51:39.101+0000] {logging_mixin.py:188} INFO - [2024-05-20T00:51:39.101+0000] {dag.py:3096} INFO - Sync 1 DAGs
[2024-05-20T00:51:39.126+0000] {logging_mixin.py:188} INFO - [2024-05-20T00:51:39.126+0000] {dag.py:3954} INFO - Setting next_dagrun for example_task_group to 2024-05-19 00:00:00+00:00, run_after=2024-05-20 00:00:00+00:00
[2024-05-20T00:51:39.149+0000] {processor.py:183} INFO - Processing /home/airflow/.local/lib/python3.12/site-packages/airflow/example_dags/example_task_group.py took 0.101 seconds
[2024-05-20T00:52:09.295+0000] {processor.py:161} INFO - Started process (PID=472) to work on /home/airflow/.local/lib/python3.12/site-packages/airflow/example_dags/example_task_group.py
[2024-05-20T00:52:09.300+0000] {processor.py:830} INFO - Processing file /home/airflow/.local/lib/python3.12/site-packages/airflow/example_dags/example_task_group.py for tasks to queue
[2024-05-20T00:52:09.324+0000] {logging_mixin.py:188} INFO - [2024-05-20T00:52:09.322+0000] {dagbag.py:545} INFO - Filling up the DagBag from /home/airflow/.local/lib/python3.12/site-packages/airflow/example_dags/example_task_group.py
[2024-05-20T00:52:09.623+0000] {processor.py:840} INFO - DAG(s) 'example_task_group' retrieved from /home/airflow/.local/lib/python3.12/site-packages/airflow/example_dags/example_task_group.py
[2024-05-20T00:52:09.712+0000] {logging_mixin.py:188} INFO - [2024-05-20T00:52:09.711+0000] {dag.py:3096} INFO - Sync 1 DAGs
[2024-05-20T00:52:09.816+0000] {logging_mixin.py:188} INFO - [2024-05-20T00:52:09.815+0000] {dag.py:3954} INFO - Setting next_dagrun for example_task_group to 2024-05-19 00:00:00+00:00, run_after=2024-05-20 00:00:00+00:00
[2024-05-20T00:52:09.846+0000] {processor.py:183} INFO - Processing /home/airflow/.local/lib/python3.12/site-packages/airflow/example_dags/example_task_group.py took 0.574 seconds
[2024-05-20T00:52:39.967+0000] {processor.py:161} INFO - Started process (PID=532) to work on /home/airflow/.local/lib/python3.12/site-packages/airflow/example_dags/example_task_group.py
[2024-05-20T00:52:39.968+0000] {processor.py:830} INFO - Processing file /home/airflow/.local/lib/python3.12/site-packages/airflow/example_dags/example_task_group.py for tasks to queue
[2024-05-20T00:52:39.970+0000] {logging_mixin.py:188} INFO - [2024-05-20T00:52:39.969+0000] {dagbag.py:545} INFO - Filling up the DagBag from /home/airflow/.local/lib/python3.12/site-packages/airflow/example_dags/example_task_group.py
[2024-05-20T00:52:39.978+0000] {processor.py:840} INFO - DAG(s) 'example_task_group' retrieved from /home/airflow/.local/lib/python3.12/site-packages/airflow/example_dags/example_task_group.py
[2024-05-20T00:52:40.017+0000] {logging_mixin.py:188} INFO - [2024-05-20T00:52:40.017+0000] {dag.py:3096} INFO - Sync 1 DAGs
[2024-05-20T00:52:40.050+0000] {logging_mixin.py:188} INFO - [2024-05-20T00:52:40.050+0000] {dag.py:3954} INFO - Setting next_dagrun for example_task_group to 2024-05-19 00:00:00+00:00, run_after=2024-05-20 00:00:00+00:00
[2024-05-20T00:52:40.092+0000] {processor.py:183} INFO - Processing /home/airflow/.local/lib/python3.12/site-packages/airflow/example_dags/example_task_group.py took 0.132 seconds
[2024-05-20T00:53:50.057+0000] {processor.py:161} INFO - Started process (PID=609) to work on /home/airflow/.local/lib/python3.12/site-packages/airflow/example_dags/example_task_group.py
[2024-05-20T00:53:50.059+0000] {processor.py:830} INFO - Processing file /home/airflow/.local/lib/python3.12/site-packages/airflow/example_dags/example_task_group.py for tasks to queue
[2024-05-20T00:53:50.063+0000] {logging_mixin.py:188} INFO - [2024-05-20T00:53:50.062+0000] {dagbag.py:545} INFO - Filling up the DagBag from /home/airflow/.local/lib/python3.12/site-packages/airflow/example_dags/example_task_group.py
[2024-05-20T00:53:50.088+0000] {processor.py:840} INFO - DAG(s) 'example_task_group' retrieved from /home/airflow/.local/lib/python3.12/site-packages/airflow/example_dags/example_task_group.py
[2024-05-20T00:53:50.137+0000] {logging_mixin.py:188} INFO - [2024-05-20T00:53:50.137+0000] {dag.py:3096} INFO - Sync 1 DAGs
[2024-05-20T00:53:50.210+0000] {logging_mixin.py:188} INFO - [2024-05-20T00:53:50.210+0000] {dag.py:3954} INFO - Setting next_dagrun for example_task_group to 2024-05-19 00:00:00+00:00, run_after=2024-05-20 00:00:00+00:00
[2024-05-20T00:53:50.247+0000] {processor.py:183} INFO - Processing /home/airflow/.local/lib/python3.12/site-packages/airflow/example_dags/example_task_group.py took 0.197 seconds
[2024-05-20T00:54:20.864+0000] {processor.py:161} INFO - Started process (PID=668) to work on /home/airflow/.local/lib/python3.12/site-packages/airflow/example_dags/example_task_group.py
[2024-05-20T00:54:20.865+0000] {processor.py:830} INFO - Processing file /home/airflow/.local/lib/python3.12/site-packages/airflow/example_dags/example_task_group.py for tasks to queue
[2024-05-20T00:54:20.868+0000] {logging_mixin.py:188} INFO - [2024-05-20T00:54:20.868+0000] {dagbag.py:545} INFO - Filling up the DagBag from /home/airflow/.local/lib/python3.12/site-packages/airflow/example_dags/example_task_group.py
[2024-05-20T00:54:20.878+0000] {processor.py:840} INFO - DAG(s) 'example_task_group' retrieved from /home/airflow/.local/lib/python3.12/site-packages/airflow/example_dags/example_task_group.py
[2024-05-20T00:54:20.901+0000] {logging_mixin.py:188} INFO - [2024-05-20T00:54:20.900+0000] {dag.py:3096} INFO - Sync 1 DAGs
[2024-05-20T00:54:20.921+0000] {logging_mixin.py:188} INFO - [2024-05-20T00:54:20.920+0000] {dag.py:3954} INFO - Setting next_dagrun for example_task_group to 2024-05-19 00:00:00+00:00, run_after=2024-05-20 00:00:00+00:00
[2024-05-20T00:54:20.933+0000] {processor.py:183} INFO - Processing /home/airflow/.local/lib/python3.12/site-packages/airflow/example_dags/example_task_group.py took 0.074 seconds
[2024-05-20T00:54:51.131+0000] {processor.py:161} INFO - Started process (PID=728) to work on /home/airflow/.local/lib/python3.12/site-packages/airflow/example_dags/example_task_group.py
[2024-05-20T00:54:51.132+0000] {processor.py:830} INFO - Processing file /home/airflow/.local/lib/python3.12/site-packages/airflow/example_dags/example_task_group.py for tasks to queue
[2024-05-20T00:54:51.134+0000] {logging_mixin.py:188} INFO - [2024-05-20T00:54:51.134+0000] {dagbag.py:545} INFO - Filling up the DagBag from /home/airflow/.local/lib/python3.12/site-packages/airflow/example_dags/example_task_group.py
[2024-05-20T00:54:51.142+0000] {processor.py:840} INFO - DAG(s) 'example_task_group' retrieved from /home/airflow/.local/lib/python3.12/site-packages/airflow/example_dags/example_task_group.py
[2024-05-20T00:54:51.181+0000] {logging_mixin.py:188} INFO - [2024-05-20T00:54:51.181+0000] {dag.py:3096} INFO - Sync 1 DAGs
[2024-05-20T00:54:51.210+0000] {logging_mixin.py:188} INFO - [2024-05-20T00:54:51.210+0000] {dag.py:3954} INFO - Setting next_dagrun for example_task_group to 2024-05-19 00:00:00+00:00, run_after=2024-05-20 00:00:00+00:00
[2024-05-20T00:54:51.229+0000] {processor.py:183} INFO - Processing /home/airflow/.local/lib/python3.12/site-packages/airflow/example_dags/example_task_group.py took 0.103 seconds
[2024-05-20T00:55:41.730+0000] {processor.py:161} INFO - Started process (PID=787) to work on /home/airflow/.local/lib/python3.12/site-packages/airflow/example_dags/example_task_group.py
[2024-05-20T00:55:41.733+0000] {processor.py:830} INFO - Processing file /home/airflow/.local/lib/python3.12/site-packages/airflow/example_dags/example_task_group.py for tasks to queue
[2024-05-20T00:55:41.747+0000] {logging_mixin.py:188} INFO - [2024-05-20T00:55:41.745+0000] {dagbag.py:545} INFO - Filling up the DagBag from /home/airflow/.local/lib/python3.12/site-packages/airflow/example_dags/example_task_group.py
[2024-05-20T00:55:41.831+0000] {processor.py:840} INFO - DAG(s) 'example_task_group' retrieved from /home/airflow/.local/lib/python3.12/site-packages/airflow/example_dags/example_task_group.py
[2024-05-20T00:55:41.902+0000] {logging_mixin.py:188} INFO - [2024-05-20T00:55:41.901+0000] {dag.py:3096} INFO - Sync 1 DAGs
[2024-05-20T00:55:41.960+0000] {logging_mixin.py:188} INFO - [2024-05-20T00:55:41.960+0000] {dag.py:3954} INFO - Setting next_dagrun for example_task_group to 2024-05-19 00:00:00+00:00, run_after=2024-05-20 00:00:00+00:00
[2024-05-20T00:55:42.035+0000] {processor.py:183} INFO - Processing /home/airflow/.local/lib/python3.12/site-packages/airflow/example_dags/example_task_group.py took 0.320 seconds
[2024-05-20T00:56:14.103+0000] {processor.py:161} INFO - Started process (PID=843) to work on /home/airflow/.local/lib/python3.12/site-packages/airflow/example_dags/example_task_group.py
[2024-05-20T00:56:14.105+0000] {processor.py:830} INFO - Processing file /home/airflow/.local/lib/python3.12/site-packages/airflow/example_dags/example_task_group.py for tasks to queue
[2024-05-20T00:56:14.112+0000] {logging_mixin.py:188} INFO - [2024-05-20T00:56:14.111+0000] {dagbag.py:545} INFO - Filling up the DagBag from /home/airflow/.local/lib/python3.12/site-packages/airflow/example_dags/example_task_group.py
[2024-05-20T00:56:14.126+0000] {processor.py:840} INFO - DAG(s) 'example_task_group' retrieved from /home/airflow/.local/lib/python3.12/site-packages/airflow/example_dags/example_task_group.py
[2024-05-20T00:56:14.167+0000] {logging_mixin.py:188} INFO - [2024-05-20T00:56:14.167+0000] {dag.py:3096} INFO - Sync 1 DAGs
[2024-05-20T00:56:14.226+0000] {logging_mixin.py:188} INFO - [2024-05-20T00:56:14.226+0000] {dag.py:3954} INFO - Setting next_dagrun for example_task_group to 2024-05-19 00:00:00+00:00, run_after=2024-05-20 00:00:00+00:00
[2024-05-20T00:56:14.285+0000] {processor.py:183} INFO - Processing /home/airflow/.local/lib/python3.12/site-packages/airflow/example_dags/example_task_group.py took 0.193 seconds
[2024-05-20T00:56:45.240+0000] {processor.py:161} INFO - Started process (PID=903) to work on /home/airflow/.local/lib/python3.12/site-packages/airflow/example_dags/example_task_group.py
[2024-05-20T00:56:45.243+0000] {processor.py:830} INFO - Processing file /home/airflow/.local/lib/python3.12/site-packages/airflow/example_dags/example_task_group.py for tasks to queue
[2024-05-20T00:56:45.246+0000] {logging_mixin.py:188} INFO - [2024-05-20T00:56:45.246+0000] {dagbag.py:545} INFO - Filling up the DagBag from /home/airflow/.local/lib/python3.12/site-packages/airflow/example_dags/example_task_group.py
[2024-05-20T00:56:45.262+0000] {processor.py:840} INFO - DAG(s) 'example_task_group' retrieved from /home/airflow/.local/lib/python3.12/site-packages/airflow/example_dags/example_task_group.py
[2024-05-20T00:56:45.290+0000] {logging_mixin.py:188} INFO - [2024-05-20T00:56:45.289+0000] {dag.py:3096} INFO - Sync 1 DAGs
[2024-05-20T00:56:45.314+0000] {logging_mixin.py:188} INFO - [2024-05-20T00:56:45.314+0000] {dag.py:3954} INFO - Setting next_dagrun for example_task_group to 2024-05-19 00:00:00+00:00, run_after=2024-05-20 00:00:00+00:00
[2024-05-20T00:56:45.332+0000] {processor.py:183} INFO - Processing /home/airflow/.local/lib/python3.12/site-packages/airflow/example_dags/example_task_group.py took 0.107 seconds
[2024-05-20T00:57:46.049+0000] {processor.py:161} INFO - Started process (PID=959) to work on /home/airflow/.local/lib/python3.12/site-packages/airflow/example_dags/example_task_group.py
[2024-05-20T00:57:46.057+0000] {processor.py:830} INFO - Processing file /home/airflow/.local/lib/python3.12/site-packages/airflow/example_dags/example_task_group.py for tasks to queue
[2024-05-20T00:57:46.099+0000] {logging_mixin.py:188} INFO - [2024-05-20T00:57:46.085+0000] {dagbag.py:545} INFO - Filling up the DagBag from /home/airflow/.local/lib/python3.12/site-packages/airflow/example_dags/example_task_group.py
[2024-05-20T00:57:46.212+0000] {processor.py:840} INFO - DAG(s) 'example_task_group' retrieved from /home/airflow/.local/lib/python3.12/site-packages/airflow/example_dags/example_task_group.py
[2024-05-20T00:57:46.365+0000] {logging_mixin.py:188} INFO - [2024-05-20T00:57:46.364+0000] {dag.py:3096} INFO - Sync 1 DAGs
[2024-05-20T00:57:46.577+0000] {logging_mixin.py:188} INFO - [2024-05-20T00:57:46.572+0000] {dag.py:3954} INFO - Setting next_dagrun for example_task_group to 2024-05-19 00:00:00+00:00, run_after=2024-05-20 00:00:00+00:00
[2024-05-20T00:57:46.753+0000] {processor.py:183} INFO - Processing /home/airflow/.local/lib/python3.12/site-packages/airflow/example_dags/example_task_group.py took 0.740 seconds
[2024-05-20T00:58:16.914+0000] {processor.py:161} INFO - Started process (PID=1019) to work on /home/airflow/.local/lib/python3.12/site-packages/airflow/example_dags/example_task_group.py
[2024-05-20T00:58:16.919+0000] {processor.py:830} INFO - Processing file /home/airflow/.local/lib/python3.12/site-packages/airflow/example_dags/example_task_group.py for tasks to queue
[2024-05-20T00:58:16.925+0000] {logging_mixin.py:188} INFO - [2024-05-20T00:58:16.924+0000] {dagbag.py:545} INFO - Filling up the DagBag from /home/airflow/.local/lib/python3.12/site-packages/airflow/example_dags/example_task_group.py
[2024-05-20T00:58:16.948+0000] {processor.py:840} INFO - DAG(s) 'example_task_group' retrieved from /home/airflow/.local/lib/python3.12/site-packages/airflow/example_dags/example_task_group.py
[2024-05-20T00:58:16.999+0000] {logging_mixin.py:188} INFO - [2024-05-20T00:58:16.999+0000] {dag.py:3096} INFO - Sync 1 DAGs
[2024-05-20T00:58:17.029+0000] {logging_mixin.py:188} INFO - [2024-05-20T00:58:17.028+0000] {dag.py:3954} INFO - Setting next_dagrun for example_task_group to 2024-05-19 00:00:00+00:00, run_after=2024-05-20 00:00:00+00:00
[2024-05-20T00:58:17.051+0000] {processor.py:183} INFO - Processing /home/airflow/.local/lib/python3.12/site-packages/airflow/example_dags/example_task_group.py took 0.150 seconds
[2024-05-20T00:58:47.725+0000] {processor.py:161} INFO - Started process (PID=1078) to work on /home/airflow/.local/lib/python3.12/site-packages/airflow/example_dags/example_task_group.py
[2024-05-20T00:58:47.728+0000] {processor.py:830} INFO - Processing file /home/airflow/.local/lib/python3.12/site-packages/airflow/example_dags/example_task_group.py for tasks to queue
[2024-05-20T00:58:47.747+0000] {logging_mixin.py:188} INFO - [2024-05-20T00:58:47.734+0000] {dagbag.py:545} INFO - Filling up the DagBag from /home/airflow/.local/lib/python3.12/site-packages/airflow/example_dags/example_task_group.py
[2024-05-20T00:58:47.792+0000] {processor.py:840} INFO - DAG(s) 'example_task_group' retrieved from /home/airflow/.local/lib/python3.12/site-packages/airflow/example_dags/example_task_group.py
[2024-05-20T00:58:47.897+0000] {logging_mixin.py:188} INFO - [2024-05-20T00:58:47.884+0000] {dag.py:3096} INFO - Sync 1 DAGs
[2024-05-20T00:58:48.012+0000] {logging_mixin.py:188} INFO - [2024-05-20T00:58:48.012+0000] {dag.py:3954} INFO - Setting next_dagrun for example_task_group to 2024-05-19 00:00:00+00:00, run_after=2024-05-20 00:00:00+00:00
[2024-05-20T00:58:48.124+0000] {processor.py:183} INFO - Processing /home/airflow/.local/lib/python3.12/site-packages/airflow/example_dags/example_task_group.py took 0.424 seconds
[2024-05-20T00:59:18.456+0000] {processor.py:161} INFO - Started process (PID=1137) to work on /home/airflow/.local/lib/python3.12/site-packages/airflow/example_dags/example_task_group.py
[2024-05-20T00:59:18.463+0000] {processor.py:830} INFO - Processing file /home/airflow/.local/lib/python3.12/site-packages/airflow/example_dags/example_task_group.py for tasks to queue
[2024-05-20T00:59:18.468+0000] {logging_mixin.py:188} INFO - [2024-05-20T00:59:18.468+0000] {dagbag.py:545} INFO - Filling up the DagBag from /home/airflow/.local/lib/python3.12/site-packages/airflow/example_dags/example_task_group.py
[2024-05-20T00:59:18.476+0000] {processor.py:840} INFO - DAG(s) 'example_task_group' retrieved from /home/airflow/.local/lib/python3.12/site-packages/airflow/example_dags/example_task_group.py
[2024-05-20T00:59:18.516+0000] {logging_mixin.py:188} INFO - [2024-05-20T00:59:18.516+0000] {dag.py:3096} INFO - Sync 1 DAGs
[2024-05-20T00:59:18.555+0000] {logging_mixin.py:188} INFO - [2024-05-20T00:59:18.554+0000] {dag.py:3954} INFO - Setting next_dagrun for example_task_group to 2024-05-19 00:00:00+00:00, run_after=2024-05-20 00:00:00+00:00
[2024-05-20T00:59:18.597+0000] {processor.py:183} INFO - Processing /home/airflow/.local/lib/python3.12/site-packages/airflow/example_dags/example_task_group.py took 0.159 seconds
[2024-05-20T00:59:49.893+0000] {processor.py:161} INFO - Started process (PID=1197) to work on /home/airflow/.local/lib/python3.12/site-packages/airflow/example_dags/example_task_group.py
[2024-05-20T00:59:49.937+0000] {processor.py:830} INFO - Processing file /home/airflow/.local/lib/python3.12/site-packages/airflow/example_dags/example_task_group.py for tasks to queue
[2024-05-20T00:59:49.992+0000] {logging_mixin.py:188} INFO - [2024-05-20T00:59:49.986+0000] {dagbag.py:545} INFO - Filling up the DagBag from /home/airflow/.local/lib/python3.12/site-packages/airflow/example_dags/example_task_group.py
[2024-05-20T00:59:50.306+0000] {processor.py:840} INFO - DAG(s) 'example_task_group' retrieved from /home/airflow/.local/lib/python3.12/site-packages/airflow/example_dags/example_task_group.py
[2024-05-20T00:59:51.450+0000] {logging_mixin.py:188} INFO - [2024-05-20T00:59:51.445+0000] {dag.py:3096} INFO - Sync 1 DAGs
[2024-05-20T00:59:51.899+0000] {logging_mixin.py:188} INFO - [2024-05-20T00:59:51.893+0000] {dag.py:3954} INFO - Setting next_dagrun for example_task_group to 2024-05-19 00:00:00+00:00, run_after=2024-05-20 00:00:00+00:00
[2024-05-20T00:59:52.480+0000] {processor.py:183} INFO - Processing /home/airflow/.local/lib/python3.12/site-packages/airflow/example_dags/example_task_group.py took 3.023 seconds
[2024-05-20T01:00:25.095+0000] {processor.py:161} INFO - Started process (PID=1257) to work on /home/airflow/.local/lib/python3.12/site-packages/airflow/example_dags/example_task_group.py
[2024-05-20T01:00:25.097+0000] {processor.py:830} INFO - Processing file /home/airflow/.local/lib/python3.12/site-packages/airflow/example_dags/example_task_group.py for tasks to queue
[2024-05-20T01:00:25.104+0000] {logging_mixin.py:188} INFO - [2024-05-20T01:00:25.103+0000] {dagbag.py:545} INFO - Filling up the DagBag from /home/airflow/.local/lib/python3.12/site-packages/airflow/example_dags/example_task_group.py
[2024-05-20T01:00:25.139+0000] {processor.py:840} INFO - DAG(s) 'example_task_group' retrieved from /home/airflow/.local/lib/python3.12/site-packages/airflow/example_dags/example_task_group.py
[2024-05-20T01:00:25.279+0000] {logging_mixin.py:188} INFO - [2024-05-20T01:00:25.279+0000] {dag.py:3096} INFO - Sync 1 DAGs
[2024-05-20T01:00:25.382+0000] {logging_mixin.py:188} INFO - [2024-05-20T01:00:25.381+0000] {dag.py:3954} INFO - Setting next_dagrun for example_task_group to 2024-05-19 00:00:00+00:00, run_after=2024-05-20 00:00:00+00:00
[2024-05-20T01:00:25.432+0000] {processor.py:183} INFO - Processing /home/airflow/.local/lib/python3.12/site-packages/airflow/example_dags/example_task_group.py took 0.353 seconds
[2024-05-20T01:00:58.804+0000] {processor.py:161} INFO - Started process (PID=1310) to work on /home/airflow/.local/lib/python3.12/site-packages/airflow/example_dags/example_task_group.py
[2024-05-20T01:00:58.806+0000] {processor.py:830} INFO - Processing file /home/airflow/.local/lib/python3.12/site-packages/airflow/example_dags/example_task_group.py for tasks to queue
[2024-05-20T01:00:58.814+0000] {logging_mixin.py:188} INFO - [2024-05-20T01:00:58.813+0000] {dagbag.py:545} INFO - Filling up the DagBag from /home/airflow/.local/lib/python3.12/site-packages/airflow/example_dags/example_task_group.py
[2024-05-20T01:00:58.853+0000] {processor.py:840} INFO - DAG(s) 'example_task_group' retrieved from /home/airflow/.local/lib/python3.12/site-packages/airflow/example_dags/example_task_group.py
[2024-05-20T01:00:58.922+0000] {logging_mixin.py:188} INFO - [2024-05-20T01:00:58.922+0000] {dag.py:3096} INFO - Sync 1 DAGs
[2024-05-20T01:00:59.010+0000] {logging_mixin.py:188} INFO - [2024-05-20T01:00:59.009+0000] {dag.py:3954} INFO - Setting next_dagrun for example_task_group to 2024-05-19 00:00:00+00:00, run_after=2024-05-20 00:00:00+00:00
[2024-05-20T01:00:59.061+0000] {processor.py:183} INFO - Processing /home/airflow/.local/lib/python3.12/site-packages/airflow/example_dags/example_task_group.py took 0.271 seconds
[2024-05-20T01:01:29.578+0000] {processor.py:161} INFO - Started process (PID=1370) to work on /home/airflow/.local/lib/python3.12/site-packages/airflow/example_dags/example_task_group.py
[2024-05-20T01:01:29.581+0000] {processor.py:830} INFO - Processing file /home/airflow/.local/lib/python3.12/site-packages/airflow/example_dags/example_task_group.py for tasks to queue
[2024-05-20T01:01:29.585+0000] {logging_mixin.py:188} INFO - [2024-05-20T01:01:29.584+0000] {dagbag.py:545} INFO - Filling up the DagBag from /home/airflow/.local/lib/python3.12/site-packages/airflow/example_dags/example_task_group.py
[2024-05-20T01:01:29.596+0000] {processor.py:840} INFO - DAG(s) 'example_task_group' retrieved from /home/airflow/.local/lib/python3.12/site-packages/airflow/example_dags/example_task_group.py
[2024-05-20T01:01:29.624+0000] {logging_mixin.py:188} INFO - [2024-05-20T01:01:29.624+0000] {dag.py:3096} INFO - Sync 1 DAGs
[2024-05-20T01:01:29.649+0000] {logging_mixin.py:188} INFO - [2024-05-20T01:01:29.649+0000] {dag.py:3954} INFO - Setting next_dagrun for example_task_group to 2024-05-19 00:00:00+00:00, run_after=2024-05-20 00:00:00+00:00
[2024-05-20T01:01:29.672+0000] {processor.py:183} INFO - Processing /home/airflow/.local/lib/python3.12/site-packages/airflow/example_dags/example_task_group.py took 0.103 seconds
[2024-05-20T01:01:59.750+0000] {processor.py:161} INFO - Started process (PID=1430) to work on /home/airflow/.local/lib/python3.12/site-packages/airflow/example_dags/example_task_group.py
[2024-05-20T01:01:59.751+0000] {processor.py:830} INFO - Processing file /home/airflow/.local/lib/python3.12/site-packages/airflow/example_dags/example_task_group.py for tasks to queue
[2024-05-20T01:01:59.752+0000] {logging_mixin.py:188} INFO - [2024-05-20T01:01:59.752+0000] {dagbag.py:545} INFO - Filling up the DagBag from /home/airflow/.local/lib/python3.12/site-packages/airflow/example_dags/example_task_group.py
[2024-05-20T01:01:59.758+0000] {processor.py:840} INFO - DAG(s) 'example_task_group' retrieved from /home/airflow/.local/lib/python3.12/site-packages/airflow/example_dags/example_task_group.py
[2024-05-20T01:01:59.775+0000] {logging_mixin.py:188} INFO - [2024-05-20T01:01:59.775+0000] {dag.py:3096} INFO - Sync 1 DAGs
[2024-05-20T01:01:59.791+0000] {logging_mixin.py:188} INFO - [2024-05-20T01:01:59.791+0000] {dag.py:3954} INFO - Setting next_dagrun for example_task_group to 2024-05-19 00:00:00+00:00, run_after=2024-05-20 00:00:00+00:00
[2024-05-20T01:01:59.803+0000] {processor.py:183} INFO - Processing /home/airflow/.local/lib/python3.12/site-packages/airflow/example_dags/example_task_group.py took 0.057 seconds
[2024-05-20T01:02:31.410+0000] {processor.py:161} INFO - Started process (PID=1496) to work on /home/airflow/.local/lib/python3.12/site-packages/airflow/example_dags/example_task_group.py
[2024-05-20T01:02:31.416+0000] {processor.py:830} INFO - Processing file /home/airflow/.local/lib/python3.12/site-packages/airflow/example_dags/example_task_group.py for tasks to queue
[2024-05-20T01:02:31.440+0000] {logging_mixin.py:188} INFO - [2024-05-20T01:02:31.436+0000] {dagbag.py:545} INFO - Filling up the DagBag from /home/airflow/.local/lib/python3.12/site-packages/airflow/example_dags/example_task_group.py
[2024-05-20T01:02:31.548+0000] {processor.py:840} INFO - DAG(s) 'example_task_group' retrieved from /home/airflow/.local/lib/python3.12/site-packages/airflow/example_dags/example_task_group.py
[2024-05-20T01:02:31.789+0000] {logging_mixin.py:188} INFO - [2024-05-20T01:02:31.785+0000] {dag.py:3096} INFO - Sync 1 DAGs
[2024-05-20T01:02:32.076+0000] {logging_mixin.py:188} INFO - [2024-05-20T01:02:32.074+0000] {dag.py:3954} INFO - Setting next_dagrun for example_task_group to 2024-05-19 00:00:00+00:00, run_after=2024-05-20 00:00:00+00:00
[2024-05-20T01:02:32.219+0000] {processor.py:183} INFO - Processing /home/airflow/.local/lib/python3.12/site-packages/airflow/example_dags/example_task_group.py took 0.882 seconds
[2024-05-20T01:03:24.170+0000] {processor.py:161} INFO - Started process (PID=1556) to work on /home/airflow/.local/lib/python3.12/site-packages/airflow/example_dags/example_task_group.py
[2024-05-20T01:03:24.175+0000] {processor.py:830} INFO - Processing file /home/airflow/.local/lib/python3.12/site-packages/airflow/example_dags/example_task_group.py for tasks to queue
[2024-05-20T01:03:24.192+0000] {logging_mixin.py:188} INFO - [2024-05-20T01:03:24.190+0000] {dagbag.py:545} INFO - Filling up the DagBag from /home/airflow/.local/lib/python3.12/site-packages/airflow/example_dags/example_task_group.py
[2024-05-20T01:03:24.231+0000] {processor.py:840} INFO - DAG(s) 'example_task_group' retrieved from /home/airflow/.local/lib/python3.12/site-packages/airflow/example_dags/example_task_group.py
[2024-05-20T01:03:24.305+0000] {logging_mixin.py:188} INFO - [2024-05-20T01:03:24.304+0000] {dag.py:3096} INFO - Sync 1 DAGs
[2024-05-20T01:03:24.369+0000] {logging_mixin.py:188} INFO - [2024-05-20T01:03:24.369+0000] {dag.py:3954} INFO - Setting next_dagrun for example_task_group to 2024-05-19 00:00:00+00:00, run_after=2024-05-20 00:00:00+00:00
[2024-05-20T01:03:24.426+0000] {processor.py:183} INFO - Processing /home/airflow/.local/lib/python3.12/site-packages/airflow/example_dags/example_task_group.py took 0.270 seconds
