[2024-05-20T00:48:45.127+0000] {processor.py:161} INFO - Started process (PID=77) to work on /home/airflow/.local/lib/python3.12/site-packages/airflow/example_dags/example_python_operator.py
[2024-05-20T00:48:45.134+0000] {processor.py:830} INFO - Processing file /home/airflow/.local/lib/python3.12/site-packages/airflow/example_dags/example_python_operator.py for tasks to queue
[2024-05-20T00:48:45.140+0000] {logging_mixin.py:188} INFO - [2024-05-20T00:48:45.139+0000] {dagbag.py:545} INFO - Filling up the DagBag from /home/airflow/.local/lib/python3.12/site-packages/airflow/example_dags/example_python_operator.py
[2024-05-20T00:48:45.172+0000] {processor.py:840} INFO - DAG(s) 'example_python_operator' retrieved from /home/airflow/.local/lib/python3.12/site-packages/airflow/example_dags/example_python_operator.py
[2024-05-20T00:48:46.028+0000] {logging_mixin.py:188} INFO - [2024-05-20T00:48:46.027+0000] {dag.py:3096} INFO - Sync 1 DAGs
[2024-05-20T00:48:46.067+0000] {logging_mixin.py:188} INFO - [2024-05-20T00:48:46.066+0000] {dag.py:3954} INFO - Setting next_dagrun for example_python_operator to None, run_after=None
[2024-05-20T00:48:46.145+0000] {processor.py:183} INFO - Processing /home/airflow/.local/lib/python3.12/site-packages/airflow/example_dags/example_python_operator.py took 1.033 seconds
[2024-05-20T00:49:16.460+0000] {processor.py:161} INFO - Started process (PID=136) to work on /home/airflow/.local/lib/python3.12/site-packages/airflow/example_dags/example_python_operator.py
[2024-05-20T00:49:16.462+0000] {processor.py:830} INFO - Processing file /home/airflow/.local/lib/python3.12/site-packages/airflow/example_dags/example_python_operator.py for tasks to queue
[2024-05-20T00:49:16.464+0000] {logging_mixin.py:188} INFO - [2024-05-20T00:49:16.463+0000] {dagbag.py:545} INFO - Filling up the DagBag from /home/airflow/.local/lib/python3.12/site-packages/airflow/example_dags/example_python_operator.py
[2024-05-20T00:49:16.493+0000] {processor.py:840} INFO - DAG(s) 'example_python_operator' retrieved from /home/airflow/.local/lib/python3.12/site-packages/airflow/example_dags/example_python_operator.py
[2024-05-20T00:49:16.525+0000] {logging_mixin.py:188} INFO - [2024-05-20T00:49:16.524+0000] {dag.py:3096} INFO - Sync 1 DAGs
[2024-05-20T00:49:16.539+0000] {logging_mixin.py:188} INFO - [2024-05-20T00:49:16.539+0000] {dag.py:3954} INFO - Setting next_dagrun for example_python_operator to None, run_after=None
[2024-05-20T00:49:16.561+0000] {processor.py:183} INFO - Processing /home/airflow/.local/lib/python3.12/site-packages/airflow/example_dags/example_python_operator.py took 0.108 seconds
[2024-05-20T00:49:49.757+0000] {processor.py:161} INFO - Started process (PID=195) to work on /home/airflow/.local/lib/python3.12/site-packages/airflow/example_dags/example_python_operator.py
[2024-05-20T00:49:49.777+0000] {processor.py:830} INFO - Processing file /home/airflow/.local/lib/python3.12/site-packages/airflow/example_dags/example_python_operator.py for tasks to queue
[2024-05-20T00:49:49.791+0000] {logging_mixin.py:188} INFO - [2024-05-20T00:49:49.790+0000] {dagbag.py:545} INFO - Filling up the DagBag from /home/airflow/.local/lib/python3.12/site-packages/airflow/example_dags/example_python_operator.py
[2024-05-20T00:49:49.941+0000] {processor.py:840} INFO - DAG(s) 'example_python_operator' retrieved from /home/airflow/.local/lib/python3.12/site-packages/airflow/example_dags/example_python_operator.py
[2024-05-20T00:49:50.085+0000] {logging_mixin.py:188} INFO - [2024-05-20T00:49:50.081+0000] {dag.py:3096} INFO - Sync 1 DAGs
[2024-05-20T00:49:50.133+0000] {logging_mixin.py:188} INFO - [2024-05-20T00:49:50.124+0000] {dag.py:3954} INFO - Setting next_dagrun for example_python_operator to None, run_after=None
[2024-05-20T00:49:50.244+0000] {processor.py:183} INFO - Processing /home/airflow/.local/lib/python3.12/site-packages/airflow/example_dags/example_python_operator.py took 0.510 seconds
[2024-05-20T00:50:20.296+0000] {processor.py:161} INFO - Started process (PID=255) to work on /home/airflow/.local/lib/python3.12/site-packages/airflow/example_dags/example_python_operator.py
[2024-05-20T00:50:20.299+0000] {processor.py:830} INFO - Processing file /home/airflow/.local/lib/python3.12/site-packages/airflow/example_dags/example_python_operator.py for tasks to queue
[2024-05-20T00:50:20.300+0000] {logging_mixin.py:188} INFO - [2024-05-20T00:50:20.300+0000] {dagbag.py:545} INFO - Filling up the DagBag from /home/airflow/.local/lib/python3.12/site-packages/airflow/example_dags/example_python_operator.py
[2024-05-20T00:50:20.312+0000] {processor.py:840} INFO - DAG(s) 'example_python_operator' retrieved from /home/airflow/.local/lib/python3.12/site-packages/airflow/example_dags/example_python_operator.py
[2024-05-20T00:50:20.335+0000] {logging_mixin.py:188} INFO - [2024-05-20T00:50:20.335+0000] {dag.py:3096} INFO - Sync 1 DAGs
[2024-05-20T00:50:20.362+0000] {logging_mixin.py:188} INFO - [2024-05-20T00:50:20.361+0000] {dag.py:3954} INFO - Setting next_dagrun for example_python_operator to None, run_after=None
[2024-05-20T00:50:20.389+0000] {processor.py:183} INFO - Processing /home/airflow/.local/lib/python3.12/site-packages/airflow/example_dags/example_python_operator.py took 0.099 seconds
[2024-05-20T00:50:50.889+0000] {processor.py:161} INFO - Started process (PID=314) to work on /home/airflow/.local/lib/python3.12/site-packages/airflow/example_dags/example_python_operator.py
[2024-05-20T00:50:50.892+0000] {processor.py:830} INFO - Processing file /home/airflow/.local/lib/python3.12/site-packages/airflow/example_dags/example_python_operator.py for tasks to queue
[2024-05-20T00:50:50.895+0000] {logging_mixin.py:188} INFO - [2024-05-20T00:50:50.895+0000] {dagbag.py:545} INFO - Filling up the DagBag from /home/airflow/.local/lib/python3.12/site-packages/airflow/example_dags/example_python_operator.py
[2024-05-20T00:50:50.961+0000] {processor.py:840} INFO - DAG(s) 'example_python_operator' retrieved from /home/airflow/.local/lib/python3.12/site-packages/airflow/example_dags/example_python_operator.py
[2024-05-20T00:50:51.106+0000] {logging_mixin.py:188} INFO - [2024-05-20T00:50:51.104+0000] {dag.py:3096} INFO - Sync 1 DAGs
[2024-05-20T00:50:51.225+0000] {logging_mixin.py:188} INFO - [2024-05-20T00:50:51.223+0000] {dag.py:3954} INFO - Setting next_dagrun for example_python_operator to None, run_after=None
[2024-05-20T00:50:51.353+0000] {processor.py:183} INFO - Processing /home/airflow/.local/lib/python3.12/site-packages/airflow/example_dags/example_python_operator.py took 0.495 seconds
[2024-05-20T00:51:22.152+0000] {processor.py:161} INFO - Started process (PID=374) to work on /home/airflow/.local/lib/python3.12/site-packages/airflow/example_dags/example_python_operator.py
[2024-05-20T00:51:22.161+0000] {processor.py:830} INFO - Processing file /home/airflow/.local/lib/python3.12/site-packages/airflow/example_dags/example_python_operator.py for tasks to queue
[2024-05-20T00:51:22.169+0000] {logging_mixin.py:188} INFO - [2024-05-20T00:51:22.168+0000] {dagbag.py:545} INFO - Filling up the DagBag from /home/airflow/.local/lib/python3.12/site-packages/airflow/example_dags/example_python_operator.py
[2024-05-20T00:51:22.203+0000] {processor.py:840} INFO - DAG(s) 'example_python_operator' retrieved from /home/airflow/.local/lib/python3.12/site-packages/airflow/example_dags/example_python_operator.py
[2024-05-20T00:51:22.243+0000] {logging_mixin.py:188} INFO - [2024-05-20T00:51:22.242+0000] {dag.py:3096} INFO - Sync 1 DAGs
[2024-05-20T00:51:22.264+0000] {logging_mixin.py:188} INFO - [2024-05-20T00:51:22.264+0000] {dag.py:3954} INFO - Setting next_dagrun for example_python_operator to None, run_after=None
[2024-05-20T00:51:22.304+0000] {processor.py:183} INFO - Processing /home/airflow/.local/lib/python3.12/site-packages/airflow/example_dags/example_python_operator.py took 0.171 seconds
[2024-05-20T00:51:52.401+0000] {processor.py:161} INFO - Started process (PID=432) to work on /home/airflow/.local/lib/python3.12/site-packages/airflow/example_dags/example_python_operator.py
[2024-05-20T00:51:52.404+0000] {processor.py:830} INFO - Processing file /home/airflow/.local/lib/python3.12/site-packages/airflow/example_dags/example_python_operator.py for tasks to queue
[2024-05-20T00:51:52.410+0000] {logging_mixin.py:188} INFO - [2024-05-20T00:51:52.409+0000] {dagbag.py:545} INFO - Filling up the DagBag from /home/airflow/.local/lib/python3.12/site-packages/airflow/example_dags/example_python_operator.py
[2024-05-20T00:51:52.465+0000] {processor.py:840} INFO - DAG(s) 'example_python_operator' retrieved from /home/airflow/.local/lib/python3.12/site-packages/airflow/example_dags/example_python_operator.py
[2024-05-20T00:51:52.635+0000] {logging_mixin.py:188} INFO - [2024-05-20T00:51:52.634+0000] {dag.py:3096} INFO - Sync 1 DAGs
[2024-05-20T00:51:52.711+0000] {logging_mixin.py:188} INFO - [2024-05-20T00:51:52.710+0000] {dag.py:3954} INFO - Setting next_dagrun for example_python_operator to None, run_after=None
[2024-05-20T00:51:52.796+0000] {processor.py:183} INFO - Processing /home/airflow/.local/lib/python3.12/site-packages/airflow/example_dags/example_python_operator.py took 0.411 seconds
[2024-05-20T00:52:23.622+0000] {processor.py:161} INFO - Started process (PID=492) to work on /home/airflow/.local/lib/python3.12/site-packages/airflow/example_dags/example_python_operator.py
[2024-05-20T00:52:23.625+0000] {processor.py:830} INFO - Processing file /home/airflow/.local/lib/python3.12/site-packages/airflow/example_dags/example_python_operator.py for tasks to queue
[2024-05-20T00:52:23.628+0000] {logging_mixin.py:188} INFO - [2024-05-20T00:52:23.628+0000] {dagbag.py:545} INFO - Filling up the DagBag from /home/airflow/.local/lib/python3.12/site-packages/airflow/example_dags/example_python_operator.py
[2024-05-20T00:52:23.642+0000] {processor.py:840} INFO - DAG(s) 'example_python_operator' retrieved from /home/airflow/.local/lib/python3.12/site-packages/airflow/example_dags/example_python_operator.py
[2024-05-20T00:52:23.694+0000] {logging_mixin.py:188} INFO - [2024-05-20T00:52:23.693+0000] {dag.py:3096} INFO - Sync 1 DAGs
[2024-05-20T00:52:23.720+0000] {logging_mixin.py:188} INFO - [2024-05-20T00:52:23.720+0000] {dag.py:3954} INFO - Setting next_dagrun for example_python_operator to None, run_after=None
[2024-05-20T00:52:23.762+0000] {processor.py:183} INFO - Processing /home/airflow/.local/lib/python3.12/site-packages/airflow/example_dags/example_python_operator.py took 0.146 seconds
[2024-05-20T00:52:54.259+0000] {processor.py:161} INFO - Started process (PID=552) to work on /home/airflow/.local/lib/python3.12/site-packages/airflow/example_dags/example_python_operator.py
[2024-05-20T00:52:54.261+0000] {processor.py:830} INFO - Processing file /home/airflow/.local/lib/python3.12/site-packages/airflow/example_dags/example_python_operator.py for tasks to queue
[2024-05-20T00:52:54.264+0000] {logging_mixin.py:188} INFO - [2024-05-20T00:52:54.264+0000] {dagbag.py:545} INFO - Filling up the DagBag from /home/airflow/.local/lib/python3.12/site-packages/airflow/example_dags/example_python_operator.py
[2024-05-20T00:52:54.297+0000] {processor.py:840} INFO - DAG(s) 'example_python_operator' retrieved from /home/airflow/.local/lib/python3.12/site-packages/airflow/example_dags/example_python_operator.py
[2024-05-20T00:52:54.369+0000] {logging_mixin.py:188} INFO - [2024-05-20T00:52:54.369+0000] {dag.py:3096} INFO - Sync 1 DAGs
[2024-05-20T00:52:54.412+0000] {logging_mixin.py:188} INFO - [2024-05-20T00:52:54.412+0000] {dag.py:3954} INFO - Setting next_dagrun for example_python_operator to None, run_after=None
[2024-05-20T00:52:54.479+0000] {processor.py:183} INFO - Processing /home/airflow/.local/lib/python3.12/site-packages/airflow/example_dags/example_python_operator.py took 0.248 seconds
[2024-05-20T00:53:51.884+0000] {processor.py:161} INFO - Started process (PID=623) to work on /home/airflow/.local/lib/python3.12/site-packages/airflow/example_dags/example_python_operator.py
[2024-05-20T00:53:51.886+0000] {processor.py:830} INFO - Processing file /home/airflow/.local/lib/python3.12/site-packages/airflow/example_dags/example_python_operator.py for tasks to queue
[2024-05-20T00:53:51.891+0000] {logging_mixin.py:188} INFO - [2024-05-20T00:53:51.890+0000] {dagbag.py:545} INFO - Filling up the DagBag from /home/airflow/.local/lib/python3.12/site-packages/airflow/example_dags/example_python_operator.py
[2024-05-20T00:53:51.952+0000] {processor.py:840} INFO - DAG(s) 'example_python_operator' retrieved from /home/airflow/.local/lib/python3.12/site-packages/airflow/example_dags/example_python_operator.py
[2024-05-20T00:53:52.035+0000] {logging_mixin.py:188} INFO - [2024-05-20T00:53:52.035+0000] {dag.py:3096} INFO - Sync 1 DAGs
[2024-05-20T00:53:52.069+0000] {logging_mixin.py:188} INFO - [2024-05-20T00:53:52.069+0000] {dag.py:3954} INFO - Setting next_dagrun for example_python_operator to None, run_after=None
[2024-05-20T00:53:52.109+0000] {processor.py:183} INFO - Processing /home/airflow/.local/lib/python3.12/site-packages/airflow/example_dags/example_python_operator.py took 0.256 seconds
[2024-05-20T00:54:22.879+0000] {processor.py:161} INFO - Started process (PID=682) to work on /home/airflow/.local/lib/python3.12/site-packages/airflow/example_dags/example_python_operator.py
[2024-05-20T00:54:22.880+0000] {processor.py:830} INFO - Processing file /home/airflow/.local/lib/python3.12/site-packages/airflow/example_dags/example_python_operator.py for tasks to queue
[2024-05-20T00:54:22.885+0000] {logging_mixin.py:188} INFO - [2024-05-20T00:54:22.884+0000] {dagbag.py:545} INFO - Filling up the DagBag from /home/airflow/.local/lib/python3.12/site-packages/airflow/example_dags/example_python_operator.py
[2024-05-20T00:54:22.904+0000] {processor.py:840} INFO - DAG(s) 'example_python_operator' retrieved from /home/airflow/.local/lib/python3.12/site-packages/airflow/example_dags/example_python_operator.py
[2024-05-20T00:54:22.928+0000] {logging_mixin.py:188} INFO - [2024-05-20T00:54:22.928+0000] {dag.py:3096} INFO - Sync 1 DAGs
[2024-05-20T00:54:22.940+0000] {logging_mixin.py:188} INFO - [2024-05-20T00:54:22.940+0000] {dag.py:3954} INFO - Setting next_dagrun for example_python_operator to None, run_after=None
[2024-05-20T00:54:22.965+0000] {processor.py:183} INFO - Processing /home/airflow/.local/lib/python3.12/site-packages/airflow/example_dags/example_python_operator.py took 0.091 seconds
[2024-05-20T00:54:53.123+0000] {processor.py:161} INFO - Started process (PID=742) to work on /home/airflow/.local/lib/python3.12/site-packages/airflow/example_dags/example_python_operator.py
[2024-05-20T00:54:53.124+0000] {processor.py:830} INFO - Processing file /home/airflow/.local/lib/python3.12/site-packages/airflow/example_dags/example_python_operator.py for tasks to queue
[2024-05-20T00:54:53.126+0000] {logging_mixin.py:188} INFO - [2024-05-20T00:54:53.126+0000] {dagbag.py:545} INFO - Filling up the DagBag from /home/airflow/.local/lib/python3.12/site-packages/airflow/example_dags/example_python_operator.py
[2024-05-20T00:54:53.141+0000] {processor.py:840} INFO - DAG(s) 'example_python_operator' retrieved from /home/airflow/.local/lib/python3.12/site-packages/airflow/example_dags/example_python_operator.py
[2024-05-20T00:54:53.163+0000] {logging_mixin.py:188} INFO - [2024-05-20T00:54:53.163+0000] {dag.py:3096} INFO - Sync 1 DAGs
[2024-05-20T00:54:53.175+0000] {logging_mixin.py:188} INFO - [2024-05-20T00:54:53.175+0000] {dag.py:3954} INFO - Setting next_dagrun for example_python_operator to None, run_after=None
[2024-05-20T00:54:53.189+0000] {processor.py:183} INFO - Processing /home/airflow/.local/lib/python3.12/site-packages/airflow/example_dags/example_python_operator.py took 0.076 seconds
[2024-05-20T00:55:43.694+0000] {processor.py:161} INFO - Started process (PID=801) to work on /home/airflow/.local/lib/python3.12/site-packages/airflow/example_dags/example_python_operator.py
[2024-05-20T00:55:43.695+0000] {processor.py:830} INFO - Processing file /home/airflow/.local/lib/python3.12/site-packages/airflow/example_dags/example_python_operator.py for tasks to queue
[2024-05-20T00:55:43.699+0000] {logging_mixin.py:188} INFO - [2024-05-20T00:55:43.698+0000] {dagbag.py:545} INFO - Filling up the DagBag from /home/airflow/.local/lib/python3.12/site-packages/airflow/example_dags/example_python_operator.py
[2024-05-20T00:55:43.713+0000] {processor.py:840} INFO - DAG(s) 'example_python_operator' retrieved from /home/airflow/.local/lib/python3.12/site-packages/airflow/example_dags/example_python_operator.py
[2024-05-20T00:55:43.742+0000] {logging_mixin.py:188} INFO - [2024-05-20T00:55:43.742+0000] {dag.py:3096} INFO - Sync 1 DAGs
[2024-05-20T00:55:43.756+0000] {logging_mixin.py:188} INFO - [2024-05-20T00:55:43.755+0000] {dag.py:3954} INFO - Setting next_dagrun for example_python_operator to None, run_after=None
[2024-05-20T00:55:43.789+0000] {processor.py:183} INFO - Processing /home/airflow/.local/lib/python3.12/site-packages/airflow/example_dags/example_python_operator.py took 0.101 seconds
[2024-05-20T00:56:16.523+0000] {processor.py:161} INFO - Started process (PID=861) to work on /home/airflow/.local/lib/python3.12/site-packages/airflow/example_dags/example_python_operator.py
[2024-05-20T00:56:16.539+0000] {processor.py:830} INFO - Processing file /home/airflow/.local/lib/python3.12/site-packages/airflow/example_dags/example_python_operator.py for tasks to queue
[2024-05-20T00:56:16.549+0000] {logging_mixin.py:188} INFO - [2024-05-20T00:56:16.548+0000] {dagbag.py:545} INFO - Filling up the DagBag from /home/airflow/.local/lib/python3.12/site-packages/airflow/example_dags/example_python_operator.py
[2024-05-20T00:56:16.601+0000] {processor.py:840} INFO - DAG(s) 'example_python_operator' retrieved from /home/airflow/.local/lib/python3.12/site-packages/airflow/example_dags/example_python_operator.py
[2024-05-20T00:56:16.680+0000] {logging_mixin.py:188} INFO - [2024-05-20T00:56:16.680+0000] {dag.py:3096} INFO - Sync 1 DAGs
[2024-05-20T00:56:16.719+0000] {logging_mixin.py:188} INFO - [2024-05-20T00:56:16.708+0000] {dag.py:3954} INFO - Setting next_dagrun for example_python_operator to None, run_after=None
[2024-05-20T00:56:16.808+0000] {processor.py:183} INFO - Processing /home/airflow/.local/lib/python3.12/site-packages/airflow/example_dags/example_python_operator.py took 0.295 seconds
[2024-05-20T00:56:47.150+0000] {processor.py:161} INFO - Started process (PID=920) to work on /home/airflow/.local/lib/python3.12/site-packages/airflow/example_dags/example_python_operator.py
[2024-05-20T00:56:47.151+0000] {processor.py:830} INFO - Processing file /home/airflow/.local/lib/python3.12/site-packages/airflow/example_dags/example_python_operator.py for tasks to queue
[2024-05-20T00:56:47.155+0000] {logging_mixin.py:188} INFO - [2024-05-20T00:56:47.155+0000] {dagbag.py:545} INFO - Filling up the DagBag from /home/airflow/.local/lib/python3.12/site-packages/airflow/example_dags/example_python_operator.py
[2024-05-20T00:56:47.166+0000] {processor.py:840} INFO - DAG(s) 'example_python_operator' retrieved from /home/airflow/.local/lib/python3.12/site-packages/airflow/example_dags/example_python_operator.py
[2024-05-20T00:56:47.262+0000] {logging_mixin.py:188} INFO - [2024-05-20T00:56:47.261+0000] {dag.py:3096} INFO - Sync 1 DAGs
[2024-05-20T00:56:47.312+0000] {logging_mixin.py:188} INFO - [2024-05-20T00:56:47.311+0000] {dag.py:3954} INFO - Setting next_dagrun for example_python_operator to None, run_after=None
[2024-05-20T00:56:47.378+0000] {processor.py:183} INFO - Processing /home/airflow/.local/lib/python3.12/site-packages/airflow/example_dags/example_python_operator.py took 0.234 seconds
[2024-05-20T00:57:53.274+0000] {processor.py:161} INFO - Started process (PID=980) to work on /home/airflow/.local/lib/python3.12/site-packages/airflow/example_dags/example_python_operator.py
[2024-05-20T00:57:53.277+0000] {processor.py:830} INFO - Processing file /home/airflow/.local/lib/python3.12/site-packages/airflow/example_dags/example_python_operator.py for tasks to queue
[2024-05-20T00:57:53.292+0000] {logging_mixin.py:188} INFO - [2024-05-20T00:57:53.289+0000] {dagbag.py:545} INFO - Filling up the DagBag from /home/airflow/.local/lib/python3.12/site-packages/airflow/example_dags/example_python_operator.py
[2024-05-20T00:57:53.349+0000] {processor.py:840} INFO - DAG(s) 'example_python_operator' retrieved from /home/airflow/.local/lib/python3.12/site-packages/airflow/example_dags/example_python_operator.py
[2024-05-20T00:57:53.479+0000] {logging_mixin.py:188} INFO - [2024-05-20T00:57:53.478+0000] {dag.py:3096} INFO - Sync 1 DAGs
[2024-05-20T00:57:53.552+0000] {logging_mixin.py:188} INFO - [2024-05-20T00:57:53.551+0000] {dag.py:3954} INFO - Setting next_dagrun for example_python_operator to None, run_after=None
[2024-05-20T00:57:53.621+0000] {processor.py:183} INFO - Processing /home/airflow/.local/lib/python3.12/site-packages/airflow/example_dags/example_python_operator.py took 0.363 seconds
[2024-05-20T00:58:24.316+0000] {processor.py:161} INFO - Started process (PID=1038) to work on /home/airflow/.local/lib/python3.12/site-packages/airflow/example_dags/example_python_operator.py
[2024-05-20T00:58:24.324+0000] {processor.py:830} INFO - Processing file /home/airflow/.local/lib/python3.12/site-packages/airflow/example_dags/example_python_operator.py for tasks to queue
[2024-05-20T00:58:24.329+0000] {logging_mixin.py:188} INFO - [2024-05-20T00:58:24.328+0000] {dagbag.py:545} INFO - Filling up the DagBag from /home/airflow/.local/lib/python3.12/site-packages/airflow/example_dags/example_python_operator.py
[2024-05-20T00:58:24.375+0000] {processor.py:840} INFO - DAG(s) 'example_python_operator' retrieved from /home/airflow/.local/lib/python3.12/site-packages/airflow/example_dags/example_python_operator.py
[2024-05-20T00:58:24.413+0000] {logging_mixin.py:188} INFO - [2024-05-20T00:58:24.412+0000] {dag.py:3096} INFO - Sync 1 DAGs
[2024-05-20T00:58:24.433+0000] {logging_mixin.py:188} INFO - [2024-05-20T00:58:24.433+0000] {dag.py:3954} INFO - Setting next_dagrun for example_python_operator to None, run_after=None
[2024-05-20T00:58:24.464+0000] {processor.py:183} INFO - Processing /home/airflow/.local/lib/python3.12/site-packages/airflow/example_dags/example_python_operator.py took 0.158 seconds
[2024-05-20T00:58:54.841+0000] {processor.py:161} INFO - Started process (PID=1097) to work on /home/airflow/.local/lib/python3.12/site-packages/airflow/example_dags/example_python_operator.py
[2024-05-20T00:58:54.847+0000] {processor.py:830} INFO - Processing file /home/airflow/.local/lib/python3.12/site-packages/airflow/example_dags/example_python_operator.py for tasks to queue
[2024-05-20T00:58:54.876+0000] {logging_mixin.py:188} INFO - [2024-05-20T00:58:54.872+0000] {dagbag.py:545} INFO - Filling up the DagBag from /home/airflow/.local/lib/python3.12/site-packages/airflow/example_dags/example_python_operator.py
[2024-05-20T00:58:54.989+0000] {processor.py:840} INFO - DAG(s) 'example_python_operator' retrieved from /home/airflow/.local/lib/python3.12/site-packages/airflow/example_dags/example_python_operator.py
[2024-05-20T00:58:55.101+0000] {logging_mixin.py:188} INFO - [2024-05-20T00:58:55.096+0000] {dag.py:3096} INFO - Sync 1 DAGs
[2024-05-20T00:58:55.141+0000] {logging_mixin.py:188} INFO - [2024-05-20T00:58:55.140+0000] {dag.py:3954} INFO - Setting next_dagrun for example_python_operator to None, run_after=None
[2024-05-20T00:58:55.216+0000] {processor.py:183} INFO - Processing /home/airflow/.local/lib/python3.12/site-packages/airflow/example_dags/example_python_operator.py took 0.444 seconds
[2024-05-20T00:59:26.050+0000] {processor.py:161} INFO - Started process (PID=1156) to work on /home/airflow/.local/lib/python3.12/site-packages/airflow/example_dags/example_python_operator.py
[2024-05-20T00:59:26.057+0000] {processor.py:830} INFO - Processing file /home/airflow/.local/lib/python3.12/site-packages/airflow/example_dags/example_python_operator.py for tasks to queue
[2024-05-20T00:59:26.060+0000] {logging_mixin.py:188} INFO - [2024-05-20T00:59:26.059+0000] {dagbag.py:545} INFO - Filling up the DagBag from /home/airflow/.local/lib/python3.12/site-packages/airflow/example_dags/example_python_operator.py
[2024-05-20T00:59:26.093+0000] {processor.py:840} INFO - DAG(s) 'example_python_operator' retrieved from /home/airflow/.local/lib/python3.12/site-packages/airflow/example_dags/example_python_operator.py
[2024-05-20T00:59:26.153+0000] {logging_mixin.py:188} INFO - [2024-05-20T00:59:26.152+0000] {dag.py:3096} INFO - Sync 1 DAGs
[2024-05-20T00:59:26.217+0000] {logging_mixin.py:188} INFO - [2024-05-20T00:59:26.217+0000] {dag.py:3954} INFO - Setting next_dagrun for example_python_operator to None, run_after=None
[2024-05-20T00:59:26.301+0000] {processor.py:183} INFO - Processing /home/airflow/.local/lib/python3.12/site-packages/airflow/example_dags/example_python_operator.py took 0.297 seconds
[2024-05-20T01:00:06.398+0000] {processor.py:161} INFO - Started process (PID=1222) to work on /home/airflow/.local/lib/python3.12/site-packages/airflow/example_dags/example_python_operator.py
[2024-05-20T01:00:06.415+0000] {processor.py:830} INFO - Processing file /home/airflow/.local/lib/python3.12/site-packages/airflow/example_dags/example_python_operator.py for tasks to queue
[2024-05-20T01:00:06.427+0000] {logging_mixin.py:188} INFO - [2024-05-20T01:00:06.427+0000] {dagbag.py:545} INFO - Filling up the DagBag from /home/airflow/.local/lib/python3.12/site-packages/airflow/example_dags/example_python_operator.py
[2024-05-20T01:00:06.521+0000] {processor.py:840} INFO - DAG(s) 'example_python_operator' retrieved from /home/airflow/.local/lib/python3.12/site-packages/airflow/example_dags/example_python_operator.py
[2024-05-20T01:00:06.863+0000] {logging_mixin.py:188} INFO - [2024-05-20T01:00:06.861+0000] {dag.py:3096} INFO - Sync 1 DAGs
[2024-05-20T01:00:07.025+0000] {logging_mixin.py:188} INFO - [2024-05-20T01:00:07.025+0000] {dag.py:3954} INFO - Setting next_dagrun for example_python_operator to None, run_after=None
[2024-05-20T01:00:07.144+0000] {processor.py:183} INFO - Processing /home/airflow/.local/lib/python3.12/site-packages/airflow/example_dags/example_python_operator.py took 0.811 seconds
[2024-05-20T01:00:38.036+0000] {processor.py:161} INFO - Started process (PID=1282) to work on /home/airflow/.local/lib/python3.12/site-packages/airflow/example_dags/example_python_operator.py
[2024-05-20T01:00:38.040+0000] {processor.py:830} INFO - Processing file /home/airflow/.local/lib/python3.12/site-packages/airflow/example_dags/example_python_operator.py for tasks to queue
[2024-05-20T01:00:38.050+0000] {logging_mixin.py:188} INFO - [2024-05-20T01:00:38.047+0000] {dagbag.py:545} INFO - Filling up the DagBag from /home/airflow/.local/lib/python3.12/site-packages/airflow/example_dags/example_python_operator.py
[2024-05-20T01:00:38.117+0000] {processor.py:840} INFO - DAG(s) 'example_python_operator' retrieved from /home/airflow/.local/lib/python3.12/site-packages/airflow/example_dags/example_python_operator.py
[2024-05-20T01:00:38.167+0000] {logging_mixin.py:188} INFO - [2024-05-20T01:00:38.166+0000] {dag.py:3096} INFO - Sync 1 DAGs
[2024-05-20T01:00:38.213+0000] {logging_mixin.py:188} INFO - [2024-05-20T01:00:38.213+0000] {dag.py:3954} INFO - Setting next_dagrun for example_python_operator to None, run_after=None
[2024-05-20T01:00:38.271+0000] {processor.py:183} INFO - Processing /home/airflow/.local/lib/python3.12/site-packages/airflow/example_dags/example_python_operator.py took 0.276 seconds
[2024-05-20T01:01:09.132+0000] {processor.py:161} INFO - Started process (PID=1342) to work on /home/airflow/.local/lib/python3.12/site-packages/airflow/example_dags/example_python_operator.py
[2024-05-20T01:01:09.135+0000] {processor.py:830} INFO - Processing file /home/airflow/.local/lib/python3.12/site-packages/airflow/example_dags/example_python_operator.py for tasks to queue
[2024-05-20T01:01:09.139+0000] {logging_mixin.py:188} INFO - [2024-05-20T01:01:09.138+0000] {dagbag.py:545} INFO - Filling up the DagBag from /home/airflow/.local/lib/python3.12/site-packages/airflow/example_dags/example_python_operator.py
[2024-05-20T01:01:09.253+0000] {processor.py:840} INFO - DAG(s) 'example_python_operator' retrieved from /home/airflow/.local/lib/python3.12/site-packages/airflow/example_dags/example_python_operator.py
[2024-05-20T01:01:09.366+0000] {logging_mixin.py:188} INFO - [2024-05-20T01:01:09.365+0000] {dag.py:3096} INFO - Sync 1 DAGs
[2024-05-20T01:01:09.394+0000] {logging_mixin.py:188} INFO - [2024-05-20T01:01:09.394+0000] {dag.py:3954} INFO - Setting next_dagrun for example_python_operator to None, run_after=None
[2024-05-20T01:01:09.420+0000] {processor.py:183} INFO - Processing /home/airflow/.local/lib/python3.12/site-packages/airflow/example_dags/example_python_operator.py took 0.296 seconds
[2024-05-20T01:01:39.945+0000] {processor.py:161} INFO - Started process (PID=1402) to work on /home/airflow/.local/lib/python3.12/site-packages/airflow/example_dags/example_python_operator.py
[2024-05-20T01:01:39.972+0000] {processor.py:830} INFO - Processing file /home/airflow/.local/lib/python3.12/site-packages/airflow/example_dags/example_python_operator.py for tasks to queue
[2024-05-20T01:01:39.989+0000] {logging_mixin.py:188} INFO - [2024-05-20T01:01:39.988+0000] {dagbag.py:545} INFO - Filling up the DagBag from /home/airflow/.local/lib/python3.12/site-packages/airflow/example_dags/example_python_operator.py
[2024-05-20T01:01:40.221+0000] {processor.py:840} INFO - DAG(s) 'example_python_operator' retrieved from /home/airflow/.local/lib/python3.12/site-packages/airflow/example_dags/example_python_operator.py
[2024-05-20T01:01:40.378+0000] {logging_mixin.py:188} INFO - [2024-05-20T01:01:40.375+0000] {dag.py:3096} INFO - Sync 1 DAGs
[2024-05-20T01:01:40.415+0000] {logging_mixin.py:188} INFO - [2024-05-20T01:01:40.415+0000] {dag.py:3954} INFO - Setting next_dagrun for example_python_operator to None, run_after=None
[2024-05-20T01:01:40.479+0000] {processor.py:183} INFO - Processing /home/airflow/.local/lib/python3.12/site-packages/airflow/example_dags/example_python_operator.py took 0.565 seconds
[2024-05-20T01:02:10.783+0000] {processor.py:161} INFO - Started process (PID=1462) to work on /home/airflow/.local/lib/python3.12/site-packages/airflow/example_dags/example_python_operator.py
[2024-05-20T01:02:10.786+0000] {processor.py:830} INFO - Processing file /home/airflow/.local/lib/python3.12/site-packages/airflow/example_dags/example_python_operator.py for tasks to queue
[2024-05-20T01:02:10.791+0000] {logging_mixin.py:188} INFO - [2024-05-20T01:02:10.790+0000] {dagbag.py:545} INFO - Filling up the DagBag from /home/airflow/.local/lib/python3.12/site-packages/airflow/example_dags/example_python_operator.py
[2024-05-20T01:02:10.827+0000] {processor.py:840} INFO - DAG(s) 'example_python_operator' retrieved from /home/airflow/.local/lib/python3.12/site-packages/airflow/example_dags/example_python_operator.py
[2024-05-20T01:02:10.875+0000] {logging_mixin.py:188} INFO - [2024-05-20T01:02:10.875+0000] {dag.py:3096} INFO - Sync 1 DAGs
[2024-05-20T01:02:10.892+0000] {logging_mixin.py:188} INFO - [2024-05-20T01:02:10.892+0000] {dag.py:3954} INFO - Setting next_dagrun for example_python_operator to None, run_after=None
[2024-05-20T01:02:10.918+0000] {processor.py:183} INFO - Processing /home/airflow/.local/lib/python3.12/site-packages/airflow/example_dags/example_python_operator.py took 0.153 seconds
[2024-05-20T01:02:41.345+0000] {processor.py:161} INFO - Started process (PID=1522) to work on /home/airflow/.local/lib/python3.12/site-packages/airflow/example_dags/example_python_operator.py
[2024-05-20T01:02:41.347+0000] {processor.py:830} INFO - Processing file /home/airflow/.local/lib/python3.12/site-packages/airflow/example_dags/example_python_operator.py for tasks to queue
[2024-05-20T01:02:41.351+0000] {logging_mixin.py:188} INFO - [2024-05-20T01:02:41.350+0000] {dagbag.py:545} INFO - Filling up the DagBag from /home/airflow/.local/lib/python3.12/site-packages/airflow/example_dags/example_python_operator.py
[2024-05-20T01:02:41.380+0000] {processor.py:840} INFO - DAG(s) 'example_python_operator' retrieved from /home/airflow/.local/lib/python3.12/site-packages/airflow/example_dags/example_python_operator.py
[2024-05-20T01:02:41.457+0000] {logging_mixin.py:188} INFO - [2024-05-20T01:02:41.457+0000] {dag.py:3096} INFO - Sync 1 DAGs
[2024-05-20T01:02:41.476+0000] {logging_mixin.py:188} INFO - [2024-05-20T01:02:41.476+0000] {dag.py:3954} INFO - Setting next_dagrun for example_python_operator to None, run_after=None
[2024-05-20T01:02:41.513+0000] {processor.py:183} INFO - Processing /home/airflow/.local/lib/python3.12/site-packages/airflow/example_dags/example_python_operator.py took 0.181 seconds
[2024-05-20T01:03:27.373+0000] {processor.py:161} INFO - Started process (PID=1570) to work on /home/airflow/.local/lib/python3.12/site-packages/airflow/example_dags/example_python_operator.py
[2024-05-20T01:03:27.376+0000] {processor.py:830} INFO - Processing file /home/airflow/.local/lib/python3.12/site-packages/airflow/example_dags/example_python_operator.py for tasks to queue
[2024-05-20T01:03:27.379+0000] {logging_mixin.py:188} INFO - [2024-05-20T01:03:27.379+0000] {dagbag.py:545} INFO - Filling up the DagBag from /home/airflow/.local/lib/python3.12/site-packages/airflow/example_dags/example_python_operator.py
[2024-05-20T01:03:27.416+0000] {processor.py:840} INFO - DAG(s) 'example_python_operator' retrieved from /home/airflow/.local/lib/python3.12/site-packages/airflow/example_dags/example_python_operator.py
[2024-05-20T01:03:27.488+0000] {logging_mixin.py:188} INFO - [2024-05-20T01:03:27.487+0000] {dag.py:3096} INFO - Sync 1 DAGs
[2024-05-20T01:03:27.528+0000] {logging_mixin.py:188} INFO - [2024-05-20T01:03:27.528+0000] {dag.py:3954} INFO - Setting next_dagrun for example_python_operator to None, run_after=None
[2024-05-20T01:03:27.587+0000] {processor.py:183} INFO - Processing /home/airflow/.local/lib/python3.12/site-packages/airflow/example_dags/example_python_operator.py took 0.227 seconds
