[2024-05-20T00:48:41.662+0000] {processor.py:161} INFO - Started process (PID=65) to work on /home/airflow/.local/lib/python3.12/site-packages/airflow/example_dags/example_setup_teardown_taskflow.py
[2024-05-20T00:48:41.664+0000] {processor.py:830} INFO - Processing file /home/airflow/.local/lib/python3.12/site-packages/airflow/example_dags/example_setup_teardown_taskflow.py for tasks to queue
[2024-05-20T00:48:41.671+0000] {logging_mixin.py:188} INFO - [2024-05-20T00:48:41.670+0000] {dagbag.py:545} INFO - Filling up the DagBag from /home/airflow/.local/lib/python3.12/site-packages/airflow/example_dags/example_setup_teardown_taskflow.py
[2024-05-20T00:48:41.806+0000] {processor.py:840} INFO - DAG(s) 'example_setup_teardown_taskflow' retrieved from /home/airflow/.local/lib/python3.12/site-packages/airflow/example_dags/example_setup_teardown_taskflow.py
[2024-05-20T00:48:42.563+0000] {logging_mixin.py:188} INFO - [2024-05-20T00:48:42.562+0000] {dag.py:3096} INFO - Sync 1 DAGs
[2024-05-20T00:48:42.756+0000] {logging_mixin.py:188} INFO - [2024-05-20T00:48:42.755+0000] {dag.py:3954} INFO - Setting next_dagrun for example_setup_teardown_taskflow to 2024-05-19 00:00:00+00:00, run_after=2024-05-20 00:00:00+00:00
[2024-05-20T00:48:42.861+0000] {processor.py:183} INFO - Processing /home/airflow/.local/lib/python3.12/site-packages/airflow/example_dags/example_setup_teardown_taskflow.py took 1.225 seconds
[2024-05-20T00:49:13.879+0000] {processor.py:161} INFO - Started process (PID=125) to work on /home/airflow/.local/lib/python3.12/site-packages/airflow/example_dags/example_setup_teardown_taskflow.py
[2024-05-20T00:49:13.883+0000] {processor.py:830} INFO - Processing file /home/airflow/.local/lib/python3.12/site-packages/airflow/example_dags/example_setup_teardown_taskflow.py for tasks to queue
[2024-05-20T00:49:13.897+0000] {logging_mixin.py:188} INFO - [2024-05-20T00:49:13.894+0000] {dagbag.py:545} INFO - Filling up the DagBag from /home/airflow/.local/lib/python3.12/site-packages/airflow/example_dags/example_setup_teardown_taskflow.py
[2024-05-20T00:49:13.977+0000] {processor.py:840} INFO - DAG(s) 'example_setup_teardown_taskflow' retrieved from /home/airflow/.local/lib/python3.12/site-packages/airflow/example_dags/example_setup_teardown_taskflow.py
[2024-05-20T00:49:14.064+0000] {logging_mixin.py:188} INFO - [2024-05-20T00:49:14.063+0000] {dag.py:3096} INFO - Sync 1 DAGs
[2024-05-20T00:49:14.218+0000] {logging_mixin.py:188} INFO - [2024-05-20T00:49:14.217+0000] {dag.py:3954} INFO - Setting next_dagrun for example_setup_teardown_taskflow to 2024-05-19 00:00:00+00:00, run_after=2024-05-20 00:00:00+00:00
[2024-05-20T00:49:14.350+0000] {processor.py:183} INFO - Processing /home/airflow/.local/lib/python3.12/site-packages/airflow/example_dags/example_setup_teardown_taskflow.py took 0.533 seconds
[2024-05-20T00:49:44.819+0000] {processor.py:161} INFO - Started process (PID=184) to work on /home/airflow/.local/lib/python3.12/site-packages/airflow/example_dags/example_setup_teardown_taskflow.py
[2024-05-20T00:49:44.824+0000] {processor.py:830} INFO - Processing file /home/airflow/.local/lib/python3.12/site-packages/airflow/example_dags/example_setup_teardown_taskflow.py for tasks to queue
[2024-05-20T00:49:44.829+0000] {logging_mixin.py:188} INFO - [2024-05-20T00:49:44.828+0000] {dagbag.py:545} INFO - Filling up the DagBag from /home/airflow/.local/lib/python3.12/site-packages/airflow/example_dags/example_setup_teardown_taskflow.py
[2024-05-20T00:49:44.849+0000] {processor.py:840} INFO - DAG(s) 'example_setup_teardown_taskflow' retrieved from /home/airflow/.local/lib/python3.12/site-packages/airflow/example_dags/example_setup_teardown_taskflow.py
[2024-05-20T00:49:44.973+0000] {logging_mixin.py:188} INFO - [2024-05-20T00:49:44.970+0000] {dag.py:3096} INFO - Sync 1 DAGs
[2024-05-20T00:49:45.043+0000] {logging_mixin.py:188} INFO - [2024-05-20T00:49:45.042+0000] {dag.py:3954} INFO - Setting next_dagrun for example_setup_teardown_taskflow to 2024-05-19 00:00:00+00:00, run_after=2024-05-20 00:00:00+00:00
[2024-05-20T00:49:45.143+0000] {processor.py:183} INFO - Processing /home/airflow/.local/lib/python3.12/site-packages/airflow/example_dags/example_setup_teardown_taskflow.py took 0.339 seconds
[2024-05-20T00:50:15.337+0000] {processor.py:161} INFO - Started process (PID=243) to work on /home/airflow/.local/lib/python3.12/site-packages/airflow/example_dags/example_setup_teardown_taskflow.py
[2024-05-20T00:50:15.348+0000] {processor.py:830} INFO - Processing file /home/airflow/.local/lib/python3.12/site-packages/airflow/example_dags/example_setup_teardown_taskflow.py for tasks to queue
[2024-05-20T00:50:15.355+0000] {logging_mixin.py:188} INFO - [2024-05-20T00:50:15.354+0000] {dagbag.py:545} INFO - Filling up the DagBag from /home/airflow/.local/lib/python3.12/site-packages/airflow/example_dags/example_setup_teardown_taskflow.py
[2024-05-20T00:50:15.403+0000] {processor.py:840} INFO - DAG(s) 'example_setup_teardown_taskflow' retrieved from /home/airflow/.local/lib/python3.12/site-packages/airflow/example_dags/example_setup_teardown_taskflow.py
[2024-05-20T00:50:15.532+0000] {logging_mixin.py:188} INFO - [2024-05-20T00:50:15.531+0000] {dag.py:3096} INFO - Sync 1 DAGs
[2024-05-20T00:50:15.621+0000] {logging_mixin.py:188} INFO - [2024-05-20T00:50:15.621+0000] {dag.py:3954} INFO - Setting next_dagrun for example_setup_teardown_taskflow to 2024-05-19 00:00:00+00:00, run_after=2024-05-20 00:00:00+00:00
[2024-05-20T00:50:15.719+0000] {processor.py:183} INFO - Processing /home/airflow/.local/lib/python3.12/site-packages/airflow/example_dags/example_setup_teardown_taskflow.py took 0.428 seconds
[2024-05-20T00:50:45.919+0000] {processor.py:161} INFO - Started process (PID=302) to work on /home/airflow/.local/lib/python3.12/site-packages/airflow/example_dags/example_setup_teardown_taskflow.py
[2024-05-20T00:50:45.927+0000] {processor.py:830} INFO - Processing file /home/airflow/.local/lib/python3.12/site-packages/airflow/example_dags/example_setup_teardown_taskflow.py for tasks to queue
[2024-05-20T00:50:45.934+0000] {logging_mixin.py:188} INFO - [2024-05-20T00:50:45.933+0000] {dagbag.py:545} INFO - Filling up the DagBag from /home/airflow/.local/lib/python3.12/site-packages/airflow/example_dags/example_setup_teardown_taskflow.py
[2024-05-20T00:50:45.966+0000] {processor.py:840} INFO - DAG(s) 'example_setup_teardown_taskflow' retrieved from /home/airflow/.local/lib/python3.12/site-packages/airflow/example_dags/example_setup_teardown_taskflow.py
[2024-05-20T00:50:46.005+0000] {logging_mixin.py:188} INFO - [2024-05-20T00:50:46.005+0000] {dag.py:3096} INFO - Sync 1 DAGs
[2024-05-20T00:50:46.064+0000] {logging_mixin.py:188} INFO - [2024-05-20T00:50:46.064+0000] {dag.py:3954} INFO - Setting next_dagrun for example_setup_teardown_taskflow to 2024-05-19 00:00:00+00:00, run_after=2024-05-20 00:00:00+00:00
[2024-05-20T00:50:46.105+0000] {processor.py:183} INFO - Processing /home/airflow/.local/lib/python3.12/site-packages/airflow/example_dags/example_setup_teardown_taskflow.py took 0.202 seconds
[2024-05-20T00:51:16.738+0000] {processor.py:161} INFO - Started process (PID=360) to work on /home/airflow/.local/lib/python3.12/site-packages/airflow/example_dags/example_setup_teardown_taskflow.py
[2024-05-20T00:51:16.745+0000] {processor.py:830} INFO - Processing file /home/airflow/.local/lib/python3.12/site-packages/airflow/example_dags/example_setup_teardown_taskflow.py for tasks to queue
[2024-05-20T00:51:16.750+0000] {logging_mixin.py:188} INFO - [2024-05-20T00:51:16.748+0000] {dagbag.py:545} INFO - Filling up the DagBag from /home/airflow/.local/lib/python3.12/site-packages/airflow/example_dags/example_setup_teardown_taskflow.py
[2024-05-20T00:51:16.802+0000] {processor.py:840} INFO - DAG(s) 'example_setup_teardown_taskflow' retrieved from /home/airflow/.local/lib/python3.12/site-packages/airflow/example_dags/example_setup_teardown_taskflow.py
[2024-05-20T00:51:17.026+0000] {logging_mixin.py:188} INFO - [2024-05-20T00:51:17.025+0000] {dag.py:3096} INFO - Sync 1 DAGs
[2024-05-20T00:51:17.102+0000] {logging_mixin.py:188} INFO - [2024-05-20T00:51:17.101+0000] {dag.py:3954} INFO - Setting next_dagrun for example_setup_teardown_taskflow to 2024-05-19 00:00:00+00:00, run_after=2024-05-20 00:00:00+00:00
[2024-05-20T00:51:17.203+0000] {processor.py:183} INFO - Processing /home/airflow/.local/lib/python3.12/site-packages/airflow/example_dags/example_setup_teardown_taskflow.py took 0.506 seconds
[2024-05-20T00:51:48.038+0000] {processor.py:161} INFO - Started process (PID=420) to work on /home/airflow/.local/lib/python3.12/site-packages/airflow/example_dags/example_setup_teardown_taskflow.py
[2024-05-20T00:51:48.043+0000] {processor.py:830} INFO - Processing file /home/airflow/.local/lib/python3.12/site-packages/airflow/example_dags/example_setup_teardown_taskflow.py for tasks to queue
[2024-05-20T00:51:48.053+0000] {logging_mixin.py:188} INFO - [2024-05-20T00:51:48.050+0000] {dagbag.py:545} INFO - Filling up the DagBag from /home/airflow/.local/lib/python3.12/site-packages/airflow/example_dags/example_setup_teardown_taskflow.py
[2024-05-20T00:51:48.094+0000] {processor.py:840} INFO - DAG(s) 'example_setup_teardown_taskflow' retrieved from /home/airflow/.local/lib/python3.12/site-packages/airflow/example_dags/example_setup_teardown_taskflow.py
[2024-05-20T00:51:48.817+0000] {logging_mixin.py:188} INFO - [2024-05-20T00:51:48.807+0000] {dag.py:3096} INFO - Sync 1 DAGs
[2024-05-20T00:51:51.243+0000] {logging_mixin.py:188} INFO - [2024-05-20T00:51:51.226+0000] {dag.py:3954} INFO - Setting next_dagrun for example_setup_teardown_taskflow to 2024-05-19 00:00:00+00:00, run_after=2024-05-20 00:00:00+00:00
[2024-05-20T00:51:51.352+0000] {processor.py:183} INFO - Processing /home/airflow/.local/lib/python3.12/site-packages/airflow/example_dags/example_setup_teardown_taskflow.py took 3.326 seconds
[2024-05-20T00:52:22.262+0000] {processor.py:161} INFO - Started process (PID=486) to work on /home/airflow/.local/lib/python3.12/site-packages/airflow/example_dags/example_setup_teardown_taskflow.py
[2024-05-20T00:52:22.267+0000] {processor.py:830} INFO - Processing file /home/airflow/.local/lib/python3.12/site-packages/airflow/example_dags/example_setup_teardown_taskflow.py for tasks to queue
[2024-05-20T00:52:22.271+0000] {logging_mixin.py:188} INFO - [2024-05-20T00:52:22.270+0000] {dagbag.py:545} INFO - Filling up the DagBag from /home/airflow/.local/lib/python3.12/site-packages/airflow/example_dags/example_setup_teardown_taskflow.py
[2024-05-20T00:52:22.318+0000] {processor.py:840} INFO - DAG(s) 'example_setup_teardown_taskflow' retrieved from /home/airflow/.local/lib/python3.12/site-packages/airflow/example_dags/example_setup_teardown_taskflow.py
[2024-05-20T00:52:22.351+0000] {logging_mixin.py:188} INFO - [2024-05-20T00:52:22.350+0000] {dag.py:3096} INFO - Sync 1 DAGs
[2024-05-20T00:52:22.374+0000] {logging_mixin.py:188} INFO - [2024-05-20T00:52:22.373+0000] {dag.py:3954} INFO - Setting next_dagrun for example_setup_teardown_taskflow to 2024-05-19 00:00:00+00:00, run_after=2024-05-20 00:00:00+00:00
[2024-05-20T00:52:22.393+0000] {processor.py:183} INFO - Processing /home/airflow/.local/lib/python3.12/site-packages/airflow/example_dags/example_setup_teardown_taskflow.py took 0.144 seconds
[2024-05-20T00:52:52.619+0000] {processor.py:161} INFO - Started process (PID=546) to work on /home/airflow/.local/lib/python3.12/site-packages/airflow/example_dags/example_setup_teardown_taskflow.py
[2024-05-20T00:52:52.621+0000] {processor.py:830} INFO - Processing file /home/airflow/.local/lib/python3.12/site-packages/airflow/example_dags/example_setup_teardown_taskflow.py for tasks to queue
[2024-05-20T00:52:52.636+0000] {logging_mixin.py:188} INFO - [2024-05-20T00:52:52.633+0000] {dagbag.py:545} INFO - Filling up the DagBag from /home/airflow/.local/lib/python3.12/site-packages/airflow/example_dags/example_setup_teardown_taskflow.py
[2024-05-20T00:52:52.686+0000] {processor.py:840} INFO - DAG(s) 'example_setup_teardown_taskflow' retrieved from /home/airflow/.local/lib/python3.12/site-packages/airflow/example_dags/example_setup_teardown_taskflow.py
[2024-05-20T00:52:52.727+0000] {logging_mixin.py:188} INFO - [2024-05-20T00:52:52.727+0000] {dag.py:3096} INFO - Sync 1 DAGs
[2024-05-20T00:52:52.781+0000] {logging_mixin.py:188} INFO - [2024-05-20T00:52:52.781+0000] {dag.py:3954} INFO - Setting next_dagrun for example_setup_teardown_taskflow to 2024-05-19 00:00:00+00:00, run_after=2024-05-20 00:00:00+00:00
[2024-05-20T00:52:52.806+0000] {processor.py:183} INFO - Processing /home/airflow/.local/lib/python3.12/site-packages/airflow/example_dags/example_setup_teardown_taskflow.py took 0.199 seconds
[2024-05-20T00:53:51.014+0000] {processor.py:161} INFO - Started process (PID=617) to work on /home/airflow/.local/lib/python3.12/site-packages/airflow/example_dags/example_setup_teardown_taskflow.py
[2024-05-20T00:53:51.017+0000] {processor.py:830} INFO - Processing file /home/airflow/.local/lib/python3.12/site-packages/airflow/example_dags/example_setup_teardown_taskflow.py for tasks to queue
[2024-05-20T00:53:51.020+0000] {logging_mixin.py:188} INFO - [2024-05-20T00:53:51.020+0000] {dagbag.py:545} INFO - Filling up the DagBag from /home/airflow/.local/lib/python3.12/site-packages/airflow/example_dags/example_setup_teardown_taskflow.py
[2024-05-20T00:53:51.037+0000] {processor.py:840} INFO - DAG(s) 'example_setup_teardown_taskflow' retrieved from /home/airflow/.local/lib/python3.12/site-packages/airflow/example_dags/example_setup_teardown_taskflow.py
[2024-05-20T00:53:51.075+0000] {logging_mixin.py:188} INFO - [2024-05-20T00:53:51.074+0000] {dag.py:3096} INFO - Sync 1 DAGs
[2024-05-20T00:53:51.120+0000] {logging_mixin.py:188} INFO - [2024-05-20T00:53:51.120+0000] {dag.py:3954} INFO - Setting next_dagrun for example_setup_teardown_taskflow to 2024-05-19 00:00:00+00:00, run_after=2024-05-20 00:00:00+00:00
[2024-05-20T00:53:51.186+0000] {processor.py:183} INFO - Processing /home/airflow/.local/lib/python3.12/site-packages/airflow/example_dags/example_setup_teardown_taskflow.py took 0.179 seconds
[2024-05-20T00:54:21.286+0000] {processor.py:161} INFO - Started process (PID=675) to work on /home/airflow/.local/lib/python3.12/site-packages/airflow/example_dags/example_setup_teardown_taskflow.py
[2024-05-20T00:54:21.288+0000] {processor.py:830} INFO - Processing file /home/airflow/.local/lib/python3.12/site-packages/airflow/example_dags/example_setup_teardown_taskflow.py for tasks to queue
[2024-05-20T00:54:21.289+0000] {logging_mixin.py:188} INFO - [2024-05-20T00:54:21.289+0000] {dagbag.py:545} INFO - Filling up the DagBag from /home/airflow/.local/lib/python3.12/site-packages/airflow/example_dags/example_setup_teardown_taskflow.py
[2024-05-20T00:54:21.297+0000] {processor.py:840} INFO - DAG(s) 'example_setup_teardown_taskflow' retrieved from /home/airflow/.local/lib/python3.12/site-packages/airflow/example_dags/example_setup_teardown_taskflow.py
[2024-05-20T00:54:21.314+0000] {logging_mixin.py:188} INFO - [2024-05-20T00:54:21.314+0000] {dag.py:3096} INFO - Sync 1 DAGs
[2024-05-20T00:54:21.331+0000] {logging_mixin.py:188} INFO - [2024-05-20T00:54:21.331+0000] {dag.py:3954} INFO - Setting next_dagrun for example_setup_teardown_taskflow to 2024-05-19 00:00:00+00:00, run_after=2024-05-20 00:00:00+00:00
[2024-05-20T00:54:21.344+0000] {processor.py:183} INFO - Processing /home/airflow/.local/lib/python3.12/site-packages/airflow/example_dags/example_setup_teardown_taskflow.py took 0.063 seconds
[2024-05-20T00:54:51.476+0000] {processor.py:161} INFO - Started process (PID=735) to work on /home/airflow/.local/lib/python3.12/site-packages/airflow/example_dags/example_setup_teardown_taskflow.py
[2024-05-20T00:54:51.477+0000] {processor.py:830} INFO - Processing file /home/airflow/.local/lib/python3.12/site-packages/airflow/example_dags/example_setup_teardown_taskflow.py for tasks to queue
[2024-05-20T00:54:51.478+0000] {logging_mixin.py:188} INFO - [2024-05-20T00:54:51.478+0000] {dagbag.py:545} INFO - Filling up the DagBag from /home/airflow/.local/lib/python3.12/site-packages/airflow/example_dags/example_setup_teardown_taskflow.py
[2024-05-20T00:54:51.488+0000] {processor.py:840} INFO - DAG(s) 'example_setup_teardown_taskflow' retrieved from /home/airflow/.local/lib/python3.12/site-packages/airflow/example_dags/example_setup_teardown_taskflow.py
[2024-05-20T00:54:51.514+0000] {logging_mixin.py:188} INFO - [2024-05-20T00:54:51.514+0000] {dag.py:3096} INFO - Sync 1 DAGs
[2024-05-20T00:54:51.535+0000] {logging_mixin.py:188} INFO - [2024-05-20T00:54:51.535+0000] {dag.py:3954} INFO - Setting next_dagrun for example_setup_teardown_taskflow to 2024-05-19 00:00:00+00:00, run_after=2024-05-20 00:00:00+00:00
[2024-05-20T00:54:51.552+0000] {processor.py:183} INFO - Processing /home/airflow/.local/lib/python3.12/site-packages/airflow/example_dags/example_setup_teardown_taskflow.py took 0.083 seconds
[2024-05-20T00:55:43.231+0000] {processor.py:161} INFO - Started process (PID=795) to work on /home/airflow/.local/lib/python3.12/site-packages/airflow/example_dags/example_setup_teardown_taskflow.py
[2024-05-20T00:55:43.234+0000] {processor.py:830} INFO - Processing file /home/airflow/.local/lib/python3.12/site-packages/airflow/example_dags/example_setup_teardown_taskflow.py for tasks to queue
[2024-05-20T00:55:43.237+0000] {logging_mixin.py:188} INFO - [2024-05-20T00:55:43.236+0000] {dagbag.py:545} INFO - Filling up the DagBag from /home/airflow/.local/lib/python3.12/site-packages/airflow/example_dags/example_setup_teardown_taskflow.py
[2024-05-20T00:55:43.249+0000] {processor.py:840} INFO - DAG(s) 'example_setup_teardown_taskflow' retrieved from /home/airflow/.local/lib/python3.12/site-packages/airflow/example_dags/example_setup_teardown_taskflow.py
[2024-05-20T00:55:43.279+0000] {logging_mixin.py:188} INFO - [2024-05-20T00:55:43.278+0000] {dag.py:3096} INFO - Sync 1 DAGs
[2024-05-20T00:55:43.322+0000] {logging_mixin.py:188} INFO - [2024-05-20T00:55:43.322+0000] {dag.py:3954} INFO - Setting next_dagrun for example_setup_teardown_taskflow to 2024-05-19 00:00:00+00:00, run_after=2024-05-20 00:00:00+00:00
[2024-05-20T00:55:43.362+0000] {processor.py:183} INFO - Processing /home/airflow/.local/lib/python3.12/site-packages/airflow/example_dags/example_setup_teardown_taskflow.py took 0.136 seconds
[2024-05-20T00:56:14.874+0000] {processor.py:161} INFO - Started process (PID=851) to work on /home/airflow/.local/lib/python3.12/site-packages/airflow/example_dags/example_setup_teardown_taskflow.py
[2024-05-20T00:56:14.877+0000] {processor.py:830} INFO - Processing file /home/airflow/.local/lib/python3.12/site-packages/airflow/example_dags/example_setup_teardown_taskflow.py for tasks to queue
[2024-05-20T00:56:14.880+0000] {logging_mixin.py:188} INFO - [2024-05-20T00:56:14.879+0000] {dagbag.py:545} INFO - Filling up the DagBag from /home/airflow/.local/lib/python3.12/site-packages/airflow/example_dags/example_setup_teardown_taskflow.py
[2024-05-20T00:56:14.893+0000] {processor.py:840} INFO - DAG(s) 'example_setup_teardown_taskflow' retrieved from /home/airflow/.local/lib/python3.12/site-packages/airflow/example_dags/example_setup_teardown_taskflow.py
[2024-05-20T00:56:14.934+0000] {logging_mixin.py:188} INFO - [2024-05-20T00:56:14.933+0000] {dag.py:3096} INFO - Sync 1 DAGs
[2024-05-20T00:56:14.966+0000] {logging_mixin.py:188} INFO - [2024-05-20T00:56:14.966+0000] {dag.py:3954} INFO - Setting next_dagrun for example_setup_teardown_taskflow to 2024-05-19 00:00:00+00:00, run_after=2024-05-20 00:00:00+00:00
[2024-05-20T00:56:15.017+0000] {processor.py:183} INFO - Processing /home/airflow/.local/lib/python3.12/site-packages/airflow/example_dags/example_setup_teardown_taskflow.py took 0.155 seconds
[2024-05-20T00:56:45.663+0000] {processor.py:161} INFO - Started process (PID=911) to work on /home/airflow/.local/lib/python3.12/site-packages/airflow/example_dags/example_setup_teardown_taskflow.py
[2024-05-20T00:56:45.664+0000] {processor.py:830} INFO - Processing file /home/airflow/.local/lib/python3.12/site-packages/airflow/example_dags/example_setup_teardown_taskflow.py for tasks to queue
[2024-05-20T00:56:45.667+0000] {logging_mixin.py:188} INFO - [2024-05-20T00:56:45.666+0000] {dagbag.py:545} INFO - Filling up the DagBag from /home/airflow/.local/lib/python3.12/site-packages/airflow/example_dags/example_setup_teardown_taskflow.py
[2024-05-20T00:56:45.677+0000] {processor.py:840} INFO - DAG(s) 'example_setup_teardown_taskflow' retrieved from /home/airflow/.local/lib/python3.12/site-packages/airflow/example_dags/example_setup_teardown_taskflow.py
[2024-05-20T00:56:45.701+0000] {logging_mixin.py:188} INFO - [2024-05-20T00:56:45.700+0000] {dag.py:3096} INFO - Sync 1 DAGs
[2024-05-20T00:56:45.725+0000] {logging_mixin.py:188} INFO - [2024-05-20T00:56:45.725+0000] {dag.py:3954} INFO - Setting next_dagrun for example_setup_teardown_taskflow to 2024-05-19 00:00:00+00:00, run_after=2024-05-20 00:00:00+00:00
[2024-05-20T00:56:45.750+0000] {processor.py:183} INFO - Processing /home/airflow/.local/lib/python3.12/site-packages/airflow/example_dags/example_setup_teardown_taskflow.py took 0.096 seconds
[2024-05-20T00:57:49.218+0000] {processor.py:161} INFO - Started process (PID=967) to work on /home/airflow/.local/lib/python3.12/site-packages/airflow/example_dags/example_setup_teardown_taskflow.py
[2024-05-20T00:57:49.223+0000] {processor.py:830} INFO - Processing file /home/airflow/.local/lib/python3.12/site-packages/airflow/example_dags/example_setup_teardown_taskflow.py for tasks to queue
[2024-05-20T00:57:49.235+0000] {logging_mixin.py:188} INFO - [2024-05-20T00:57:49.233+0000] {dagbag.py:545} INFO - Filling up the DagBag from /home/airflow/.local/lib/python3.12/site-packages/airflow/example_dags/example_setup_teardown_taskflow.py
[2024-05-20T00:57:49.298+0000] {processor.py:840} INFO - DAG(s) 'example_setup_teardown_taskflow' retrieved from /home/airflow/.local/lib/python3.12/site-packages/airflow/example_dags/example_setup_teardown_taskflow.py
[2024-05-20T00:57:49.405+0000] {logging_mixin.py:188} INFO - [2024-05-20T00:57:49.404+0000] {dag.py:3096} INFO - Sync 1 DAGs
[2024-05-20T00:57:49.520+0000] {logging_mixin.py:188} INFO - [2024-05-20T00:57:49.520+0000] {dag.py:3954} INFO - Setting next_dagrun for example_setup_teardown_taskflow to 2024-05-19 00:00:00+00:00, run_after=2024-05-20 00:00:00+00:00
[2024-05-20T00:57:49.617+0000] {processor.py:183} INFO - Processing /home/airflow/.local/lib/python3.12/site-packages/airflow/example_dags/example_setup_teardown_taskflow.py took 0.420 seconds
[2024-05-20T00:58:20.195+0000] {processor.py:161} INFO - Started process (PID=1027) to work on /home/airflow/.local/lib/python3.12/site-packages/airflow/example_dags/example_setup_teardown_taskflow.py
[2024-05-20T00:58:20.197+0000] {processor.py:830} INFO - Processing file /home/airflow/.local/lib/python3.12/site-packages/airflow/example_dags/example_setup_teardown_taskflow.py for tasks to queue
[2024-05-20T00:58:20.201+0000] {logging_mixin.py:188} INFO - [2024-05-20T00:58:20.200+0000] {dagbag.py:545} INFO - Filling up the DagBag from /home/airflow/.local/lib/python3.12/site-packages/airflow/example_dags/example_setup_teardown_taskflow.py
[2024-05-20T00:58:20.222+0000] {processor.py:840} INFO - DAG(s) 'example_setup_teardown_taskflow' retrieved from /home/airflow/.local/lib/python3.12/site-packages/airflow/example_dags/example_setup_teardown_taskflow.py
[2024-05-20T00:58:20.283+0000] {logging_mixin.py:188} INFO - [2024-05-20T00:58:20.282+0000] {dag.py:3096} INFO - Sync 1 DAGs
[2024-05-20T00:58:20.323+0000] {logging_mixin.py:188} INFO - [2024-05-20T00:58:20.322+0000] {dag.py:3954} INFO - Setting next_dagrun for example_setup_teardown_taskflow to 2024-05-19 00:00:00+00:00, run_after=2024-05-20 00:00:00+00:00
[2024-05-20T00:58:20.346+0000] {processor.py:183} INFO - Processing /home/airflow/.local/lib/python3.12/site-packages/airflow/example_dags/example_setup_teardown_taskflow.py took 0.163 seconds
[2024-05-20T00:58:51.056+0000] {processor.py:161} INFO - Started process (PID=1086) to work on /home/airflow/.local/lib/python3.12/site-packages/airflow/example_dags/example_setup_teardown_taskflow.py
[2024-05-20T00:58:51.057+0000] {processor.py:830} INFO - Processing file /home/airflow/.local/lib/python3.12/site-packages/airflow/example_dags/example_setup_teardown_taskflow.py for tasks to queue
[2024-05-20T00:58:51.061+0000] {logging_mixin.py:188} INFO - [2024-05-20T00:58:51.060+0000] {dagbag.py:545} INFO - Filling up the DagBag from /home/airflow/.local/lib/python3.12/site-packages/airflow/example_dags/example_setup_teardown_taskflow.py
[2024-05-20T00:58:51.080+0000] {processor.py:840} INFO - DAG(s) 'example_setup_teardown_taskflow' retrieved from /home/airflow/.local/lib/python3.12/site-packages/airflow/example_dags/example_setup_teardown_taskflow.py
[2024-05-20T00:58:51.125+0000] {logging_mixin.py:188} INFO - [2024-05-20T00:58:51.125+0000] {dag.py:3096} INFO - Sync 1 DAGs
[2024-05-20T00:58:51.164+0000] {logging_mixin.py:188} INFO - [2024-05-20T00:58:51.163+0000] {dag.py:3954} INFO - Setting next_dagrun for example_setup_teardown_taskflow to 2024-05-19 00:00:00+00:00, run_after=2024-05-20 00:00:00+00:00
[2024-05-20T00:58:51.211+0000] {processor.py:183} INFO - Processing /home/airflow/.local/lib/python3.12/site-packages/airflow/example_dags/example_setup_teardown_taskflow.py took 0.165 seconds
[2024-05-20T00:59:21.380+0000] {processor.py:161} INFO - Started process (PID=1144) to work on /home/airflow/.local/lib/python3.12/site-packages/airflow/example_dags/example_setup_teardown_taskflow.py
[2024-05-20T00:59:21.384+0000] {processor.py:830} INFO - Processing file /home/airflow/.local/lib/python3.12/site-packages/airflow/example_dags/example_setup_teardown_taskflow.py for tasks to queue
[2024-05-20T00:59:21.395+0000] {logging_mixin.py:188} INFO - [2024-05-20T00:59:21.393+0000] {dagbag.py:545} INFO - Filling up the DagBag from /home/airflow/.local/lib/python3.12/site-packages/airflow/example_dags/example_setup_teardown_taskflow.py
[2024-05-20T00:59:21.415+0000] {processor.py:840} INFO - DAG(s) 'example_setup_teardown_taskflow' retrieved from /home/airflow/.local/lib/python3.12/site-packages/airflow/example_dags/example_setup_teardown_taskflow.py
[2024-05-20T00:59:21.480+0000] {logging_mixin.py:188} INFO - [2024-05-20T00:59:21.479+0000] {dag.py:3096} INFO - Sync 1 DAGs
[2024-05-20T00:59:21.578+0000] {logging_mixin.py:188} INFO - [2024-05-20T00:59:21.577+0000] {dag.py:3954} INFO - Setting next_dagrun for example_setup_teardown_taskflow to 2024-05-19 00:00:00+00:00, run_after=2024-05-20 00:00:00+00:00
[2024-05-20T00:59:21.665+0000] {processor.py:183} INFO - Processing /home/airflow/.local/lib/python3.12/site-packages/airflow/example_dags/example_setup_teardown_taskflow.py took 0.293 seconds
[2024-05-20T00:59:57.237+0000] {processor.py:161} INFO - Started process (PID=1206) to work on /home/airflow/.local/lib/python3.12/site-packages/airflow/example_dags/example_setup_teardown_taskflow.py
[2024-05-20T00:59:57.243+0000] {processor.py:830} INFO - Processing file /home/airflow/.local/lib/python3.12/site-packages/airflow/example_dags/example_setup_teardown_taskflow.py for tasks to queue
[2024-05-20T00:59:57.250+0000] {logging_mixin.py:188} INFO - [2024-05-20T00:59:57.250+0000] {dagbag.py:545} INFO - Filling up the DagBag from /home/airflow/.local/lib/python3.12/site-packages/airflow/example_dags/example_setup_teardown_taskflow.py
[2024-05-20T00:59:57.415+0000] {processor.py:840} INFO - DAG(s) 'example_setup_teardown_taskflow' retrieved from /home/airflow/.local/lib/python3.12/site-packages/airflow/example_dags/example_setup_teardown_taskflow.py
[2024-05-20T00:59:57.701+0000] {logging_mixin.py:188} INFO - [2024-05-20T00:59:57.672+0000] {dag.py:3096} INFO - Sync 1 DAGs
[2024-05-20T00:59:58.311+0000] {logging_mixin.py:188} INFO - [2024-05-20T00:59:58.309+0000] {dag.py:3954} INFO - Setting next_dagrun for example_setup_teardown_taskflow to 2024-05-19 00:00:00+00:00, run_after=2024-05-20 00:00:00+00:00
[2024-05-20T00:59:58.755+0000] {processor.py:183} INFO - Processing /home/airflow/.local/lib/python3.12/site-packages/airflow/example_dags/example_setup_teardown_taskflow.py took 1.548 seconds
[2024-05-20T01:00:29.894+0000] {processor.py:161} INFO - Started process (PID=1271) to work on /home/airflow/.local/lib/python3.12/site-packages/airflow/example_dags/example_setup_teardown_taskflow.py
[2024-05-20T01:00:29.896+0000] {processor.py:830} INFO - Processing file /home/airflow/.local/lib/python3.12/site-packages/airflow/example_dags/example_setup_teardown_taskflow.py for tasks to queue
[2024-05-20T01:00:29.901+0000] {logging_mixin.py:188} INFO - [2024-05-20T01:00:29.900+0000] {dagbag.py:545} INFO - Filling up the DagBag from /home/airflow/.local/lib/python3.12/site-packages/airflow/example_dags/example_setup_teardown_taskflow.py
[2024-05-20T01:00:29.921+0000] {processor.py:840} INFO - DAG(s) 'example_setup_teardown_taskflow' retrieved from /home/airflow/.local/lib/python3.12/site-packages/airflow/example_dags/example_setup_teardown_taskflow.py
[2024-05-20T01:00:29.983+0000] {logging_mixin.py:188} INFO - [2024-05-20T01:00:29.983+0000] {dag.py:3096} INFO - Sync 1 DAGs
[2024-05-20T01:00:30.072+0000] {logging_mixin.py:188} INFO - [2024-05-20T01:00:30.072+0000] {dag.py:3954} INFO - Setting next_dagrun for example_setup_teardown_taskflow to 2024-05-19 00:00:00+00:00, run_after=2024-05-20 00:00:00+00:00
[2024-05-20T01:00:30.160+0000] {processor.py:183} INFO - Processing /home/airflow/.local/lib/python3.12/site-packages/airflow/example_dags/example_setup_teardown_taskflow.py took 0.293 seconds
[2024-05-20T01:01:03.701+0000] {processor.py:161} INFO - Started process (PID=1331) to work on /home/airflow/.local/lib/python3.12/site-packages/airflow/example_dags/example_setup_teardown_taskflow.py
[2024-05-20T01:01:03.704+0000] {processor.py:830} INFO - Processing file /home/airflow/.local/lib/python3.12/site-packages/airflow/example_dags/example_setup_teardown_taskflow.py for tasks to queue
[2024-05-20T01:01:03.707+0000] {logging_mixin.py:188} INFO - [2024-05-20T01:01:03.707+0000] {dagbag.py:545} INFO - Filling up the DagBag from /home/airflow/.local/lib/python3.12/site-packages/airflow/example_dags/example_setup_teardown_taskflow.py
[2024-05-20T01:01:03.730+0000] {processor.py:840} INFO - DAG(s) 'example_setup_teardown_taskflow' retrieved from /home/airflow/.local/lib/python3.12/site-packages/airflow/example_dags/example_setup_teardown_taskflow.py
[2024-05-20T01:01:03.775+0000] {logging_mixin.py:188} INFO - [2024-05-20T01:01:03.775+0000] {dag.py:3096} INFO - Sync 1 DAGs
[2024-05-20T01:01:03.809+0000] {logging_mixin.py:188} INFO - [2024-05-20T01:01:03.809+0000] {dag.py:3954} INFO - Setting next_dagrun for example_setup_teardown_taskflow to 2024-05-19 00:00:00+00:00, run_after=2024-05-20 00:00:00+00:00
[2024-05-20T01:01:03.839+0000] {processor.py:183} INFO - Processing /home/airflow/.local/lib/python3.12/site-packages/airflow/example_dags/example_setup_teardown_taskflow.py took 0.148 seconds
[2024-05-20T01:01:33.999+0000] {processor.py:161} INFO - Started process (PID=1389) to work on /home/airflow/.local/lib/python3.12/site-packages/airflow/example_dags/example_setup_teardown_taskflow.py
[2024-05-20T01:01:34.000+0000] {processor.py:830} INFO - Processing file /home/airflow/.local/lib/python3.12/site-packages/airflow/example_dags/example_setup_teardown_taskflow.py for tasks to queue
[2024-05-20T01:01:34.002+0000] {logging_mixin.py:188} INFO - [2024-05-20T01:01:34.002+0000] {dagbag.py:545} INFO - Filling up the DagBag from /home/airflow/.local/lib/python3.12/site-packages/airflow/example_dags/example_setup_teardown_taskflow.py
[2024-05-20T01:01:34.011+0000] {processor.py:840} INFO - DAG(s) 'example_setup_teardown_taskflow' retrieved from /home/airflow/.local/lib/python3.12/site-packages/airflow/example_dags/example_setup_teardown_taskflow.py
[2024-05-20T01:01:34.041+0000] {logging_mixin.py:188} INFO - [2024-05-20T01:01:34.040+0000] {dag.py:3096} INFO - Sync 1 DAGs
[2024-05-20T01:01:34.098+0000] {logging_mixin.py:188} INFO - [2024-05-20T01:01:34.097+0000] {dag.py:3954} INFO - Setting next_dagrun for example_setup_teardown_taskflow to 2024-05-19 00:00:00+00:00, run_after=2024-05-20 00:00:00+00:00
[2024-05-20T01:01:34.145+0000] {processor.py:183} INFO - Processing /home/airflow/.local/lib/python3.12/site-packages/airflow/example_dags/example_setup_teardown_taskflow.py took 0.151 seconds
[2024-05-20T01:02:04.721+0000] {processor.py:161} INFO - Started process (PID=1448) to work on /home/airflow/.local/lib/python3.12/site-packages/airflow/example_dags/example_setup_teardown_taskflow.py
[2024-05-20T01:02:04.723+0000] {processor.py:830} INFO - Processing file /home/airflow/.local/lib/python3.12/site-packages/airflow/example_dags/example_setup_teardown_taskflow.py for tasks to queue
[2024-05-20T01:02:04.725+0000] {logging_mixin.py:188} INFO - [2024-05-20T01:02:04.724+0000] {dagbag.py:545} INFO - Filling up the DagBag from /home/airflow/.local/lib/python3.12/site-packages/airflow/example_dags/example_setup_teardown_taskflow.py
[2024-05-20T01:02:04.735+0000] {processor.py:840} INFO - DAG(s) 'example_setup_teardown_taskflow' retrieved from /home/airflow/.local/lib/python3.12/site-packages/airflow/example_dags/example_setup_teardown_taskflow.py
[2024-05-20T01:02:04.768+0000] {logging_mixin.py:188} INFO - [2024-05-20T01:02:04.767+0000] {dag.py:3096} INFO - Sync 1 DAGs
[2024-05-20T01:02:04.797+0000] {logging_mixin.py:188} INFO - [2024-05-20T01:02:04.797+0000] {dag.py:3954} INFO - Setting next_dagrun for example_setup_teardown_taskflow to 2024-05-19 00:00:00+00:00, run_after=2024-05-20 00:00:00+00:00
[2024-05-20T01:02:04.820+0000] {processor.py:183} INFO - Processing /home/airflow/.local/lib/python3.12/site-packages/airflow/example_dags/example_setup_teardown_taskflow.py took 0.105 seconds
[2024-05-20T01:02:34.941+0000] {processor.py:161} INFO - Started process (PID=1508) to work on /home/airflow/.local/lib/python3.12/site-packages/airflow/example_dags/example_setup_teardown_taskflow.py
[2024-05-20T01:02:34.942+0000] {processor.py:830} INFO - Processing file /home/airflow/.local/lib/python3.12/site-packages/airflow/example_dags/example_setup_teardown_taskflow.py for tasks to queue
[2024-05-20T01:02:34.945+0000] {logging_mixin.py:188} INFO - [2024-05-20T01:02:34.944+0000] {dagbag.py:545} INFO - Filling up the DagBag from /home/airflow/.local/lib/python3.12/site-packages/airflow/example_dags/example_setup_teardown_taskflow.py
[2024-05-20T01:02:34.966+0000] {processor.py:840} INFO - DAG(s) 'example_setup_teardown_taskflow' retrieved from /home/airflow/.local/lib/python3.12/site-packages/airflow/example_dags/example_setup_teardown_taskflow.py
[2024-05-20T01:02:34.997+0000] {logging_mixin.py:188} INFO - [2024-05-20T01:02:34.996+0000] {dag.py:3096} INFO - Sync 1 DAGs
[2024-05-20T01:02:35.019+0000] {logging_mixin.py:188} INFO - [2024-05-20T01:02:35.019+0000] {dag.py:3954} INFO - Setting next_dagrun for example_setup_teardown_taskflow to 2024-05-19 00:00:00+00:00, run_after=2024-05-20 00:00:00+00:00
[2024-05-20T01:02:35.037+0000] {processor.py:183} INFO - Processing /home/airflow/.local/lib/python3.12/site-packages/airflow/example_dags/example_setup_teardown_taskflow.py took 0.103 seconds
[2024-05-20T01:03:26.579+0000] {processor.py:161} INFO - Started process (PID=1564) to work on /home/airflow/.local/lib/python3.12/site-packages/airflow/example_dags/example_setup_teardown_taskflow.py
[2024-05-20T01:03:26.592+0000] {processor.py:830} INFO - Processing file /home/airflow/.local/lib/python3.12/site-packages/airflow/example_dags/example_setup_teardown_taskflow.py for tasks to queue
[2024-05-20T01:03:26.600+0000] {logging_mixin.py:188} INFO - [2024-05-20T01:03:26.599+0000] {dagbag.py:545} INFO - Filling up the DagBag from /home/airflow/.local/lib/python3.12/site-packages/airflow/example_dags/example_setup_teardown_taskflow.py
[2024-05-20T01:03:26.625+0000] {processor.py:840} INFO - DAG(s) 'example_setup_teardown_taskflow' retrieved from /home/airflow/.local/lib/python3.12/site-packages/airflow/example_dags/example_setup_teardown_taskflow.py
[2024-05-20T01:03:26.673+0000] {logging_mixin.py:188} INFO - [2024-05-20T01:03:26.673+0000] {dag.py:3096} INFO - Sync 1 DAGs
[2024-05-20T01:03:26.733+0000] {logging_mixin.py:188} INFO - [2024-05-20T01:03:26.733+0000] {dag.py:3954} INFO - Setting next_dagrun for example_setup_teardown_taskflow to 2024-05-19 00:00:00+00:00, run_after=2024-05-20 00:00:00+00:00
[2024-05-20T01:03:26.780+0000] {processor.py:183} INFO - Processing /home/airflow/.local/lib/python3.12/site-packages/airflow/example_dags/example_setup_teardown_taskflow.py took 0.214 seconds
