[2024-05-20T00:48:46.223+0000] {processor.py:161} INFO - Started process (PID=78) to work on /home/airflow/.local/lib/python3.12/site-packages/airflow/example_dags/example_display_name.py
[2024-05-20T00:48:46.227+0000] {processor.py:830} INFO - Processing file /home/airflow/.local/lib/python3.12/site-packages/airflow/example_dags/example_display_name.py for tasks to queue
[2024-05-20T00:48:46.233+0000] {logging_mixin.py:188} INFO - [2024-05-20T00:48:46.232+0000] {dagbag.py:545} INFO - Filling up the DagBag from /home/airflow/.local/lib/python3.12/site-packages/airflow/example_dags/example_display_name.py
[2024-05-20T00:48:46.262+0000] {processor.py:840} INFO - DAG(s) 'example_display_name' retrieved from /home/airflow/.local/lib/python3.12/site-packages/airflow/example_dags/example_display_name.py
[2024-05-20T00:48:46.545+0000] {logging_mixin.py:188} INFO - [2024-05-20T00:48:46.545+0000] {dag.py:3096} INFO - Sync 1 DAGs
[2024-05-20T00:48:46.572+0000] {logging_mixin.py:188} INFO - [2024-05-20T00:48:46.572+0000] {dag.py:3954} INFO - Setting next_dagrun for example_display_name to None, run_after=None
[2024-05-20T00:48:46.603+0000] {processor.py:183} INFO - Processing /home/airflow/.local/lib/python3.12/site-packages/airflow/example_dags/example_display_name.py took 0.408 seconds
[2024-05-20T00:49:17.531+0000] {processor.py:161} INFO - Started process (PID=137) to work on /home/airflow/.local/lib/python3.12/site-packages/airflow/example_dags/example_display_name.py
[2024-05-20T00:49:17.533+0000] {processor.py:830} INFO - Processing file /home/airflow/.local/lib/python3.12/site-packages/airflow/example_dags/example_display_name.py for tasks to queue
[2024-05-20T00:49:17.539+0000] {logging_mixin.py:188} INFO - [2024-05-20T00:49:17.538+0000] {dagbag.py:545} INFO - Filling up the DagBag from /home/airflow/.local/lib/python3.12/site-packages/airflow/example_dags/example_display_name.py
[2024-05-20T00:49:17.576+0000] {processor.py:840} INFO - DAG(s) 'example_display_name' retrieved from /home/airflow/.local/lib/python3.12/site-packages/airflow/example_dags/example_display_name.py
[2024-05-20T00:49:17.634+0000] {logging_mixin.py:188} INFO - [2024-05-20T00:49:17.633+0000] {dag.py:3096} INFO - Sync 1 DAGs
[2024-05-20T00:49:17.668+0000] {logging_mixin.py:188} INFO - [2024-05-20T00:49:17.668+0000] {dag.py:3954} INFO - Setting next_dagrun for example_display_name to None, run_after=None
[2024-05-20T00:49:17.692+0000] {processor.py:183} INFO - Processing /home/airflow/.local/lib/python3.12/site-packages/airflow/example_dags/example_display_name.py took 0.177 seconds
[2024-05-20T00:49:50.230+0000] {processor.py:161} INFO - Started process (PID=196) to work on /home/airflow/.local/lib/python3.12/site-packages/airflow/example_dags/example_display_name.py
[2024-05-20T00:49:50.235+0000] {processor.py:830} INFO - Processing file /home/airflow/.local/lib/python3.12/site-packages/airflow/example_dags/example_display_name.py for tasks to queue
[2024-05-20T00:49:50.240+0000] {logging_mixin.py:188} INFO - [2024-05-20T00:49:50.239+0000] {dagbag.py:545} INFO - Filling up the DagBag from /home/airflow/.local/lib/python3.12/site-packages/airflow/example_dags/example_display_name.py
[2024-05-20T00:49:50.275+0000] {processor.py:840} INFO - DAG(s) 'example_display_name' retrieved from /home/airflow/.local/lib/python3.12/site-packages/airflow/example_dags/example_display_name.py
[2024-05-20T00:49:50.364+0000] {logging_mixin.py:188} INFO - [2024-05-20T00:49:50.356+0000] {dag.py:3096} INFO - Sync 1 DAGs
[2024-05-20T00:49:50.402+0000] {logging_mixin.py:188} INFO - [2024-05-20T00:49:50.401+0000] {dag.py:3954} INFO - Setting next_dagrun for example_display_name to None, run_after=None
[2024-05-20T00:49:50.510+0000] {processor.py:183} INFO - Processing /home/airflow/.local/lib/python3.12/site-packages/airflow/example_dags/example_display_name.py took 0.322 seconds
[2024-05-20T00:50:21.426+0000] {processor.py:161} INFO - Started process (PID=256) to work on /home/airflow/.local/lib/python3.12/site-packages/airflow/example_dags/example_display_name.py
[2024-05-20T00:50:21.427+0000] {processor.py:830} INFO - Processing file /home/airflow/.local/lib/python3.12/site-packages/airflow/example_dags/example_display_name.py for tasks to queue
[2024-05-20T00:50:21.429+0000] {logging_mixin.py:188} INFO - [2024-05-20T00:50:21.429+0000] {dagbag.py:545} INFO - Filling up the DagBag from /home/airflow/.local/lib/python3.12/site-packages/airflow/example_dags/example_display_name.py
[2024-05-20T00:50:21.435+0000] {processor.py:840} INFO - DAG(s) 'example_display_name' retrieved from /home/airflow/.local/lib/python3.12/site-packages/airflow/example_dags/example_display_name.py
[2024-05-20T00:50:21.464+0000] {logging_mixin.py:188} INFO - [2024-05-20T00:50:21.464+0000] {dag.py:3096} INFO - Sync 1 DAGs
[2024-05-20T00:50:21.480+0000] {logging_mixin.py:188} INFO - [2024-05-20T00:50:21.479+0000] {dag.py:3954} INFO - Setting next_dagrun for example_display_name to None, run_after=None
[2024-05-20T00:50:21.506+0000] {processor.py:183} INFO - Processing /home/airflow/.local/lib/python3.12/site-packages/airflow/example_dags/example_display_name.py took 0.085 seconds
[2024-05-20T00:50:51.696+0000] {processor.py:161} INFO - Started process (PID=315) to work on /home/airflow/.local/lib/python3.12/site-packages/airflow/example_dags/example_display_name.py
[2024-05-20T00:50:51.713+0000] {processor.py:830} INFO - Processing file /home/airflow/.local/lib/python3.12/site-packages/airflow/example_dags/example_display_name.py for tasks to queue
[2024-05-20T00:50:51.732+0000] {logging_mixin.py:188} INFO - [2024-05-20T00:50:51.731+0000] {dagbag.py:545} INFO - Filling up the DagBag from /home/airflow/.local/lib/python3.12/site-packages/airflow/example_dags/example_display_name.py
[2024-05-20T00:50:51.795+0000] {processor.py:840} INFO - DAG(s) 'example_display_name' retrieved from /home/airflow/.local/lib/python3.12/site-packages/airflow/example_dags/example_display_name.py
[2024-05-20T00:50:52.064+0000] {logging_mixin.py:188} INFO - [2024-05-20T00:50:52.063+0000] {dag.py:3096} INFO - Sync 1 DAGs
[2024-05-20T00:50:52.194+0000] {logging_mixin.py:188} INFO - [2024-05-20T00:50:52.193+0000] {dag.py:3954} INFO - Setting next_dagrun for example_display_name to None, run_after=None
[2024-05-20T00:50:52.384+0000] {processor.py:183} INFO - Processing /home/airflow/.local/lib/python3.12/site-packages/airflow/example_dags/example_display_name.py took 0.748 seconds
[2024-05-20T00:51:23.361+0000] {processor.py:161} INFO - Started process (PID=375) to work on /home/airflow/.local/lib/python3.12/site-packages/airflow/example_dags/example_display_name.py
[2024-05-20T00:51:23.363+0000] {processor.py:830} INFO - Processing file /home/airflow/.local/lib/python3.12/site-packages/airflow/example_dags/example_display_name.py for tasks to queue
[2024-05-20T00:51:23.367+0000] {logging_mixin.py:188} INFO - [2024-05-20T00:51:23.366+0000] {dagbag.py:545} INFO - Filling up the DagBag from /home/airflow/.local/lib/python3.12/site-packages/airflow/example_dags/example_display_name.py
[2024-05-20T00:51:23.378+0000] {processor.py:840} INFO - DAG(s) 'example_display_name' retrieved from /home/airflow/.local/lib/python3.12/site-packages/airflow/example_dags/example_display_name.py
[2024-05-20T00:51:23.469+0000] {logging_mixin.py:188} INFO - [2024-05-20T00:51:23.469+0000] {dag.py:3096} INFO - Sync 1 DAGs
[2024-05-20T00:51:23.527+0000] {logging_mixin.py:188} INFO - [2024-05-20T00:51:23.526+0000] {dag.py:3954} INFO - Setting next_dagrun for example_display_name to None, run_after=None
[2024-05-20T00:51:23.597+0000] {processor.py:183} INFO - Processing /home/airflow/.local/lib/python3.12/site-packages/airflow/example_dags/example_display_name.py took 0.245 seconds
[2024-05-20T00:51:53.955+0000] {processor.py:161} INFO - Started process (PID=435) to work on /home/airflow/.local/lib/python3.12/site-packages/airflow/example_dags/example_display_name.py
[2024-05-20T00:51:53.958+0000] {processor.py:830} INFO - Processing file /home/airflow/.local/lib/python3.12/site-packages/airflow/example_dags/example_display_name.py for tasks to queue
[2024-05-20T00:51:53.973+0000] {logging_mixin.py:188} INFO - [2024-05-20T00:51:53.970+0000] {dagbag.py:545} INFO - Filling up the DagBag from /home/airflow/.local/lib/python3.12/site-packages/airflow/example_dags/example_display_name.py
[2024-05-20T00:51:53.988+0000] {processor.py:840} INFO - DAG(s) 'example_display_name' retrieved from /home/airflow/.local/lib/python3.12/site-packages/airflow/example_dags/example_display_name.py
[2024-05-20T00:51:54.037+0000] {logging_mixin.py:188} INFO - [2024-05-20T00:51:54.037+0000] {dag.py:3096} INFO - Sync 1 DAGs
[2024-05-20T00:51:54.077+0000] {logging_mixin.py:188} INFO - [2024-05-20T00:51:54.077+0000] {dag.py:3954} INFO - Setting next_dagrun for example_display_name to None, run_after=None
[2024-05-20T00:51:54.114+0000] {processor.py:183} INFO - Processing /home/airflow/.local/lib/python3.12/site-packages/airflow/example_dags/example_display_name.py took 0.177 seconds
[2024-05-20T00:52:24.853+0000] {processor.py:161} INFO - Started process (PID=493) to work on /home/airflow/.local/lib/python3.12/site-packages/airflow/example_dags/example_display_name.py
[2024-05-20T00:52:24.863+0000] {processor.py:830} INFO - Processing file /home/airflow/.local/lib/python3.12/site-packages/airflow/example_dags/example_display_name.py for tasks to queue
[2024-05-20T00:52:24.882+0000] {logging_mixin.py:188} INFO - [2024-05-20T00:52:24.881+0000] {dagbag.py:545} INFO - Filling up the DagBag from /home/airflow/.local/lib/python3.12/site-packages/airflow/example_dags/example_display_name.py
[2024-05-20T00:52:24.904+0000] {processor.py:840} INFO - DAG(s) 'example_display_name' retrieved from /home/airflow/.local/lib/python3.12/site-packages/airflow/example_dags/example_display_name.py
[2024-05-20T00:52:25.011+0000] {logging_mixin.py:188} INFO - [2024-05-20T00:52:25.010+0000] {dag.py:3096} INFO - Sync 1 DAGs
[2024-05-20T00:52:25.046+0000] {logging_mixin.py:188} INFO - [2024-05-20T00:52:25.045+0000] {dag.py:3954} INFO - Setting next_dagrun for example_display_name to None, run_after=None
[2024-05-20T00:52:25.095+0000] {processor.py:183} INFO - Processing /home/airflow/.local/lib/python3.12/site-packages/airflow/example_dags/example_display_name.py took 0.261 seconds
[2024-05-20T00:52:55.584+0000] {processor.py:161} INFO - Started process (PID=553) to work on /home/airflow/.local/lib/python3.12/site-packages/airflow/example_dags/example_display_name.py
[2024-05-20T00:52:55.587+0000] {processor.py:830} INFO - Processing file /home/airflow/.local/lib/python3.12/site-packages/airflow/example_dags/example_display_name.py for tasks to queue
[2024-05-20T00:52:55.593+0000] {logging_mixin.py:188} INFO - [2024-05-20T00:52:55.592+0000] {dagbag.py:545} INFO - Filling up the DagBag from /home/airflow/.local/lib/python3.12/site-packages/airflow/example_dags/example_display_name.py
[2024-05-20T00:52:55.608+0000] {processor.py:840} INFO - DAG(s) 'example_display_name' retrieved from /home/airflow/.local/lib/python3.12/site-packages/airflow/example_dags/example_display_name.py
[2024-05-20T00:52:55.661+0000] {logging_mixin.py:188} INFO - [2024-05-20T00:52:55.661+0000] {dag.py:3096} INFO - Sync 1 DAGs
[2024-05-20T00:52:55.708+0000] {logging_mixin.py:188} INFO - [2024-05-20T00:52:55.707+0000] {dag.py:3954} INFO - Setting next_dagrun for example_display_name to None, run_after=None
[2024-05-20T00:52:55.741+0000] {processor.py:183} INFO - Processing /home/airflow/.local/lib/python3.12/site-packages/airflow/example_dags/example_display_name.py took 0.187 seconds
[2024-05-20T00:53:52.019+0000] {processor.py:161} INFO - Started process (PID=624) to work on /home/airflow/.local/lib/python3.12/site-packages/airflow/example_dags/example_display_name.py
[2024-05-20T00:53:52.023+0000] {processor.py:830} INFO - Processing file /home/airflow/.local/lib/python3.12/site-packages/airflow/example_dags/example_display_name.py for tasks to queue
[2024-05-20T00:53:52.029+0000] {logging_mixin.py:188} INFO - [2024-05-20T00:53:52.029+0000] {dagbag.py:545} INFO - Filling up the DagBag from /home/airflow/.local/lib/python3.12/site-packages/airflow/example_dags/example_display_name.py
[2024-05-20T00:53:52.048+0000] {processor.py:840} INFO - DAG(s) 'example_display_name' retrieved from /home/airflow/.local/lib/python3.12/site-packages/airflow/example_dags/example_display_name.py
[2024-05-20T00:53:52.102+0000] {logging_mixin.py:188} INFO - [2024-05-20T00:53:52.102+0000] {dag.py:3096} INFO - Sync 1 DAGs
[2024-05-20T00:53:52.120+0000] {logging_mixin.py:188} INFO - [2024-05-20T00:53:52.119+0000] {dag.py:3954} INFO - Setting next_dagrun for example_display_name to None, run_after=None
[2024-05-20T00:53:52.178+0000] {processor.py:183} INFO - Processing /home/airflow/.local/lib/python3.12/site-packages/airflow/example_dags/example_display_name.py took 0.191 seconds
[2024-05-20T00:54:22.884+0000] {processor.py:161} INFO - Started process (PID=683) to work on /home/airflow/.local/lib/python3.12/site-packages/airflow/example_dags/example_display_name.py
[2024-05-20T00:54:22.886+0000] {processor.py:830} INFO - Processing file /home/airflow/.local/lib/python3.12/site-packages/airflow/example_dags/example_display_name.py for tasks to queue
[2024-05-20T00:54:22.890+0000] {logging_mixin.py:188} INFO - [2024-05-20T00:54:22.889+0000] {dagbag.py:545} INFO - Filling up the DagBag from /home/airflow/.local/lib/python3.12/site-packages/airflow/example_dags/example_display_name.py
[2024-05-20T00:54:22.900+0000] {processor.py:840} INFO - DAG(s) 'example_display_name' retrieved from /home/airflow/.local/lib/python3.12/site-packages/airflow/example_dags/example_display_name.py
[2024-05-20T00:54:22.921+0000] {logging_mixin.py:188} INFO - [2024-05-20T00:54:22.921+0000] {dag.py:3096} INFO - Sync 1 DAGs
[2024-05-20T00:54:22.934+0000] {logging_mixin.py:188} INFO - [2024-05-20T00:54:22.934+0000] {dag.py:3954} INFO - Setting next_dagrun for example_display_name to None, run_after=None
[2024-05-20T00:54:22.957+0000] {processor.py:183} INFO - Processing /home/airflow/.local/lib/python3.12/site-packages/airflow/example_dags/example_display_name.py took 0.080 seconds
[2024-05-20T00:54:53.130+0000] {processor.py:161} INFO - Started process (PID=743) to work on /home/airflow/.local/lib/python3.12/site-packages/airflow/example_dags/example_display_name.py
[2024-05-20T00:54:53.133+0000] {processor.py:830} INFO - Processing file /home/airflow/.local/lib/python3.12/site-packages/airflow/example_dags/example_display_name.py for tasks to queue
[2024-05-20T00:54:53.135+0000] {logging_mixin.py:188} INFO - [2024-05-20T00:54:53.134+0000] {dagbag.py:545} INFO - Filling up the DagBag from /home/airflow/.local/lib/python3.12/site-packages/airflow/example_dags/example_display_name.py
[2024-05-20T00:54:53.140+0000] {processor.py:840} INFO - DAG(s) 'example_display_name' retrieved from /home/airflow/.local/lib/python3.12/site-packages/airflow/example_dags/example_display_name.py
[2024-05-20T00:54:53.160+0000] {logging_mixin.py:188} INFO - [2024-05-20T00:54:53.160+0000] {dag.py:3096} INFO - Sync 1 DAGs
[2024-05-20T00:54:53.173+0000] {logging_mixin.py:188} INFO - [2024-05-20T00:54:53.173+0000] {dag.py:3954} INFO - Setting next_dagrun for example_display_name to None, run_after=None
[2024-05-20T00:54:53.188+0000] {processor.py:183} INFO - Processing /home/airflow/.local/lib/python3.12/site-packages/airflow/example_dags/example_display_name.py took 0.064 seconds
[2024-05-20T00:55:43.737+0000] {processor.py:161} INFO - Started process (PID=802) to work on /home/airflow/.local/lib/python3.12/site-packages/airflow/example_dags/example_display_name.py
[2024-05-20T00:55:43.739+0000] {processor.py:830} INFO - Processing file /home/airflow/.local/lib/python3.12/site-packages/airflow/example_dags/example_display_name.py for tasks to queue
[2024-05-20T00:55:43.741+0000] {logging_mixin.py:188} INFO - [2024-05-20T00:55:43.741+0000] {dagbag.py:545} INFO - Filling up the DagBag from /home/airflow/.local/lib/python3.12/site-packages/airflow/example_dags/example_display_name.py
[2024-05-20T00:55:43.747+0000] {processor.py:840} INFO - DAG(s) 'example_display_name' retrieved from /home/airflow/.local/lib/python3.12/site-packages/airflow/example_dags/example_display_name.py
[2024-05-20T00:55:43.769+0000] {logging_mixin.py:188} INFO - [2024-05-20T00:55:43.769+0000] {dag.py:3096} INFO - Sync 1 DAGs
[2024-05-20T00:55:43.790+0000] {logging_mixin.py:188} INFO - [2024-05-20T00:55:43.790+0000] {dag.py:3954} INFO - Setting next_dagrun for example_display_name to None, run_after=None
[2024-05-20T00:55:43.826+0000] {processor.py:183} INFO - Processing /home/airflow/.local/lib/python3.12/site-packages/airflow/example_dags/example_display_name.py took 0.094 seconds
[2024-05-20T00:56:16.897+0000] {processor.py:161} INFO - Started process (PID=862) to work on /home/airflow/.local/lib/python3.12/site-packages/airflow/example_dags/example_display_name.py
[2024-05-20T00:56:16.899+0000] {processor.py:830} INFO - Processing file /home/airflow/.local/lib/python3.12/site-packages/airflow/example_dags/example_display_name.py for tasks to queue
[2024-05-20T00:56:16.916+0000] {logging_mixin.py:188} INFO - [2024-05-20T00:56:16.914+0000] {dagbag.py:545} INFO - Filling up the DagBag from /home/airflow/.local/lib/python3.12/site-packages/airflow/example_dags/example_display_name.py
[2024-05-20T00:56:16.942+0000] {processor.py:840} INFO - DAG(s) 'example_display_name' retrieved from /home/airflow/.local/lib/python3.12/site-packages/airflow/example_dags/example_display_name.py
[2024-05-20T00:56:17.076+0000] {logging_mixin.py:188} INFO - [2024-05-20T00:56:17.076+0000] {dag.py:3096} INFO - Sync 1 DAGs
[2024-05-20T00:56:17.133+0000] {logging_mixin.py:188} INFO - [2024-05-20T00:56:17.133+0000] {dag.py:3954} INFO - Setting next_dagrun for example_display_name to None, run_after=None
[2024-05-20T00:56:17.211+0000] {processor.py:183} INFO - Processing /home/airflow/.local/lib/python3.12/site-packages/airflow/example_dags/example_display_name.py took 0.331 seconds
[2024-05-20T00:56:47.500+0000] {processor.py:161} INFO - Started process (PID=922) to work on /home/airflow/.local/lib/python3.12/site-packages/airflow/example_dags/example_display_name.py
[2024-05-20T00:56:47.505+0000] {processor.py:830} INFO - Processing file /home/airflow/.local/lib/python3.12/site-packages/airflow/example_dags/example_display_name.py for tasks to queue
[2024-05-20T00:56:47.509+0000] {logging_mixin.py:188} INFO - [2024-05-20T00:56:47.508+0000] {dagbag.py:545} INFO - Filling up the DagBag from /home/airflow/.local/lib/python3.12/site-packages/airflow/example_dags/example_display_name.py
[2024-05-20T00:56:47.553+0000] {processor.py:840} INFO - DAG(s) 'example_display_name' retrieved from /home/airflow/.local/lib/python3.12/site-packages/airflow/example_dags/example_display_name.py
[2024-05-20T00:56:47.617+0000] {logging_mixin.py:188} INFO - [2024-05-20T00:56:47.617+0000] {dag.py:3096} INFO - Sync 1 DAGs
[2024-05-20T00:56:47.681+0000] {logging_mixin.py:188} INFO - [2024-05-20T00:56:47.680+0000] {dag.py:3954} INFO - Setting next_dagrun for example_display_name to None, run_after=None
[2024-05-20T00:56:47.751+0000] {processor.py:183} INFO - Processing /home/airflow/.local/lib/python3.12/site-packages/airflow/example_dags/example_display_name.py took 0.275 seconds
[2024-05-20T00:57:53.703+0000] {processor.py:161} INFO - Started process (PID=981) to work on /home/airflow/.local/lib/python3.12/site-packages/airflow/example_dags/example_display_name.py
[2024-05-20T00:57:53.708+0000] {processor.py:830} INFO - Processing file /home/airflow/.local/lib/python3.12/site-packages/airflow/example_dags/example_display_name.py for tasks to queue
[2024-05-20T00:57:53.717+0000] {logging_mixin.py:188} INFO - [2024-05-20T00:57:53.715+0000] {dagbag.py:545} INFO - Filling up the DagBag from /home/airflow/.local/lib/python3.12/site-packages/airflow/example_dags/example_display_name.py
[2024-05-20T00:57:53.753+0000] {processor.py:840} INFO - DAG(s) 'example_display_name' retrieved from /home/airflow/.local/lib/python3.12/site-packages/airflow/example_dags/example_display_name.py
[2024-05-20T00:57:53.848+0000] {logging_mixin.py:188} INFO - [2024-05-20T00:57:53.847+0000] {dag.py:3096} INFO - Sync 1 DAGs
[2024-05-20T00:57:53.917+0000] {logging_mixin.py:188} INFO - [2024-05-20T00:57:53.915+0000] {dag.py:3954} INFO - Setting next_dagrun for example_display_name to None, run_after=None
[2024-05-20T00:57:54.031+0000] {processor.py:183} INFO - Processing /home/airflow/.local/lib/python3.12/site-packages/airflow/example_dags/example_display_name.py took 0.351 seconds
[2024-05-20T00:58:24.318+0000] {processor.py:161} INFO - Started process (PID=1039) to work on /home/airflow/.local/lib/python3.12/site-packages/airflow/example_dags/example_display_name.py
[2024-05-20T00:58:24.325+0000] {processor.py:830} INFO - Processing file /home/airflow/.local/lib/python3.12/site-packages/airflow/example_dags/example_display_name.py for tasks to queue
[2024-05-20T00:58:24.329+0000] {logging_mixin.py:188} INFO - [2024-05-20T00:58:24.328+0000] {dagbag.py:545} INFO - Filling up the DagBag from /home/airflow/.local/lib/python3.12/site-packages/airflow/example_dags/example_display_name.py
[2024-05-20T00:58:24.346+0000] {processor.py:840} INFO - DAG(s) 'example_display_name' retrieved from /home/airflow/.local/lib/python3.12/site-packages/airflow/example_dags/example_display_name.py
[2024-05-20T00:58:24.406+0000] {logging_mixin.py:188} INFO - [2024-05-20T00:58:24.405+0000] {dag.py:3096} INFO - Sync 1 DAGs
[2024-05-20T00:58:24.429+0000] {logging_mixin.py:188} INFO - [2024-05-20T00:58:24.429+0000] {dag.py:3954} INFO - Setting next_dagrun for example_display_name to None, run_after=None
[2024-05-20T00:58:24.464+0000] {processor.py:183} INFO - Processing /home/airflow/.local/lib/python3.12/site-packages/airflow/example_dags/example_display_name.py took 0.154 seconds
[2024-05-20T00:58:54.836+0000] {processor.py:161} INFO - Started process (PID=1098) to work on /home/airflow/.local/lib/python3.12/site-packages/airflow/example_dags/example_display_name.py
[2024-05-20T00:58:54.846+0000] {processor.py:830} INFO - Processing file /home/airflow/.local/lib/python3.12/site-packages/airflow/example_dags/example_display_name.py for tasks to queue
[2024-05-20T00:58:54.876+0000] {logging_mixin.py:188} INFO - [2024-05-20T00:58:54.872+0000] {dagbag.py:545} INFO - Filling up the DagBag from /home/airflow/.local/lib/python3.12/site-packages/airflow/example_dags/example_display_name.py
[2024-05-20T00:58:54.927+0000] {processor.py:840} INFO - DAG(s) 'example_display_name' retrieved from /home/airflow/.local/lib/python3.12/site-packages/airflow/example_dags/example_display_name.py
[2024-05-20T00:58:55.072+0000] {logging_mixin.py:188} INFO - [2024-05-20T00:58:55.071+0000] {dag.py:3096} INFO - Sync 1 DAGs
[2024-05-20T00:58:55.137+0000] {logging_mixin.py:188} INFO - [2024-05-20T00:58:55.136+0000] {dag.py:3954} INFO - Setting next_dagrun for example_display_name to None, run_after=None
[2024-05-20T00:58:55.219+0000] {processor.py:183} INFO - Processing /home/airflow/.local/lib/python3.12/site-packages/airflow/example_dags/example_display_name.py took 0.443 seconds
[2024-05-20T00:59:26.051+0000] {processor.py:161} INFO - Started process (PID=1157) to work on /home/airflow/.local/lib/python3.12/site-packages/airflow/example_dags/example_display_name.py
[2024-05-20T00:59:26.054+0000] {processor.py:830} INFO - Processing file /home/airflow/.local/lib/python3.12/site-packages/airflow/example_dags/example_display_name.py for tasks to queue
[2024-05-20T00:59:26.060+0000] {logging_mixin.py:188} INFO - [2024-05-20T00:59:26.059+0000] {dagbag.py:545} INFO - Filling up the DagBag from /home/airflow/.local/lib/python3.12/site-packages/airflow/example_dags/example_display_name.py
[2024-05-20T00:59:26.078+0000] {processor.py:840} INFO - DAG(s) 'example_display_name' retrieved from /home/airflow/.local/lib/python3.12/site-packages/airflow/example_dags/example_display_name.py
[2024-05-20T00:59:26.159+0000] {logging_mixin.py:188} INFO - [2024-05-20T00:59:26.159+0000] {dag.py:3096} INFO - Sync 1 DAGs
[2024-05-20T00:59:26.198+0000] {logging_mixin.py:188} INFO - [2024-05-20T00:59:26.197+0000] {dag.py:3954} INFO - Setting next_dagrun for example_display_name to None, run_after=None
[2024-05-20T00:59:26.238+0000] {processor.py:183} INFO - Processing /home/airflow/.local/lib/python3.12/site-packages/airflow/example_dags/example_display_name.py took 0.223 seconds
[2024-05-20T01:00:06.411+0000] {processor.py:161} INFO - Started process (PID=1223) to work on /home/airflow/.local/lib/python3.12/site-packages/airflow/example_dags/example_display_name.py
[2024-05-20T01:00:06.424+0000] {processor.py:830} INFO - Processing file /home/airflow/.local/lib/python3.12/site-packages/airflow/example_dags/example_display_name.py for tasks to queue
[2024-05-20T01:00:06.430+0000] {logging_mixin.py:188} INFO - [2024-05-20T01:00:06.429+0000] {dagbag.py:545} INFO - Filling up the DagBag from /home/airflow/.local/lib/python3.12/site-packages/airflow/example_dags/example_display_name.py
[2024-05-20T01:00:06.477+0000] {processor.py:840} INFO - DAG(s) 'example_display_name' retrieved from /home/airflow/.local/lib/python3.12/site-packages/airflow/example_dags/example_display_name.py
[2024-05-20T01:00:06.839+0000] {logging_mixin.py:188} INFO - [2024-05-20T01:00:06.834+0000] {dag.py:3096} INFO - Sync 1 DAGs
[2024-05-20T01:00:07.025+0000] {logging_mixin.py:188} INFO - [2024-05-20T01:00:07.025+0000] {dag.py:3954} INFO - Setting next_dagrun for example_display_name to None, run_after=None
[2024-05-20T01:00:07.154+0000] {processor.py:183} INFO - Processing /home/airflow/.local/lib/python3.12/site-packages/airflow/example_dags/example_display_name.py took 0.789 seconds
[2024-05-20T01:00:38.038+0000] {processor.py:161} INFO - Started process (PID=1283) to work on /home/airflow/.local/lib/python3.12/site-packages/airflow/example_dags/example_display_name.py
[2024-05-20T01:00:38.042+0000] {processor.py:830} INFO - Processing file /home/airflow/.local/lib/python3.12/site-packages/airflow/example_dags/example_display_name.py for tasks to queue
[2024-05-20T01:00:38.052+0000] {logging_mixin.py:188} INFO - [2024-05-20T01:00:38.047+0000] {dagbag.py:545} INFO - Filling up the DagBag from /home/airflow/.local/lib/python3.12/site-packages/airflow/example_dags/example_display_name.py
[2024-05-20T01:00:38.081+0000] {processor.py:840} INFO - DAG(s) 'example_display_name' retrieved from /home/airflow/.local/lib/python3.12/site-packages/airflow/example_dags/example_display_name.py
[2024-05-20T01:00:38.161+0000] {logging_mixin.py:188} INFO - [2024-05-20T01:00:38.161+0000] {dag.py:3096} INFO - Sync 1 DAGs
[2024-05-20T01:00:38.214+0000] {logging_mixin.py:188} INFO - [2024-05-20T01:00:38.213+0000] {dag.py:3954} INFO - Setting next_dagrun for example_display_name to None, run_after=None
[2024-05-20T01:00:38.270+0000] {processor.py:183} INFO - Processing /home/airflow/.local/lib/python3.12/site-packages/airflow/example_dags/example_display_name.py took 0.268 seconds
[2024-05-20T01:01:09.135+0000] {processor.py:161} INFO - Started process (PID=1343) to work on /home/airflow/.local/lib/python3.12/site-packages/airflow/example_dags/example_display_name.py
[2024-05-20T01:01:09.138+0000] {processor.py:830} INFO - Processing file /home/airflow/.local/lib/python3.12/site-packages/airflow/example_dags/example_display_name.py for tasks to queue
[2024-05-20T01:01:09.142+0000] {logging_mixin.py:188} INFO - [2024-05-20T01:01:09.141+0000] {dagbag.py:545} INFO - Filling up the DagBag from /home/airflow/.local/lib/python3.12/site-packages/airflow/example_dags/example_display_name.py
[2024-05-20T01:01:09.151+0000] {processor.py:840} INFO - DAG(s) 'example_display_name' retrieved from /home/airflow/.local/lib/python3.12/site-packages/airflow/example_dags/example_display_name.py
[2024-05-20T01:01:09.354+0000] {logging_mixin.py:188} INFO - [2024-05-20T01:01:09.353+0000] {dag.py:3096} INFO - Sync 1 DAGs
[2024-05-20T01:01:09.392+0000] {logging_mixin.py:188} INFO - [2024-05-20T01:01:09.392+0000] {dag.py:3954} INFO - Setting next_dagrun for example_display_name to None, run_after=None
[2024-05-20T01:01:09.420+0000] {processor.py:183} INFO - Processing /home/airflow/.local/lib/python3.12/site-packages/airflow/example_dags/example_display_name.py took 0.294 seconds
[2024-05-20T01:01:39.945+0000] {processor.py:161} INFO - Started process (PID=1403) to work on /home/airflow/.local/lib/python3.12/site-packages/airflow/example_dags/example_display_name.py
[2024-05-20T01:01:39.960+0000] {processor.py:830} INFO - Processing file /home/airflow/.local/lib/python3.12/site-packages/airflow/example_dags/example_display_name.py for tasks to queue
[2024-05-20T01:01:39.993+0000] {logging_mixin.py:188} INFO - [2024-05-20T01:01:39.992+0000] {dagbag.py:545} INFO - Filling up the DagBag from /home/airflow/.local/lib/python3.12/site-packages/airflow/example_dags/example_display_name.py
[2024-05-20T01:01:40.042+0000] {processor.py:840} INFO - DAG(s) 'example_display_name' retrieved from /home/airflow/.local/lib/python3.12/site-packages/airflow/example_dags/example_display_name.py
[2024-05-20T01:01:40.350+0000] {logging_mixin.py:188} INFO - [2024-05-20T01:01:40.350+0000] {dag.py:3096} INFO - Sync 1 DAGs
[2024-05-20T01:01:40.415+0000] {logging_mixin.py:188} INFO - [2024-05-20T01:01:40.415+0000] {dag.py:3954} INFO - Setting next_dagrun for example_display_name to None, run_after=None
[2024-05-20T01:01:40.480+0000] {processor.py:183} INFO - Processing /home/airflow/.local/lib/python3.12/site-packages/airflow/example_dags/example_display_name.py took 0.554 seconds
[2024-05-20T01:02:10.784+0000] {processor.py:161} INFO - Started process (PID=1463) to work on /home/airflow/.local/lib/python3.12/site-packages/airflow/example_dags/example_display_name.py
[2024-05-20T01:02:10.786+0000] {processor.py:830} INFO - Processing file /home/airflow/.local/lib/python3.12/site-packages/airflow/example_dags/example_display_name.py for tasks to queue
[2024-05-20T01:02:10.791+0000] {logging_mixin.py:188} INFO - [2024-05-20T01:02:10.790+0000] {dagbag.py:545} INFO - Filling up the DagBag from /home/airflow/.local/lib/python3.12/site-packages/airflow/example_dags/example_display_name.py
[2024-05-20T01:02:10.805+0000] {processor.py:840} INFO - DAG(s) 'example_display_name' retrieved from /home/airflow/.local/lib/python3.12/site-packages/airflow/example_dags/example_display_name.py
[2024-05-20T01:02:10.846+0000] {logging_mixin.py:188} INFO - [2024-05-20T01:02:10.846+0000] {dag.py:3096} INFO - Sync 1 DAGs
[2024-05-20T01:02:10.882+0000] {logging_mixin.py:188} INFO - [2024-05-20T01:02:10.882+0000] {dag.py:3954} INFO - Setting next_dagrun for example_display_name to None, run_after=None
[2024-05-20T01:02:10.914+0000] {processor.py:183} INFO - Processing /home/airflow/.local/lib/python3.12/site-packages/airflow/example_dags/example_display_name.py took 0.148 seconds
[2024-05-20T01:02:41.555+0000] {processor.py:161} INFO - Started process (PID=1523) to work on /home/airflow/.local/lib/python3.12/site-packages/airflow/example_dags/example_display_name.py
[2024-05-20T01:02:41.557+0000] {processor.py:830} INFO - Processing file /home/airflow/.local/lib/python3.12/site-packages/airflow/example_dags/example_display_name.py for tasks to queue
[2024-05-20T01:02:41.560+0000] {logging_mixin.py:188} INFO - [2024-05-20T01:02:41.560+0000] {dagbag.py:545} INFO - Filling up the DagBag from /home/airflow/.local/lib/python3.12/site-packages/airflow/example_dags/example_display_name.py
[2024-05-20T01:02:41.569+0000] {processor.py:840} INFO - DAG(s) 'example_display_name' retrieved from /home/airflow/.local/lib/python3.12/site-packages/airflow/example_dags/example_display_name.py
[2024-05-20T01:02:41.598+0000] {logging_mixin.py:188} INFO - [2024-05-20T01:02:41.598+0000] {dag.py:3096} INFO - Sync 1 DAGs
[2024-05-20T01:02:41.616+0000] {logging_mixin.py:188} INFO - [2024-05-20T01:02:41.616+0000] {dag.py:3954} INFO - Setting next_dagrun for example_display_name to None, run_after=None
[2024-05-20T01:02:41.640+0000] {processor.py:183} INFO - Processing /home/airflow/.local/lib/python3.12/site-packages/airflow/example_dags/example_display_name.py took 0.093 seconds
[2024-05-20T01:03:27.600+0000] {processor.py:161} INFO - Started process (PID=1571) to work on /home/airflow/.local/lib/python3.12/site-packages/airflow/example_dags/example_display_name.py
[2024-05-20T01:03:27.603+0000] {processor.py:830} INFO - Processing file /home/airflow/.local/lib/python3.12/site-packages/airflow/example_dags/example_display_name.py for tasks to queue
[2024-05-20T01:03:27.606+0000] {logging_mixin.py:188} INFO - [2024-05-20T01:03:27.605+0000] {dagbag.py:545} INFO - Filling up the DagBag from /home/airflow/.local/lib/python3.12/site-packages/airflow/example_dags/example_display_name.py
[2024-05-20T01:03:27.624+0000] {processor.py:840} INFO - DAG(s) 'example_display_name' retrieved from /home/airflow/.local/lib/python3.12/site-packages/airflow/example_dags/example_display_name.py
[2024-05-20T01:03:27.679+0000] {logging_mixin.py:188} INFO - [2024-05-20T01:03:27.678+0000] {dag.py:3096} INFO - Sync 1 DAGs
[2024-05-20T01:03:27.708+0000] {logging_mixin.py:188} INFO - [2024-05-20T01:03:27.707+0000] {dag.py:3954} INFO - Setting next_dagrun for example_display_name to None, run_after=None
[2024-05-20T01:03:27.768+0000] {processor.py:183} INFO - Processing /home/airflow/.local/lib/python3.12/site-packages/airflow/example_dags/example_display_name.py took 0.177 seconds
