[2024-05-20T00:48:52.346+0000] {processor.py:161} INFO - Started process (PID=94) to work on /home/airflow/.local/lib/python3.12/site-packages/airflow/example_dags/example_latest_only_with_trigger.py
[2024-05-20T00:48:52.349+0000] {processor.py:830} INFO - Processing file /home/airflow/.local/lib/python3.12/site-packages/airflow/example_dags/example_latest_only_with_trigger.py for tasks to queue
[2024-05-20T00:48:52.353+0000] {logging_mixin.py:188} INFO - [2024-05-20T00:48:52.352+0000] {dagbag.py:545} INFO - Filling up the DagBag from /home/airflow/.local/lib/python3.12/site-packages/airflow/example_dags/example_latest_only_with_trigger.py
[2024-05-20T00:48:52.370+0000] {processor.py:840} INFO - DAG(s) 'latest_only_with_trigger' retrieved from /home/airflow/.local/lib/python3.12/site-packages/airflow/example_dags/example_latest_only_with_trigger.py
[2024-05-20T00:48:52.616+0000] {logging_mixin.py:188} INFO - [2024-05-20T00:48:52.616+0000] {dag.py:3096} INFO - Sync 1 DAGs
[2024-05-20T00:48:52.667+0000] {logging_mixin.py:188} INFO - [2024-05-20T00:48:52.666+0000] {dag.py:3954} INFO - Setting next_dagrun for latest_only_with_trigger to 2024-05-19 20:00:00+00:00, run_after=2024-05-20 00:00:00+00:00
[2024-05-20T00:48:52.702+0000] {processor.py:183} INFO - Processing /home/airflow/.local/lib/python3.12/site-packages/airflow/example_dags/example_latest_only_with_trigger.py took 0.367 seconds
[2024-05-20T00:49:22.898+0000] {processor.py:161} INFO - Started process (PID=153) to work on /home/airflow/.local/lib/python3.12/site-packages/airflow/example_dags/example_latest_only_with_trigger.py
[2024-05-20T00:49:22.898+0000] {processor.py:830} INFO - Processing file /home/airflow/.local/lib/python3.12/site-packages/airflow/example_dags/example_latest_only_with_trigger.py for tasks to queue
[2024-05-20T00:49:22.900+0000] {logging_mixin.py:188} INFO - [2024-05-20T00:49:22.900+0000] {dagbag.py:545} INFO - Filling up the DagBag from /home/airflow/.local/lib/python3.12/site-packages/airflow/example_dags/example_latest_only_with_trigger.py
[2024-05-20T00:49:22.905+0000] {processor.py:840} INFO - DAG(s) 'latest_only_with_trigger' retrieved from /home/airflow/.local/lib/python3.12/site-packages/airflow/example_dags/example_latest_only_with_trigger.py
[2024-05-20T00:49:22.921+0000] {logging_mixin.py:188} INFO - [2024-05-20T00:49:22.921+0000] {dag.py:3096} INFO - Sync 1 DAGs
[2024-05-20T00:49:22.939+0000] {logging_mixin.py:188} INFO - [2024-05-20T00:49:22.938+0000] {dag.py:3954} INFO - Setting next_dagrun for latest_only_with_trigger to 2024-05-19 20:00:00+00:00, run_after=2024-05-20 00:00:00+00:00
[2024-05-20T00:49:22.954+0000] {processor.py:183} INFO - Processing /home/airflow/.local/lib/python3.12/site-packages/airflow/example_dags/example_latest_only_with_trigger.py took 0.061 seconds
[2024-05-20T00:49:53.383+0000] {processor.py:161} INFO - Started process (PID=212) to work on /home/airflow/.local/lib/python3.12/site-packages/airflow/example_dags/example_latest_only_with_trigger.py
[2024-05-20T00:49:53.385+0000] {processor.py:830} INFO - Processing file /home/airflow/.local/lib/python3.12/site-packages/airflow/example_dags/example_latest_only_with_trigger.py for tasks to queue
[2024-05-20T00:49:53.387+0000] {logging_mixin.py:188} INFO - [2024-05-20T00:49:53.387+0000] {dagbag.py:545} INFO - Filling up the DagBag from /home/airflow/.local/lib/python3.12/site-packages/airflow/example_dags/example_latest_only_with_trigger.py
[2024-05-20T00:49:53.395+0000] {processor.py:840} INFO - DAG(s) 'latest_only_with_trigger' retrieved from /home/airflow/.local/lib/python3.12/site-packages/airflow/example_dags/example_latest_only_with_trigger.py
[2024-05-20T00:49:53.447+0000] {logging_mixin.py:188} INFO - [2024-05-20T00:49:53.446+0000] {dag.py:3096} INFO - Sync 1 DAGs
[2024-05-20T00:49:53.497+0000] {logging_mixin.py:188} INFO - [2024-05-20T00:49:53.496+0000] {dag.py:3954} INFO - Setting next_dagrun for latest_only_with_trigger to 2024-05-19 20:00:00+00:00, run_after=2024-05-20 00:00:00+00:00
[2024-05-20T00:49:53.527+0000] {processor.py:183} INFO - Processing /home/airflow/.local/lib/python3.12/site-packages/airflow/example_dags/example_latest_only_with_trigger.py took 0.151 seconds
[2024-05-20T00:50:27.966+0000] {processor.py:161} INFO - Started process (PID=272) to work on /home/airflow/.local/lib/python3.12/site-packages/airflow/example_dags/example_latest_only_with_trigger.py
[2024-05-20T00:50:27.970+0000] {processor.py:830} INFO - Processing file /home/airflow/.local/lib/python3.12/site-packages/airflow/example_dags/example_latest_only_with_trigger.py for tasks to queue
[2024-05-20T00:50:28.032+0000] {logging_mixin.py:188} INFO - [2024-05-20T00:50:28.029+0000] {dagbag.py:545} INFO - Filling up the DagBag from /home/airflow/.local/lib/python3.12/site-packages/airflow/example_dags/example_latest_only_with_trigger.py
[2024-05-20T00:50:28.104+0000] {processor.py:840} INFO - DAG(s) 'latest_only_with_trigger' retrieved from /home/airflow/.local/lib/python3.12/site-packages/airflow/example_dags/example_latest_only_with_trigger.py
[2024-05-20T00:50:28.308+0000] {logging_mixin.py:188} INFO - [2024-05-20T00:50:28.307+0000] {dag.py:3096} INFO - Sync 1 DAGs
[2024-05-20T00:50:28.555+0000] {logging_mixin.py:188} INFO - [2024-05-20T00:50:28.553+0000] {dag.py:3954} INFO - Setting next_dagrun for latest_only_with_trigger to 2024-05-19 20:00:00+00:00, run_after=2024-05-20 00:00:00+00:00
[2024-05-20T00:50:28.697+0000] {processor.py:183} INFO - Processing /home/airflow/.local/lib/python3.12/site-packages/airflow/example_dags/example_latest_only_with_trigger.py took 0.774 seconds
[2024-05-20T00:50:58.797+0000] {processor.py:161} INFO - Started process (PID=330) to work on /home/airflow/.local/lib/python3.12/site-packages/airflow/example_dags/example_latest_only_with_trigger.py
[2024-05-20T00:50:58.799+0000] {processor.py:830} INFO - Processing file /home/airflow/.local/lib/python3.12/site-packages/airflow/example_dags/example_latest_only_with_trigger.py for tasks to queue
[2024-05-20T00:50:58.803+0000] {logging_mixin.py:188} INFO - [2024-05-20T00:50:58.803+0000] {dagbag.py:545} INFO - Filling up the DagBag from /home/airflow/.local/lib/python3.12/site-packages/airflow/example_dags/example_latest_only_with_trigger.py
[2024-05-20T00:50:58.815+0000] {processor.py:840} INFO - DAG(s) 'latest_only_with_trigger' retrieved from /home/airflow/.local/lib/python3.12/site-packages/airflow/example_dags/example_latest_only_with_trigger.py
[2024-05-20T00:50:58.861+0000] {logging_mixin.py:188} INFO - [2024-05-20T00:50:58.860+0000] {dag.py:3096} INFO - Sync 1 DAGs
[2024-05-20T00:50:58.888+0000] {logging_mixin.py:188} INFO - [2024-05-20T00:50:58.888+0000] {dag.py:3954} INFO - Setting next_dagrun for latest_only_with_trigger to 2024-05-19 20:00:00+00:00, run_after=2024-05-20 00:00:00+00:00
[2024-05-20T00:50:58.909+0000] {processor.py:183} INFO - Processing /home/airflow/.local/lib/python3.12/site-packages/airflow/example_dags/example_latest_only_with_trigger.py took 0.127 seconds
[2024-05-20T00:51:29.660+0000] {processor.py:161} INFO - Started process (PID=390) to work on /home/airflow/.local/lib/python3.12/site-packages/airflow/example_dags/example_latest_only_with_trigger.py
[2024-05-20T00:51:29.661+0000] {processor.py:830} INFO - Processing file /home/airflow/.local/lib/python3.12/site-packages/airflow/example_dags/example_latest_only_with_trigger.py for tasks to queue
[2024-05-20T00:51:29.665+0000] {logging_mixin.py:188} INFO - [2024-05-20T00:51:29.664+0000] {dagbag.py:545} INFO - Filling up the DagBag from /home/airflow/.local/lib/python3.12/site-packages/airflow/example_dags/example_latest_only_with_trigger.py
[2024-05-20T00:51:29.674+0000] {processor.py:840} INFO - DAG(s) 'latest_only_with_trigger' retrieved from /home/airflow/.local/lib/python3.12/site-packages/airflow/example_dags/example_latest_only_with_trigger.py
[2024-05-20T00:51:29.700+0000] {logging_mixin.py:188} INFO - [2024-05-20T00:51:29.700+0000] {dag.py:3096} INFO - Sync 1 DAGs
[2024-05-20T00:51:29.748+0000] {logging_mixin.py:188} INFO - [2024-05-20T00:51:29.747+0000] {dag.py:3954} INFO - Setting next_dagrun for latest_only_with_trigger to 2024-05-19 20:00:00+00:00, run_after=2024-05-20 00:00:00+00:00
[2024-05-20T00:51:29.775+0000] {processor.py:183} INFO - Processing /home/airflow/.local/lib/python3.12/site-packages/airflow/example_dags/example_latest_only_with_trigger.py took 0.125 seconds
[2024-05-20T00:51:59.874+0000] {processor.py:161} INFO - Started process (PID=450) to work on /home/airflow/.local/lib/python3.12/site-packages/airflow/example_dags/example_latest_only_with_trigger.py
[2024-05-20T00:51:59.875+0000] {processor.py:830} INFO - Processing file /home/airflow/.local/lib/python3.12/site-packages/airflow/example_dags/example_latest_only_with_trigger.py for tasks to queue
[2024-05-20T00:51:59.876+0000] {logging_mixin.py:188} INFO - [2024-05-20T00:51:59.876+0000] {dagbag.py:545} INFO - Filling up the DagBag from /home/airflow/.local/lib/python3.12/site-packages/airflow/example_dags/example_latest_only_with_trigger.py
[2024-05-20T00:51:59.881+0000] {processor.py:840} INFO - DAG(s) 'latest_only_with_trigger' retrieved from /home/airflow/.local/lib/python3.12/site-packages/airflow/example_dags/example_latest_only_with_trigger.py
[2024-05-20T00:51:59.896+0000] {logging_mixin.py:188} INFO - [2024-05-20T00:51:59.896+0000] {dag.py:3096} INFO - Sync 1 DAGs
[2024-05-20T00:51:59.911+0000] {logging_mixin.py:188} INFO - [2024-05-20T00:51:59.911+0000] {dag.py:3954} INFO - Setting next_dagrun for latest_only_with_trigger to 2024-05-19 20:00:00+00:00, run_after=2024-05-20 00:00:00+00:00
[2024-05-20T00:51:59.926+0000] {processor.py:183} INFO - Processing /home/airflow/.local/lib/python3.12/site-packages/airflow/example_dags/example_latest_only_with_trigger.py took 0.056 seconds
[2024-05-20T00:52:30.668+0000] {processor.py:161} INFO - Started process (PID=510) to work on /home/airflow/.local/lib/python3.12/site-packages/airflow/example_dags/example_latest_only_with_trigger.py
[2024-05-20T00:52:30.673+0000] {processor.py:830} INFO - Processing file /home/airflow/.local/lib/python3.12/site-packages/airflow/example_dags/example_latest_only_with_trigger.py for tasks to queue
[2024-05-20T00:52:30.678+0000] {logging_mixin.py:188} INFO - [2024-05-20T00:52:30.677+0000] {dagbag.py:545} INFO - Filling up the DagBag from /home/airflow/.local/lib/python3.12/site-packages/airflow/example_dags/example_latest_only_with_trigger.py
[2024-05-20T00:52:30.692+0000] {processor.py:840} INFO - DAG(s) 'latest_only_with_trigger' retrieved from /home/airflow/.local/lib/python3.12/site-packages/airflow/example_dags/example_latest_only_with_trigger.py
[2024-05-20T00:52:30.738+0000] {logging_mixin.py:188} INFO - [2024-05-20T00:52:30.738+0000] {dag.py:3096} INFO - Sync 1 DAGs
[2024-05-20T00:52:30.769+0000] {logging_mixin.py:188} INFO - [2024-05-20T00:52:30.769+0000] {dag.py:3954} INFO - Setting next_dagrun for latest_only_with_trigger to 2024-05-19 20:00:00+00:00, run_after=2024-05-20 00:00:00+00:00
[2024-05-20T00:52:30.822+0000] {processor.py:183} INFO - Processing /home/airflow/.local/lib/python3.12/site-packages/airflow/example_dags/example_latest_only_with_trigger.py took 0.168 seconds
[2024-05-20T00:53:01.199+0000] {processor.py:161} INFO - Started process (PID=570) to work on /home/airflow/.local/lib/python3.12/site-packages/airflow/example_dags/example_latest_only_with_trigger.py
[2024-05-20T00:53:01.202+0000] {processor.py:830} INFO - Processing file /home/airflow/.local/lib/python3.12/site-packages/airflow/example_dags/example_latest_only_with_trigger.py for tasks to queue
[2024-05-20T00:53:01.206+0000] {logging_mixin.py:188} INFO - [2024-05-20T00:53:01.205+0000] {dagbag.py:545} INFO - Filling up the DagBag from /home/airflow/.local/lib/python3.12/site-packages/airflow/example_dags/example_latest_only_with_trigger.py
[2024-05-20T00:53:01.220+0000] {processor.py:840} INFO - DAG(s) 'latest_only_with_trigger' retrieved from /home/airflow/.local/lib/python3.12/site-packages/airflow/example_dags/example_latest_only_with_trigger.py
[2024-05-20T00:53:01.329+0000] {logging_mixin.py:188} INFO - [2024-05-20T00:53:01.328+0000] {dag.py:3096} INFO - Sync 1 DAGs
[2024-05-20T00:53:01.367+0000] {logging_mixin.py:188} INFO - [2024-05-20T00:53:01.367+0000] {dag.py:3954} INFO - Setting next_dagrun for latest_only_with_trigger to 2024-05-19 20:00:00+00:00, run_after=2024-05-20 00:00:00+00:00
[2024-05-20T00:53:01.402+0000] {processor.py:183} INFO - Processing /home/airflow/.local/lib/python3.12/site-packages/airflow/example_dags/example_latest_only_with_trigger.py took 0.221 seconds
[2024-05-20T00:53:54.727+0000] {processor.py:161} INFO - Started process (PID=639) to work on /home/airflow/.local/lib/python3.12/site-packages/airflow/example_dags/example_latest_only_with_trigger.py
[2024-05-20T00:53:54.731+0000] {processor.py:830} INFO - Processing file /home/airflow/.local/lib/python3.12/site-packages/airflow/example_dags/example_latest_only_with_trigger.py for tasks to queue
[2024-05-20T00:53:54.738+0000] {logging_mixin.py:188} INFO - [2024-05-20T00:53:54.737+0000] {dagbag.py:545} INFO - Filling up the DagBag from /home/airflow/.local/lib/python3.12/site-packages/airflow/example_dags/example_latest_only_with_trigger.py
[2024-05-20T00:53:54.755+0000] {processor.py:840} INFO - DAG(s) 'latest_only_with_trigger' retrieved from /home/airflow/.local/lib/python3.12/site-packages/airflow/example_dags/example_latest_only_with_trigger.py
[2024-05-20T00:53:54.819+0000] {logging_mixin.py:188} INFO - [2024-05-20T00:53:54.818+0000] {dag.py:3096} INFO - Sync 1 DAGs
[2024-05-20T00:53:54.875+0000] {logging_mixin.py:188} INFO - [2024-05-20T00:53:54.875+0000] {dag.py:3954} INFO - Setting next_dagrun for latest_only_with_trigger to 2024-05-19 20:00:00+00:00, run_after=2024-05-20 00:00:00+00:00
[2024-05-20T00:53:54.941+0000] {processor.py:183} INFO - Processing /home/airflow/.local/lib/python3.12/site-packages/airflow/example_dags/example_latest_only_with_trigger.py took 0.234 seconds
[2024-05-20T00:54:25.218+0000] {processor.py:161} INFO - Started process (PID=698) to work on /home/airflow/.local/lib/python3.12/site-packages/airflow/example_dags/example_latest_only_with_trigger.py
[2024-05-20T00:54:25.220+0000] {processor.py:830} INFO - Processing file /home/airflow/.local/lib/python3.12/site-packages/airflow/example_dags/example_latest_only_with_trigger.py for tasks to queue
[2024-05-20T00:54:25.221+0000] {logging_mixin.py:188} INFO - [2024-05-20T00:54:25.221+0000] {dagbag.py:545} INFO - Filling up the DagBag from /home/airflow/.local/lib/python3.12/site-packages/airflow/example_dags/example_latest_only_with_trigger.py
[2024-05-20T00:54:25.226+0000] {processor.py:840} INFO - DAG(s) 'latest_only_with_trigger' retrieved from /home/airflow/.local/lib/python3.12/site-packages/airflow/example_dags/example_latest_only_with_trigger.py
[2024-05-20T00:54:25.248+0000] {logging_mixin.py:188} INFO - [2024-05-20T00:54:25.248+0000] {dag.py:3096} INFO - Sync 1 DAGs
[2024-05-20T00:54:25.272+0000] {logging_mixin.py:188} INFO - [2024-05-20T00:54:25.272+0000] {dag.py:3954} INFO - Setting next_dagrun for latest_only_with_trigger to 2024-05-19 20:00:00+00:00, run_after=2024-05-20 00:00:00+00:00
[2024-05-20T00:54:25.302+0000] {processor.py:183} INFO - Processing /home/airflow/.local/lib/python3.12/site-packages/airflow/example_dags/example_latest_only_with_trigger.py took 0.090 seconds
[2024-05-20T00:54:56.172+0000] {processor.py:161} INFO - Started process (PID=758) to work on /home/airflow/.local/lib/python3.12/site-packages/airflow/example_dags/example_latest_only_with_trigger.py
[2024-05-20T00:54:56.173+0000] {processor.py:830} INFO - Processing file /home/airflow/.local/lib/python3.12/site-packages/airflow/example_dags/example_latest_only_with_trigger.py for tasks to queue
[2024-05-20T00:54:56.177+0000] {logging_mixin.py:188} INFO - [2024-05-20T00:54:56.176+0000] {dagbag.py:545} INFO - Filling up the DagBag from /home/airflow/.local/lib/python3.12/site-packages/airflow/example_dags/example_latest_only_with_trigger.py
[2024-05-20T00:54:56.187+0000] {processor.py:840} INFO - DAG(s) 'latest_only_with_trigger' retrieved from /home/airflow/.local/lib/python3.12/site-packages/airflow/example_dags/example_latest_only_with_trigger.py
[2024-05-20T00:54:56.213+0000] {logging_mixin.py:188} INFO - [2024-05-20T00:54:56.212+0000] {dag.py:3096} INFO - Sync 1 DAGs
[2024-05-20T00:54:56.236+0000] {logging_mixin.py:188} INFO - [2024-05-20T00:54:56.236+0000] {dag.py:3954} INFO - Setting next_dagrun for latest_only_with_trigger to 2024-05-19 20:00:00+00:00, run_after=2024-05-20 00:00:00+00:00
[2024-05-20T00:54:56.268+0000] {processor.py:183} INFO - Processing /home/airflow/.local/lib/python3.12/site-packages/airflow/example_dags/example_latest_only_with_trigger.py took 0.106 seconds
[2024-05-20T00:55:44.997+0000] {processor.py:161} INFO - Started process (PID=817) to work on /home/airflow/.local/lib/python3.12/site-packages/airflow/example_dags/example_latest_only_with_trigger.py
[2024-05-20T00:55:44.999+0000] {processor.py:830} INFO - Processing file /home/airflow/.local/lib/python3.12/site-packages/airflow/example_dags/example_latest_only_with_trigger.py for tasks to queue
[2024-05-20T00:55:45.001+0000] {logging_mixin.py:188} INFO - [2024-05-20T00:55:45.001+0000] {dagbag.py:545} INFO - Filling up the DagBag from /home/airflow/.local/lib/python3.12/site-packages/airflow/example_dags/example_latest_only_with_trigger.py
[2024-05-20T00:55:45.008+0000] {processor.py:840} INFO - DAG(s) 'latest_only_with_trigger' retrieved from /home/airflow/.local/lib/python3.12/site-packages/airflow/example_dags/example_latest_only_with_trigger.py
[2024-05-20T00:55:45.029+0000] {logging_mixin.py:188} INFO - [2024-05-20T00:55:45.029+0000] {dag.py:3096} INFO - Sync 1 DAGs
[2024-05-20T00:55:45.052+0000] {logging_mixin.py:188} INFO - [2024-05-20T00:55:45.051+0000] {dag.py:3954} INFO - Setting next_dagrun for latest_only_with_trigger to 2024-05-19 20:00:00+00:00, run_after=2024-05-20 00:00:00+00:00
[2024-05-20T00:55:45.070+0000] {processor.py:183} INFO - Processing /home/airflow/.local/lib/python3.12/site-packages/airflow/example_dags/example_latest_only_with_trigger.py took 0.079 seconds
[2024-05-20T00:56:19.872+0000] {processor.py:161} INFO - Started process (PID=877) to work on /home/airflow/.local/lib/python3.12/site-packages/airflow/example_dags/example_latest_only_with_trigger.py
[2024-05-20T00:56:19.876+0000] {processor.py:830} INFO - Processing file /home/airflow/.local/lib/python3.12/site-packages/airflow/example_dags/example_latest_only_with_trigger.py for tasks to queue
[2024-05-20T00:56:19.887+0000] {logging_mixin.py:188} INFO - [2024-05-20T00:56:19.886+0000] {dagbag.py:545} INFO - Filling up the DagBag from /home/airflow/.local/lib/python3.12/site-packages/airflow/example_dags/example_latest_only_with_trigger.py
[2024-05-20T00:56:19.902+0000] {processor.py:840} INFO - DAG(s) 'latest_only_with_trigger' retrieved from /home/airflow/.local/lib/python3.12/site-packages/airflow/example_dags/example_latest_only_with_trigger.py
[2024-05-20T00:56:19.939+0000] {logging_mixin.py:188} INFO - [2024-05-20T00:56:19.938+0000] {dag.py:3096} INFO - Sync 1 DAGs
[2024-05-20T00:56:19.976+0000] {logging_mixin.py:188} INFO - [2024-05-20T00:56:19.976+0000] {dag.py:3954} INFO - Setting next_dagrun for latest_only_with_trigger to 2024-05-19 20:00:00+00:00, run_after=2024-05-20 00:00:00+00:00
[2024-05-20T00:56:20.012+0000] {processor.py:183} INFO - Processing /home/airflow/.local/lib/python3.12/site-packages/airflow/example_dags/example_latest_only_with_trigger.py took 0.155 seconds
[2024-05-20T00:56:51.791+0000] {processor.py:161} INFO - Started process (PID=937) to work on /home/airflow/.local/lib/python3.12/site-packages/airflow/example_dags/example_latest_only_with_trigger.py
[2024-05-20T00:56:51.793+0000] {processor.py:830} INFO - Processing file /home/airflow/.local/lib/python3.12/site-packages/airflow/example_dags/example_latest_only_with_trigger.py for tasks to queue
[2024-05-20T00:56:51.795+0000] {logging_mixin.py:188} INFO - [2024-05-20T00:56:51.795+0000] {dagbag.py:545} INFO - Filling up the DagBag from /home/airflow/.local/lib/python3.12/site-packages/airflow/example_dags/example_latest_only_with_trigger.py
[2024-05-20T00:56:51.806+0000] {processor.py:840} INFO - DAG(s) 'latest_only_with_trigger' retrieved from /home/airflow/.local/lib/python3.12/site-packages/airflow/example_dags/example_latest_only_with_trigger.py
[2024-05-20T00:56:51.868+0000] {logging_mixin.py:188} INFO - [2024-05-20T00:56:51.867+0000] {dag.py:3096} INFO - Sync 1 DAGs
[2024-05-20T00:56:51.905+0000] {logging_mixin.py:188} INFO - [2024-05-20T00:56:51.904+0000] {dag.py:3954} INFO - Setting next_dagrun for latest_only_with_trigger to 2024-05-19 20:00:00+00:00, run_after=2024-05-20 00:00:00+00:00
[2024-05-20T00:56:51.936+0000] {processor.py:183} INFO - Processing /home/airflow/.local/lib/python3.12/site-packages/airflow/example_dags/example_latest_only_with_trigger.py took 0.154 seconds
[2024-05-20T00:58:04.365+0000] {processor.py:161} INFO - Started process (PID=1003) to work on /home/airflow/.local/lib/python3.12/site-packages/airflow/example_dags/example_latest_only_with_trigger.py
[2024-05-20T00:58:04.367+0000] {processor.py:830} INFO - Processing file /home/airflow/.local/lib/python3.12/site-packages/airflow/example_dags/example_latest_only_with_trigger.py for tasks to queue
[2024-05-20T00:58:04.371+0000] {logging_mixin.py:188} INFO - [2024-05-20T00:58:04.370+0000] {dagbag.py:545} INFO - Filling up the DagBag from /home/airflow/.local/lib/python3.12/site-packages/airflow/example_dags/example_latest_only_with_trigger.py
[2024-05-20T00:58:04.383+0000] {processor.py:840} INFO - DAG(s) 'latest_only_with_trigger' retrieved from /home/airflow/.local/lib/python3.12/site-packages/airflow/example_dags/example_latest_only_with_trigger.py
[2024-05-20T00:58:04.439+0000] {logging_mixin.py:188} INFO - [2024-05-20T00:58:04.439+0000] {dag.py:3096} INFO - Sync 1 DAGs
[2024-05-20T00:58:04.514+0000] {logging_mixin.py:188} INFO - [2024-05-20T00:58:04.513+0000] {dag.py:3954} INFO - Setting next_dagrun for latest_only_with_trigger to 2024-05-19 20:00:00+00:00, run_after=2024-05-20 00:00:00+00:00
[2024-05-20T00:58:04.579+0000] {processor.py:183} INFO - Processing /home/airflow/.local/lib/python3.12/site-packages/airflow/example_dags/example_latest_only_with_trigger.py took 0.235 seconds
[2024-05-20T00:58:35.537+0000] {processor.py:161} INFO - Started process (PID=1064) to work on /home/airflow/.local/lib/python3.12/site-packages/airflow/example_dags/example_latest_only_with_trigger.py
[2024-05-20T00:58:35.539+0000] {processor.py:830} INFO - Processing file /home/airflow/.local/lib/python3.12/site-packages/airflow/example_dags/example_latest_only_with_trigger.py for tasks to queue
[2024-05-20T00:58:35.543+0000] {logging_mixin.py:188} INFO - [2024-05-20T00:58:35.543+0000] {dagbag.py:545} INFO - Filling up the DagBag from /home/airflow/.local/lib/python3.12/site-packages/airflow/example_dags/example_latest_only_with_trigger.py
[2024-05-20T00:58:35.553+0000] {processor.py:840} INFO - DAG(s) 'latest_only_with_trigger' retrieved from /home/airflow/.local/lib/python3.12/site-packages/airflow/example_dags/example_latest_only_with_trigger.py
[2024-05-20T00:58:35.613+0000] {logging_mixin.py:188} INFO - [2024-05-20T00:58:35.612+0000] {dag.py:3096} INFO - Sync 1 DAGs
[2024-05-20T00:58:35.665+0000] {logging_mixin.py:188} INFO - [2024-05-20T00:58:35.664+0000] {dag.py:3954} INFO - Setting next_dagrun for latest_only_with_trigger to 2024-05-19 20:00:00+00:00, run_after=2024-05-20 00:00:00+00:00
[2024-05-20T00:58:35.708+0000] {processor.py:183} INFO - Processing /home/airflow/.local/lib/python3.12/site-packages/airflow/example_dags/example_latest_only_with_trigger.py took 0.187 seconds
[2024-05-20T00:59:06.636+0000] {processor.py:161} INFO - Started process (PID=1122) to work on /home/airflow/.local/lib/python3.12/site-packages/airflow/example_dags/example_latest_only_with_trigger.py
[2024-05-20T00:59:06.672+0000] {processor.py:830} INFO - Processing file /home/airflow/.local/lib/python3.12/site-packages/airflow/example_dags/example_latest_only_with_trigger.py for tasks to queue
[2024-05-20T00:59:06.699+0000] {logging_mixin.py:188} INFO - [2024-05-20T00:59:06.698+0000] {dagbag.py:545} INFO - Filling up the DagBag from /home/airflow/.local/lib/python3.12/site-packages/airflow/example_dags/example_latest_only_with_trigger.py
[2024-05-20T00:59:06.712+0000] {processor.py:840} INFO - DAG(s) 'latest_only_with_trigger' retrieved from /home/airflow/.local/lib/python3.12/site-packages/airflow/example_dags/example_latest_only_with_trigger.py
[2024-05-20T00:59:06.890+0000] {logging_mixin.py:188} INFO - [2024-05-20T00:59:06.889+0000] {dag.py:3096} INFO - Sync 1 DAGs
[2024-05-20T00:59:07.126+0000] {logging_mixin.py:188} INFO - [2024-05-20T00:59:07.122+0000] {dag.py:3954} INFO - Setting next_dagrun for latest_only_with_trigger to 2024-05-19 20:00:00+00:00, run_after=2024-05-20 00:00:00+00:00
[2024-05-20T00:59:07.233+0000] {processor.py:183} INFO - Processing /home/airflow/.local/lib/python3.12/site-packages/airflow/example_dags/example_latest_only_with_trigger.py took 0.655 seconds
[2024-05-20T00:59:38.187+0000] {processor.py:161} INFO - Started process (PID=1182) to work on /home/airflow/.local/lib/python3.12/site-packages/airflow/example_dags/example_latest_only_with_trigger.py
[2024-05-20T00:59:38.191+0000] {processor.py:830} INFO - Processing file /home/airflow/.local/lib/python3.12/site-packages/airflow/example_dags/example_latest_only_with_trigger.py for tasks to queue
[2024-05-20T00:59:38.195+0000] {logging_mixin.py:188} INFO - [2024-05-20T00:59:38.194+0000] {dagbag.py:545} INFO - Filling up the DagBag from /home/airflow/.local/lib/python3.12/site-packages/airflow/example_dags/example_latest_only_with_trigger.py
[2024-05-20T00:59:38.206+0000] {processor.py:840} INFO - DAG(s) 'latest_only_with_trigger' retrieved from /home/airflow/.local/lib/python3.12/site-packages/airflow/example_dags/example_latest_only_with_trigger.py
[2024-05-20T00:59:38.271+0000] {logging_mixin.py:188} INFO - [2024-05-20T00:59:38.271+0000] {dag.py:3096} INFO - Sync 1 DAGs
[2024-05-20T00:59:38.303+0000] {logging_mixin.py:188} INFO - [2024-05-20T00:59:38.303+0000] {dag.py:3954} INFO - Setting next_dagrun for latest_only_with_trigger to 2024-05-19 20:00:00+00:00, run_after=2024-05-20 00:00:00+00:00
[2024-05-20T00:59:38.326+0000] {processor.py:183} INFO - Processing /home/airflow/.local/lib/python3.12/site-packages/airflow/example_dags/example_latest_only_with_trigger.py took 0.158 seconds
[2024-05-20T01:00:17.597+0000] {processor.py:161} INFO - Started process (PID=1251) to work on /home/airflow/.local/lib/python3.12/site-packages/airflow/example_dags/example_latest_only_with_trigger.py
[2024-05-20T01:00:17.600+0000] {processor.py:830} INFO - Processing file /home/airflow/.local/lib/python3.12/site-packages/airflow/example_dags/example_latest_only_with_trigger.py for tasks to queue
[2024-05-20T01:00:17.612+0000] {logging_mixin.py:188} INFO - [2024-05-20T01:00:17.610+0000] {dagbag.py:545} INFO - Filling up the DagBag from /home/airflow/.local/lib/python3.12/site-packages/airflow/example_dags/example_latest_only_with_trigger.py
[2024-05-20T01:00:17.640+0000] {processor.py:840} INFO - DAG(s) 'latest_only_with_trigger' retrieved from /home/airflow/.local/lib/python3.12/site-packages/airflow/example_dags/example_latest_only_with_trigger.py
[2024-05-20T01:00:17.902+0000] {logging_mixin.py:188} INFO - [2024-05-20T01:00:17.899+0000] {dag.py:3096} INFO - Sync 1 DAGs
[2024-05-20T01:00:18.125+0000] {logging_mixin.py:188} INFO - [2024-05-20T01:00:18.110+0000] {dag.py:3954} INFO - Setting next_dagrun for latest_only_with_trigger to 2024-05-19 20:00:00+00:00, run_after=2024-05-20 00:00:00+00:00
[2024-05-20T01:00:18.299+0000] {processor.py:183} INFO - Processing /home/airflow/.local/lib/python3.12/site-packages/airflow/example_dags/example_latest_only_with_trigger.py took 0.731 seconds
[2024-05-20T01:01:01.406+0000] {processor.py:161} INFO - Started process (PID=1325) to work on /home/airflow/.local/lib/python3.12/site-packages/airflow/example_dags/example_latest_only_with_trigger.py
[2024-05-20T01:01:01.409+0000] {processor.py:830} INFO - Processing file /home/airflow/.local/lib/python3.12/site-packages/airflow/example_dags/example_latest_only_with_trigger.py for tasks to queue
[2024-05-20T01:01:01.414+0000] {logging_mixin.py:188} INFO - [2024-05-20T01:01:01.414+0000] {dagbag.py:545} INFO - Filling up the DagBag from /home/airflow/.local/lib/python3.12/site-packages/airflow/example_dags/example_latest_only_with_trigger.py
[2024-05-20T01:01:01.426+0000] {processor.py:840} INFO - DAG(s) 'latest_only_with_trigger' retrieved from /home/airflow/.local/lib/python3.12/site-packages/airflow/example_dags/example_latest_only_with_trigger.py
[2024-05-20T01:01:01.506+0000] {logging_mixin.py:188} INFO - [2024-05-20T01:01:01.505+0000] {dag.py:3096} INFO - Sync 1 DAGs
[2024-05-20T01:01:01.593+0000] {logging_mixin.py:188} INFO - [2024-05-20T01:01:01.592+0000] {dag.py:3954} INFO - Setting next_dagrun for latest_only_with_trigger to 2024-05-19 20:00:00+00:00, run_after=2024-05-20 00:00:00+00:00
[2024-05-20T01:01:01.658+0000] {processor.py:183} INFO - Processing /home/airflow/.local/lib/python3.12/site-packages/airflow/example_dags/example_latest_only_with_trigger.py took 0.273 seconds
[2024-05-20T01:01:32.033+0000] {processor.py:161} INFO - Started process (PID=1384) to work on /home/airflow/.local/lib/python3.12/site-packages/airflow/example_dags/example_latest_only_with_trigger.py
[2024-05-20T01:01:32.034+0000] {processor.py:830} INFO - Processing file /home/airflow/.local/lib/python3.12/site-packages/airflow/example_dags/example_latest_only_with_trigger.py for tasks to queue
[2024-05-20T01:01:32.036+0000] {logging_mixin.py:188} INFO - [2024-05-20T01:01:32.036+0000] {dagbag.py:545} INFO - Filling up the DagBag from /home/airflow/.local/lib/python3.12/site-packages/airflow/example_dags/example_latest_only_with_trigger.py
[2024-05-20T01:01:32.042+0000] {processor.py:840} INFO - DAG(s) 'latest_only_with_trigger' retrieved from /home/airflow/.local/lib/python3.12/site-packages/airflow/example_dags/example_latest_only_with_trigger.py
[2024-05-20T01:01:32.083+0000] {logging_mixin.py:188} INFO - [2024-05-20T01:01:32.083+0000] {dag.py:3096} INFO - Sync 1 DAGs
[2024-05-20T01:01:32.124+0000] {logging_mixin.py:188} INFO - [2024-05-20T01:01:32.123+0000] {dag.py:3954} INFO - Setting next_dagrun for latest_only_with_trigger to 2024-05-19 20:00:00+00:00, run_after=2024-05-20 00:00:00+00:00
[2024-05-20T01:01:32.165+0000] {processor.py:183} INFO - Processing /home/airflow/.local/lib/python3.12/site-packages/airflow/example_dags/example_latest_only_with_trigger.py took 0.140 seconds
[2024-05-20T01:02:02.363+0000] {processor.py:161} INFO - Started process (PID=1444) to work on /home/airflow/.local/lib/python3.12/site-packages/airflow/example_dags/example_latest_only_with_trigger.py
[2024-05-20T01:02:02.365+0000] {processor.py:830} INFO - Processing file /home/airflow/.local/lib/python3.12/site-packages/airflow/example_dags/example_latest_only_with_trigger.py for tasks to queue
[2024-05-20T01:02:02.368+0000] {logging_mixin.py:188} INFO - [2024-05-20T01:02:02.367+0000] {dagbag.py:545} INFO - Filling up the DagBag from /home/airflow/.local/lib/python3.12/site-packages/airflow/example_dags/example_latest_only_with_trigger.py
[2024-05-20T01:02:02.377+0000] {processor.py:840} INFO - DAG(s) 'latest_only_with_trigger' retrieved from /home/airflow/.local/lib/python3.12/site-packages/airflow/example_dags/example_latest_only_with_trigger.py
[2024-05-20T01:02:02.444+0000] {logging_mixin.py:188} INFO - [2024-05-20T01:02:02.444+0000] {dag.py:3096} INFO - Sync 1 DAGs
[2024-05-20T01:02:02.476+0000] {logging_mixin.py:188} INFO - [2024-05-20T01:02:02.476+0000] {dag.py:3954} INFO - Setting next_dagrun for latest_only_with_trigger to 2024-05-19 20:00:00+00:00, run_after=2024-05-20 00:00:00+00:00
[2024-05-20T01:02:02.525+0000] {processor.py:183} INFO - Processing /home/airflow/.local/lib/python3.12/site-packages/airflow/example_dags/example_latest_only_with_trigger.py took 0.169 seconds
[2024-05-20T01:02:33.384+0000] {processor.py:161} INFO - Started process (PID=1504) to work on /home/airflow/.local/lib/python3.12/site-packages/airflow/example_dags/example_latest_only_with_trigger.py
[2024-05-20T01:02:33.391+0000] {processor.py:830} INFO - Processing file /home/airflow/.local/lib/python3.12/site-packages/airflow/example_dags/example_latest_only_with_trigger.py for tasks to queue
[2024-05-20T01:02:33.395+0000] {logging_mixin.py:188} INFO - [2024-05-20T01:02:33.395+0000] {dagbag.py:545} INFO - Filling up the DagBag from /home/airflow/.local/lib/python3.12/site-packages/airflow/example_dags/example_latest_only_with_trigger.py
[2024-05-20T01:02:33.406+0000] {processor.py:840} INFO - DAG(s) 'latest_only_with_trigger' retrieved from /home/airflow/.local/lib/python3.12/site-packages/airflow/example_dags/example_latest_only_with_trigger.py
[2024-05-20T01:02:33.438+0000] {logging_mixin.py:188} INFO - [2024-05-20T01:02:33.437+0000] {dag.py:3096} INFO - Sync 1 DAGs
[2024-05-20T01:02:33.468+0000] {logging_mixin.py:188} INFO - [2024-05-20T01:02:33.467+0000] {dag.py:3954} INFO - Setting next_dagrun for latest_only_with_trigger to 2024-05-19 20:00:00+00:00, run_after=2024-05-20 00:00:00+00:00
[2024-05-20T01:02:33.516+0000] {processor.py:183} INFO - Processing /home/airflow/.local/lib/python3.12/site-packages/airflow/example_dags/example_latest_only_with_trigger.py took 0.141 seconds
[2024-05-20T01:03:29.892+0000] {processor.py:161} INFO - Started process (PID=1585) to work on /home/airflow/.local/lib/python3.12/site-packages/airflow/example_dags/example_latest_only_with_trigger.py
[2024-05-20T01:03:29.895+0000] {processor.py:830} INFO - Processing file /home/airflow/.local/lib/python3.12/site-packages/airflow/example_dags/example_latest_only_with_trigger.py for tasks to queue
[2024-05-20T01:03:29.899+0000] {logging_mixin.py:188} INFO - [2024-05-20T01:03:29.898+0000] {dagbag.py:545} INFO - Filling up the DagBag from /home/airflow/.local/lib/python3.12/site-packages/airflow/example_dags/example_latest_only_with_trigger.py
[2024-05-20T01:03:29.912+0000] {processor.py:840} INFO - DAG(s) 'latest_only_with_trigger' retrieved from /home/airflow/.local/lib/python3.12/site-packages/airflow/example_dags/example_latest_only_with_trigger.py
[2024-05-20T01:03:29.942+0000] {logging_mixin.py:188} INFO - [2024-05-20T01:03:29.942+0000] {dag.py:3096} INFO - Sync 1 DAGs
[2024-05-20T01:03:29.978+0000] {logging_mixin.py:188} INFO - [2024-05-20T01:03:29.978+0000] {dag.py:3954} INFO - Setting next_dagrun for latest_only_with_trigger to 2024-05-19 20:00:00+00:00, run_after=2024-05-20 00:00:00+00:00
[2024-05-20T01:03:30.000+0000] {processor.py:183} INFO - Processing /home/airflow/.local/lib/python3.12/site-packages/airflow/example_dags/example_latest_only_with_trigger.py took 0.122 seconds
