[2024-05-20T00:48:21.905+0000] {processor.py:161} INFO - Started process (PID=45) to work on /home/airflow/.local/lib/python3.12/site-packages/airflow/example_dags/example_sla_dag.py
[2024-05-20T00:48:21.922+0000] {processor.py:830} INFO - Processing file /home/airflow/.local/lib/python3.12/site-packages/airflow/example_dags/example_sla_dag.py for tasks to queue
[2024-05-20T00:48:21.941+0000] {logging_mixin.py:188} INFO - [2024-05-20T00:48:21.940+0000] {dagbag.py:545} INFO - Filling up the DagBag from /home/airflow/.local/lib/python3.12/site-packages/airflow/example_dags/example_sla_dag.py
[2024-05-20T00:48:22.036+0000] {processor.py:840} INFO - DAG(s) 'example_sla_dag' retrieved from /home/airflow/.local/lib/python3.12/site-packages/airflow/example_dags/example_sla_dag.py
[2024-05-20T00:48:23.194+0000] {logging_mixin.py:188} INFO - [2024-05-20T00:48:23.192+0000] {dag.py:3096} INFO - Sync 1 DAGs
[2024-05-20T00:48:23.292+0000] {logging_mixin.py:188} INFO - [2024-05-20T00:48:23.291+0000] {dag.py:3954} INFO - Setting next_dagrun for example_sla_dag to 2024-05-20 00:46:00+00:00, run_after=2024-05-20 00:48:00+00:00
[2024-05-20T00:48:23.364+0000] {processor.py:183} INFO - Processing /home/airflow/.local/lib/python3.12/site-packages/airflow/example_dags/example_sla_dag.py took 1.501 seconds
[2024-05-20T00:48:54.644+0000] {processor.py:161} INFO - Started process (PID=105) to work on /home/airflow/.local/lib/python3.12/site-packages/airflow/example_dags/example_sla_dag.py
[2024-05-20T00:48:54.646+0000] {processor.py:830} INFO - Processing file /home/airflow/.local/lib/python3.12/site-packages/airflow/example_dags/example_sla_dag.py for tasks to queue
[2024-05-20T00:48:54.648+0000] {logging_mixin.py:188} INFO - [2024-05-20T00:48:54.648+0000] {dagbag.py:545} INFO - Filling up the DagBag from /home/airflow/.local/lib/python3.12/site-packages/airflow/example_dags/example_sla_dag.py
[2024-05-20T00:48:54.659+0000] {processor.py:840} INFO - DAG(s) 'example_sla_dag' retrieved from /home/airflow/.local/lib/python3.12/site-packages/airflow/example_dags/example_sla_dag.py
[2024-05-20T00:48:54.684+0000] {logging_mixin.py:188} INFO - [2024-05-20T00:48:54.684+0000] {dag.py:3096} INFO - Sync 1 DAGs
[2024-05-20T00:48:54.737+0000] {logging_mixin.py:188} INFO - [2024-05-20T00:48:54.737+0000] {dag.py:3954} INFO - Setting next_dagrun for example_sla_dag to 2024-05-20 00:46:00+00:00, run_after=2024-05-20 00:48:00+00:00
[2024-05-20T00:48:54.771+0000] {processor.py:183} INFO - Processing /home/airflow/.local/lib/python3.12/site-packages/airflow/example_dags/example_sla_dag.py took 0.137 seconds
[2024-05-20T00:49:25.525+0000] {processor.py:161} INFO - Started process (PID=162) to work on /home/airflow/.local/lib/python3.12/site-packages/airflow/example_dags/example_sla_dag.py
[2024-05-20T00:49:25.526+0000] {processor.py:830} INFO - Processing file /home/airflow/.local/lib/python3.12/site-packages/airflow/example_dags/example_sla_dag.py for tasks to queue
[2024-05-20T00:49:25.528+0000] {logging_mixin.py:188} INFO - [2024-05-20T00:49:25.527+0000] {dagbag.py:545} INFO - Filling up the DagBag from /home/airflow/.local/lib/python3.12/site-packages/airflow/example_dags/example_sla_dag.py
[2024-05-20T00:49:25.538+0000] {processor.py:840} INFO - DAG(s) 'example_sla_dag' retrieved from /home/airflow/.local/lib/python3.12/site-packages/airflow/example_dags/example_sla_dag.py
[2024-05-20T00:49:25.567+0000] {logging_mixin.py:188} INFO - [2024-05-20T00:49:25.566+0000] {dag.py:3096} INFO - Sync 1 DAGs
[2024-05-20T00:49:25.588+0000] {logging_mixin.py:188} INFO - [2024-05-20T00:49:25.587+0000] {dag.py:3954} INFO - Setting next_dagrun for example_sla_dag to 2024-05-20 00:46:00+00:00, run_after=2024-05-20 00:48:00+00:00
[2024-05-20T00:49:25.602+0000] {processor.py:183} INFO - Processing /home/airflow/.local/lib/python3.12/site-packages/airflow/example_dags/example_sla_dag.py took 0.083 seconds
[2024-05-20T00:49:56.088+0000] {processor.py:161} INFO - Started process (PID=221) to work on /home/airflow/.local/lib/python3.12/site-packages/airflow/example_dags/example_sla_dag.py
[2024-05-20T00:49:56.089+0000] {processor.py:830} INFO - Processing file /home/airflow/.local/lib/python3.12/site-packages/airflow/example_dags/example_sla_dag.py for tasks to queue
[2024-05-20T00:49:56.090+0000] {logging_mixin.py:188} INFO - [2024-05-20T00:49:56.090+0000] {dagbag.py:545} INFO - Filling up the DagBag from /home/airflow/.local/lib/python3.12/site-packages/airflow/example_dags/example_sla_dag.py
[2024-05-20T00:49:56.097+0000] {processor.py:840} INFO - DAG(s) 'example_sla_dag' retrieved from /home/airflow/.local/lib/python3.12/site-packages/airflow/example_dags/example_sla_dag.py
[2024-05-20T00:49:56.111+0000] {logging_mixin.py:188} INFO - [2024-05-20T00:49:56.111+0000] {dag.py:3096} INFO - Sync 1 DAGs
[2024-05-20T00:49:56.127+0000] {logging_mixin.py:188} INFO - [2024-05-20T00:49:56.127+0000] {dag.py:3954} INFO - Setting next_dagrun for example_sla_dag to 2024-05-20 00:46:00+00:00, run_after=2024-05-20 00:48:00+00:00
[2024-05-20T00:49:56.139+0000] {processor.py:183} INFO - Processing /home/airflow/.local/lib/python3.12/site-packages/airflow/example_dags/example_sla_dag.py took 0.056 seconds
[2024-05-20T00:50:30.231+0000] {processor.py:161} INFO - Started process (PID=277) to work on /home/airflow/.local/lib/python3.12/site-packages/airflow/example_dags/example_sla_dag.py
[2024-05-20T00:50:30.234+0000] {processor.py:830} INFO - Processing file /home/airflow/.local/lib/python3.12/site-packages/airflow/example_dags/example_sla_dag.py for tasks to queue
[2024-05-20T00:50:30.248+0000] {logging_mixin.py:188} INFO - [2024-05-20T00:50:30.246+0000] {dagbag.py:545} INFO - Filling up the DagBag from /home/airflow/.local/lib/python3.12/site-packages/airflow/example_dags/example_sla_dag.py
[2024-05-20T00:50:30.303+0000] {processor.py:840} INFO - DAG(s) 'example_sla_dag' retrieved from /home/airflow/.local/lib/python3.12/site-packages/airflow/example_dags/example_sla_dag.py
[2024-05-20T00:50:30.415+0000] {logging_mixin.py:188} INFO - [2024-05-20T00:50:30.414+0000] {dag.py:3096} INFO - Sync 1 DAGs
[2024-05-20T00:50:30.580+0000] {logging_mixin.py:188} INFO - [2024-05-20T00:50:30.579+0000] {dag.py:3954} INFO - Setting next_dagrun for example_sla_dag to 2024-05-20 00:48:00+00:00, run_after=2024-05-20 00:50:00+00:00
[2024-05-20T00:50:30.629+0000] {processor.py:183} INFO - Processing /home/airflow/.local/lib/python3.12/site-packages/airflow/example_dags/example_sla_dag.py took 0.428 seconds
[2024-05-20T00:51:01.413+0000] {processor.py:161} INFO - Started process (PID=336) to work on /home/airflow/.local/lib/python3.12/site-packages/airflow/example_dags/example_sla_dag.py
[2024-05-20T00:51:01.415+0000] {processor.py:830} INFO - Processing file /home/airflow/.local/lib/python3.12/site-packages/airflow/example_dags/example_sla_dag.py for tasks to queue
[2024-05-20T00:51:01.418+0000] {logging_mixin.py:188} INFO - [2024-05-20T00:51:01.418+0000] {dagbag.py:545} INFO - Filling up the DagBag from /home/airflow/.local/lib/python3.12/site-packages/airflow/example_dags/example_sla_dag.py
[2024-05-20T00:51:01.428+0000] {processor.py:840} INFO - DAG(s) 'example_sla_dag' retrieved from /home/airflow/.local/lib/python3.12/site-packages/airflow/example_dags/example_sla_dag.py
[2024-05-20T00:51:01.453+0000] {logging_mixin.py:188} INFO - [2024-05-20T00:51:01.453+0000] {dag.py:3096} INFO - Sync 1 DAGs
[2024-05-20T00:51:01.486+0000] {logging_mixin.py:188} INFO - [2024-05-20T00:51:01.485+0000] {dag.py:3954} INFO - Setting next_dagrun for example_sla_dag to 2024-05-20 00:48:00+00:00, run_after=2024-05-20 00:50:00+00:00
[2024-05-20T00:51:01.514+0000] {processor.py:183} INFO - Processing /home/airflow/.local/lib/python3.12/site-packages/airflow/example_dags/example_sla_dag.py took 0.112 seconds
[2024-05-20T00:51:31.649+0000] {processor.py:161} INFO - Started process (PID=396) to work on /home/airflow/.local/lib/python3.12/site-packages/airflow/example_dags/example_sla_dag.py
[2024-05-20T00:51:31.653+0000] {processor.py:830} INFO - Processing file /home/airflow/.local/lib/python3.12/site-packages/airflow/example_dags/example_sla_dag.py for tasks to queue
[2024-05-20T00:51:31.656+0000] {logging_mixin.py:188} INFO - [2024-05-20T00:51:31.655+0000] {dagbag.py:545} INFO - Filling up the DagBag from /home/airflow/.local/lib/python3.12/site-packages/airflow/example_dags/example_sla_dag.py
[2024-05-20T00:51:31.672+0000] {processor.py:840} INFO - DAG(s) 'example_sla_dag' retrieved from /home/airflow/.local/lib/python3.12/site-packages/airflow/example_dags/example_sla_dag.py
[2024-05-20T00:51:31.702+0000] {logging_mixin.py:188} INFO - [2024-05-20T00:51:31.702+0000] {dag.py:3096} INFO - Sync 1 DAGs
[2024-05-20T00:51:31.733+0000] {logging_mixin.py:188} INFO - [2024-05-20T00:51:31.733+0000] {dag.py:3954} INFO - Setting next_dagrun for example_sla_dag to 2024-05-20 00:48:00+00:00, run_after=2024-05-20 00:50:00+00:00
[2024-05-20T00:51:31.768+0000] {processor.py:183} INFO - Processing /home/airflow/.local/lib/python3.12/site-packages/airflow/example_dags/example_sla_dag.py took 0.125 seconds
[2024-05-20T00:52:02.173+0000] {processor.py:161} INFO - Started process (PID=454) to work on /home/airflow/.local/lib/python3.12/site-packages/airflow/example_dags/example_sla_dag.py
[2024-05-20T00:52:02.174+0000] {processor.py:830} INFO - Processing file /home/airflow/.local/lib/python3.12/site-packages/airflow/example_dags/example_sla_dag.py for tasks to queue
[2024-05-20T00:52:02.175+0000] {logging_mixin.py:188} INFO - [2024-05-20T00:52:02.175+0000] {dagbag.py:545} INFO - Filling up the DagBag from /home/airflow/.local/lib/python3.12/site-packages/airflow/example_dags/example_sla_dag.py
[2024-05-20T00:52:02.182+0000] {processor.py:840} INFO - DAG(s) 'example_sla_dag' retrieved from /home/airflow/.local/lib/python3.12/site-packages/airflow/example_dags/example_sla_dag.py
[2024-05-20T00:52:02.203+0000] {logging_mixin.py:188} INFO - [2024-05-20T00:52:02.202+0000] {dag.py:3096} INFO - Sync 1 DAGs
[2024-05-20T00:52:02.229+0000] {logging_mixin.py:188} INFO - [2024-05-20T00:52:02.228+0000] {dag.py:3954} INFO - Setting next_dagrun for example_sla_dag to 2024-05-20 00:50:00+00:00, run_after=2024-05-20 00:52:00+00:00
[2024-05-20T00:52:02.243+0000] {processor.py:183} INFO - Processing /home/airflow/.local/lib/python3.12/site-packages/airflow/example_dags/example_sla_dag.py took 0.076 seconds
[2024-05-20T00:52:34.275+0000] {processor.py:161} INFO - Started process (PID=514) to work on /home/airflow/.local/lib/python3.12/site-packages/airflow/example_dags/example_sla_dag.py
[2024-05-20T00:52:34.278+0000] {processor.py:830} INFO - Processing file /home/airflow/.local/lib/python3.12/site-packages/airflow/example_dags/example_sla_dag.py for tasks to queue
[2024-05-20T00:52:34.283+0000] {logging_mixin.py:188} INFO - [2024-05-20T00:52:34.282+0000] {dagbag.py:545} INFO - Filling up the DagBag from /home/airflow/.local/lib/python3.12/site-packages/airflow/example_dags/example_sla_dag.py
[2024-05-20T00:52:34.337+0000] {processor.py:840} INFO - DAG(s) 'example_sla_dag' retrieved from /home/airflow/.local/lib/python3.12/site-packages/airflow/example_dags/example_sla_dag.py
[2024-05-20T00:52:34.422+0000] {logging_mixin.py:188} INFO - [2024-05-20T00:52:34.422+0000] {dag.py:3096} INFO - Sync 1 DAGs
[2024-05-20T00:52:34.483+0000] {logging_mixin.py:188} INFO - [2024-05-20T00:52:34.482+0000] {dag.py:3954} INFO - Setting next_dagrun for example_sla_dag to 2024-05-20 00:50:00+00:00, run_after=2024-05-20 00:52:00+00:00
[2024-05-20T00:52:34.524+0000] {processor.py:183} INFO - Processing /home/airflow/.local/lib/python3.12/site-packages/airflow/example_dags/example_sla_dag.py took 0.261 seconds
[2024-05-20T00:53:05.090+0000] {processor.py:161} INFO - Started process (PID=574) to work on /home/airflow/.local/lib/python3.12/site-packages/airflow/example_dags/example_sla_dag.py
[2024-05-20T00:53:05.094+0000] {processor.py:830} INFO - Processing file /home/airflow/.local/lib/python3.12/site-packages/airflow/example_dags/example_sla_dag.py for tasks to queue
[2024-05-20T00:53:05.110+0000] {logging_mixin.py:188} INFO - [2024-05-20T00:53:05.105+0000] {dagbag.py:545} INFO - Filling up the DagBag from /home/airflow/.local/lib/python3.12/site-packages/airflow/example_dags/example_sla_dag.py
[2024-05-20T00:53:05.163+0000] {processor.py:840} INFO - DAG(s) 'example_sla_dag' retrieved from /home/airflow/.local/lib/python3.12/site-packages/airflow/example_dags/example_sla_dag.py
[2024-05-20T00:53:05.266+0000] {logging_mixin.py:188} INFO - [2024-05-20T00:53:05.266+0000] {dag.py:3096} INFO - Sync 1 DAGs
[2024-05-20T00:53:05.337+0000] {logging_mixin.py:188} INFO - [2024-05-20T00:53:05.337+0000] {dag.py:3954} INFO - Setting next_dagrun for example_sla_dag to 2024-05-20 00:50:00+00:00, run_after=2024-05-20 00:52:00+00:00
[2024-05-20T00:53:05.395+0000] {processor.py:183} INFO - Processing /home/airflow/.local/lib/python3.12/site-packages/airflow/example_dags/example_sla_dag.py took 0.337 seconds
[2024-05-20T00:53:48.614+0000] {processor.py:161} INFO - Started process (PID=599) to work on /home/airflow/.local/lib/python3.12/site-packages/airflow/example_dags/example_sla_dag.py
[2024-05-20T00:53:48.623+0000] {processor.py:830} INFO - Processing file /home/airflow/.local/lib/python3.12/site-packages/airflow/example_dags/example_sla_dag.py for tasks to queue
[2024-05-20T00:53:48.629+0000] {logging_mixin.py:188} INFO - [2024-05-20T00:53:48.627+0000] {dagbag.py:545} INFO - Filling up the DagBag from /home/airflow/.local/lib/python3.12/site-packages/airflow/example_dags/example_sla_dag.py
[2024-05-20T00:53:48.682+0000] {processor.py:840} INFO - DAG(s) 'example_sla_dag' retrieved from /home/airflow/.local/lib/python3.12/site-packages/airflow/example_dags/example_sla_dag.py
[2024-05-20T00:53:48.783+0000] {logging_mixin.py:188} INFO - [2024-05-20T00:53:48.780+0000] {dag.py:3096} INFO - Sync 1 DAGs
[2024-05-20T00:53:48.860+0000] {logging_mixin.py:188} INFO - [2024-05-20T00:53:48.859+0000] {dag.py:3954} INFO - Setting next_dagrun for example_sla_dag to 2024-05-20 00:50:00+00:00, run_after=2024-05-20 00:52:00+00:00
[2024-05-20T00:53:48.930+0000] {processor.py:183} INFO - Processing /home/airflow/.local/lib/python3.12/site-packages/airflow/example_dags/example_sla_dag.py took 0.364 seconds
[2024-05-20T00:54:19.323+0000] {processor.py:161} INFO - Started process (PID=658) to work on /home/airflow/.local/lib/python3.12/site-packages/airflow/example_dags/example_sla_dag.py
[2024-05-20T00:54:19.325+0000] {processor.py:830} INFO - Processing file /home/airflow/.local/lib/python3.12/site-packages/airflow/example_dags/example_sla_dag.py for tasks to queue
[2024-05-20T00:54:19.330+0000] {logging_mixin.py:188} INFO - [2024-05-20T00:54:19.329+0000] {dagbag.py:545} INFO - Filling up the DagBag from /home/airflow/.local/lib/python3.12/site-packages/airflow/example_dags/example_sla_dag.py
[2024-05-20T00:54:19.344+0000] {processor.py:840} INFO - DAG(s) 'example_sla_dag' retrieved from /home/airflow/.local/lib/python3.12/site-packages/airflow/example_dags/example_sla_dag.py
[2024-05-20T00:54:19.371+0000] {logging_mixin.py:188} INFO - [2024-05-20T00:54:19.371+0000] {dag.py:3096} INFO - Sync 1 DAGs
[2024-05-20T00:54:19.411+0000] {logging_mixin.py:188} INFO - [2024-05-20T00:54:19.411+0000] {dag.py:3954} INFO - Setting next_dagrun for example_sla_dag to 2024-05-20 00:52:00+00:00, run_after=2024-05-20 00:54:00+00:00
[2024-05-20T00:54:19.437+0000] {processor.py:183} INFO - Processing /home/airflow/.local/lib/python3.12/site-packages/airflow/example_dags/example_sla_dag.py took 0.125 seconds
[2024-05-20T00:54:49.612+0000] {processor.py:161} INFO - Started process (PID=718) to work on /home/airflow/.local/lib/python3.12/site-packages/airflow/example_dags/example_sla_dag.py
[2024-05-20T00:54:49.613+0000] {processor.py:830} INFO - Processing file /home/airflow/.local/lib/python3.12/site-packages/airflow/example_dags/example_sla_dag.py for tasks to queue
[2024-05-20T00:54:49.615+0000] {logging_mixin.py:188} INFO - [2024-05-20T00:54:49.615+0000] {dagbag.py:545} INFO - Filling up the DagBag from /home/airflow/.local/lib/python3.12/site-packages/airflow/example_dags/example_sla_dag.py
[2024-05-20T00:54:49.624+0000] {processor.py:840} INFO - DAG(s) 'example_sla_dag' retrieved from /home/airflow/.local/lib/python3.12/site-packages/airflow/example_dags/example_sla_dag.py
[2024-05-20T00:54:49.657+0000] {logging_mixin.py:188} INFO - [2024-05-20T00:54:49.656+0000] {dag.py:3096} INFO - Sync 1 DAGs
[2024-05-20T00:54:49.685+0000] {logging_mixin.py:188} INFO - [2024-05-20T00:54:49.685+0000] {dag.py:3954} INFO - Setting next_dagrun for example_sla_dag to 2024-05-20 00:52:00+00:00, run_after=2024-05-20 00:54:00+00:00
[2024-05-20T00:54:49.708+0000] {processor.py:183} INFO - Processing /home/airflow/.local/lib/python3.12/site-packages/airflow/example_dags/example_sla_dag.py took 0.101 seconds
[2024-05-20T00:55:39.189+0000] {processor.py:161} INFO - Started process (PID=769) to work on /home/airflow/.local/lib/python3.12/site-packages/airflow/example_dags/example_sla_dag.py
[2024-05-20T00:55:39.192+0000] {processor.py:830} INFO - Processing file /home/airflow/.local/lib/python3.12/site-packages/airflow/example_dags/example_sla_dag.py for tasks to queue
[2024-05-20T00:55:39.198+0000] {logging_mixin.py:188} INFO - [2024-05-20T00:55:39.197+0000] {dagbag.py:545} INFO - Filling up the DagBag from /home/airflow/.local/lib/python3.12/site-packages/airflow/example_dags/example_sla_dag.py
[2024-05-20T00:55:39.278+0000] {processor.py:840} INFO - DAG(s) 'example_sla_dag' retrieved from /home/airflow/.local/lib/python3.12/site-packages/airflow/example_dags/example_sla_dag.py
[2024-05-20T00:55:39.545+0000] {logging_mixin.py:188} INFO - [2024-05-20T00:55:39.544+0000] {dag.py:3096} INFO - Sync 1 DAGs
[2024-05-20T00:55:39.688+0000] {logging_mixin.py:188} INFO - [2024-05-20T00:55:39.687+0000] {dag.py:3954} INFO - Setting next_dagrun for example_sla_dag to 2024-05-20 00:52:00+00:00, run_after=2024-05-20 00:54:00+00:00
[2024-05-20T00:55:39.783+0000] {processor.py:183} INFO - Processing /home/airflow/.local/lib/python3.12/site-packages/airflow/example_dags/example_sla_dag.py took 0.617 seconds
[2024-05-20T00:56:10.806+0000] {processor.py:161} INFO - Started process (PID=829) to work on /home/airflow/.local/lib/python3.12/site-packages/airflow/example_dags/example_sla_dag.py
[2024-05-20T00:56:10.808+0000] {processor.py:830} INFO - Processing file /home/airflow/.local/lib/python3.12/site-packages/airflow/example_dags/example_sla_dag.py for tasks to queue
[2024-05-20T00:56:10.813+0000] {logging_mixin.py:188} INFO - [2024-05-20T00:56:10.813+0000] {dagbag.py:545} INFO - Filling up the DagBag from /home/airflow/.local/lib/python3.12/site-packages/airflow/example_dags/example_sla_dag.py
[2024-05-20T00:56:10.850+0000] {processor.py:840} INFO - DAG(s) 'example_sla_dag' retrieved from /home/airflow/.local/lib/python3.12/site-packages/airflow/example_dags/example_sla_dag.py
[2024-05-20T00:56:10.908+0000] {logging_mixin.py:188} INFO - [2024-05-20T00:56:10.907+0000] {dag.py:3096} INFO - Sync 1 DAGs
[2024-05-20T00:56:11.012+0000] {logging_mixin.py:188} INFO - [2024-05-20T00:56:11.010+0000] {dag.py:3954} INFO - Setting next_dagrun for example_sla_dag to 2024-05-20 00:54:00+00:00, run_after=2024-05-20 00:56:00+00:00
[2024-05-20T00:56:11.109+0000] {processor.py:183} INFO - Processing /home/airflow/.local/lib/python3.12/site-packages/airflow/example_dags/example_sla_dag.py took 0.316 seconds
[2024-05-20T00:56:41.331+0000] {processor.py:161} INFO - Started process (PID=887) to work on /home/airflow/.local/lib/python3.12/site-packages/airflow/example_dags/example_sla_dag.py
[2024-05-20T00:56:41.333+0000] {processor.py:830} INFO - Processing file /home/airflow/.local/lib/python3.12/site-packages/airflow/example_dags/example_sla_dag.py for tasks to queue
[2024-05-20T00:56:41.344+0000] {logging_mixin.py:188} INFO - [2024-05-20T00:56:41.343+0000] {dagbag.py:545} INFO - Filling up the DagBag from /home/airflow/.local/lib/python3.12/site-packages/airflow/example_dags/example_sla_dag.py
[2024-05-20T00:56:41.384+0000] {processor.py:840} INFO - DAG(s) 'example_sla_dag' retrieved from /home/airflow/.local/lib/python3.12/site-packages/airflow/example_dags/example_sla_dag.py
[2024-05-20T00:56:41.525+0000] {logging_mixin.py:188} INFO - [2024-05-20T00:56:41.499+0000] {dag.py:3096} INFO - Sync 1 DAGs
[2024-05-20T00:56:41.732+0000] {logging_mixin.py:188} INFO - [2024-05-20T00:56:41.731+0000] {dag.py:3954} INFO - Setting next_dagrun for example_sla_dag to 2024-05-20 00:54:00+00:00, run_after=2024-05-20 00:56:00+00:00
[2024-05-20T00:56:41.801+0000] {processor.py:183} INFO - Processing /home/airflow/.local/lib/python3.12/site-packages/airflow/example_dags/example_sla_dag.py took 0.499 seconds
[2024-05-20T00:57:27.401+0000] {processor.py:161} INFO - Started process (PID=947) to work on /home/airflow/.local/lib/python3.12/site-packages/airflow/example_dags/example_sla_dag.py
[2024-05-20T00:57:27.406+0000] {processor.py:830} INFO - Processing file /home/airflow/.local/lib/python3.12/site-packages/airflow/example_dags/example_sla_dag.py for tasks to queue
[2024-05-20T00:57:27.416+0000] {logging_mixin.py:188} INFO - [2024-05-20T00:57:27.414+0000] {dagbag.py:545} INFO - Filling up the DagBag from /home/airflow/.local/lib/python3.12/site-packages/airflow/example_dags/example_sla_dag.py
[2024-05-20T00:57:27.545+0000] {processor.py:840} INFO - DAG(s) 'example_sla_dag' retrieved from /home/airflow/.local/lib/python3.12/site-packages/airflow/example_dags/example_sla_dag.py
[2024-05-20T00:57:29.109+0000] {logging_mixin.py:188} INFO - [2024-05-20T00:57:29.027+0000] {dag.py:3096} INFO - Sync 1 DAGs
[2024-05-20T00:57:29.377+0000] {logging_mixin.py:188} INFO - [2024-05-20T00:57:29.376+0000] {dag.py:3954} INFO - Setting next_dagrun for example_sla_dag to 2024-05-20 00:54:00+00:00, run_after=2024-05-20 00:56:00+00:00
[2024-05-20T00:57:29.519+0000] {processor.py:183} INFO - Processing /home/airflow/.local/lib/python3.12/site-packages/airflow/example_dags/example_sla_dag.py took 2.189 seconds
[2024-05-20T00:58:05.016+0000] {processor.py:161} INFO - Started process (PID=1007) to work on /home/airflow/.local/lib/python3.12/site-packages/airflow/example_dags/example_sla_dag.py
[2024-05-20T00:58:05.022+0000] {processor.py:830} INFO - Processing file /home/airflow/.local/lib/python3.12/site-packages/airflow/example_dags/example_sla_dag.py for tasks to queue
[2024-05-20T00:58:05.033+0000] {logging_mixin.py:188} INFO - [2024-05-20T00:58:05.032+0000] {dagbag.py:545} INFO - Filling up the DagBag from /home/airflow/.local/lib/python3.12/site-packages/airflow/example_dags/example_sla_dag.py
[2024-05-20T00:58:05.073+0000] {processor.py:840} INFO - DAG(s) 'example_sla_dag' retrieved from /home/airflow/.local/lib/python3.12/site-packages/airflow/example_dags/example_sla_dag.py
[2024-05-20T00:58:05.770+0000] {logging_mixin.py:188} INFO - [2024-05-20T00:58:05.769+0000] {dag.py:3096} INFO - Sync 1 DAGs
[2024-05-20T00:58:05.899+0000] {logging_mixin.py:188} INFO - [2024-05-20T00:58:05.898+0000] {dag.py:3954} INFO - Setting next_dagrun for example_sla_dag to 2024-05-20 00:56:00+00:00, run_after=2024-05-20 00:58:00+00:00
[2024-05-20T00:58:05.988+0000] {processor.py:183} INFO - Processing /home/airflow/.local/lib/python3.12/site-packages/airflow/example_dags/example_sla_dag.py took 0.993 seconds
[2024-05-20T00:58:36.866+0000] {processor.py:161} INFO - Started process (PID=1066) to work on /home/airflow/.local/lib/python3.12/site-packages/airflow/example_dags/example_sla_dag.py
[2024-05-20T00:58:36.872+0000] {processor.py:830} INFO - Processing file /home/airflow/.local/lib/python3.12/site-packages/airflow/example_dags/example_sla_dag.py for tasks to queue
[2024-05-20T00:58:36.876+0000] {logging_mixin.py:188} INFO - [2024-05-20T00:58:36.875+0000] {dagbag.py:545} INFO - Filling up the DagBag from /home/airflow/.local/lib/python3.12/site-packages/airflow/example_dags/example_sla_dag.py
[2024-05-20T00:58:36.919+0000] {processor.py:840} INFO - DAG(s) 'example_sla_dag' retrieved from /home/airflow/.local/lib/python3.12/site-packages/airflow/example_dags/example_sla_dag.py
[2024-05-20T00:58:36.989+0000] {logging_mixin.py:188} INFO - [2024-05-20T00:58:36.985+0000] {dag.py:3096} INFO - Sync 1 DAGs
[2024-05-20T00:58:37.164+0000] {logging_mixin.py:188} INFO - [2024-05-20T00:58:37.163+0000] {dag.py:3954} INFO - Setting next_dagrun for example_sla_dag to 2024-05-20 00:56:00+00:00, run_after=2024-05-20 00:58:00+00:00
[2024-05-20T00:58:37.354+0000] {processor.py:183} INFO - Processing /home/airflow/.local/lib/python3.12/site-packages/airflow/example_dags/example_sla_dag.py took 0.504 seconds
[2024-05-20T00:59:08.210+0000] {processor.py:161} INFO - Started process (PID=1125) to work on /home/airflow/.local/lib/python3.12/site-packages/airflow/example_dags/example_sla_dag.py
[2024-05-20T00:59:08.213+0000] {processor.py:830} INFO - Processing file /home/airflow/.local/lib/python3.12/site-packages/airflow/example_dags/example_sla_dag.py for tasks to queue
[2024-05-20T00:59:08.223+0000] {logging_mixin.py:188} INFO - [2024-05-20T00:59:08.221+0000] {dagbag.py:545} INFO - Filling up the DagBag from /home/airflow/.local/lib/python3.12/site-packages/airflow/example_dags/example_sla_dag.py
[2024-05-20T00:59:08.245+0000] {processor.py:840} INFO - DAG(s) 'example_sla_dag' retrieved from /home/airflow/.local/lib/python3.12/site-packages/airflow/example_dags/example_sla_dag.py
[2024-05-20T00:59:08.293+0000] {logging_mixin.py:188} INFO - [2024-05-20T00:59:08.292+0000] {dag.py:3096} INFO - Sync 1 DAGs
[2024-05-20T00:59:08.344+0000] {logging_mixin.py:188} INFO - [2024-05-20T00:59:08.343+0000] {dag.py:3954} INFO - Setting next_dagrun for example_sla_dag to 2024-05-20 00:56:00+00:00, run_after=2024-05-20 00:58:00+00:00
[2024-05-20T00:59:08.367+0000] {processor.py:183} INFO - Processing /home/airflow/.local/lib/python3.12/site-packages/airflow/example_dags/example_sla_dag.py took 0.176 seconds
[2024-05-20T00:59:38.899+0000] {processor.py:161} INFO - Started process (PID=1183) to work on /home/airflow/.local/lib/python3.12/site-packages/airflow/example_dags/example_sla_dag.py
[2024-05-20T00:59:38.902+0000] {processor.py:830} INFO - Processing file /home/airflow/.local/lib/python3.12/site-packages/airflow/example_dags/example_sla_dag.py for tasks to queue
[2024-05-20T00:59:38.905+0000] {logging_mixin.py:188} INFO - [2024-05-20T00:59:38.904+0000] {dagbag.py:545} INFO - Filling up the DagBag from /home/airflow/.local/lib/python3.12/site-packages/airflow/example_dags/example_sla_dag.py
[2024-05-20T00:59:38.924+0000] {processor.py:840} INFO - DAG(s) 'example_sla_dag' retrieved from /home/airflow/.local/lib/python3.12/site-packages/airflow/example_dags/example_sla_dag.py
[2024-05-20T00:59:38.956+0000] {logging_mixin.py:188} INFO - [2024-05-20T00:59:38.955+0000] {dag.py:3096} INFO - Sync 1 DAGs
[2024-05-20T00:59:38.983+0000] {logging_mixin.py:188} INFO - [2024-05-20T00:59:38.983+0000] {dag.py:3954} INFO - Setting next_dagrun for example_sla_dag to 2024-05-20 00:56:00+00:00, run_after=2024-05-20 00:58:00+00:00
[2024-05-20T00:59:39.003+0000] {processor.py:183} INFO - Processing /home/airflow/.local/lib/python3.12/site-packages/airflow/example_dags/example_sla_dag.py took 0.113 seconds
[2024-05-20T01:00:13.057+0000] {processor.py:161} INFO - Started process (PID=1238) to work on /home/airflow/.local/lib/python3.12/site-packages/airflow/example_dags/example_sla_dag.py
[2024-05-20T01:00:13.061+0000] {processor.py:830} INFO - Processing file /home/airflow/.local/lib/python3.12/site-packages/airflow/example_dags/example_sla_dag.py for tasks to queue
[2024-05-20T01:00:13.110+0000] {logging_mixin.py:188} INFO - [2024-05-20T01:00:13.108+0000] {dagbag.py:545} INFO - Filling up the DagBag from /home/airflow/.local/lib/python3.12/site-packages/airflow/example_dags/example_sla_dag.py
[2024-05-20T01:00:13.267+0000] {processor.py:840} INFO - DAG(s) 'example_sla_dag' retrieved from /home/airflow/.local/lib/python3.12/site-packages/airflow/example_dags/example_sla_dag.py
[2024-05-20T01:00:13.530+0000] {logging_mixin.py:188} INFO - [2024-05-20T01:00:13.529+0000] {dag.py:3096} INFO - Sync 1 DAGs
[2024-05-20T01:00:13.638+0000] {logging_mixin.py:188} INFO - [2024-05-20T01:00:13.638+0000] {dag.py:3954} INFO - Setting next_dagrun for example_sla_dag to 2024-05-20 00:58:00+00:00, run_after=2024-05-20 01:00:00+00:00
[2024-05-20T01:00:13.707+0000] {processor.py:183} INFO - Processing /home/airflow/.local/lib/python3.12/site-packages/airflow/example_dags/example_sla_dag.py took 0.725 seconds
[2024-05-20T01:00:57.158+0000] {processor.py:161} INFO - Started process (PID=1298) to work on /home/airflow/.local/lib/python3.12/site-packages/airflow/example_dags/example_sla_dag.py
[2024-05-20T01:00:57.166+0000] {processor.py:830} INFO - Processing file /home/airflow/.local/lib/python3.12/site-packages/airflow/example_dags/example_sla_dag.py for tasks to queue
[2024-05-20T01:00:57.177+0000] {logging_mixin.py:188} INFO - [2024-05-20T01:00:57.176+0000] {dagbag.py:545} INFO - Filling up the DagBag from /home/airflow/.local/lib/python3.12/site-packages/airflow/example_dags/example_sla_dag.py
[2024-05-20T01:00:57.204+0000] {processor.py:840} INFO - DAG(s) 'example_sla_dag' retrieved from /home/airflow/.local/lib/python3.12/site-packages/airflow/example_dags/example_sla_dag.py
[2024-05-20T01:00:57.282+0000] {logging_mixin.py:188} INFO - [2024-05-20T01:00:57.280+0000] {dag.py:3096} INFO - Sync 1 DAGs
[2024-05-20T01:00:57.378+0000] {logging_mixin.py:188} INFO - [2024-05-20T01:00:57.377+0000] {dag.py:3954} INFO - Setting next_dagrun for example_sla_dag to 2024-05-20 00:58:00+00:00, run_after=2024-05-20 01:00:00+00:00
[2024-05-20T01:00:57.416+0000] {processor.py:183} INFO - Processing /home/airflow/.local/lib/python3.12/site-packages/airflow/example_dags/example_sla_dag.py took 0.284 seconds
[2024-05-20T01:01:27.495+0000] {processor.py:161} INFO - Started process (PID=1358) to work on /home/airflow/.local/lib/python3.12/site-packages/airflow/example_dags/example_sla_dag.py
[2024-05-20T01:01:27.497+0000] {processor.py:830} INFO - Processing file /home/airflow/.local/lib/python3.12/site-packages/airflow/example_dags/example_sla_dag.py for tasks to queue
[2024-05-20T01:01:27.498+0000] {logging_mixin.py:188} INFO - [2024-05-20T01:01:27.498+0000] {dagbag.py:545} INFO - Filling up the DagBag from /home/airflow/.local/lib/python3.12/site-packages/airflow/example_dags/example_sla_dag.py
[2024-05-20T01:01:27.506+0000] {processor.py:840} INFO - DAG(s) 'example_sla_dag' retrieved from /home/airflow/.local/lib/python3.12/site-packages/airflow/example_dags/example_sla_dag.py
[2024-05-20T01:01:27.527+0000] {logging_mixin.py:188} INFO - [2024-05-20T01:01:27.527+0000] {dag.py:3096} INFO - Sync 1 DAGs
[2024-05-20T01:01:27.547+0000] {logging_mixin.py:188} INFO - [2024-05-20T01:01:27.547+0000] {dag.py:3954} INFO - Setting next_dagrun for example_sla_dag to 2024-05-20 00:58:00+00:00, run_after=2024-05-20 01:00:00+00:00
[2024-05-20T01:01:27.561+0000] {processor.py:183} INFO - Processing /home/airflow/.local/lib/python3.12/site-packages/airflow/example_dags/example_sla_dag.py took 0.075 seconds
[2024-05-20T01:01:57.715+0000] {processor.py:161} INFO - Started process (PID=1417) to work on /home/airflow/.local/lib/python3.12/site-packages/airflow/example_dags/example_sla_dag.py
[2024-05-20T01:01:57.717+0000] {processor.py:830} INFO - Processing file /home/airflow/.local/lib/python3.12/site-packages/airflow/example_dags/example_sla_dag.py for tasks to queue
[2024-05-20T01:01:57.720+0000] {logging_mixin.py:188} INFO - [2024-05-20T01:01:57.720+0000] {dagbag.py:545} INFO - Filling up the DagBag from /home/airflow/.local/lib/python3.12/site-packages/airflow/example_dags/example_sla_dag.py
[2024-05-20T01:01:57.732+0000] {processor.py:840} INFO - DAG(s) 'example_sla_dag' retrieved from /home/airflow/.local/lib/python3.12/site-packages/airflow/example_dags/example_sla_dag.py
[2024-05-20T01:01:57.749+0000] {logging_mixin.py:188} INFO - [2024-05-20T01:01:57.749+0000] {dag.py:3096} INFO - Sync 1 DAGs
[2024-05-20T01:01:57.795+0000] {logging_mixin.py:188} INFO - [2024-05-20T01:01:57.795+0000] {dag.py:3954} INFO - Setting next_dagrun for example_sla_dag to 2024-05-20 00:58:00+00:00, run_after=2024-05-20 01:00:00+00:00
[2024-05-20T01:01:57.863+0000] {processor.py:183} INFO - Processing /home/airflow/.local/lib/python3.12/site-packages/airflow/example_dags/example_sla_dag.py took 0.155 seconds
[2024-05-20T01:02:28.300+0000] {processor.py:161} INFO - Started process (PID=1476) to work on /home/airflow/.local/lib/python3.12/site-packages/airflow/example_dags/example_sla_dag.py
[2024-05-20T01:02:28.301+0000] {processor.py:830} INFO - Processing file /home/airflow/.local/lib/python3.12/site-packages/airflow/example_dags/example_sla_dag.py for tasks to queue
[2024-05-20T01:02:28.303+0000] {logging_mixin.py:188} INFO - [2024-05-20T01:02:28.303+0000] {dagbag.py:545} INFO - Filling up the DagBag from /home/airflow/.local/lib/python3.12/site-packages/airflow/example_dags/example_sla_dag.py
[2024-05-20T01:02:28.321+0000] {processor.py:840} INFO - DAG(s) 'example_sla_dag' retrieved from /home/airflow/.local/lib/python3.12/site-packages/airflow/example_dags/example_sla_dag.py
[2024-05-20T01:02:28.347+0000] {logging_mixin.py:188} INFO - [2024-05-20T01:02:28.347+0000] {dag.py:3096} INFO - Sync 1 DAGs
[2024-05-20T01:02:28.369+0000] {logging_mixin.py:188} INFO - [2024-05-20T01:02:28.369+0000] {dag.py:3954} INFO - Setting next_dagrun for example_sla_dag to 2024-05-20 01:00:00+00:00, run_after=2024-05-20 01:02:00+00:00
[2024-05-20T01:02:28.386+0000] {processor.py:183} INFO - Processing /home/airflow/.local/lib/python3.12/site-packages/airflow/example_dags/example_sla_dag.py took 0.092 seconds
[2024-05-20T01:02:59.164+0000] {processor.py:161} INFO - Started process (PID=1536) to work on /home/airflow/.local/lib/python3.12/site-packages/airflow/example_dags/example_sla_dag.py
[2024-05-20T01:02:59.169+0000] {processor.py:830} INFO - Processing file /home/airflow/.local/lib/python3.12/site-packages/airflow/example_dags/example_sla_dag.py for tasks to queue
[2024-05-20T01:02:59.178+0000] {logging_mixin.py:188} INFO - [2024-05-20T01:02:59.175+0000] {dagbag.py:545} INFO - Filling up the DagBag from /home/airflow/.local/lib/python3.12/site-packages/airflow/example_dags/example_sla_dag.py
[2024-05-20T01:02:59.261+0000] {processor.py:840} INFO - DAG(s) 'example_sla_dag' retrieved from /home/airflow/.local/lib/python3.12/site-packages/airflow/example_dags/example_sla_dag.py
[2024-05-20T01:02:59.444+0000] {logging_mixin.py:188} INFO - [2024-05-20T01:02:59.441+0000] {dag.py:3096} INFO - Sync 1 DAGs
[2024-05-20T01:02:59.498+0000] {logging_mixin.py:188} INFO - [2024-05-20T01:02:59.498+0000] {dag.py:3954} INFO - Setting next_dagrun for example_sla_dag to 2024-05-20 01:00:00+00:00, run_after=2024-05-20 01:02:00+00:00
[2024-05-20T01:02:59.543+0000] {processor.py:183} INFO - Processing /home/airflow/.local/lib/python3.12/site-packages/airflow/example_dags/example_sla_dag.py took 0.420 seconds
[2024-05-20T01:03:32.691+0000] {processor.py:161} INFO - Started process (PID=1602) to work on /home/airflow/.local/lib/python3.12/site-packages/airflow/example_dags/example_sla_dag.py
[2024-05-20T01:03:32.693+0000] {processor.py:830} INFO - Processing file /home/airflow/.local/lib/python3.12/site-packages/airflow/example_dags/example_sla_dag.py for tasks to queue
[2024-05-20T01:03:32.699+0000] {logging_mixin.py:188} INFO - [2024-05-20T01:03:32.698+0000] {dagbag.py:545} INFO - Filling up the DagBag from /home/airflow/.local/lib/python3.12/site-packages/airflow/example_dags/example_sla_dag.py
[2024-05-20T01:03:32.728+0000] {processor.py:840} INFO - DAG(s) 'example_sla_dag' retrieved from /home/airflow/.local/lib/python3.12/site-packages/airflow/example_dags/example_sla_dag.py
[2024-05-20T01:03:32.784+0000] {logging_mixin.py:188} INFO - [2024-05-20T01:03:32.783+0000] {dag.py:3096} INFO - Sync 1 DAGs
[2024-05-20T01:03:32.836+0000] {logging_mixin.py:188} INFO - [2024-05-20T01:03:32.836+0000] {dag.py:3954} INFO - Setting next_dagrun for example_sla_dag to 2024-05-20 01:00:00+00:00, run_after=2024-05-20 01:02:00+00:00
[2024-05-20T01:03:32.894+0000] {processor.py:183} INFO - Processing /home/airflow/.local/lib/python3.12/site-packages/airflow/example_dags/example_sla_dag.py took 0.212 seconds
