[2024-05-20T00:48:52.352+0000] {processor.py:161} INFO - Started process (PID=95) to work on /home/airflow/.local/lib/python3.12/site-packages/airflow/example_dags/example_short_circuit_operator.py
[2024-05-20T00:48:52.353+0000] {processor.py:830} INFO - Processing file /home/airflow/.local/lib/python3.12/site-packages/airflow/example_dags/example_short_circuit_operator.py for tasks to queue
[2024-05-20T00:48:52.358+0000] {logging_mixin.py:188} INFO - [2024-05-20T00:48:52.357+0000] {dagbag.py:545} INFO - Filling up the DagBag from /home/airflow/.local/lib/python3.12/site-packages/airflow/example_dags/example_short_circuit_operator.py
[2024-05-20T00:48:52.380+0000] {processor.py:840} INFO - DAG(s) 'example_short_circuit_operator' retrieved from /home/airflow/.local/lib/python3.12/site-packages/airflow/example_dags/example_short_circuit_operator.py
[2024-05-20T00:48:52.604+0000] {logging_mixin.py:188} INFO - [2024-05-20T00:48:52.603+0000] {dag.py:3096} INFO - Sync 1 DAGs
[2024-05-20T00:48:52.652+0000] {logging_mixin.py:188} INFO - [2024-05-20T00:48:52.651+0000] {dag.py:3954} INFO - Setting next_dagrun for example_short_circuit_operator to 2024-05-19 00:00:00+00:00, run_after=2024-05-20 00:00:00+00:00
[2024-05-20T00:48:52.690+0000] {processor.py:183} INFO - Processing /home/airflow/.local/lib/python3.12/site-packages/airflow/example_dags/example_short_circuit_operator.py took 0.346 seconds
[2024-05-20T00:49:22.974+0000] {processor.py:161} INFO - Started process (PID=154) to work on /home/airflow/.local/lib/python3.12/site-packages/airflow/example_dags/example_short_circuit_operator.py
[2024-05-20T00:49:22.975+0000] {processor.py:830} INFO - Processing file /home/airflow/.local/lib/python3.12/site-packages/airflow/example_dags/example_short_circuit_operator.py for tasks to queue
[2024-05-20T00:49:22.977+0000] {logging_mixin.py:188} INFO - [2024-05-20T00:49:22.976+0000] {dagbag.py:545} INFO - Filling up the DagBag from /home/airflow/.local/lib/python3.12/site-packages/airflow/example_dags/example_short_circuit_operator.py
[2024-05-20T00:49:22.983+0000] {processor.py:840} INFO - DAG(s) 'example_short_circuit_operator' retrieved from /home/airflow/.local/lib/python3.12/site-packages/airflow/example_dags/example_short_circuit_operator.py
[2024-05-20T00:49:23.005+0000] {logging_mixin.py:188} INFO - [2024-05-20T00:49:23.004+0000] {dag.py:3096} INFO - Sync 1 DAGs
[2024-05-20T00:49:23.043+0000] {logging_mixin.py:188} INFO - [2024-05-20T00:49:23.043+0000] {dag.py:3954} INFO - Setting next_dagrun for example_short_circuit_operator to 2024-05-19 00:00:00+00:00, run_after=2024-05-20 00:00:00+00:00
[2024-05-20T00:49:23.068+0000] {processor.py:183} INFO - Processing /home/airflow/.local/lib/python3.12/site-packages/airflow/example_dags/example_short_circuit_operator.py took 0.099 seconds
[2024-05-20T00:49:53.583+0000] {processor.py:161} INFO - Started process (PID=213) to work on /home/airflow/.local/lib/python3.12/site-packages/airflow/example_dags/example_short_circuit_operator.py
[2024-05-20T00:49:53.586+0000] {processor.py:830} INFO - Processing file /home/airflow/.local/lib/python3.12/site-packages/airflow/example_dags/example_short_circuit_operator.py for tasks to queue
[2024-05-20T00:49:53.589+0000] {logging_mixin.py:188} INFO - [2024-05-20T00:49:53.588+0000] {dagbag.py:545} INFO - Filling up the DagBag from /home/airflow/.local/lib/python3.12/site-packages/airflow/example_dags/example_short_circuit_operator.py
[2024-05-20T00:49:53.603+0000] {processor.py:840} INFO - DAG(s) 'example_short_circuit_operator' retrieved from /home/airflow/.local/lib/python3.12/site-packages/airflow/example_dags/example_short_circuit_operator.py
[2024-05-20T00:49:53.637+0000] {logging_mixin.py:188} INFO - [2024-05-20T00:49:53.637+0000] {dag.py:3096} INFO - Sync 1 DAGs
[2024-05-20T00:49:53.682+0000] {logging_mixin.py:188} INFO - [2024-05-20T00:49:53.682+0000] {dag.py:3954} INFO - Setting next_dagrun for example_short_circuit_operator to 2024-05-19 00:00:00+00:00, run_after=2024-05-20 00:00:00+00:00
[2024-05-20T00:49:53.729+0000] {processor.py:183} INFO - Processing /home/airflow/.local/lib/python3.12/site-packages/airflow/example_dags/example_short_circuit_operator.py took 0.159 seconds
[2024-05-20T00:50:29.066+0000] {processor.py:161} INFO - Started process (PID=273) to work on /home/airflow/.local/lib/python3.12/site-packages/airflow/example_dags/example_short_circuit_operator.py
[2024-05-20T00:50:29.113+0000] {processor.py:830} INFO - Processing file /home/airflow/.local/lib/python3.12/site-packages/airflow/example_dags/example_short_circuit_operator.py for tasks to queue
[2024-05-20T00:50:29.130+0000] {logging_mixin.py:188} INFO - [2024-05-20T00:50:29.127+0000] {dagbag.py:545} INFO - Filling up the DagBag from /home/airflow/.local/lib/python3.12/site-packages/airflow/example_dags/example_short_circuit_operator.py
[2024-05-20T00:50:29.187+0000] {processor.py:840} INFO - DAG(s) 'example_short_circuit_operator' retrieved from /home/airflow/.local/lib/python3.12/site-packages/airflow/example_dags/example_short_circuit_operator.py
[2024-05-20T00:50:29.317+0000] {logging_mixin.py:188} INFO - [2024-05-20T00:50:29.316+0000] {dag.py:3096} INFO - Sync 1 DAGs
[2024-05-20T00:50:29.539+0000] {logging_mixin.py:188} INFO - [2024-05-20T00:50:29.538+0000] {dag.py:3954} INFO - Setting next_dagrun for example_short_circuit_operator to 2024-05-19 00:00:00+00:00, run_after=2024-05-20 00:00:00+00:00
[2024-05-20T00:50:29.709+0000] {processor.py:183} INFO - Processing /home/airflow/.local/lib/python3.12/site-packages/airflow/example_dags/example_short_circuit_operator.py took 0.722 seconds
[2024-05-20T00:50:59.929+0000] {processor.py:161} INFO - Started process (PID=332) to work on /home/airflow/.local/lib/python3.12/site-packages/airflow/example_dags/example_short_circuit_operator.py
[2024-05-20T00:50:59.931+0000] {processor.py:830} INFO - Processing file /home/airflow/.local/lib/python3.12/site-packages/airflow/example_dags/example_short_circuit_operator.py for tasks to queue
[2024-05-20T00:50:59.933+0000] {logging_mixin.py:188} INFO - [2024-05-20T00:50:59.932+0000] {dagbag.py:545} INFO - Filling up the DagBag from /home/airflow/.local/lib/python3.12/site-packages/airflow/example_dags/example_short_circuit_operator.py
[2024-05-20T00:50:59.947+0000] {processor.py:840} INFO - DAG(s) 'example_short_circuit_operator' retrieved from /home/airflow/.local/lib/python3.12/site-packages/airflow/example_dags/example_short_circuit_operator.py
[2024-05-20T00:50:59.987+0000] {logging_mixin.py:188} INFO - [2024-05-20T00:50:59.987+0000] {dag.py:3096} INFO - Sync 1 DAGs
[2024-05-20T00:51:00.028+0000] {logging_mixin.py:188} INFO - [2024-05-20T00:51:00.027+0000] {dag.py:3954} INFO - Setting next_dagrun for example_short_circuit_operator to 2024-05-19 00:00:00+00:00, run_after=2024-05-20 00:00:00+00:00
[2024-05-20T00:51:00.069+0000] {processor.py:183} INFO - Processing /home/airflow/.local/lib/python3.12/site-packages/airflow/example_dags/example_short_circuit_operator.py took 0.145 seconds
[2024-05-20T00:51:31.131+0000] {processor.py:161} INFO - Started process (PID=394) to work on /home/airflow/.local/lib/python3.12/site-packages/airflow/example_dags/example_short_circuit_operator.py
[2024-05-20T00:51:31.136+0000] {processor.py:830} INFO - Processing file /home/airflow/.local/lib/python3.12/site-packages/airflow/example_dags/example_short_circuit_operator.py for tasks to queue
[2024-05-20T00:51:31.141+0000] {logging_mixin.py:188} INFO - [2024-05-20T00:51:31.140+0000] {dagbag.py:545} INFO - Filling up the DagBag from /home/airflow/.local/lib/python3.12/site-packages/airflow/example_dags/example_short_circuit_operator.py
[2024-05-20T00:51:31.154+0000] {processor.py:840} INFO - DAG(s) 'example_short_circuit_operator' retrieved from /home/airflow/.local/lib/python3.12/site-packages/airflow/example_dags/example_short_circuit_operator.py
[2024-05-20T00:51:31.179+0000] {logging_mixin.py:188} INFO - [2024-05-20T00:51:31.179+0000] {dag.py:3096} INFO - Sync 1 DAGs
[2024-05-20T00:51:31.227+0000] {logging_mixin.py:188} INFO - [2024-05-20T00:51:31.226+0000] {dag.py:3954} INFO - Setting next_dagrun for example_short_circuit_operator to 2024-05-19 00:00:00+00:00, run_after=2024-05-20 00:00:00+00:00
[2024-05-20T00:51:31.245+0000] {processor.py:183} INFO - Processing /home/airflow/.local/lib/python3.12/site-packages/airflow/example_dags/example_short_circuit_operator.py took 0.130 seconds
[2024-05-20T00:52:02.271+0000] {processor.py:161} INFO - Started process (PID=457) to work on /home/airflow/.local/lib/python3.12/site-packages/airflow/example_dags/example_short_circuit_operator.py
[2024-05-20T00:52:02.272+0000] {processor.py:830} INFO - Processing file /home/airflow/.local/lib/python3.12/site-packages/airflow/example_dags/example_short_circuit_operator.py for tasks to queue
[2024-05-20T00:52:02.274+0000] {logging_mixin.py:188} INFO - [2024-05-20T00:52:02.274+0000] {dagbag.py:545} INFO - Filling up the DagBag from /home/airflow/.local/lib/python3.12/site-packages/airflow/example_dags/example_short_circuit_operator.py
[2024-05-20T00:52:02.281+0000] {processor.py:840} INFO - DAG(s) 'example_short_circuit_operator' retrieved from /home/airflow/.local/lib/python3.12/site-packages/airflow/example_dags/example_short_circuit_operator.py
[2024-05-20T00:52:02.302+0000] {logging_mixin.py:188} INFO - [2024-05-20T00:52:02.302+0000] {dag.py:3096} INFO - Sync 1 DAGs
[2024-05-20T00:52:02.324+0000] {logging_mixin.py:188} INFO - [2024-05-20T00:52:02.324+0000] {dag.py:3954} INFO - Setting next_dagrun for example_short_circuit_operator to 2024-05-19 00:00:00+00:00, run_after=2024-05-20 00:00:00+00:00
[2024-05-20T00:52:02.339+0000] {processor.py:183} INFO - Processing /home/airflow/.local/lib/python3.12/site-packages/airflow/example_dags/example_short_circuit_operator.py took 0.072 seconds
[2024-05-20T00:52:35.284+0000] {processor.py:161} INFO - Started process (PID=523) to work on /home/airflow/.local/lib/python3.12/site-packages/airflow/example_dags/example_short_circuit_operator.py
[2024-05-20T00:52:35.290+0000] {processor.py:830} INFO - Processing file /home/airflow/.local/lib/python3.12/site-packages/airflow/example_dags/example_short_circuit_operator.py for tasks to queue
[2024-05-20T00:52:35.294+0000] {logging_mixin.py:188} INFO - [2024-05-20T00:52:35.294+0000] {dagbag.py:545} INFO - Filling up the DagBag from /home/airflow/.local/lib/python3.12/site-packages/airflow/example_dags/example_short_circuit_operator.py
[2024-05-20T00:52:35.323+0000] {processor.py:840} INFO - DAG(s) 'example_short_circuit_operator' retrieved from /home/airflow/.local/lib/python3.12/site-packages/airflow/example_dags/example_short_circuit_operator.py
[2024-05-20T00:52:35.365+0000] {logging_mixin.py:188} INFO - [2024-05-20T00:52:35.364+0000] {dag.py:3096} INFO - Sync 1 DAGs
[2024-05-20T00:52:35.394+0000] {logging_mixin.py:188} INFO - [2024-05-20T00:52:35.393+0000] {dag.py:3954} INFO - Setting next_dagrun for example_short_circuit_operator to 2024-05-19 00:00:00+00:00, run_after=2024-05-20 00:00:00+00:00
[2024-05-20T00:52:35.423+0000] {processor.py:183} INFO - Processing /home/airflow/.local/lib/python3.12/site-packages/airflow/example_dags/example_short_circuit_operator.py took 0.151 seconds
[2024-05-20T00:53:45.036+0000] {processor.py:161} INFO - Started process (PID=591) to work on /home/airflow/.local/lib/python3.12/site-packages/airflow/example_dags/example_short_circuit_operator.py
[2024-05-20T00:53:45.064+0000] {processor.py:830} INFO - Processing file /home/airflow/.local/lib/python3.12/site-packages/airflow/example_dags/example_short_circuit_operator.py for tasks to queue
[2024-05-20T00:53:45.088+0000] {logging_mixin.py:188} INFO - [2024-05-20T00:53:45.082+0000] {dagbag.py:545} INFO - Filling up the DagBag from /home/airflow/.local/lib/python3.12/site-packages/airflow/example_dags/example_short_circuit_operator.py
[2024-05-20T00:53:45.179+0000] {processor.py:840} INFO - DAG(s) 'example_short_circuit_operator' retrieved from /home/airflow/.local/lib/python3.12/site-packages/airflow/example_dags/example_short_circuit_operator.py
[2024-05-20T00:53:45.529+0000] {logging_mixin.py:188} INFO - [2024-05-20T00:53:45.528+0000] {dag.py:3096} INFO - Sync 1 DAGs
[2024-05-20T00:53:45.651+0000] {logging_mixin.py:188} INFO - [2024-05-20T00:53:45.648+0000] {dag.py:3954} INFO - Setting next_dagrun for example_short_circuit_operator to 2024-05-19 00:00:00+00:00, run_after=2024-05-20 00:00:00+00:00
[2024-05-20T00:53:45.707+0000] {processor.py:183} INFO - Processing /home/airflow/.local/lib/python3.12/site-packages/airflow/example_dags/example_short_circuit_operator.py took 0.810 seconds
[2024-05-20T00:54:16.481+0000] {processor.py:161} INFO - Started process (PID=649) to work on /home/airflow/.local/lib/python3.12/site-packages/airflow/example_dags/example_short_circuit_operator.py
[2024-05-20T00:54:16.484+0000] {processor.py:830} INFO - Processing file /home/airflow/.local/lib/python3.12/site-packages/airflow/example_dags/example_short_circuit_operator.py for tasks to queue
[2024-05-20T00:54:16.489+0000] {logging_mixin.py:188} INFO - [2024-05-20T00:54:16.488+0000] {dagbag.py:545} INFO - Filling up the DagBag from /home/airflow/.local/lib/python3.12/site-packages/airflow/example_dags/example_short_circuit_operator.py
[2024-05-20T00:54:16.522+0000] {processor.py:840} INFO - DAG(s) 'example_short_circuit_operator' retrieved from /home/airflow/.local/lib/python3.12/site-packages/airflow/example_dags/example_short_circuit_operator.py
[2024-05-20T00:54:16.566+0000] {logging_mixin.py:188} INFO - [2024-05-20T00:54:16.565+0000] {dag.py:3096} INFO - Sync 1 DAGs
[2024-05-20T00:54:16.607+0000] {logging_mixin.py:188} INFO - [2024-05-20T00:54:16.607+0000] {dag.py:3954} INFO - Setting next_dagrun for example_short_circuit_operator to 2024-05-19 00:00:00+00:00, run_after=2024-05-20 00:00:00+00:00
[2024-05-20T00:54:16.643+0000] {processor.py:183} INFO - Processing /home/airflow/.local/lib/python3.12/site-packages/airflow/example_dags/example_short_circuit_operator.py took 0.180 seconds
[2024-05-20T00:54:46.868+0000] {processor.py:161} INFO - Started process (PID=711) to work on /home/airflow/.local/lib/python3.12/site-packages/airflow/example_dags/example_short_circuit_operator.py
[2024-05-20T00:54:46.869+0000] {processor.py:830} INFO - Processing file /home/airflow/.local/lib/python3.12/site-packages/airflow/example_dags/example_short_circuit_operator.py for tasks to queue
[2024-05-20T00:54:46.872+0000] {logging_mixin.py:188} INFO - [2024-05-20T00:54:46.871+0000] {dagbag.py:545} INFO - Filling up the DagBag from /home/airflow/.local/lib/python3.12/site-packages/airflow/example_dags/example_short_circuit_operator.py
[2024-05-20T00:54:46.882+0000] {processor.py:840} INFO - DAG(s) 'example_short_circuit_operator' retrieved from /home/airflow/.local/lib/python3.12/site-packages/airflow/example_dags/example_short_circuit_operator.py
[2024-05-20T00:54:46.907+0000] {logging_mixin.py:188} INFO - [2024-05-20T00:54:46.907+0000] {dag.py:3096} INFO - Sync 1 DAGs
[2024-05-20T00:54:46.957+0000] {logging_mixin.py:188} INFO - [2024-05-20T00:54:46.957+0000] {dag.py:3954} INFO - Setting next_dagrun for example_short_circuit_operator to 2024-05-19 00:00:00+00:00, run_after=2024-05-20 00:00:00+00:00
[2024-05-20T00:54:46.982+0000] {processor.py:183} INFO - Processing /home/airflow/.local/lib/python3.12/site-packages/airflow/example_dags/example_short_circuit_operator.py took 0.120 seconds
[2024-05-20T00:55:40.471+0000] {processor.py:161} INFO - Started process (PID=776) to work on /home/airflow/.local/lib/python3.12/site-packages/airflow/example_dags/example_short_circuit_operator.py
[2024-05-20T00:55:40.473+0000] {processor.py:830} INFO - Processing file /home/airflow/.local/lib/python3.12/site-packages/airflow/example_dags/example_short_circuit_operator.py for tasks to queue
[2024-05-20T00:55:40.477+0000] {logging_mixin.py:188} INFO - [2024-05-20T00:55:40.476+0000] {dagbag.py:545} INFO - Filling up the DagBag from /home/airflow/.local/lib/python3.12/site-packages/airflow/example_dags/example_short_circuit_operator.py
[2024-05-20T00:55:40.501+0000] {processor.py:840} INFO - DAG(s) 'example_short_circuit_operator' retrieved from /home/airflow/.local/lib/python3.12/site-packages/airflow/example_dags/example_short_circuit_operator.py
[2024-05-20T00:55:40.543+0000] {logging_mixin.py:188} INFO - [2024-05-20T00:55:40.543+0000] {dag.py:3096} INFO - Sync 1 DAGs
[2024-05-20T00:55:40.573+0000] {logging_mixin.py:188} INFO - [2024-05-20T00:55:40.573+0000] {dag.py:3954} INFO - Setting next_dagrun for example_short_circuit_operator to 2024-05-19 00:00:00+00:00, run_after=2024-05-20 00:00:00+00:00
[2024-05-20T00:55:40.600+0000] {processor.py:183} INFO - Processing /home/airflow/.local/lib/python3.12/site-packages/airflow/example_dags/example_short_circuit_operator.py took 0.138 seconds
[2024-05-20T00:56:13.241+0000] {processor.py:161} INFO - Started process (PID=835) to work on /home/airflow/.local/lib/python3.12/site-packages/airflow/example_dags/example_short_circuit_operator.py
[2024-05-20T00:56:13.245+0000] {processor.py:830} INFO - Processing file /home/airflow/.local/lib/python3.12/site-packages/airflow/example_dags/example_short_circuit_operator.py for tasks to queue
[2024-05-20T00:56:13.281+0000] {logging_mixin.py:188} INFO - [2024-05-20T00:56:13.276+0000] {dagbag.py:545} INFO - Filling up the DagBag from /home/airflow/.local/lib/python3.12/site-packages/airflow/example_dags/example_short_circuit_operator.py
[2024-05-20T00:56:13.318+0000] {processor.py:840} INFO - DAG(s) 'example_short_circuit_operator' retrieved from /home/airflow/.local/lib/python3.12/site-packages/airflow/example_dags/example_short_circuit_operator.py
[2024-05-20T00:56:13.436+0000] {logging_mixin.py:188} INFO - [2024-05-20T00:56:13.435+0000] {dag.py:3096} INFO - Sync 1 DAGs
[2024-05-20T00:56:13.499+0000] {logging_mixin.py:188} INFO - [2024-05-20T00:56:13.496+0000] {dag.py:3954} INFO - Setting next_dagrun for example_short_circuit_operator to 2024-05-19 00:00:00+00:00, run_after=2024-05-20 00:00:00+00:00
[2024-05-20T00:56:13.534+0000] {processor.py:183} INFO - Processing /home/airflow/.local/lib/python3.12/site-packages/airflow/example_dags/example_short_circuit_operator.py took 0.305 seconds
[2024-05-20T00:56:44.769+0000] {processor.py:161} INFO - Started process (PID=897) to work on /home/airflow/.local/lib/python3.12/site-packages/airflow/example_dags/example_short_circuit_operator.py
[2024-05-20T00:56:44.771+0000] {processor.py:830} INFO - Processing file /home/airflow/.local/lib/python3.12/site-packages/airflow/example_dags/example_short_circuit_operator.py for tasks to queue
[2024-05-20T00:56:44.774+0000] {logging_mixin.py:188} INFO - [2024-05-20T00:56:44.774+0000] {dagbag.py:545} INFO - Filling up the DagBag from /home/airflow/.local/lib/python3.12/site-packages/airflow/example_dags/example_short_circuit_operator.py
[2024-05-20T00:56:44.785+0000] {processor.py:840} INFO - DAG(s) 'example_short_circuit_operator' retrieved from /home/airflow/.local/lib/python3.12/site-packages/airflow/example_dags/example_short_circuit_operator.py
[2024-05-20T00:56:44.834+0000] {logging_mixin.py:188} INFO - [2024-05-20T00:56:44.833+0000] {dag.py:3096} INFO - Sync 1 DAGs
[2024-05-20T00:56:44.872+0000] {logging_mixin.py:188} INFO - [2024-05-20T00:56:44.871+0000] {dag.py:3954} INFO - Setting next_dagrun for example_short_circuit_operator to 2024-05-19 00:00:00+00:00, run_after=2024-05-20 00:00:00+00:00
[2024-05-20T00:56:44.902+0000] {processor.py:183} INFO - Processing /home/airflow/.local/lib/python3.12/site-packages/airflow/example_dags/example_short_circuit_operator.py took 0.144 seconds
[2024-05-20T00:57:51.200+0000] {processor.py:161} INFO - Started process (PID=973) to work on /home/airflow/.local/lib/python3.12/site-packages/airflow/example_dags/example_short_circuit_operator.py
[2024-05-20T00:57:51.206+0000] {processor.py:830} INFO - Processing file /home/airflow/.local/lib/python3.12/site-packages/airflow/example_dags/example_short_circuit_operator.py for tasks to queue
[2024-05-20T00:57:51.219+0000] {logging_mixin.py:188} INFO - [2024-05-20T00:57:51.215+0000] {dagbag.py:545} INFO - Filling up the DagBag from /home/airflow/.local/lib/python3.12/site-packages/airflow/example_dags/example_short_circuit_operator.py
[2024-05-20T00:57:51.290+0000] {processor.py:840} INFO - DAG(s) 'example_short_circuit_operator' retrieved from /home/airflow/.local/lib/python3.12/site-packages/airflow/example_dags/example_short_circuit_operator.py
[2024-05-20T00:57:51.460+0000] {logging_mixin.py:188} INFO - [2024-05-20T00:57:51.459+0000] {dag.py:3096} INFO - Sync 1 DAGs
[2024-05-20T00:57:51.573+0000] {logging_mixin.py:188} INFO - [2024-05-20T00:57:51.572+0000] {dag.py:3954} INFO - Setting next_dagrun for example_short_circuit_operator to 2024-05-19 00:00:00+00:00, run_after=2024-05-20 00:00:00+00:00
[2024-05-20T00:57:51.665+0000] {processor.py:183} INFO - Processing /home/airflow/.local/lib/python3.12/site-packages/airflow/example_dags/example_short_circuit_operator.py took 0.484 seconds
[2024-05-20T00:58:21.884+0000] {processor.py:161} INFO - Started process (PID=1032) to work on /home/airflow/.local/lib/python3.12/site-packages/airflow/example_dags/example_short_circuit_operator.py
[2024-05-20T00:58:21.886+0000] {processor.py:830} INFO - Processing file /home/airflow/.local/lib/python3.12/site-packages/airflow/example_dags/example_short_circuit_operator.py for tasks to queue
[2024-05-20T00:58:21.889+0000] {logging_mixin.py:188} INFO - [2024-05-20T00:58:21.889+0000] {dagbag.py:545} INFO - Filling up the DagBag from /home/airflow/.local/lib/python3.12/site-packages/airflow/example_dags/example_short_circuit_operator.py
[2024-05-20T00:58:21.901+0000] {processor.py:840} INFO - DAG(s) 'example_short_circuit_operator' retrieved from /home/airflow/.local/lib/python3.12/site-packages/airflow/example_dags/example_short_circuit_operator.py
[2024-05-20T00:58:21.932+0000] {logging_mixin.py:188} INFO - [2024-05-20T00:58:21.932+0000] {dag.py:3096} INFO - Sync 1 DAGs
[2024-05-20T00:58:21.956+0000] {logging_mixin.py:188} INFO - [2024-05-20T00:58:21.956+0000] {dag.py:3954} INFO - Setting next_dagrun for example_short_circuit_operator to 2024-05-19 00:00:00+00:00, run_after=2024-05-20 00:00:00+00:00
[2024-05-20T00:58:21.977+0000] {processor.py:183} INFO - Processing /home/airflow/.local/lib/python3.12/site-packages/airflow/example_dags/example_short_circuit_operator.py took 0.102 seconds
[2024-05-20T00:58:53.200+0000] {processor.py:161} INFO - Started process (PID=1092) to work on /home/airflow/.local/lib/python3.12/site-packages/airflow/example_dags/example_short_circuit_operator.py
[2024-05-20T00:58:53.202+0000] {processor.py:830} INFO - Processing file /home/airflow/.local/lib/python3.12/site-packages/airflow/example_dags/example_short_circuit_operator.py for tasks to queue
[2024-05-20T00:58:53.206+0000] {logging_mixin.py:188} INFO - [2024-05-20T00:58:53.205+0000] {dagbag.py:545} INFO - Filling up the DagBag from /home/airflow/.local/lib/python3.12/site-packages/airflow/example_dags/example_short_circuit_operator.py
[2024-05-20T00:58:53.261+0000] {processor.py:840} INFO - DAG(s) 'example_short_circuit_operator' retrieved from /home/airflow/.local/lib/python3.12/site-packages/airflow/example_dags/example_short_circuit_operator.py
[2024-05-20T00:58:53.351+0000] {logging_mixin.py:188} INFO - [2024-05-20T00:58:53.350+0000] {dag.py:3096} INFO - Sync 1 DAGs
[2024-05-20T00:58:53.412+0000] {logging_mixin.py:188} INFO - [2024-05-20T00:58:53.412+0000] {dag.py:3954} INFO - Setting next_dagrun for example_short_circuit_operator to 2024-05-19 00:00:00+00:00, run_after=2024-05-20 00:00:00+00:00
[2024-05-20T00:58:53.474+0000] {processor.py:183} INFO - Processing /home/airflow/.local/lib/python3.12/site-packages/airflow/example_dags/example_short_circuit_operator.py took 0.285 seconds
[2024-05-20T00:59:24.393+0000] {processor.py:161} INFO - Started process (PID=1151) to work on /home/airflow/.local/lib/python3.12/site-packages/airflow/example_dags/example_short_circuit_operator.py
[2024-05-20T00:59:24.395+0000] {processor.py:830} INFO - Processing file /home/airflow/.local/lib/python3.12/site-packages/airflow/example_dags/example_short_circuit_operator.py for tasks to queue
[2024-05-20T00:59:24.399+0000] {logging_mixin.py:188} INFO - [2024-05-20T00:59:24.398+0000] {dagbag.py:545} INFO - Filling up the DagBag from /home/airflow/.local/lib/python3.12/site-packages/airflow/example_dags/example_short_circuit_operator.py
[2024-05-20T00:59:24.438+0000] {processor.py:840} INFO - DAG(s) 'example_short_circuit_operator' retrieved from /home/airflow/.local/lib/python3.12/site-packages/airflow/example_dags/example_short_circuit_operator.py
[2024-05-20T00:59:24.498+0000] {logging_mixin.py:188} INFO - [2024-05-20T00:59:24.498+0000] {dag.py:3096} INFO - Sync 1 DAGs
[2024-05-20T00:59:24.578+0000] {logging_mixin.py:188} INFO - [2024-05-20T00:59:24.577+0000] {dag.py:3954} INFO - Setting next_dagrun for example_short_circuit_operator to 2024-05-19 00:00:00+00:00, run_after=2024-05-20 00:00:00+00:00
[2024-05-20T00:59:24.625+0000] {processor.py:183} INFO - Processing /home/airflow/.local/lib/python3.12/site-packages/airflow/example_dags/example_short_circuit_operator.py took 0.245 seconds
[2024-05-20T01:00:03.112+0000] {processor.py:161} INFO - Started process (PID=1217) to work on /home/airflow/.local/lib/python3.12/site-packages/airflow/example_dags/example_short_circuit_operator.py
[2024-05-20T01:00:03.148+0000] {processor.py:830} INFO - Processing file /home/airflow/.local/lib/python3.12/site-packages/airflow/example_dags/example_short_circuit_operator.py for tasks to queue
[2024-05-20T01:00:03.194+0000] {logging_mixin.py:188} INFO - [2024-05-20T01:00:03.189+0000] {dagbag.py:545} INFO - Filling up the DagBag from /home/airflow/.local/lib/python3.12/site-packages/airflow/example_dags/example_short_circuit_operator.py
[2024-05-20T01:00:03.405+0000] {processor.py:840} INFO - DAG(s) 'example_short_circuit_operator' retrieved from /home/airflow/.local/lib/python3.12/site-packages/airflow/example_dags/example_short_circuit_operator.py
[2024-05-20T01:00:04.122+0000] {logging_mixin.py:188} INFO - [2024-05-20T01:00:04.115+0000] {dag.py:3096} INFO - Sync 1 DAGs
[2024-05-20T01:00:04.364+0000] {logging_mixin.py:188} INFO - [2024-05-20T01:00:04.361+0000] {dag.py:3954} INFO - Setting next_dagrun for example_short_circuit_operator to 2024-05-19 00:00:00+00:00, run_after=2024-05-20 00:00:00+00:00
[2024-05-20T01:00:04.573+0000] {processor.py:183} INFO - Processing /home/airflow/.local/lib/python3.12/site-packages/airflow/example_dags/example_short_circuit_operator.py took 1.868 seconds
[2024-05-20T01:00:34.848+0000] {processor.py:161} INFO - Started process (PID=1277) to work on /home/airflow/.local/lib/python3.12/site-packages/airflow/example_dags/example_short_circuit_operator.py
[2024-05-20T01:00:34.850+0000] {processor.py:830} INFO - Processing file /home/airflow/.local/lib/python3.12/site-packages/airflow/example_dags/example_short_circuit_operator.py for tasks to queue
[2024-05-20T01:00:34.852+0000] {logging_mixin.py:188} INFO - [2024-05-20T01:00:34.851+0000] {dagbag.py:545} INFO - Filling up the DagBag from /home/airflow/.local/lib/python3.12/site-packages/airflow/example_dags/example_short_circuit_operator.py
[2024-05-20T01:00:34.861+0000] {processor.py:840} INFO - DAG(s) 'example_short_circuit_operator' retrieved from /home/airflow/.local/lib/python3.12/site-packages/airflow/example_dags/example_short_circuit_operator.py
[2024-05-20T01:00:34.885+0000] {logging_mixin.py:188} INFO - [2024-05-20T01:00:34.885+0000] {dag.py:3096} INFO - Sync 1 DAGs
[2024-05-20T01:00:34.909+0000] {logging_mixin.py:188} INFO - [2024-05-20T01:00:34.909+0000] {dag.py:3954} INFO - Setting next_dagrun for example_short_circuit_operator to 2024-05-19 00:00:00+00:00, run_after=2024-05-20 00:00:00+00:00
[2024-05-20T01:00:34.926+0000] {processor.py:183} INFO - Processing /home/airflow/.local/lib/python3.12/site-packages/airflow/example_dags/example_short_circuit_operator.py took 0.084 seconds
[2024-05-20T01:01:05.550+0000] {processor.py:161} INFO - Started process (PID=1337) to work on /home/airflow/.local/lib/python3.12/site-packages/airflow/example_dags/example_short_circuit_operator.py
[2024-05-20T01:01:05.557+0000] {processor.py:830} INFO - Processing file /home/airflow/.local/lib/python3.12/site-packages/airflow/example_dags/example_short_circuit_operator.py for tasks to queue
[2024-05-20T01:01:05.571+0000] {logging_mixin.py:188} INFO - [2024-05-20T01:01:05.569+0000] {dagbag.py:545} INFO - Filling up the DagBag from /home/airflow/.local/lib/python3.12/site-packages/airflow/example_dags/example_short_circuit_operator.py
[2024-05-20T01:01:05.598+0000] {processor.py:840} INFO - DAG(s) 'example_short_circuit_operator' retrieved from /home/airflow/.local/lib/python3.12/site-packages/airflow/example_dags/example_short_circuit_operator.py
[2024-05-20T01:01:05.676+0000] {logging_mixin.py:188} INFO - [2024-05-20T01:01:05.676+0000] {dag.py:3096} INFO - Sync 1 DAGs
[2024-05-20T01:01:05.743+0000] {logging_mixin.py:188} INFO - [2024-05-20T01:01:05.743+0000] {dag.py:3954} INFO - Setting next_dagrun for example_short_circuit_operator to 2024-05-19 00:00:00+00:00, run_after=2024-05-20 00:00:00+00:00
[2024-05-20T01:01:05.812+0000] {processor.py:183} INFO - Processing /home/airflow/.local/lib/python3.12/site-packages/airflow/example_dags/example_short_circuit_operator.py took 0.280 seconds
[2024-05-20T01:01:36.385+0000] {processor.py:161} INFO - Started process (PID=1397) to work on /home/airflow/.local/lib/python3.12/site-packages/airflow/example_dags/example_short_circuit_operator.py
[2024-05-20T01:01:36.387+0000] {processor.py:830} INFO - Processing file /home/airflow/.local/lib/python3.12/site-packages/airflow/example_dags/example_short_circuit_operator.py for tasks to queue
[2024-05-20T01:01:36.390+0000] {logging_mixin.py:188} INFO - [2024-05-20T01:01:36.390+0000] {dagbag.py:545} INFO - Filling up the DagBag from /home/airflow/.local/lib/python3.12/site-packages/airflow/example_dags/example_short_circuit_operator.py
[2024-05-20T01:01:36.400+0000] {processor.py:840} INFO - DAG(s) 'example_short_circuit_operator' retrieved from /home/airflow/.local/lib/python3.12/site-packages/airflow/example_dags/example_short_circuit_operator.py
[2024-05-20T01:01:36.439+0000] {logging_mixin.py:188} INFO - [2024-05-20T01:01:36.439+0000] {dag.py:3096} INFO - Sync 1 DAGs
[2024-05-20T01:01:36.482+0000] {logging_mixin.py:188} INFO - [2024-05-20T01:01:36.482+0000] {dag.py:3954} INFO - Setting next_dagrun for example_short_circuit_operator to 2024-05-19 00:00:00+00:00, run_after=2024-05-20 00:00:00+00:00
[2024-05-20T01:01:36.524+0000] {processor.py:183} INFO - Processing /home/airflow/.local/lib/python3.12/site-packages/airflow/example_dags/example_short_circuit_operator.py took 0.162 seconds
[2024-05-20T01:02:08.065+0000] {processor.py:161} INFO - Started process (PID=1457) to work on /home/airflow/.local/lib/python3.12/site-packages/airflow/example_dags/example_short_circuit_operator.py
[2024-05-20T01:02:08.076+0000] {processor.py:830} INFO - Processing file /home/airflow/.local/lib/python3.12/site-packages/airflow/example_dags/example_short_circuit_operator.py for tasks to queue
[2024-05-20T01:02:08.089+0000] {logging_mixin.py:188} INFO - [2024-05-20T01:02:08.088+0000] {dagbag.py:545} INFO - Filling up the DagBag from /home/airflow/.local/lib/python3.12/site-packages/airflow/example_dags/example_short_circuit_operator.py
[2024-05-20T01:02:08.137+0000] {processor.py:840} INFO - DAG(s) 'example_short_circuit_operator' retrieved from /home/airflow/.local/lib/python3.12/site-packages/airflow/example_dags/example_short_circuit_operator.py
[2024-05-20T01:02:08.225+0000] {logging_mixin.py:188} INFO - [2024-05-20T01:02:08.225+0000] {dag.py:3096} INFO - Sync 1 DAGs
[2024-05-20T01:02:08.305+0000] {logging_mixin.py:188} INFO - [2024-05-20T01:02:08.305+0000] {dag.py:3954} INFO - Setting next_dagrun for example_short_circuit_operator to 2024-05-19 00:00:00+00:00, run_after=2024-05-20 00:00:00+00:00
[2024-05-20T01:02:08.337+0000] {processor.py:183} INFO - Processing /home/airflow/.local/lib/python3.12/site-packages/airflow/example_dags/example_short_circuit_operator.py took 0.306 seconds
[2024-05-20T01:02:39.027+0000] {processor.py:161} INFO - Started process (PID=1515) to work on /home/airflow/.local/lib/python3.12/site-packages/airflow/example_dags/example_short_circuit_operator.py
[2024-05-20T01:02:39.038+0000] {processor.py:830} INFO - Processing file /home/airflow/.local/lib/python3.12/site-packages/airflow/example_dags/example_short_circuit_operator.py for tasks to queue
[2024-05-20T01:02:39.053+0000] {logging_mixin.py:188} INFO - [2024-05-20T01:02:39.052+0000] {dagbag.py:545} INFO - Filling up the DagBag from /home/airflow/.local/lib/python3.12/site-packages/airflow/example_dags/example_short_circuit_operator.py
[2024-05-20T01:02:39.076+0000] {processor.py:840} INFO - DAG(s) 'example_short_circuit_operator' retrieved from /home/airflow/.local/lib/python3.12/site-packages/airflow/example_dags/example_short_circuit_operator.py
[2024-05-20T01:02:39.288+0000] {logging_mixin.py:188} INFO - [2024-05-20T01:02:39.285+0000] {dag.py:3096} INFO - Sync 1 DAGs
[2024-05-20T01:02:39.402+0000] {logging_mixin.py:188} INFO - [2024-05-20T01:02:39.399+0000] {dag.py:3954} INFO - Setting next_dagrun for example_short_circuit_operator to 2024-05-19 00:00:00+00:00, run_after=2024-05-20 00:00:00+00:00
[2024-05-20T01:02:39.502+0000] {processor.py:183} INFO - Processing /home/airflow/.local/lib/python3.12/site-packages/airflow/example_dags/example_short_circuit_operator.py took 0.479 seconds
[2024-05-20T01:03:29.964+0000] {processor.py:161} INFO - Started process (PID=1586) to work on /home/airflow/.local/lib/python3.12/site-packages/airflow/example_dags/example_short_circuit_operator.py
[2024-05-20T01:03:29.966+0000] {processor.py:830} INFO - Processing file /home/airflow/.local/lib/python3.12/site-packages/airflow/example_dags/example_short_circuit_operator.py for tasks to queue
[2024-05-20T01:03:29.969+0000] {logging_mixin.py:188} INFO - [2024-05-20T01:03:29.968+0000] {dagbag.py:545} INFO - Filling up the DagBag from /home/airflow/.local/lib/python3.12/site-packages/airflow/example_dags/example_short_circuit_operator.py
[2024-05-20T01:03:29.979+0000] {processor.py:840} INFO - DAG(s) 'example_short_circuit_operator' retrieved from /home/airflow/.local/lib/python3.12/site-packages/airflow/example_dags/example_short_circuit_operator.py
[2024-05-20T01:03:30.005+0000] {logging_mixin.py:188} INFO - [2024-05-20T01:03:30.005+0000] {dag.py:3096} INFO - Sync 1 DAGs
[2024-05-20T01:03:30.029+0000] {logging_mixin.py:188} INFO - [2024-05-20T01:03:30.028+0000] {dag.py:3954} INFO - Setting next_dagrun for example_short_circuit_operator to 2024-05-19 00:00:00+00:00, run_after=2024-05-20 00:00:00+00:00
[2024-05-20T01:03:30.051+0000] {processor.py:183} INFO - Processing /home/airflow/.local/lib/python3.12/site-packages/airflow/example_dags/example_short_circuit_operator.py took 0.097 seconds
