[2024-05-20T00:48:39.324+0000] {processor.py:161} INFO - Started process (PID=64) to work on /home/airflow/.local/lib/python3.12/site-packages/airflow/example_dags/example_datasets.py
[2024-05-20T00:48:39.359+0000] {processor.py:830} INFO - Processing file /home/airflow/.local/lib/python3.12/site-packages/airflow/example_dags/example_datasets.py for tasks to queue
[2024-05-20T00:48:39.530+0000] {logging_mixin.py:188} INFO - [2024-05-20T00:48:39.472+0000] {dagbag.py:545} INFO - Filling up the DagBag from /home/airflow/.local/lib/python3.12/site-packages/airflow/example_dags/example_datasets.py
[2024-05-20T00:48:39.918+0000] {processor.py:840} INFO - DAG(s) 'consume_1_or_both_2_and_3_with_dataset_expressions', 'consume_1_and_2_with_dataset_expressions', 'dataset_consumes_unknown_never_scheduled', 'consume_1_or_2_with_dataset_expressions', 'dataset_consumes_1', 'dataset_produces_2', 'dataset_produces_1', 'conditional_dataset_and_time_based_timetable', 'dataset_consumes_1_never_scheduled', 'dataset_consumes_1_and_2' retrieved from /home/airflow/.local/lib/python3.12/site-packages/airflow/example_dags/example_datasets.py
[2024-05-20T00:48:41.695+0000] {logging_mixin.py:188} INFO - [2024-05-20T00:48:41.681+0000] {dag.py:3096} INFO - Sync 10 DAGs
[2024-05-20T00:48:41.908+0000] {logging_mixin.py:188} INFO - [2024-05-20T00:48:41.908+0000] {dag.py:3954} INFO - Setting next_dagrun for conditional_dataset_and_time_based_timetable to 2024-05-15 01:00:00+00:00, run_after=2024-05-15 01:00:00+00:00
[2024-05-20T00:48:41.921+0000] {logging_mixin.py:188} INFO - [2024-05-20T00:48:41.920+0000] {dag.py:3954} INFO - Setting next_dagrun for consume_1_and_2_with_dataset_expressions to None, run_after=None
[2024-05-20T00:48:41.953+0000] {logging_mixin.py:188} INFO - [2024-05-20T00:48:41.952+0000] {dag.py:3954} INFO - Setting next_dagrun for consume_1_or_2_with_dataset_expressions to None, run_after=None
[2024-05-20T00:48:41.963+0000] {logging_mixin.py:188} INFO - [2024-05-20T00:48:41.963+0000] {dag.py:3954} INFO - Setting next_dagrun for consume_1_or_both_2_and_3_with_dataset_expressions to None, run_after=None
[2024-05-20T00:48:41.971+0000] {logging_mixin.py:188} INFO - [2024-05-20T00:48:41.969+0000] {dag.py:3954} INFO - Setting next_dagrun for dataset_consumes_1 to None, run_after=None
[2024-05-20T00:48:42.020+0000] {logging_mixin.py:188} INFO - [2024-05-20T00:48:42.016+0000] {dag.py:3954} INFO - Setting next_dagrun for dataset_consumes_1_and_2 to None, run_after=None
[2024-05-20T00:48:42.050+0000] {logging_mixin.py:188} INFO - [2024-05-20T00:48:42.048+0000] {dag.py:3954} INFO - Setting next_dagrun for dataset_consumes_1_never_scheduled to None, run_after=None
[2024-05-20T00:48:42.075+0000] {logging_mixin.py:188} INFO - [2024-05-20T00:48:42.072+0000] {dag.py:3954} INFO - Setting next_dagrun for dataset_consumes_unknown_never_scheduled to None, run_after=None
[2024-05-20T00:48:42.081+0000] {logging_mixin.py:188} INFO - [2024-05-20T00:48:42.080+0000] {dag.py:3954} INFO - Setting next_dagrun for dataset_produces_1 to 2024-05-19 00:00:00+00:00, run_after=2024-05-20 00:00:00+00:00
[2024-05-20T00:48:42.084+0000] {logging_mixin.py:188} INFO - [2024-05-20T00:48:42.084+0000] {dag.py:3954} INFO - Setting next_dagrun for dataset_produces_2 to None, run_after=None
[2024-05-20T00:48:42.756+0000] {processor.py:183} INFO - Processing /home/airflow/.local/lib/python3.12/site-packages/airflow/example_dags/example_datasets.py took 3.574 seconds
[2024-05-20T00:49:13.879+0000] {processor.py:161} INFO - Started process (PID=124) to work on /home/airflow/.local/lib/python3.12/site-packages/airflow/example_dags/example_datasets.py
[2024-05-20T00:49:13.883+0000] {processor.py:830} INFO - Processing file /home/airflow/.local/lib/python3.12/site-packages/airflow/example_dags/example_datasets.py for tasks to queue
[2024-05-20T00:49:13.897+0000] {logging_mixin.py:188} INFO - [2024-05-20T00:49:13.894+0000] {dagbag.py:545} INFO - Filling up the DagBag from /home/airflow/.local/lib/python3.12/site-packages/airflow/example_dags/example_datasets.py
[2024-05-20T00:49:14.009+0000] {processor.py:840} INFO - DAG(s) 'dataset_produces_1', 'conditional_dataset_and_time_based_timetable', 'dataset_consumes_unknown_never_scheduled', 'dataset_produces_2', 'consume_1_or_both_2_and_3_with_dataset_expressions', 'consume_1_or_2_with_dataset_expressions', 'dataset_consumes_1_never_scheduled', 'dataset_consumes_1', 'dataset_consumes_1_and_2', 'consume_1_and_2_with_dataset_expressions' retrieved from /home/airflow/.local/lib/python3.12/site-packages/airflow/example_dags/example_datasets.py
[2024-05-20T00:49:14.159+0000] {logging_mixin.py:188} INFO - [2024-05-20T00:49:14.158+0000] {dag.py:3096} INFO - Sync 10 DAGs
[2024-05-20T00:49:14.229+0000] {logging_mixin.py:188} INFO - [2024-05-20T00:49:14.228+0000] {dag.py:3954} INFO - Setting next_dagrun for conditional_dataset_and_time_based_timetable to 2024-05-15 01:00:00+00:00, run_after=2024-05-15 01:00:00+00:00
[2024-05-20T00:49:14.242+0000] {logging_mixin.py:188} INFO - [2024-05-20T00:49:14.241+0000] {dag.py:3954} INFO - Setting next_dagrun for consume_1_and_2_with_dataset_expressions to None, run_after=None
[2024-05-20T00:49:14.245+0000] {logging_mixin.py:188} INFO - [2024-05-20T00:49:14.244+0000] {dag.py:3954} INFO - Setting next_dagrun for consume_1_or_2_with_dataset_expressions to None, run_after=None
[2024-05-20T00:49:14.252+0000] {logging_mixin.py:188} INFO - [2024-05-20T00:49:14.251+0000] {dag.py:3954} INFO - Setting next_dagrun for consume_1_or_both_2_and_3_with_dataset_expressions to None, run_after=None
[2024-05-20T00:49:14.260+0000] {logging_mixin.py:188} INFO - [2024-05-20T00:49:14.259+0000] {dag.py:3954} INFO - Setting next_dagrun for dataset_consumes_1 to None, run_after=None
[2024-05-20T00:49:14.266+0000] {logging_mixin.py:188} INFO - [2024-05-20T00:49:14.265+0000] {dag.py:3954} INFO - Setting next_dagrun for dataset_consumes_1_and_2 to None, run_after=None
[2024-05-20T00:49:14.272+0000] {logging_mixin.py:188} INFO - [2024-05-20T00:49:14.272+0000] {dag.py:3954} INFO - Setting next_dagrun for dataset_consumes_1_never_scheduled to None, run_after=None
[2024-05-20T00:49:14.276+0000] {logging_mixin.py:188} INFO - [2024-05-20T00:49:14.276+0000] {dag.py:3954} INFO - Setting next_dagrun for dataset_consumes_unknown_never_scheduled to None, run_after=None
[2024-05-20T00:49:14.280+0000] {logging_mixin.py:188} INFO - [2024-05-20T00:49:14.280+0000] {dag.py:3954} INFO - Setting next_dagrun for dataset_produces_1 to 2024-05-19 00:00:00+00:00, run_after=2024-05-20 00:00:00+00:00
[2024-05-20T00:49:14.283+0000] {logging_mixin.py:188} INFO - [2024-05-20T00:49:14.282+0000] {dag.py:3954} INFO - Setting next_dagrun for dataset_produces_2 to None, run_after=None
[2024-05-20T00:49:14.380+0000] {processor.py:183} INFO - Processing /home/airflow/.local/lib/python3.12/site-packages/airflow/example_dags/example_datasets.py took 0.565 seconds
[2024-05-20T00:49:44.820+0000] {processor.py:161} INFO - Started process (PID=183) to work on /home/airflow/.local/lib/python3.12/site-packages/airflow/example_dags/example_datasets.py
[2024-05-20T00:49:44.824+0000] {processor.py:830} INFO - Processing file /home/airflow/.local/lib/python3.12/site-packages/airflow/example_dags/example_datasets.py for tasks to queue
[2024-05-20T00:49:44.829+0000] {logging_mixin.py:188} INFO - [2024-05-20T00:49:44.828+0000] {dagbag.py:545} INFO - Filling up the DagBag from /home/airflow/.local/lib/python3.12/site-packages/airflow/example_dags/example_datasets.py
[2024-05-20T00:49:44.865+0000] {processor.py:840} INFO - DAG(s) 'dataset_consumes_1_and_2', 'dataset_produces_2', 'dataset_produces_1', 'consume_1_and_2_with_dataset_expressions', 'consume_1_or_both_2_and_3_with_dataset_expressions', 'conditional_dataset_and_time_based_timetable', 'dataset_consumes_unknown_never_scheduled', 'dataset_consumes_1_never_scheduled', 'consume_1_or_2_with_dataset_expressions', 'dataset_consumes_1' retrieved from /home/airflow/.local/lib/python3.12/site-packages/airflow/example_dags/example_datasets.py
[2024-05-20T00:49:45.027+0000] {logging_mixin.py:188} INFO - [2024-05-20T00:49:45.026+0000] {dag.py:3096} INFO - Sync 10 DAGs
[2024-05-20T00:49:45.098+0000] {logging_mixin.py:188} INFO - [2024-05-20T00:49:45.097+0000] {dag.py:3954} INFO - Setting next_dagrun for conditional_dataset_and_time_based_timetable to 2024-05-15 01:00:00+00:00, run_after=2024-05-15 01:00:00+00:00
[2024-05-20T00:49:45.105+0000] {logging_mixin.py:188} INFO - [2024-05-20T00:49:45.105+0000] {dag.py:3954} INFO - Setting next_dagrun for consume_1_and_2_with_dataset_expressions to None, run_after=None
[2024-05-20T00:49:45.109+0000] {logging_mixin.py:188} INFO - [2024-05-20T00:49:45.109+0000] {dag.py:3954} INFO - Setting next_dagrun for consume_1_or_2_with_dataset_expressions to None, run_after=None
[2024-05-20T00:49:45.113+0000] {logging_mixin.py:188} INFO - [2024-05-20T00:49:45.113+0000] {dag.py:3954} INFO - Setting next_dagrun for consume_1_or_both_2_and_3_with_dataset_expressions to None, run_after=None
[2024-05-20T00:49:45.115+0000] {logging_mixin.py:188} INFO - [2024-05-20T00:49:45.115+0000] {dag.py:3954} INFO - Setting next_dagrun for dataset_consumes_1 to None, run_after=None
[2024-05-20T00:49:45.130+0000] {logging_mixin.py:188} INFO - [2024-05-20T00:49:45.130+0000] {dag.py:3954} INFO - Setting next_dagrun for dataset_consumes_1_and_2 to None, run_after=None
[2024-05-20T00:49:45.135+0000] {logging_mixin.py:188} INFO - [2024-05-20T00:49:45.135+0000] {dag.py:3954} INFO - Setting next_dagrun for dataset_consumes_1_never_scheduled to None, run_after=None
[2024-05-20T00:49:45.138+0000] {logging_mixin.py:188} INFO - [2024-05-20T00:49:45.138+0000] {dag.py:3954} INFO - Setting next_dagrun for dataset_consumes_unknown_never_scheduled to None, run_after=None
[2024-05-20T00:49:45.142+0000] {logging_mixin.py:188} INFO - [2024-05-20T00:49:45.142+0000] {dag.py:3954} INFO - Setting next_dagrun for dataset_produces_1 to 2024-05-19 00:00:00+00:00, run_after=2024-05-20 00:00:00+00:00
[2024-05-20T00:49:45.145+0000] {logging_mixin.py:188} INFO - [2024-05-20T00:49:45.145+0000] {dag.py:3954} INFO - Setting next_dagrun for dataset_produces_2 to None, run_after=None
[2024-05-20T00:49:45.212+0000] {processor.py:183} INFO - Processing /home/airflow/.local/lib/python3.12/site-packages/airflow/example_dags/example_datasets.py took 0.414 seconds
[2024-05-20T00:50:15.301+0000] {processor.py:161} INFO - Started process (PID=242) to work on /home/airflow/.local/lib/python3.12/site-packages/airflow/example_dags/example_datasets.py
[2024-05-20T00:50:15.322+0000] {processor.py:830} INFO - Processing file /home/airflow/.local/lib/python3.12/site-packages/airflow/example_dags/example_datasets.py for tasks to queue
[2024-05-20T00:50:15.337+0000] {logging_mixin.py:188} INFO - [2024-05-20T00:50:15.336+0000] {dagbag.py:545} INFO - Filling up the DagBag from /home/airflow/.local/lib/python3.12/site-packages/airflow/example_dags/example_datasets.py
[2024-05-20T00:50:15.428+0000] {processor.py:840} INFO - DAG(s) 'dataset_consumes_1_never_scheduled', 'dataset_produces_2', 'consume_1_or_2_with_dataset_expressions', 'dataset_consumes_unknown_never_scheduled', 'consume_1_or_both_2_and_3_with_dataset_expressions', 'consume_1_and_2_with_dataset_expressions', 'conditional_dataset_and_time_based_timetable', 'dataset_consumes_1_and_2', 'dataset_consumes_1', 'dataset_produces_1' retrieved from /home/airflow/.local/lib/python3.12/site-packages/airflow/example_dags/example_datasets.py
[2024-05-20T00:50:15.638+0000] {logging_mixin.py:188} INFO - [2024-05-20T00:50:15.638+0000] {dag.py:3096} INFO - Sync 10 DAGs
[2024-05-20T00:50:15.754+0000] {logging_mixin.py:188} INFO - [2024-05-20T00:50:15.751+0000] {dag.py:3954} INFO - Setting next_dagrun for conditional_dataset_and_time_based_timetable to 2024-05-15 01:00:00+00:00, run_after=2024-05-15 01:00:00+00:00
[2024-05-20T00:50:15.776+0000] {logging_mixin.py:188} INFO - [2024-05-20T00:50:15.776+0000] {dag.py:3954} INFO - Setting next_dagrun for consume_1_and_2_with_dataset_expressions to None, run_after=None
[2024-05-20T00:50:15.779+0000] {logging_mixin.py:188} INFO - [2024-05-20T00:50:15.778+0000] {dag.py:3954} INFO - Setting next_dagrun for consume_1_or_2_with_dataset_expressions to None, run_after=None
[2024-05-20T00:50:15.789+0000] {logging_mixin.py:188} INFO - [2024-05-20T00:50:15.788+0000] {dag.py:3954} INFO - Setting next_dagrun for consume_1_or_both_2_and_3_with_dataset_expressions to None, run_after=None
[2024-05-20T00:50:15.809+0000] {logging_mixin.py:188} INFO - [2024-05-20T00:50:15.807+0000] {dag.py:3954} INFO - Setting next_dagrun for dataset_consumes_1 to None, run_after=None
[2024-05-20T00:50:15.822+0000] {logging_mixin.py:188} INFO - [2024-05-20T00:50:15.822+0000] {dag.py:3954} INFO - Setting next_dagrun for dataset_consumes_1_and_2 to None, run_after=None
[2024-05-20T00:50:15.825+0000] {logging_mixin.py:188} INFO - [2024-05-20T00:50:15.824+0000] {dag.py:3954} INFO - Setting next_dagrun for dataset_consumes_1_never_scheduled to None, run_after=None
[2024-05-20T00:50:15.832+0000] {logging_mixin.py:188} INFO - [2024-05-20T00:50:15.832+0000] {dag.py:3954} INFO - Setting next_dagrun for dataset_consumes_unknown_never_scheduled to None, run_after=None
[2024-05-20T00:50:15.839+0000] {logging_mixin.py:188} INFO - [2024-05-20T00:50:15.839+0000] {dag.py:3954} INFO - Setting next_dagrun for dataset_produces_1 to 2024-05-19 00:00:00+00:00, run_after=2024-05-20 00:00:00+00:00
[2024-05-20T00:50:15.842+0000] {logging_mixin.py:188} INFO - [2024-05-20T00:50:15.842+0000] {dag.py:3954} INFO - Setting next_dagrun for dataset_produces_2 to None, run_after=None
[2024-05-20T00:50:15.950+0000] {processor.py:183} INFO - Processing /home/airflow/.local/lib/python3.12/site-packages/airflow/example_dags/example_datasets.py took 0.663 seconds
[2024-05-20T00:50:46.159+0000] {processor.py:161} INFO - Started process (PID=303) to work on /home/airflow/.local/lib/python3.12/site-packages/airflow/example_dags/example_datasets.py
[2024-05-20T00:50:46.161+0000] {processor.py:830} INFO - Processing file /home/airflow/.local/lib/python3.12/site-packages/airflow/example_dags/example_datasets.py for tasks to queue
[2024-05-20T00:50:46.163+0000] {logging_mixin.py:188} INFO - [2024-05-20T00:50:46.162+0000] {dagbag.py:545} INFO - Filling up the DagBag from /home/airflow/.local/lib/python3.12/site-packages/airflow/example_dags/example_datasets.py
[2024-05-20T00:50:46.191+0000] {processor.py:840} INFO - DAG(s) 'dataset_consumes_1', 'dataset_produces_1', 'consume_1_or_both_2_and_3_with_dataset_expressions', 'dataset_consumes_1_and_2', 'dataset_produces_2', 'consume_1_and_2_with_dataset_expressions', 'conditional_dataset_and_time_based_timetable', 'dataset_consumes_unknown_never_scheduled', 'dataset_consumes_1_never_scheduled', 'consume_1_or_2_with_dataset_expressions' retrieved from /home/airflow/.local/lib/python3.12/site-packages/airflow/example_dags/example_datasets.py
[2024-05-20T00:50:46.267+0000] {logging_mixin.py:188} INFO - [2024-05-20T00:50:46.267+0000] {dag.py:3096} INFO - Sync 10 DAGs
[2024-05-20T00:50:46.308+0000] {logging_mixin.py:188} INFO - [2024-05-20T00:50:46.308+0000] {dag.py:3954} INFO - Setting next_dagrun for conditional_dataset_and_time_based_timetable to 2024-05-15 01:00:00+00:00, run_after=2024-05-15 01:00:00+00:00
[2024-05-20T00:50:46.315+0000] {logging_mixin.py:188} INFO - [2024-05-20T00:50:46.315+0000] {dag.py:3954} INFO - Setting next_dagrun for consume_1_and_2_with_dataset_expressions to None, run_after=None
[2024-05-20T00:50:46.318+0000] {logging_mixin.py:188} INFO - [2024-05-20T00:50:46.318+0000] {dag.py:3954} INFO - Setting next_dagrun for consume_1_or_2_with_dataset_expressions to None, run_after=None
[2024-05-20T00:50:46.320+0000] {logging_mixin.py:188} INFO - [2024-05-20T00:50:46.320+0000] {dag.py:3954} INFO - Setting next_dagrun for consume_1_or_both_2_and_3_with_dataset_expressions to None, run_after=None
[2024-05-20T00:50:46.322+0000] {logging_mixin.py:188} INFO - [2024-05-20T00:50:46.322+0000] {dag.py:3954} INFO - Setting next_dagrun for dataset_consumes_1 to None, run_after=None
[2024-05-20T00:50:46.327+0000] {logging_mixin.py:188} INFO - [2024-05-20T00:50:46.327+0000] {dag.py:3954} INFO - Setting next_dagrun for dataset_consumes_1_and_2 to None, run_after=None
[2024-05-20T00:50:46.329+0000] {logging_mixin.py:188} INFO - [2024-05-20T00:50:46.329+0000] {dag.py:3954} INFO - Setting next_dagrun for dataset_consumes_1_never_scheduled to None, run_after=None
[2024-05-20T00:50:46.332+0000] {logging_mixin.py:188} INFO - [2024-05-20T00:50:46.332+0000] {dag.py:3954} INFO - Setting next_dagrun for dataset_consumes_unknown_never_scheduled to None, run_after=None
[2024-05-20T00:50:46.335+0000] {logging_mixin.py:188} INFO - [2024-05-20T00:50:46.335+0000] {dag.py:3954} INFO - Setting next_dagrun for dataset_produces_1 to 2024-05-19 00:00:00+00:00, run_after=2024-05-20 00:00:00+00:00
[2024-05-20T00:50:46.337+0000] {logging_mixin.py:188} INFO - [2024-05-20T00:50:46.337+0000] {dag.py:3954} INFO - Setting next_dagrun for dataset_produces_2 to None, run_after=None
[2024-05-20T00:50:46.405+0000] {processor.py:183} INFO - Processing /home/airflow/.local/lib/python3.12/site-packages/airflow/example_dags/example_datasets.py took 0.253 seconds
[2024-05-20T00:51:16.738+0000] {processor.py:161} INFO - Started process (PID=359) to work on /home/airflow/.local/lib/python3.12/site-packages/airflow/example_dags/example_datasets.py
[2024-05-20T00:51:16.744+0000] {processor.py:830} INFO - Processing file /home/airflow/.local/lib/python3.12/site-packages/airflow/example_dags/example_datasets.py for tasks to queue
[2024-05-20T00:51:16.750+0000] {logging_mixin.py:188} INFO - [2024-05-20T00:51:16.748+0000] {dagbag.py:545} INFO - Filling up the DagBag from /home/airflow/.local/lib/python3.12/site-packages/airflow/example_dags/example_datasets.py
[2024-05-20T00:51:16.892+0000] {processor.py:840} INFO - DAG(s) 'dataset_consumes_unknown_never_scheduled', 'dataset_consumes_1', 'dataset_consumes_1_and_2', 'consume_1_or_both_2_and_3_with_dataset_expressions', 'dataset_consumes_1_never_scheduled', 'dataset_produces_2', 'consume_1_and_2_with_dataset_expressions', 'conditional_dataset_and_time_based_timetable', 'consume_1_or_2_with_dataset_expressions', 'dataset_produces_1' retrieved from /home/airflow/.local/lib/python3.12/site-packages/airflow/example_dags/example_datasets.py
[2024-05-20T00:51:17.091+0000] {logging_mixin.py:188} INFO - [2024-05-20T00:51:17.090+0000] {dag.py:3096} INFO - Sync 10 DAGs
[2024-05-20T00:51:17.182+0000] {logging_mixin.py:188} INFO - [2024-05-20T00:51:17.181+0000] {dag.py:3954} INFO - Setting next_dagrun for conditional_dataset_and_time_based_timetable to 2024-05-15 01:00:00+00:00, run_after=2024-05-15 01:00:00+00:00
[2024-05-20T00:51:17.204+0000] {logging_mixin.py:188} INFO - [2024-05-20T00:51:17.204+0000] {dag.py:3954} INFO - Setting next_dagrun for consume_1_and_2_with_dataset_expressions to None, run_after=None
[2024-05-20T00:51:17.212+0000] {logging_mixin.py:188} INFO - [2024-05-20T00:51:17.211+0000] {dag.py:3954} INFO - Setting next_dagrun for consume_1_or_2_with_dataset_expressions to None, run_after=None
[2024-05-20T00:51:17.227+0000] {logging_mixin.py:188} INFO - [2024-05-20T00:51:17.225+0000] {dag.py:3954} INFO - Setting next_dagrun for consume_1_or_both_2_and_3_with_dataset_expressions to None, run_after=None
[2024-05-20T00:51:17.238+0000] {logging_mixin.py:188} INFO - [2024-05-20T00:51:17.238+0000] {dag.py:3954} INFO - Setting next_dagrun for dataset_consumes_1 to None, run_after=None
[2024-05-20T00:51:17.250+0000] {logging_mixin.py:188} INFO - [2024-05-20T00:51:17.249+0000] {dag.py:3954} INFO - Setting next_dagrun for dataset_consumes_1_and_2 to None, run_after=None
[2024-05-20T00:51:17.254+0000] {logging_mixin.py:188} INFO - [2024-05-20T00:51:17.253+0000] {dag.py:3954} INFO - Setting next_dagrun for dataset_consumes_1_never_scheduled to None, run_after=None
[2024-05-20T00:51:17.259+0000] {logging_mixin.py:188} INFO - [2024-05-20T00:51:17.257+0000] {dag.py:3954} INFO - Setting next_dagrun for dataset_consumes_unknown_never_scheduled to None, run_after=None
[2024-05-20T00:51:17.278+0000] {logging_mixin.py:188} INFO - [2024-05-20T00:51:17.277+0000] {dag.py:3954} INFO - Setting next_dagrun for dataset_produces_1 to 2024-05-19 00:00:00+00:00, run_after=2024-05-20 00:00:00+00:00
[2024-05-20T00:51:17.291+0000] {logging_mixin.py:188} INFO - [2024-05-20T00:51:17.291+0000] {dag.py:3954} INFO - Setting next_dagrun for dataset_produces_2 to None, run_after=None
[2024-05-20T00:51:17.505+0000] {processor.py:183} INFO - Processing /home/airflow/.local/lib/python3.12/site-packages/airflow/example_dags/example_datasets.py took 0.808 seconds
[2024-05-20T00:51:48.036+0000] {processor.py:161} INFO - Started process (PID=419) to work on /home/airflow/.local/lib/python3.12/site-packages/airflow/example_dags/example_datasets.py
[2024-05-20T00:51:48.043+0000] {processor.py:830} INFO - Processing file /home/airflow/.local/lib/python3.12/site-packages/airflow/example_dags/example_datasets.py for tasks to queue
[2024-05-20T00:51:48.053+0000] {logging_mixin.py:188} INFO - [2024-05-20T00:51:48.050+0000] {dagbag.py:545} INFO - Filling up the DagBag from /home/airflow/.local/lib/python3.12/site-packages/airflow/example_dags/example_datasets.py
[2024-05-20T00:51:48.117+0000] {processor.py:840} INFO - DAG(s) 'consume_1_and_2_with_dataset_expressions', 'dataset_consumes_1_never_scheduled', 'dataset_produces_2', 'conditional_dataset_and_time_based_timetable', 'consume_1_or_both_2_and_3_with_dataset_expressions', 'consume_1_or_2_with_dataset_expressions', 'dataset_produces_1', 'dataset_consumes_1_and_2', 'dataset_consumes_unknown_never_scheduled', 'dataset_consumes_1' retrieved from /home/airflow/.local/lib/python3.12/site-packages/airflow/example_dags/example_datasets.py
[2024-05-20T00:51:51.285+0000] {logging_mixin.py:188} INFO - [2024-05-20T00:51:51.282+0000] {dag.py:3096} INFO - Sync 10 DAGs
[2024-05-20T00:51:51.402+0000] {logging_mixin.py:188} INFO - [2024-05-20T00:51:51.400+0000] {dag.py:3954} INFO - Setting next_dagrun for conditional_dataset_and_time_based_timetable to 2024-05-15 01:00:00+00:00, run_after=2024-05-15 01:00:00+00:00
[2024-05-20T00:51:51.434+0000] {logging_mixin.py:188} INFO - [2024-05-20T00:51:51.432+0000] {dag.py:3954} INFO - Setting next_dagrun for consume_1_and_2_with_dataset_expressions to None, run_after=None
[2024-05-20T00:51:51.464+0000] {logging_mixin.py:188} INFO - [2024-05-20T00:51:51.462+0000] {dag.py:3954} INFO - Setting next_dagrun for consume_1_or_2_with_dataset_expressions to None, run_after=None
[2024-05-20T00:51:51.475+0000] {logging_mixin.py:188} INFO - [2024-05-20T00:51:51.474+0000] {dag.py:3954} INFO - Setting next_dagrun for consume_1_or_both_2_and_3_with_dataset_expressions to None, run_after=None
[2024-05-20T00:51:51.482+0000] {logging_mixin.py:188} INFO - [2024-05-20T00:51:51.481+0000] {dag.py:3954} INFO - Setting next_dagrun for dataset_consumes_1 to None, run_after=None
[2024-05-20T00:51:51.489+0000] {logging_mixin.py:188} INFO - [2024-05-20T00:51:51.488+0000] {dag.py:3954} INFO - Setting next_dagrun for dataset_consumes_1_and_2 to None, run_after=None
[2024-05-20T00:51:51.492+0000] {logging_mixin.py:188} INFO - [2024-05-20T00:51:51.492+0000] {dag.py:3954} INFO - Setting next_dagrun for dataset_consumes_1_never_scheduled to None, run_after=None
[2024-05-20T00:51:51.497+0000] {logging_mixin.py:188} INFO - [2024-05-20T00:51:51.496+0000] {dag.py:3954} INFO - Setting next_dagrun for dataset_consumes_unknown_never_scheduled to None, run_after=None
[2024-05-20T00:51:51.503+0000] {logging_mixin.py:188} INFO - [2024-05-20T00:51:51.502+0000] {dag.py:3954} INFO - Setting next_dagrun for dataset_produces_1 to 2024-05-19 00:00:00+00:00, run_after=2024-05-20 00:00:00+00:00
[2024-05-20T00:51:51.510+0000] {logging_mixin.py:188} INFO - [2024-05-20T00:51:51.508+0000] {dag.py:3954} INFO - Setting next_dagrun for dataset_produces_2 to None, run_after=None
[2024-05-20T00:51:51.655+0000] {processor.py:183} INFO - Processing /home/airflow/.local/lib/python3.12/site-packages/airflow/example_dags/example_datasets.py took 3.644 seconds
[2024-05-20T00:52:22.260+0000] {processor.py:161} INFO - Started process (PID=485) to work on /home/airflow/.local/lib/python3.12/site-packages/airflow/example_dags/example_datasets.py
[2024-05-20T00:52:22.263+0000] {processor.py:830} INFO - Processing file /home/airflow/.local/lib/python3.12/site-packages/airflow/example_dags/example_datasets.py for tasks to queue
[2024-05-20T00:52:22.271+0000] {logging_mixin.py:188} INFO - [2024-05-20T00:52:22.270+0000] {dagbag.py:545} INFO - Filling up the DagBag from /home/airflow/.local/lib/python3.12/site-packages/airflow/example_dags/example_datasets.py
[2024-05-20T00:52:22.325+0000] {processor.py:840} INFO - DAG(s) 'consume_1_or_2_with_dataset_expressions', 'consume_1_and_2_with_dataset_expressions', 'dataset_consumes_1', 'dataset_consumes_unknown_never_scheduled', 'dataset_consumes_1_and_2', 'conditional_dataset_and_time_based_timetable', 'dataset_produces_2', 'dataset_produces_1', 'dataset_consumes_1_never_scheduled', 'consume_1_or_both_2_and_3_with_dataset_expressions' retrieved from /home/airflow/.local/lib/python3.12/site-packages/airflow/example_dags/example_datasets.py
[2024-05-20T00:52:22.371+0000] {logging_mixin.py:188} INFO - [2024-05-20T00:52:22.371+0000] {dag.py:3096} INFO - Sync 10 DAGs
[2024-05-20T00:52:22.396+0000] {logging_mixin.py:188} INFO - [2024-05-20T00:52:22.396+0000] {dag.py:3954} INFO - Setting next_dagrun for conditional_dataset_and_time_based_timetable to 2024-05-15 01:00:00+00:00, run_after=2024-05-15 01:00:00+00:00
[2024-05-20T00:52:22.400+0000] {logging_mixin.py:188} INFO - [2024-05-20T00:52:22.400+0000] {dag.py:3954} INFO - Setting next_dagrun for consume_1_and_2_with_dataset_expressions to None, run_after=None
[2024-05-20T00:52:22.404+0000] {logging_mixin.py:188} INFO - [2024-05-20T00:52:22.404+0000] {dag.py:3954} INFO - Setting next_dagrun for consume_1_or_2_with_dataset_expressions to None, run_after=None
[2024-05-20T00:52:22.405+0000] {logging_mixin.py:188} INFO - [2024-05-20T00:52:22.405+0000] {dag.py:3954} INFO - Setting next_dagrun for consume_1_or_both_2_and_3_with_dataset_expressions to None, run_after=None
[2024-05-20T00:52:22.406+0000] {logging_mixin.py:188} INFO - [2024-05-20T00:52:22.406+0000] {dag.py:3954} INFO - Setting next_dagrun for dataset_consumes_1 to None, run_after=None
[2024-05-20T00:52:22.407+0000] {logging_mixin.py:188} INFO - [2024-05-20T00:52:22.407+0000] {dag.py:3954} INFO - Setting next_dagrun for dataset_consumes_1_and_2 to None, run_after=None
[2024-05-20T00:52:22.408+0000] {logging_mixin.py:188} INFO - [2024-05-20T00:52:22.408+0000] {dag.py:3954} INFO - Setting next_dagrun for dataset_consumes_1_never_scheduled to None, run_after=None
[2024-05-20T00:52:22.413+0000] {logging_mixin.py:188} INFO - [2024-05-20T00:52:22.412+0000] {dag.py:3954} INFO - Setting next_dagrun for dataset_consumes_unknown_never_scheduled to None, run_after=None
[2024-05-20T00:52:22.423+0000] {logging_mixin.py:188} INFO - [2024-05-20T00:52:22.423+0000] {dag.py:3954} INFO - Setting next_dagrun for dataset_produces_1 to 2024-05-19 00:00:00+00:00, run_after=2024-05-20 00:00:00+00:00
[2024-05-20T00:52:22.425+0000] {logging_mixin.py:188} INFO - [2024-05-20T00:52:22.425+0000] {dag.py:3954} INFO - Setting next_dagrun for dataset_produces_2 to None, run_after=None
[2024-05-20T00:52:22.459+0000] {processor.py:183} INFO - Processing /home/airflow/.local/lib/python3.12/site-packages/airflow/example_dags/example_datasets.py took 0.215 seconds
[2024-05-20T00:52:52.619+0000] {processor.py:161} INFO - Started process (PID=545) to work on /home/airflow/.local/lib/python3.12/site-packages/airflow/example_dags/example_datasets.py
[2024-05-20T00:52:52.621+0000] {processor.py:830} INFO - Processing file /home/airflow/.local/lib/python3.12/site-packages/airflow/example_dags/example_datasets.py for tasks to queue
[2024-05-20T00:52:52.636+0000] {logging_mixin.py:188} INFO - [2024-05-20T00:52:52.633+0000] {dagbag.py:545} INFO - Filling up the DagBag from /home/airflow/.local/lib/python3.12/site-packages/airflow/example_dags/example_datasets.py
[2024-05-20T00:52:52.699+0000] {processor.py:840} INFO - DAG(s) 'consume_1_and_2_with_dataset_expressions', 'dataset_produces_2', 'consume_1_or_2_with_dataset_expressions', 'dataset_consumes_unknown_never_scheduled', 'dataset_consumes_1_never_scheduled', 'conditional_dataset_and_time_based_timetable', 'dataset_produces_1', 'consume_1_or_both_2_and_3_with_dataset_expressions', 'dataset_consumes_1', 'dataset_consumes_1_and_2' retrieved from /home/airflow/.local/lib/python3.12/site-packages/airflow/example_dags/example_datasets.py
[2024-05-20T00:52:52.766+0000] {logging_mixin.py:188} INFO - [2024-05-20T00:52:52.765+0000] {dag.py:3096} INFO - Sync 10 DAGs
[2024-05-20T00:52:52.807+0000] {logging_mixin.py:188} INFO - [2024-05-20T00:52:52.807+0000] {dag.py:3954} INFO - Setting next_dagrun for conditional_dataset_and_time_based_timetable to 2024-05-15 01:00:00+00:00, run_after=2024-05-15 01:00:00+00:00
[2024-05-20T00:52:52.817+0000] {logging_mixin.py:188} INFO - [2024-05-20T00:52:52.817+0000] {dag.py:3954} INFO - Setting next_dagrun for consume_1_and_2_with_dataset_expressions to None, run_after=None
[2024-05-20T00:52:52.819+0000] {logging_mixin.py:188} INFO - [2024-05-20T00:52:52.819+0000] {dag.py:3954} INFO - Setting next_dagrun for consume_1_or_2_with_dataset_expressions to None, run_after=None
[2024-05-20T00:52:52.821+0000] {logging_mixin.py:188} INFO - [2024-05-20T00:52:52.821+0000] {dag.py:3954} INFO - Setting next_dagrun for consume_1_or_both_2_and_3_with_dataset_expressions to None, run_after=None
[2024-05-20T00:52:52.822+0000] {logging_mixin.py:188} INFO - [2024-05-20T00:52:52.822+0000] {dag.py:3954} INFO - Setting next_dagrun for dataset_consumes_1 to None, run_after=None
[2024-05-20T00:52:52.824+0000] {logging_mixin.py:188} INFO - [2024-05-20T00:52:52.823+0000] {dag.py:3954} INFO - Setting next_dagrun for dataset_consumes_1_and_2 to None, run_after=None
[2024-05-20T00:52:52.826+0000] {logging_mixin.py:188} INFO - [2024-05-20T00:52:52.825+0000] {dag.py:3954} INFO - Setting next_dagrun for dataset_consumes_1_never_scheduled to None, run_after=None
[2024-05-20T00:52:52.829+0000] {logging_mixin.py:188} INFO - [2024-05-20T00:52:52.829+0000] {dag.py:3954} INFO - Setting next_dagrun for dataset_consumes_unknown_never_scheduled to None, run_after=None
[2024-05-20T00:52:52.835+0000] {logging_mixin.py:188} INFO - [2024-05-20T00:52:52.834+0000] {dag.py:3954} INFO - Setting next_dagrun for dataset_produces_1 to 2024-05-19 00:00:00+00:00, run_after=2024-05-20 00:00:00+00:00
[2024-05-20T00:52:52.839+0000] {logging_mixin.py:188} INFO - [2024-05-20T00:52:52.838+0000] {dag.py:3954} INFO - Setting next_dagrun for dataset_produces_2 to None, run_after=None
[2024-05-20T00:52:52.896+0000] {processor.py:183} INFO - Processing /home/airflow/.local/lib/python3.12/site-packages/airflow/example_dags/example_datasets.py took 0.287 seconds
[2024-05-20T00:53:50.937+0000] {processor.py:161} INFO - Started process (PID=616) to work on /home/airflow/.local/lib/python3.12/site-packages/airflow/example_dags/example_datasets.py
[2024-05-20T00:53:50.939+0000] {processor.py:830} INFO - Processing file /home/airflow/.local/lib/python3.12/site-packages/airflow/example_dags/example_datasets.py for tasks to queue
[2024-05-20T00:53:50.945+0000] {logging_mixin.py:188} INFO - [2024-05-20T00:53:50.944+0000] {dagbag.py:545} INFO - Filling up the DagBag from /home/airflow/.local/lib/python3.12/site-packages/airflow/example_dags/example_datasets.py
[2024-05-20T00:53:50.990+0000] {processor.py:840} INFO - DAG(s) 'consume_1_or_2_with_dataset_expressions', 'consume_1_or_both_2_and_3_with_dataset_expressions', 'dataset_consumes_unknown_never_scheduled', 'conditional_dataset_and_time_based_timetable', 'dataset_consumes_1_never_scheduled', 'dataset_consumes_1', 'dataset_produces_1', 'consume_1_and_2_with_dataset_expressions', 'dataset_consumes_1_and_2', 'dataset_produces_2' retrieved from /home/airflow/.local/lib/python3.12/site-packages/airflow/example_dags/example_datasets.py
[2024-05-20T00:53:51.070+0000] {logging_mixin.py:188} INFO - [2024-05-20T00:53:51.069+0000] {dag.py:3096} INFO - Sync 10 DAGs
[2024-05-20T00:53:51.136+0000] {logging_mixin.py:188} INFO - [2024-05-20T00:53:51.135+0000] {dag.py:3954} INFO - Setting next_dagrun for conditional_dataset_and_time_based_timetable to 2024-05-15 01:00:00+00:00, run_after=2024-05-15 01:00:00+00:00
[2024-05-20T00:53:51.151+0000] {logging_mixin.py:188} INFO - [2024-05-20T00:53:51.149+0000] {dag.py:3954} INFO - Setting next_dagrun for consume_1_and_2_with_dataset_expressions to None, run_after=None
[2024-05-20T00:53:51.168+0000] {logging_mixin.py:188} INFO - [2024-05-20T00:53:51.167+0000] {dag.py:3954} INFO - Setting next_dagrun for consume_1_or_2_with_dataset_expressions to None, run_after=None
[2024-05-20T00:53:51.176+0000] {logging_mixin.py:188} INFO - [2024-05-20T00:53:51.175+0000] {dag.py:3954} INFO - Setting next_dagrun for consume_1_or_both_2_and_3_with_dataset_expressions to None, run_after=None
[2024-05-20T00:53:51.182+0000] {logging_mixin.py:188} INFO - [2024-05-20T00:53:51.181+0000] {dag.py:3954} INFO - Setting next_dagrun for dataset_consumes_1 to None, run_after=None
[2024-05-20T00:53:51.187+0000] {logging_mixin.py:188} INFO - [2024-05-20T00:53:51.187+0000] {dag.py:3954} INFO - Setting next_dagrun for dataset_consumes_1_and_2 to None, run_after=None
[2024-05-20T00:53:51.195+0000] {logging_mixin.py:188} INFO - [2024-05-20T00:53:51.194+0000] {dag.py:3954} INFO - Setting next_dagrun for dataset_consumes_1_never_scheduled to None, run_after=None
[2024-05-20T00:53:51.200+0000] {logging_mixin.py:188} INFO - [2024-05-20T00:53:51.199+0000] {dag.py:3954} INFO - Setting next_dagrun for dataset_consumes_unknown_never_scheduled to None, run_after=None
[2024-05-20T00:53:51.208+0000] {logging_mixin.py:188} INFO - [2024-05-20T00:53:51.208+0000] {dag.py:3954} INFO - Setting next_dagrun for dataset_produces_1 to 2024-05-19 00:00:00+00:00, run_after=2024-05-20 00:00:00+00:00
[2024-05-20T00:53:51.212+0000] {logging_mixin.py:188} INFO - [2024-05-20T00:53:51.212+0000] {dag.py:3954} INFO - Setting next_dagrun for dataset_produces_2 to None, run_after=None
[2024-05-20T00:53:51.294+0000] {processor.py:183} INFO - Processing /home/airflow/.local/lib/python3.12/site-packages/airflow/example_dags/example_datasets.py took 0.365 seconds
[2024-05-20T00:54:21.363+0000] {processor.py:161} INFO - Started process (PID=676) to work on /home/airflow/.local/lib/python3.12/site-packages/airflow/example_dags/example_datasets.py
[2024-05-20T00:54:21.364+0000] {processor.py:830} INFO - Processing file /home/airflow/.local/lib/python3.12/site-packages/airflow/example_dags/example_datasets.py for tasks to queue
[2024-05-20T00:54:21.365+0000] {logging_mixin.py:188} INFO - [2024-05-20T00:54:21.365+0000] {dagbag.py:545} INFO - Filling up the DagBag from /home/airflow/.local/lib/python3.12/site-packages/airflow/example_dags/example_datasets.py
[2024-05-20T00:54:21.381+0000] {processor.py:840} INFO - DAG(s) 'dataset_produces_2', 'consume_1_or_2_with_dataset_expressions', 'consume_1_or_both_2_and_3_with_dataset_expressions', 'dataset_consumes_1', 'consume_1_and_2_with_dataset_expressions', 'dataset_consumes_unknown_never_scheduled', 'conditional_dataset_and_time_based_timetable', 'dataset_consumes_1_and_2', 'dataset_consumes_1_never_scheduled', 'dataset_produces_1' retrieved from /home/airflow/.local/lib/python3.12/site-packages/airflow/example_dags/example_datasets.py
[2024-05-20T00:54:21.416+0000] {logging_mixin.py:188} INFO - [2024-05-20T00:54:21.415+0000] {dag.py:3096} INFO - Sync 10 DAGs
[2024-05-20T00:54:21.435+0000] {logging_mixin.py:188} INFO - [2024-05-20T00:54:21.435+0000] {dag.py:3954} INFO - Setting next_dagrun for conditional_dataset_and_time_based_timetable to 2024-05-15 01:00:00+00:00, run_after=2024-05-15 01:00:00+00:00
[2024-05-20T00:54:21.440+0000] {logging_mixin.py:188} INFO - [2024-05-20T00:54:21.440+0000] {dag.py:3954} INFO - Setting next_dagrun for consume_1_and_2_with_dataset_expressions to None, run_after=None
[2024-05-20T00:54:21.441+0000] {logging_mixin.py:188} INFO - [2024-05-20T00:54:21.441+0000] {dag.py:3954} INFO - Setting next_dagrun for consume_1_or_2_with_dataset_expressions to None, run_after=None
[2024-05-20T00:54:21.442+0000] {logging_mixin.py:188} INFO - [2024-05-20T00:54:21.442+0000] {dag.py:3954} INFO - Setting next_dagrun for consume_1_or_both_2_and_3_with_dataset_expressions to None, run_after=None
[2024-05-20T00:54:21.443+0000] {logging_mixin.py:188} INFO - [2024-05-20T00:54:21.443+0000] {dag.py:3954} INFO - Setting next_dagrun for dataset_consumes_1 to None, run_after=None
[2024-05-20T00:54:21.444+0000] {logging_mixin.py:188} INFO - [2024-05-20T00:54:21.444+0000] {dag.py:3954} INFO - Setting next_dagrun for dataset_consumes_1_and_2 to None, run_after=None
[2024-05-20T00:54:21.445+0000] {logging_mixin.py:188} INFO - [2024-05-20T00:54:21.445+0000] {dag.py:3954} INFO - Setting next_dagrun for dataset_consumes_1_never_scheduled to None, run_after=None
[2024-05-20T00:54:21.446+0000] {logging_mixin.py:188} INFO - [2024-05-20T00:54:21.446+0000] {dag.py:3954} INFO - Setting next_dagrun for dataset_consumes_unknown_never_scheduled to None, run_after=None
[2024-05-20T00:54:21.447+0000] {logging_mixin.py:188} INFO - [2024-05-20T00:54:21.447+0000] {dag.py:3954} INFO - Setting next_dagrun for dataset_produces_1 to 2024-05-19 00:00:00+00:00, run_after=2024-05-20 00:00:00+00:00
[2024-05-20T00:54:21.448+0000] {logging_mixin.py:188} INFO - [2024-05-20T00:54:21.448+0000] {dag.py:3954} INFO - Setting next_dagrun for dataset_produces_2 to None, run_after=None
[2024-05-20T00:54:21.469+0000] {processor.py:183} INFO - Processing /home/airflow/.local/lib/python3.12/site-packages/airflow/example_dags/example_datasets.py took 0.111 seconds
[2024-05-20T00:54:51.491+0000] {processor.py:161} INFO - Started process (PID=736) to work on /home/airflow/.local/lib/python3.12/site-packages/airflow/example_dags/example_datasets.py
[2024-05-20T00:54:51.492+0000] {processor.py:830} INFO - Processing file /home/airflow/.local/lib/python3.12/site-packages/airflow/example_dags/example_datasets.py for tasks to queue
[2024-05-20T00:54:51.495+0000] {logging_mixin.py:188} INFO - [2024-05-20T00:54:51.495+0000] {dagbag.py:545} INFO - Filling up the DagBag from /home/airflow/.local/lib/python3.12/site-packages/airflow/example_dags/example_datasets.py
[2024-05-20T00:54:51.515+0000] {processor.py:840} INFO - DAG(s) 'consume_1_or_both_2_and_3_with_dataset_expressions', 'dataset_consumes_1_never_scheduled', 'dataset_produces_1', 'consume_1_and_2_with_dataset_expressions', 'consume_1_or_2_with_dataset_expressions', 'dataset_consumes_unknown_never_scheduled', 'dataset_produces_2', 'conditional_dataset_and_time_based_timetable', 'dataset_consumes_1', 'dataset_consumes_1_and_2' retrieved from /home/airflow/.local/lib/python3.12/site-packages/airflow/example_dags/example_datasets.py
[2024-05-20T00:54:51.564+0000] {logging_mixin.py:188} INFO - [2024-05-20T00:54:51.564+0000] {dag.py:3096} INFO - Sync 10 DAGs
[2024-05-20T00:54:51.586+0000] {logging_mixin.py:188} INFO - [2024-05-20T00:54:51.586+0000] {dag.py:3954} INFO - Setting next_dagrun for conditional_dataset_and_time_based_timetable to 2024-05-15 01:00:00+00:00, run_after=2024-05-15 01:00:00+00:00
[2024-05-20T00:54:51.593+0000] {logging_mixin.py:188} INFO - [2024-05-20T00:54:51.593+0000] {dag.py:3954} INFO - Setting next_dagrun for consume_1_and_2_with_dataset_expressions to None, run_after=None
[2024-05-20T00:54:51.594+0000] {logging_mixin.py:188} INFO - [2024-05-20T00:54:51.594+0000] {dag.py:3954} INFO - Setting next_dagrun for consume_1_or_2_with_dataset_expressions to None, run_after=None
[2024-05-20T00:54:51.596+0000] {logging_mixin.py:188} INFO - [2024-05-20T00:54:51.595+0000] {dag.py:3954} INFO - Setting next_dagrun for consume_1_or_both_2_and_3_with_dataset_expressions to None, run_after=None
[2024-05-20T00:54:51.597+0000] {logging_mixin.py:188} INFO - [2024-05-20T00:54:51.597+0000] {dag.py:3954} INFO - Setting next_dagrun for dataset_consumes_1 to None, run_after=None
[2024-05-20T00:54:51.600+0000] {logging_mixin.py:188} INFO - [2024-05-20T00:54:51.600+0000] {dag.py:3954} INFO - Setting next_dagrun for dataset_consumes_1_and_2 to None, run_after=None
[2024-05-20T00:54:51.604+0000] {logging_mixin.py:188} INFO - [2024-05-20T00:54:51.604+0000] {dag.py:3954} INFO - Setting next_dagrun for dataset_consumes_1_never_scheduled to None, run_after=None
[2024-05-20T00:54:51.606+0000] {logging_mixin.py:188} INFO - [2024-05-20T00:54:51.606+0000] {dag.py:3954} INFO - Setting next_dagrun for dataset_consumes_unknown_never_scheduled to None, run_after=None
[2024-05-20T00:54:51.608+0000] {logging_mixin.py:188} INFO - [2024-05-20T00:54:51.608+0000] {dag.py:3954} INFO - Setting next_dagrun for dataset_produces_1 to 2024-05-19 00:00:00+00:00, run_after=2024-05-20 00:00:00+00:00
[2024-05-20T00:54:51.609+0000] {logging_mixin.py:188} INFO - [2024-05-20T00:54:51.609+0000] {dag.py:3954} INFO - Setting next_dagrun for dataset_produces_2 to None, run_after=None
[2024-05-20T00:54:51.641+0000] {processor.py:183} INFO - Processing /home/airflow/.local/lib/python3.12/site-packages/airflow/example_dags/example_datasets.py took 0.158 seconds
[2024-05-20T00:55:43.018+0000] {processor.py:161} INFO - Started process (PID=794) to work on /home/airflow/.local/lib/python3.12/site-packages/airflow/example_dags/example_datasets.py
[2024-05-20T00:55:43.020+0000] {processor.py:830} INFO - Processing file /home/airflow/.local/lib/python3.12/site-packages/airflow/example_dags/example_datasets.py for tasks to queue
[2024-05-20T00:55:43.024+0000] {logging_mixin.py:188} INFO - [2024-05-20T00:55:43.024+0000] {dagbag.py:545} INFO - Filling up the DagBag from /home/airflow/.local/lib/python3.12/site-packages/airflow/example_dags/example_datasets.py
[2024-05-20T00:55:43.051+0000] {processor.py:840} INFO - DAG(s) 'consume_1_or_both_2_and_3_with_dataset_expressions', 'dataset_consumes_1_never_scheduled', 'consume_1_or_2_with_dataset_expressions', 'dataset_produces_2', 'dataset_consumes_1_and_2', 'consume_1_and_2_with_dataset_expressions', 'dataset_consumes_1', 'dataset_consumes_unknown_never_scheduled', 'dataset_produces_1', 'conditional_dataset_and_time_based_timetable' retrieved from /home/airflow/.local/lib/python3.12/site-packages/airflow/example_dags/example_datasets.py
[2024-05-20T00:55:43.115+0000] {logging_mixin.py:188} INFO - [2024-05-20T00:55:43.114+0000] {dag.py:3096} INFO - Sync 10 DAGs
[2024-05-20T00:55:43.147+0000] {logging_mixin.py:188} INFO - [2024-05-20T00:55:43.146+0000] {dag.py:3954} INFO - Setting next_dagrun for conditional_dataset_and_time_based_timetable to 2024-05-15 01:00:00+00:00, run_after=2024-05-15 01:00:00+00:00
[2024-05-20T00:55:43.153+0000] {logging_mixin.py:188} INFO - [2024-05-20T00:55:43.153+0000] {dag.py:3954} INFO - Setting next_dagrun for consume_1_and_2_with_dataset_expressions to None, run_after=None
[2024-05-20T00:55:43.156+0000] {logging_mixin.py:188} INFO - [2024-05-20T00:55:43.155+0000] {dag.py:3954} INFO - Setting next_dagrun for consume_1_or_2_with_dataset_expressions to None, run_after=None
[2024-05-20T00:55:43.157+0000] {logging_mixin.py:188} INFO - [2024-05-20T00:55:43.157+0000] {dag.py:3954} INFO - Setting next_dagrun for consume_1_or_both_2_and_3_with_dataset_expressions to None, run_after=None
[2024-05-20T00:55:43.159+0000] {logging_mixin.py:188} INFO - [2024-05-20T00:55:43.159+0000] {dag.py:3954} INFO - Setting next_dagrun for dataset_consumes_1 to None, run_after=None
[2024-05-20T00:55:43.161+0000] {logging_mixin.py:188} INFO - [2024-05-20T00:55:43.161+0000] {dag.py:3954} INFO - Setting next_dagrun for dataset_consumes_1_and_2 to None, run_after=None
[2024-05-20T00:55:43.162+0000] {logging_mixin.py:188} INFO - [2024-05-20T00:55:43.162+0000] {dag.py:3954} INFO - Setting next_dagrun for dataset_consumes_1_never_scheduled to None, run_after=None
[2024-05-20T00:55:43.164+0000] {logging_mixin.py:188} INFO - [2024-05-20T00:55:43.164+0000] {dag.py:3954} INFO - Setting next_dagrun for dataset_consumes_unknown_never_scheduled to None, run_after=None
[2024-05-20T00:55:43.166+0000] {logging_mixin.py:188} INFO - [2024-05-20T00:55:43.166+0000] {dag.py:3954} INFO - Setting next_dagrun for dataset_produces_1 to 2024-05-19 00:00:00+00:00, run_after=2024-05-20 00:00:00+00:00
[2024-05-20T00:55:43.168+0000] {logging_mixin.py:188} INFO - [2024-05-20T00:55:43.168+0000] {dag.py:3954} INFO - Setting next_dagrun for dataset_produces_2 to None, run_after=None
[2024-05-20T00:55:43.205+0000] {processor.py:183} INFO - Processing /home/airflow/.local/lib/python3.12/site-packages/airflow/example_dags/example_datasets.py took 0.197 seconds
[2024-05-20T00:56:14.836+0000] {processor.py:161} INFO - Started process (PID=850) to work on /home/airflow/.local/lib/python3.12/site-packages/airflow/example_dags/example_datasets.py
[2024-05-20T00:56:14.840+0000] {processor.py:830} INFO - Processing file /home/airflow/.local/lib/python3.12/site-packages/airflow/example_dags/example_datasets.py for tasks to queue
[2024-05-20T00:56:14.844+0000] {logging_mixin.py:188} INFO - [2024-05-20T00:56:14.843+0000] {dagbag.py:545} INFO - Filling up the DagBag from /home/airflow/.local/lib/python3.12/site-packages/airflow/example_dags/example_datasets.py
[2024-05-20T00:56:14.886+0000] {processor.py:840} INFO - DAG(s) 'dataset_consumes_unknown_never_scheduled', 'dataset_consumes_1', 'dataset_consumes_1_and_2', 'consume_1_or_2_with_dataset_expressions', 'consume_1_or_both_2_and_3_with_dataset_expressions', 'conditional_dataset_and_time_based_timetable', 'dataset_produces_1', 'dataset_produces_2', 'consume_1_and_2_with_dataset_expressions', 'dataset_consumes_1_never_scheduled' retrieved from /home/airflow/.local/lib/python3.12/site-packages/airflow/example_dags/example_datasets.py
[2024-05-20T00:56:14.962+0000] {logging_mixin.py:188} INFO - [2024-05-20T00:56:14.961+0000] {dag.py:3096} INFO - Sync 10 DAGs
[2024-05-20T00:56:15.008+0000] {logging_mixin.py:188} INFO - [2024-05-20T00:56:15.007+0000] {dag.py:3954} INFO - Setting next_dagrun for conditional_dataset_and_time_based_timetable to 2024-05-15 01:00:00+00:00, run_after=2024-05-15 01:00:00+00:00
[2024-05-20T00:56:15.018+0000] {logging_mixin.py:188} INFO - [2024-05-20T00:56:15.018+0000] {dag.py:3954} INFO - Setting next_dagrun for consume_1_and_2_with_dataset_expressions to None, run_after=None
[2024-05-20T00:56:15.023+0000] {logging_mixin.py:188} INFO - [2024-05-20T00:56:15.023+0000] {dag.py:3954} INFO - Setting next_dagrun for consume_1_or_2_with_dataset_expressions to None, run_after=None
[2024-05-20T00:56:15.040+0000] {logging_mixin.py:188} INFO - [2024-05-20T00:56:15.031+0000] {dag.py:3954} INFO - Setting next_dagrun for consume_1_or_both_2_and_3_with_dataset_expressions to None, run_after=None
[2024-05-20T00:56:15.047+0000] {logging_mixin.py:188} INFO - [2024-05-20T00:56:15.047+0000] {dag.py:3954} INFO - Setting next_dagrun for dataset_consumes_1 to None, run_after=None
[2024-05-20T00:56:15.067+0000] {logging_mixin.py:188} INFO - [2024-05-20T00:56:15.058+0000] {dag.py:3954} INFO - Setting next_dagrun for dataset_consumes_1_and_2 to None, run_after=None
[2024-05-20T00:56:15.080+0000] {logging_mixin.py:188} INFO - [2024-05-20T00:56:15.080+0000] {dag.py:3954} INFO - Setting next_dagrun for dataset_consumes_1_never_scheduled to None, run_after=None
[2024-05-20T00:56:15.088+0000] {logging_mixin.py:188} INFO - [2024-05-20T00:56:15.088+0000] {dag.py:3954} INFO - Setting next_dagrun for dataset_consumes_unknown_never_scheduled to None, run_after=None
[2024-05-20T00:56:15.111+0000] {logging_mixin.py:188} INFO - [2024-05-20T00:56:15.110+0000] {dag.py:3954} INFO - Setting next_dagrun for dataset_produces_1 to 2024-05-19 00:00:00+00:00, run_after=2024-05-20 00:00:00+00:00
[2024-05-20T00:56:15.122+0000] {logging_mixin.py:188} INFO - [2024-05-20T00:56:15.122+0000] {dag.py:3954} INFO - Setting next_dagrun for dataset_produces_2 to None, run_after=None
[2024-05-20T00:56:15.217+0000] {processor.py:183} INFO - Processing /home/airflow/.local/lib/python3.12/site-packages/airflow/example_dags/example_datasets.py took 0.388 seconds
[2024-05-20T00:56:45.650+0000] {processor.py:161} INFO - Started process (PID=910) to work on /home/airflow/.local/lib/python3.12/site-packages/airflow/example_dags/example_datasets.py
[2024-05-20T00:56:45.651+0000] {processor.py:830} INFO - Processing file /home/airflow/.local/lib/python3.12/site-packages/airflow/example_dags/example_datasets.py for tasks to queue
[2024-05-20T00:56:45.653+0000] {logging_mixin.py:188} INFO - [2024-05-20T00:56:45.653+0000] {dagbag.py:545} INFO - Filling up the DagBag from /home/airflow/.local/lib/python3.12/site-packages/airflow/example_dags/example_datasets.py
[2024-05-20T00:56:45.678+0000] {processor.py:840} INFO - DAG(s) 'dataset_consumes_1_and_2', 'dataset_consumes_1_never_scheduled', 'consume_1_or_2_with_dataset_expressions', 'dataset_consumes_unknown_never_scheduled', 'dataset_consumes_1', 'conditional_dataset_and_time_based_timetable', 'dataset_produces_2', 'consume_1_and_2_with_dataset_expressions', 'dataset_produces_1', 'consume_1_or_both_2_and_3_with_dataset_expressions' retrieved from /home/airflow/.local/lib/python3.12/site-packages/airflow/example_dags/example_datasets.py
[2024-05-20T00:56:45.730+0000] {logging_mixin.py:188} INFO - [2024-05-20T00:56:45.730+0000] {dag.py:3096} INFO - Sync 10 DAGs
[2024-05-20T00:56:45.764+0000] {logging_mixin.py:188} INFO - [2024-05-20T00:56:45.763+0000] {dag.py:3954} INFO - Setting next_dagrun for conditional_dataset_and_time_based_timetable to 2024-05-15 01:00:00+00:00, run_after=2024-05-15 01:00:00+00:00
[2024-05-20T00:56:45.769+0000] {logging_mixin.py:188} INFO - [2024-05-20T00:56:45.769+0000] {dag.py:3954} INFO - Setting next_dagrun for consume_1_and_2_with_dataset_expressions to None, run_after=None
[2024-05-20T00:56:45.771+0000] {logging_mixin.py:188} INFO - [2024-05-20T00:56:45.771+0000] {dag.py:3954} INFO - Setting next_dagrun for consume_1_or_2_with_dataset_expressions to None, run_after=None
[2024-05-20T00:56:45.774+0000] {logging_mixin.py:188} INFO - [2024-05-20T00:56:45.774+0000] {dag.py:3954} INFO - Setting next_dagrun for consume_1_or_both_2_and_3_with_dataset_expressions to None, run_after=None
[2024-05-20T00:56:45.777+0000] {logging_mixin.py:188} INFO - [2024-05-20T00:56:45.777+0000] {dag.py:3954} INFO - Setting next_dagrun for dataset_consumes_1 to None, run_after=None
[2024-05-20T00:56:45.779+0000] {logging_mixin.py:188} INFO - [2024-05-20T00:56:45.779+0000] {dag.py:3954} INFO - Setting next_dagrun for dataset_consumes_1_and_2 to None, run_after=None
[2024-05-20T00:56:45.781+0000] {logging_mixin.py:188} INFO - [2024-05-20T00:56:45.781+0000] {dag.py:3954} INFO - Setting next_dagrun for dataset_consumes_1_never_scheduled to None, run_after=None
[2024-05-20T00:56:45.782+0000] {logging_mixin.py:188} INFO - [2024-05-20T00:56:45.782+0000] {dag.py:3954} INFO - Setting next_dagrun for dataset_consumes_unknown_never_scheduled to None, run_after=None
[2024-05-20T00:56:45.784+0000] {logging_mixin.py:188} INFO - [2024-05-20T00:56:45.784+0000] {dag.py:3954} INFO - Setting next_dagrun for dataset_produces_1 to 2024-05-19 00:00:00+00:00, run_after=2024-05-20 00:00:00+00:00
[2024-05-20T00:56:45.786+0000] {logging_mixin.py:188} INFO - [2024-05-20T00:56:45.785+0000] {dag.py:3954} INFO - Setting next_dagrun for dataset_produces_2 to None, run_after=None
[2024-05-20T00:56:45.821+0000] {processor.py:183} INFO - Processing /home/airflow/.local/lib/python3.12/site-packages/airflow/example_dags/example_datasets.py took 0.177 seconds
[2024-05-20T00:57:48.746+0000] {processor.py:161} INFO - Started process (PID=966) to work on /home/airflow/.local/lib/python3.12/site-packages/airflow/example_dags/example_datasets.py
[2024-05-20T00:57:48.754+0000] {processor.py:830} INFO - Processing file /home/airflow/.local/lib/python3.12/site-packages/airflow/example_dags/example_datasets.py for tasks to queue
[2024-05-20T00:57:48.771+0000] {logging_mixin.py:188} INFO - [2024-05-20T00:57:48.769+0000] {dagbag.py:545} INFO - Filling up the DagBag from /home/airflow/.local/lib/python3.12/site-packages/airflow/example_dags/example_datasets.py
[2024-05-20T00:57:48.979+0000] {processor.py:840} INFO - DAG(s) 'dataset_consumes_1_and_2', 'consume_1_or_both_2_and_3_with_dataset_expressions', 'dataset_produces_2', 'dataset_consumes_unknown_never_scheduled', 'consume_1_or_2_with_dataset_expressions', 'dataset_consumes_1', 'dataset_produces_1', 'consume_1_and_2_with_dataset_expressions', 'conditional_dataset_and_time_based_timetable', 'dataset_consumes_1_never_scheduled' retrieved from /home/airflow/.local/lib/python3.12/site-packages/airflow/example_dags/example_datasets.py
[2024-05-20T00:57:49.206+0000] {logging_mixin.py:188} INFO - [2024-05-20T00:57:49.199+0000] {dag.py:3096} INFO - Sync 10 DAGs
[2024-05-20T00:57:49.346+0000] {logging_mixin.py:188} INFO - [2024-05-20T00:57:49.346+0000] {dag.py:3954} INFO - Setting next_dagrun for conditional_dataset_and_time_based_timetable to 2024-05-15 01:00:00+00:00, run_after=2024-05-15 01:00:00+00:00
[2024-05-20T00:57:49.360+0000] {logging_mixin.py:188} INFO - [2024-05-20T00:57:49.360+0000] {dag.py:3954} INFO - Setting next_dagrun for consume_1_and_2_with_dataset_expressions to None, run_after=None
[2024-05-20T00:57:49.364+0000] {logging_mixin.py:188} INFO - [2024-05-20T00:57:49.364+0000] {dag.py:3954} INFO - Setting next_dagrun for consume_1_or_2_with_dataset_expressions to None, run_after=None
[2024-05-20T00:57:49.370+0000] {logging_mixin.py:188} INFO - [2024-05-20T00:57:49.369+0000] {dag.py:3954} INFO - Setting next_dagrun for consume_1_or_both_2_and_3_with_dataset_expressions to None, run_after=None
[2024-05-20T00:57:49.376+0000] {logging_mixin.py:188} INFO - [2024-05-20T00:57:49.375+0000] {dag.py:3954} INFO - Setting next_dagrun for dataset_consumes_1 to None, run_after=None
[2024-05-20T00:57:49.380+0000] {logging_mixin.py:188} INFO - [2024-05-20T00:57:49.380+0000] {dag.py:3954} INFO - Setting next_dagrun for dataset_consumes_1_and_2 to None, run_after=None
[2024-05-20T00:57:49.386+0000] {logging_mixin.py:188} INFO - [2024-05-20T00:57:49.386+0000] {dag.py:3954} INFO - Setting next_dagrun for dataset_consumes_1_never_scheduled to None, run_after=None
[2024-05-20T00:57:49.392+0000] {logging_mixin.py:188} INFO - [2024-05-20T00:57:49.391+0000] {dag.py:3954} INFO - Setting next_dagrun for dataset_consumes_unknown_never_scheduled to None, run_after=None
[2024-05-20T00:57:49.400+0000] {logging_mixin.py:188} INFO - [2024-05-20T00:57:49.400+0000] {dag.py:3954} INFO - Setting next_dagrun for dataset_produces_1 to 2024-05-19 00:00:00+00:00, run_after=2024-05-20 00:00:00+00:00
[2024-05-20T00:57:49.406+0000] {logging_mixin.py:188} INFO - [2024-05-20T00:57:49.406+0000] {dag.py:3954} INFO - Setting next_dagrun for dataset_produces_2 to None, run_after=None
[2024-05-20T00:57:49.639+0000] {processor.py:183} INFO - Processing /home/airflow/.local/lib/python3.12/site-packages/airflow/example_dags/example_datasets.py took 0.933 seconds
[2024-05-20T00:58:19.848+0000] {processor.py:161} INFO - Started process (PID=1026) to work on /home/airflow/.local/lib/python3.12/site-packages/airflow/example_dags/example_datasets.py
[2024-05-20T00:58:19.850+0000] {processor.py:830} INFO - Processing file /home/airflow/.local/lib/python3.12/site-packages/airflow/example_dags/example_datasets.py for tasks to queue
[2024-05-20T00:58:19.856+0000] {logging_mixin.py:188} INFO - [2024-05-20T00:58:19.855+0000] {dagbag.py:545} INFO - Filling up the DagBag from /home/airflow/.local/lib/python3.12/site-packages/airflow/example_dags/example_datasets.py
[2024-05-20T00:58:19.906+0000] {processor.py:840} INFO - DAG(s) 'consume_1_or_2_with_dataset_expressions', 'dataset_consumes_1_and_2', 'conditional_dataset_and_time_based_timetable', 'dataset_produces_2', 'dataset_produces_1', 'consume_1_and_2_with_dataset_expressions', 'dataset_consumes_unknown_never_scheduled', 'dataset_consumes_1', 'dataset_consumes_1_never_scheduled', 'consume_1_or_both_2_and_3_with_dataset_expressions' retrieved from /home/airflow/.local/lib/python3.12/site-packages/airflow/example_dags/example_datasets.py
[2024-05-20T00:58:19.983+0000] {logging_mixin.py:188} INFO - [2024-05-20T00:58:19.983+0000] {dag.py:3096} INFO - Sync 10 DAGs
[2024-05-20T00:58:20.018+0000] {logging_mixin.py:188} INFO - [2024-05-20T00:58:20.018+0000] {dag.py:3954} INFO - Setting next_dagrun for conditional_dataset_and_time_based_timetable to 2024-05-15 01:00:00+00:00, run_after=2024-05-15 01:00:00+00:00
[2024-05-20T00:58:20.026+0000] {logging_mixin.py:188} INFO - [2024-05-20T00:58:20.026+0000] {dag.py:3954} INFO - Setting next_dagrun for consume_1_and_2_with_dataset_expressions to None, run_after=None
[2024-05-20T00:58:20.028+0000] {logging_mixin.py:188} INFO - [2024-05-20T00:58:20.028+0000] {dag.py:3954} INFO - Setting next_dagrun for consume_1_or_2_with_dataset_expressions to None, run_after=None
[2024-05-20T00:58:20.031+0000] {logging_mixin.py:188} INFO - [2024-05-20T00:58:20.030+0000] {dag.py:3954} INFO - Setting next_dagrun for consume_1_or_both_2_and_3_with_dataset_expressions to None, run_after=None
[2024-05-20T00:58:20.032+0000] {logging_mixin.py:188} INFO - [2024-05-20T00:58:20.032+0000] {dag.py:3954} INFO - Setting next_dagrun for dataset_consumes_1 to None, run_after=None
[2024-05-20T00:58:20.035+0000] {logging_mixin.py:188} INFO - [2024-05-20T00:58:20.034+0000] {dag.py:3954} INFO - Setting next_dagrun for dataset_consumes_1_and_2 to None, run_after=None
[2024-05-20T00:58:20.040+0000] {logging_mixin.py:188} INFO - [2024-05-20T00:58:20.040+0000] {dag.py:3954} INFO - Setting next_dagrun for dataset_consumes_1_never_scheduled to None, run_after=None
[2024-05-20T00:58:20.042+0000] {logging_mixin.py:188} INFO - [2024-05-20T00:58:20.042+0000] {dag.py:3954} INFO - Setting next_dagrun for dataset_consumes_unknown_never_scheduled to None, run_after=None
[2024-05-20T00:58:20.046+0000] {logging_mixin.py:188} INFO - [2024-05-20T00:58:20.046+0000] {dag.py:3954} INFO - Setting next_dagrun for dataset_produces_1 to 2024-05-19 00:00:00+00:00, run_after=2024-05-20 00:00:00+00:00
[2024-05-20T00:58:20.050+0000] {logging_mixin.py:188} INFO - [2024-05-20T00:58:20.050+0000] {dag.py:3954} INFO - Setting next_dagrun for dataset_produces_2 to None, run_after=None
[2024-05-20T00:58:20.142+0000] {processor.py:183} INFO - Processing /home/airflow/.local/lib/python3.12/site-packages/airflow/example_dags/example_datasets.py took 0.304 seconds
[2024-05-20T00:58:51.050+0000] {processor.py:161} INFO - Started process (PID=1085) to work on /home/airflow/.local/lib/python3.12/site-packages/airflow/example_dags/example_datasets.py
[2024-05-20T00:58:51.053+0000] {processor.py:830} INFO - Processing file /home/airflow/.local/lib/python3.12/site-packages/airflow/example_dags/example_datasets.py for tasks to queue
[2024-05-20T00:58:51.058+0000] {logging_mixin.py:188} INFO - [2024-05-20T00:58:51.057+0000] {dagbag.py:545} INFO - Filling up the DagBag from /home/airflow/.local/lib/python3.12/site-packages/airflow/example_dags/example_datasets.py
[2024-05-20T00:58:51.082+0000] {processor.py:840} INFO - DAG(s) 'dataset_consumes_unknown_never_scheduled', 'consume_1_or_2_with_dataset_expressions', 'dataset_produces_1', 'dataset_consumes_1_never_scheduled', 'consume_1_or_both_2_and_3_with_dataset_expressions', 'consume_1_and_2_with_dataset_expressions', 'dataset_consumes_1', 'conditional_dataset_and_time_based_timetable', 'dataset_consumes_1_and_2', 'dataset_produces_2' retrieved from /home/airflow/.local/lib/python3.12/site-packages/airflow/example_dags/example_datasets.py
[2024-05-20T00:58:51.167+0000] {logging_mixin.py:188} INFO - [2024-05-20T00:58:51.167+0000] {dag.py:3096} INFO - Sync 10 DAGs
[2024-05-20T00:58:51.238+0000] {logging_mixin.py:188} INFO - [2024-05-20T00:58:51.238+0000] {dag.py:3954} INFO - Setting next_dagrun for conditional_dataset_and_time_based_timetable to 2024-05-15 01:00:00+00:00, run_after=2024-05-15 01:00:00+00:00
[2024-05-20T00:58:51.248+0000] {logging_mixin.py:188} INFO - [2024-05-20T00:58:51.248+0000] {dag.py:3954} INFO - Setting next_dagrun for consume_1_and_2_with_dataset_expressions to None, run_after=None
[2024-05-20T00:58:51.254+0000] {logging_mixin.py:188} INFO - [2024-05-20T00:58:51.253+0000] {dag.py:3954} INFO - Setting next_dagrun for consume_1_or_2_with_dataset_expressions to None, run_after=None
[2024-05-20T00:58:51.262+0000] {logging_mixin.py:188} INFO - [2024-05-20T00:58:51.261+0000] {dag.py:3954} INFO - Setting next_dagrun for consume_1_or_both_2_and_3_with_dataset_expressions to None, run_after=None
[2024-05-20T00:58:51.272+0000] {logging_mixin.py:188} INFO - [2024-05-20T00:58:51.271+0000] {dag.py:3954} INFO - Setting next_dagrun for dataset_consumes_1 to None, run_after=None
[2024-05-20T00:58:51.276+0000] {logging_mixin.py:188} INFO - [2024-05-20T00:58:51.276+0000] {dag.py:3954} INFO - Setting next_dagrun for dataset_consumes_1_and_2 to None, run_after=None
[2024-05-20T00:58:51.279+0000] {logging_mixin.py:188} INFO - [2024-05-20T00:58:51.279+0000] {dag.py:3954} INFO - Setting next_dagrun for dataset_consumes_1_never_scheduled to None, run_after=None
[2024-05-20T00:58:51.282+0000] {logging_mixin.py:188} INFO - [2024-05-20T00:58:51.282+0000] {dag.py:3954} INFO - Setting next_dagrun for dataset_consumes_unknown_never_scheduled to None, run_after=None
[2024-05-20T00:58:51.286+0000] {logging_mixin.py:188} INFO - [2024-05-20T00:58:51.286+0000] {dag.py:3954} INFO - Setting next_dagrun for dataset_produces_1 to 2024-05-19 00:00:00+00:00, run_after=2024-05-20 00:00:00+00:00
[2024-05-20T00:58:51.289+0000] {logging_mixin.py:188} INFO - [2024-05-20T00:58:51.289+0000] {dag.py:3954} INFO - Setting next_dagrun for dataset_produces_2 to None, run_after=None
[2024-05-20T00:58:51.368+0000] {processor.py:183} INFO - Processing /home/airflow/.local/lib/python3.12/site-packages/airflow/example_dags/example_datasets.py took 0.326 seconds
[2024-05-20T00:59:21.481+0000] {processor.py:161} INFO - Started process (PID=1145) to work on /home/airflow/.local/lib/python3.12/site-packages/airflow/example_dags/example_datasets.py
[2024-05-20T00:59:21.490+0000] {processor.py:830} INFO - Processing file /home/airflow/.local/lib/python3.12/site-packages/airflow/example_dags/example_datasets.py for tasks to queue
[2024-05-20T00:59:21.497+0000] {logging_mixin.py:188} INFO - [2024-05-20T00:59:21.496+0000] {dagbag.py:545} INFO - Filling up the DagBag from /home/airflow/.local/lib/python3.12/site-packages/airflow/example_dags/example_datasets.py
[2024-05-20T00:59:21.571+0000] {processor.py:840} INFO - DAG(s) 'dataset_produces_2', 'dataset_consumes_1', 'consume_1_or_2_with_dataset_expressions', 'consume_1_and_2_with_dataset_expressions', 'dataset_consumes_1_and_2', 'conditional_dataset_and_time_based_timetable', 'dataset_consumes_1_never_scheduled', 'dataset_produces_1', 'consume_1_or_both_2_and_3_with_dataset_expressions', 'dataset_consumes_unknown_never_scheduled' retrieved from /home/airflow/.local/lib/python3.12/site-packages/airflow/example_dags/example_datasets.py
[2024-05-20T00:59:21.778+0000] {logging_mixin.py:188} INFO - [2024-05-20T00:59:21.778+0000] {dag.py:3096} INFO - Sync 10 DAGs
[2024-05-20T00:59:21.882+0000] {logging_mixin.py:188} INFO - [2024-05-20T00:59:21.881+0000] {dag.py:3954} INFO - Setting next_dagrun for conditional_dataset_and_time_based_timetable to 2024-05-15 01:00:00+00:00, run_after=2024-05-15 01:00:00+00:00
[2024-05-20T00:59:21.895+0000] {logging_mixin.py:188} INFO - [2024-05-20T00:59:21.894+0000] {dag.py:3954} INFO - Setting next_dagrun for consume_1_and_2_with_dataset_expressions to None, run_after=None
[2024-05-20T00:59:21.899+0000] {logging_mixin.py:188} INFO - [2024-05-20T00:59:21.899+0000] {dag.py:3954} INFO - Setting next_dagrun for consume_1_or_2_with_dataset_expressions to None, run_after=None
[2024-05-20T00:59:21.901+0000] {logging_mixin.py:188} INFO - [2024-05-20T00:59:21.901+0000] {dag.py:3954} INFO - Setting next_dagrun for consume_1_or_both_2_and_3_with_dataset_expressions to None, run_after=None
[2024-05-20T00:59:21.904+0000] {logging_mixin.py:188} INFO - [2024-05-20T00:59:21.904+0000] {dag.py:3954} INFO - Setting next_dagrun for dataset_consumes_1 to None, run_after=None
[2024-05-20T00:59:21.907+0000] {logging_mixin.py:188} INFO - [2024-05-20T00:59:21.906+0000] {dag.py:3954} INFO - Setting next_dagrun for dataset_consumes_1_and_2 to None, run_after=None
[2024-05-20T00:59:21.908+0000] {logging_mixin.py:188} INFO - [2024-05-20T00:59:21.908+0000] {dag.py:3954} INFO - Setting next_dagrun for dataset_consumes_1_never_scheduled to None, run_after=None
[2024-05-20T00:59:21.921+0000] {logging_mixin.py:188} INFO - [2024-05-20T00:59:21.917+0000] {dag.py:3954} INFO - Setting next_dagrun for dataset_consumes_unknown_never_scheduled to None, run_after=None
[2024-05-20T00:59:21.934+0000] {logging_mixin.py:188} INFO - [2024-05-20T00:59:21.934+0000] {dag.py:3954} INFO - Setting next_dagrun for dataset_produces_1 to 2024-05-19 00:00:00+00:00, run_after=2024-05-20 00:00:00+00:00
[2024-05-20T00:59:21.941+0000] {logging_mixin.py:188} INFO - [2024-05-20T00:59:21.940+0000] {dag.py:3954} INFO - Setting next_dagrun for dataset_produces_2 to None, run_after=None
[2024-05-20T00:59:22.049+0000] {processor.py:183} INFO - Processing /home/airflow/.local/lib/python3.12/site-packages/airflow/example_dags/example_datasets.py took 0.593 seconds
[2024-05-20T00:59:57.046+0000] {processor.py:161} INFO - Started process (PID=1204) to work on /home/airflow/.local/lib/python3.12/site-packages/airflow/example_dags/example_datasets.py
[2024-05-20T00:59:57.051+0000] {processor.py:830} INFO - Processing file /home/airflow/.local/lib/python3.12/site-packages/airflow/example_dags/example_datasets.py for tasks to queue
[2024-05-20T00:59:57.088+0000] {logging_mixin.py:188} INFO - [2024-05-20T00:59:57.075+0000] {dagbag.py:545} INFO - Filling up the DagBag from /home/airflow/.local/lib/python3.12/site-packages/airflow/example_dags/example_datasets.py
[2024-05-20T00:59:57.387+0000] {processor.py:840} INFO - DAG(s) 'consume_1_or_2_with_dataset_expressions', 'dataset_produces_1', 'consume_1_or_both_2_and_3_with_dataset_expressions', 'dataset_consumes_1_never_scheduled', 'consume_1_and_2_with_dataset_expressions', 'dataset_consumes_unknown_never_scheduled', 'conditional_dataset_and_time_based_timetable', 'dataset_produces_2', 'dataset_consumes_1', 'dataset_consumes_1_and_2' retrieved from /home/airflow/.local/lib/python3.12/site-packages/airflow/example_dags/example_datasets.py
[2024-05-20T00:59:58.309+0000] {logging_mixin.py:188} INFO - [2024-05-20T00:59:58.285+0000] {dag.py:3096} INFO - Sync 10 DAGs
[2024-05-20T00:59:58.829+0000] {logging_mixin.py:188} INFO - [2024-05-20T00:59:58.828+0000] {dag.py:3954} INFO - Setting next_dagrun for conditional_dataset_and_time_based_timetable to 2024-05-15 01:00:00+00:00, run_after=2024-05-15 01:00:00+00:00
[2024-05-20T00:59:58.948+0000] {logging_mixin.py:188} INFO - [2024-05-20T00:59:58.948+0000] {dag.py:3954} INFO - Setting next_dagrun for consume_1_and_2_with_dataset_expressions to None, run_after=None
[2024-05-20T00:59:58.962+0000] {logging_mixin.py:188} INFO - [2024-05-20T00:59:58.961+0000] {dag.py:3954} INFO - Setting next_dagrun for consume_1_or_2_with_dataset_expressions to None, run_after=None
[2024-05-20T00:59:59.011+0000] {logging_mixin.py:188} INFO - [2024-05-20T00:59:59.011+0000] {dag.py:3954} INFO - Setting next_dagrun for consume_1_or_both_2_and_3_with_dataset_expressions to None, run_after=None
[2024-05-20T00:59:59.026+0000] {logging_mixin.py:188} INFO - [2024-05-20T00:59:59.026+0000] {dag.py:3954} INFO - Setting next_dagrun for dataset_consumes_1 to None, run_after=None
[2024-05-20T00:59:59.142+0000] {logging_mixin.py:188} INFO - [2024-05-20T00:59:59.139+0000] {dag.py:3954} INFO - Setting next_dagrun for dataset_consumes_1_and_2 to None, run_after=None
[2024-05-20T00:59:59.155+0000] {logging_mixin.py:188} INFO - [2024-05-20T00:59:59.153+0000] {dag.py:3954} INFO - Setting next_dagrun for dataset_consumes_1_never_scheduled to None, run_after=None
[2024-05-20T00:59:59.169+0000] {logging_mixin.py:188} INFO - [2024-05-20T00:59:59.169+0000] {dag.py:3954} INFO - Setting next_dagrun for dataset_consumes_unknown_never_scheduled to None, run_after=None
[2024-05-20T00:59:59.228+0000] {logging_mixin.py:188} INFO - [2024-05-20T00:59:59.228+0000] {dag.py:3954} INFO - Setting next_dagrun for dataset_produces_1 to 2024-05-19 00:00:00+00:00, run_after=2024-05-20 00:00:00+00:00
[2024-05-20T00:59:59.265+0000] {logging_mixin.py:188} INFO - [2024-05-20T00:59:59.260+0000] {dag.py:3954} INFO - Setting next_dagrun for dataset_produces_2 to None, run_after=None
[2024-05-20T00:59:59.565+0000] {processor.py:183} INFO - Processing /home/airflow/.local/lib/python3.12/site-packages/airflow/example_dags/example_datasets.py took 2.586 seconds
[2024-05-20T01:00:29.891+0000] {processor.py:161} INFO - Started process (PID=1270) to work on /home/airflow/.local/lib/python3.12/site-packages/airflow/example_dags/example_datasets.py
[2024-05-20T01:00:29.894+0000] {processor.py:830} INFO - Processing file /home/airflow/.local/lib/python3.12/site-packages/airflow/example_dags/example_datasets.py for tasks to queue
[2024-05-20T01:00:29.900+0000] {logging_mixin.py:188} INFO - [2024-05-20T01:00:29.899+0000] {dagbag.py:545} INFO - Filling up the DagBag from /home/airflow/.local/lib/python3.12/site-packages/airflow/example_dags/example_datasets.py
[2024-05-20T01:00:29.950+0000] {processor.py:840} INFO - DAG(s) 'dataset_produces_1', 'consume_1_or_2_with_dataset_expressions', 'dataset_consumes_unknown_never_scheduled', 'dataset_consumes_1_and_2', 'conditional_dataset_and_time_based_timetable', 'consume_1_or_both_2_and_3_with_dataset_expressions', 'dataset_produces_2', 'dataset_consumes_1_never_scheduled', 'consume_1_and_2_with_dataset_expressions', 'dataset_consumes_1' retrieved from /home/airflow/.local/lib/python3.12/site-packages/airflow/example_dags/example_datasets.py
[2024-05-20T01:00:30.043+0000] {logging_mixin.py:188} INFO - [2024-05-20T01:00:30.043+0000] {dag.py:3096} INFO - Sync 10 DAGs
[2024-05-20T01:00:30.111+0000] {logging_mixin.py:188} INFO - [2024-05-20T01:00:30.110+0000] {dag.py:3954} INFO - Setting next_dagrun for conditional_dataset_and_time_based_timetable to 2024-05-15 01:00:00+00:00, run_after=2024-05-15 01:00:00+00:00
[2024-05-20T01:00:30.138+0000] {logging_mixin.py:188} INFO - [2024-05-20T01:00:30.137+0000] {dag.py:3954} INFO - Setting next_dagrun for consume_1_and_2_with_dataset_expressions to None, run_after=None
[2024-05-20T01:00:30.146+0000] {logging_mixin.py:188} INFO - [2024-05-20T01:00:30.145+0000] {dag.py:3954} INFO - Setting next_dagrun for consume_1_or_2_with_dataset_expressions to None, run_after=None
[2024-05-20T01:00:30.151+0000] {logging_mixin.py:188} INFO - [2024-05-20T01:00:30.151+0000] {dag.py:3954} INFO - Setting next_dagrun for consume_1_or_both_2_and_3_with_dataset_expressions to None, run_after=None
[2024-05-20T01:00:30.159+0000] {logging_mixin.py:188} INFO - [2024-05-20T01:00:30.157+0000] {dag.py:3954} INFO - Setting next_dagrun for dataset_consumes_1 to None, run_after=None
[2024-05-20T01:00:30.163+0000] {logging_mixin.py:188} INFO - [2024-05-20T01:00:30.162+0000] {dag.py:3954} INFO - Setting next_dagrun for dataset_consumes_1_and_2 to None, run_after=None
[2024-05-20T01:00:30.168+0000] {logging_mixin.py:188} INFO - [2024-05-20T01:00:30.167+0000] {dag.py:3954} INFO - Setting next_dagrun for dataset_consumes_1_never_scheduled to None, run_after=None
[2024-05-20T01:00:30.175+0000] {logging_mixin.py:188} INFO - [2024-05-20T01:00:30.174+0000] {dag.py:3954} INFO - Setting next_dagrun for dataset_consumes_unknown_never_scheduled to None, run_after=None
[2024-05-20T01:00:30.192+0000] {logging_mixin.py:188} INFO - [2024-05-20T01:00:30.190+0000] {dag.py:3954} INFO - Setting next_dagrun for dataset_produces_1 to 2024-05-19 00:00:00+00:00, run_after=2024-05-20 00:00:00+00:00
[2024-05-20T01:00:30.198+0000] {logging_mixin.py:188} INFO - [2024-05-20T01:00:30.198+0000] {dag.py:3954} INFO - Setting next_dagrun for dataset_produces_2 to None, run_after=None
[2024-05-20T01:00:30.294+0000] {processor.py:183} INFO - Processing /home/airflow/.local/lib/python3.12/site-packages/airflow/example_dags/example_datasets.py took 0.443 seconds
[2024-05-20T01:01:03.292+0000] {processor.py:161} INFO - Started process (PID=1330) to work on /home/airflow/.local/lib/python3.12/site-packages/airflow/example_dags/example_datasets.py
[2024-05-20T01:01:03.297+0000] {processor.py:830} INFO - Processing file /home/airflow/.local/lib/python3.12/site-packages/airflow/example_dags/example_datasets.py for tasks to queue
[2024-05-20T01:01:03.302+0000] {logging_mixin.py:188} INFO - [2024-05-20T01:01:03.302+0000] {dagbag.py:545} INFO - Filling up the DagBag from /home/airflow/.local/lib/python3.12/site-packages/airflow/example_dags/example_datasets.py
[2024-05-20T01:01:03.371+0000] {processor.py:840} INFO - DAG(s) 'consume_1_or_2_with_dataset_expressions', 'dataset_produces_2', 'consume_1_and_2_with_dataset_expressions', 'conditional_dataset_and_time_based_timetable', 'dataset_produces_1', 'dataset_consumes_1_never_scheduled', 'dataset_consumes_unknown_never_scheduled', 'dataset_consumes_1_and_2', 'dataset_consumes_1', 'consume_1_or_both_2_and_3_with_dataset_expressions' retrieved from /home/airflow/.local/lib/python3.12/site-packages/airflow/example_dags/example_datasets.py
[2024-05-20T01:01:03.462+0000] {logging_mixin.py:188} INFO - [2024-05-20T01:01:03.461+0000] {dag.py:3096} INFO - Sync 10 DAGs
[2024-05-20T01:01:03.532+0000] {logging_mixin.py:188} INFO - [2024-05-20T01:01:03.531+0000] {dag.py:3954} INFO - Setting next_dagrun for conditional_dataset_and_time_based_timetable to 2024-05-15 01:00:00+00:00, run_after=2024-05-15 01:00:00+00:00
[2024-05-20T01:01:03.542+0000] {logging_mixin.py:188} INFO - [2024-05-20T01:01:03.542+0000] {dag.py:3954} INFO - Setting next_dagrun for consume_1_and_2_with_dataset_expressions to None, run_after=None
[2024-05-20T01:01:03.546+0000] {logging_mixin.py:188} INFO - [2024-05-20T01:01:03.546+0000] {dag.py:3954} INFO - Setting next_dagrun for consume_1_or_2_with_dataset_expressions to None, run_after=None
[2024-05-20T01:01:03.550+0000] {logging_mixin.py:188} INFO - [2024-05-20T01:01:03.550+0000] {dag.py:3954} INFO - Setting next_dagrun for consume_1_or_both_2_and_3_with_dataset_expressions to None, run_after=None
[2024-05-20T01:01:03.554+0000] {logging_mixin.py:188} INFO - [2024-05-20T01:01:03.554+0000] {dag.py:3954} INFO - Setting next_dagrun for dataset_consumes_1 to None, run_after=None
[2024-05-20T01:01:03.558+0000] {logging_mixin.py:188} INFO - [2024-05-20T01:01:03.557+0000] {dag.py:3954} INFO - Setting next_dagrun for dataset_consumes_1_and_2 to None, run_after=None
[2024-05-20T01:01:03.561+0000] {logging_mixin.py:188} INFO - [2024-05-20T01:01:03.560+0000] {dag.py:3954} INFO - Setting next_dagrun for dataset_consumes_1_never_scheduled to None, run_after=None
[2024-05-20T01:01:03.563+0000] {logging_mixin.py:188} INFO - [2024-05-20T01:01:03.563+0000] {dag.py:3954} INFO - Setting next_dagrun for dataset_consumes_unknown_never_scheduled to None, run_after=None
[2024-05-20T01:01:03.568+0000] {logging_mixin.py:188} INFO - [2024-05-20T01:01:03.567+0000] {dag.py:3954} INFO - Setting next_dagrun for dataset_produces_1 to 2024-05-19 00:00:00+00:00, run_after=2024-05-20 00:00:00+00:00
[2024-05-20T01:01:03.573+0000] {logging_mixin.py:188} INFO - [2024-05-20T01:01:03.572+0000] {dag.py:3954} INFO - Setting next_dagrun for dataset_produces_2 to None, run_after=None
[2024-05-20T01:01:03.657+0000] {processor.py:183} INFO - Processing /home/airflow/.local/lib/python3.12/site-packages/airflow/example_dags/example_datasets.py took 0.373 seconds
[2024-05-20T01:01:33.801+0000] {processor.py:161} INFO - Started process (PID=1388) to work on /home/airflow/.local/lib/python3.12/site-packages/airflow/example_dags/example_datasets.py
[2024-05-20T01:01:33.803+0000] {processor.py:830} INFO - Processing file /home/airflow/.local/lib/python3.12/site-packages/airflow/example_dags/example_datasets.py for tasks to queue
[2024-05-20T01:01:33.805+0000] {logging_mixin.py:188} INFO - [2024-05-20T01:01:33.804+0000] {dagbag.py:545} INFO - Filling up the DagBag from /home/airflow/.local/lib/python3.12/site-packages/airflow/example_dags/example_datasets.py
[2024-05-20T01:01:33.822+0000] {processor.py:840} INFO - DAG(s) 'dataset_produces_1', 'consume_1_or_2_with_dataset_expressions', 'consume_1_and_2_with_dataset_expressions', 'dataset_consumes_1', 'conditional_dataset_and_time_based_timetable', 'dataset_consumes_1_and_2', 'dataset_consumes_1_never_scheduled', 'dataset_produces_2', 'dataset_consumes_unknown_never_scheduled', 'consume_1_or_both_2_and_3_with_dataset_expressions' retrieved from /home/airflow/.local/lib/python3.12/site-packages/airflow/example_dags/example_datasets.py
[2024-05-20T01:01:33.882+0000] {logging_mixin.py:188} INFO - [2024-05-20T01:01:33.882+0000] {dag.py:3096} INFO - Sync 10 DAGs
[2024-05-20T01:01:33.909+0000] {logging_mixin.py:188} INFO - [2024-05-20T01:01:33.908+0000] {dag.py:3954} INFO - Setting next_dagrun for conditional_dataset_and_time_based_timetable to 2024-05-15 01:00:00+00:00, run_after=2024-05-15 01:00:00+00:00
[2024-05-20T01:01:33.914+0000] {logging_mixin.py:188} INFO - [2024-05-20T01:01:33.914+0000] {dag.py:3954} INFO - Setting next_dagrun for consume_1_and_2_with_dataset_expressions to None, run_after=None
[2024-05-20T01:01:33.917+0000] {logging_mixin.py:188} INFO - [2024-05-20T01:01:33.916+0000] {dag.py:3954} INFO - Setting next_dagrun for consume_1_or_2_with_dataset_expressions to None, run_after=None
[2024-05-20T01:01:33.918+0000] {logging_mixin.py:188} INFO - [2024-05-20T01:01:33.918+0000] {dag.py:3954} INFO - Setting next_dagrun for consume_1_or_both_2_and_3_with_dataset_expressions to None, run_after=None
[2024-05-20T01:01:33.920+0000] {logging_mixin.py:188} INFO - [2024-05-20T01:01:33.920+0000] {dag.py:3954} INFO - Setting next_dagrun for dataset_consumes_1 to None, run_after=None
[2024-05-20T01:01:33.921+0000] {logging_mixin.py:188} INFO - [2024-05-20T01:01:33.921+0000] {dag.py:3954} INFO - Setting next_dagrun for dataset_consumes_1_and_2 to None, run_after=None
[2024-05-20T01:01:33.925+0000] {logging_mixin.py:188} INFO - [2024-05-20T01:01:33.924+0000] {dag.py:3954} INFO - Setting next_dagrun for dataset_consumes_1_never_scheduled to None, run_after=None
[2024-05-20T01:01:33.926+0000] {logging_mixin.py:188} INFO - [2024-05-20T01:01:33.926+0000] {dag.py:3954} INFO - Setting next_dagrun for dataset_consumes_unknown_never_scheduled to None, run_after=None
[2024-05-20T01:01:33.928+0000] {logging_mixin.py:188} INFO - [2024-05-20T01:01:33.928+0000] {dag.py:3954} INFO - Setting next_dagrun for dataset_produces_1 to 2024-05-19 00:00:00+00:00, run_after=2024-05-20 00:00:00+00:00
[2024-05-20T01:01:33.930+0000] {logging_mixin.py:188} INFO - [2024-05-20T01:01:33.930+0000] {dag.py:3954} INFO - Setting next_dagrun for dataset_produces_2 to None, run_after=None
[2024-05-20T01:01:33.972+0000] {processor.py:183} INFO - Processing /home/airflow/.local/lib/python3.12/site-packages/airflow/example_dags/example_datasets.py took 0.180 seconds
[2024-05-20T01:02:04.600+0000] {processor.py:161} INFO - Started process (PID=1447) to work on /home/airflow/.local/lib/python3.12/site-packages/airflow/example_dags/example_datasets.py
[2024-05-20T01:02:04.602+0000] {processor.py:830} INFO - Processing file /home/airflow/.local/lib/python3.12/site-packages/airflow/example_dags/example_datasets.py for tasks to queue
[2024-05-20T01:02:04.604+0000] {logging_mixin.py:188} INFO - [2024-05-20T01:02:04.604+0000] {dagbag.py:545} INFO - Filling up the DagBag from /home/airflow/.local/lib/python3.12/site-packages/airflow/example_dags/example_datasets.py
[2024-05-20T01:02:04.631+0000] {processor.py:840} INFO - DAG(s) 'consume_1_and_2_with_dataset_expressions', 'conditional_dataset_and_time_based_timetable', 'dataset_consumes_1_never_scheduled', 'dataset_produces_2', 'dataset_consumes_unknown_never_scheduled', 'dataset_produces_1', 'consume_1_or_2_with_dataset_expressions', 'consume_1_or_both_2_and_3_with_dataset_expressions', 'dataset_consumes_1', 'dataset_consumes_1_and_2' retrieved from /home/airflow/.local/lib/python3.12/site-packages/airflow/example_dags/example_datasets.py
[2024-05-20T01:02:04.706+0000] {logging_mixin.py:188} INFO - [2024-05-20T01:02:04.706+0000] {dag.py:3096} INFO - Sync 10 DAGs
[2024-05-20T01:02:04.730+0000] {logging_mixin.py:188} INFO - [2024-05-20T01:02:04.730+0000] {dag.py:3954} INFO - Setting next_dagrun for conditional_dataset_and_time_based_timetable to 2024-05-15 01:00:00+00:00, run_after=2024-05-15 01:00:00+00:00
[2024-05-20T01:02:04.738+0000] {logging_mixin.py:188} INFO - [2024-05-20T01:02:04.737+0000] {dag.py:3954} INFO - Setting next_dagrun for consume_1_and_2_with_dataset_expressions to None, run_after=None
[2024-05-20T01:02:04.740+0000] {logging_mixin.py:188} INFO - [2024-05-20T01:02:04.740+0000] {dag.py:3954} INFO - Setting next_dagrun for consume_1_or_2_with_dataset_expressions to None, run_after=None
[2024-05-20T01:02:04.743+0000] {logging_mixin.py:188} INFO - [2024-05-20T01:02:04.742+0000] {dag.py:3954} INFO - Setting next_dagrun for consume_1_or_both_2_and_3_with_dataset_expressions to None, run_after=None
[2024-05-20T01:02:04.746+0000] {logging_mixin.py:188} INFO - [2024-05-20T01:02:04.746+0000] {dag.py:3954} INFO - Setting next_dagrun for dataset_consumes_1 to None, run_after=None
[2024-05-20T01:02:04.751+0000] {logging_mixin.py:188} INFO - [2024-05-20T01:02:04.750+0000] {dag.py:3954} INFO - Setting next_dagrun for dataset_consumes_1_and_2 to None, run_after=None
[2024-05-20T01:02:04.754+0000] {logging_mixin.py:188} INFO - [2024-05-20T01:02:04.753+0000] {dag.py:3954} INFO - Setting next_dagrun for dataset_consumes_1_never_scheduled to None, run_after=None
[2024-05-20T01:02:04.757+0000] {logging_mixin.py:188} INFO - [2024-05-20T01:02:04.757+0000] {dag.py:3954} INFO - Setting next_dagrun for dataset_consumes_unknown_never_scheduled to None, run_after=None
[2024-05-20T01:02:04.761+0000] {logging_mixin.py:188} INFO - [2024-05-20T01:02:04.760+0000] {dag.py:3954} INFO - Setting next_dagrun for dataset_produces_1 to 2024-05-19 00:00:00+00:00, run_after=2024-05-20 00:00:00+00:00
[2024-05-20T01:02:04.763+0000] {logging_mixin.py:188} INFO - [2024-05-20T01:02:04.762+0000] {dag.py:3954} INFO - Setting next_dagrun for dataset_produces_2 to None, run_after=None
[2024-05-20T01:02:04.814+0000] {processor.py:183} INFO - Processing /home/airflow/.local/lib/python3.12/site-packages/airflow/example_dags/example_datasets.py took 0.220 seconds
[2024-05-20T01:02:34.936+0000] {processor.py:161} INFO - Started process (PID=1507) to work on /home/airflow/.local/lib/python3.12/site-packages/airflow/example_dags/example_datasets.py
[2024-05-20T01:02:34.937+0000] {processor.py:830} INFO - Processing file /home/airflow/.local/lib/python3.12/site-packages/airflow/example_dags/example_datasets.py for tasks to queue
[2024-05-20T01:02:34.939+0000] {logging_mixin.py:188} INFO - [2024-05-20T01:02:34.939+0000] {dagbag.py:545} INFO - Filling up the DagBag from /home/airflow/.local/lib/python3.12/site-packages/airflow/example_dags/example_datasets.py
[2024-05-20T01:02:34.978+0000] {processor.py:840} INFO - DAG(s) 'dataset_consumes_1_never_scheduled', 'dataset_consumes_1_and_2', 'conditional_dataset_and_time_based_timetable', 'consume_1_or_2_with_dataset_expressions', 'consume_1_and_2_with_dataset_expressions', 'dataset_consumes_1', 'consume_1_or_both_2_and_3_with_dataset_expressions', 'dataset_consumes_unknown_never_scheduled', 'dataset_produces_1', 'dataset_produces_2' retrieved from /home/airflow/.local/lib/python3.12/site-packages/airflow/example_dags/example_datasets.py
[2024-05-20T01:02:35.026+0000] {logging_mixin.py:188} INFO - [2024-05-20T01:02:35.026+0000] {dag.py:3096} INFO - Sync 10 DAGs
[2024-05-20T01:02:35.053+0000] {logging_mixin.py:188} INFO - [2024-05-20T01:02:35.053+0000] {dag.py:3954} INFO - Setting next_dagrun for conditional_dataset_and_time_based_timetable to 2024-05-15 01:00:00+00:00, run_after=2024-05-15 01:00:00+00:00
[2024-05-20T01:02:35.060+0000] {logging_mixin.py:188} INFO - [2024-05-20T01:02:35.059+0000] {dag.py:3954} INFO - Setting next_dagrun for consume_1_and_2_with_dataset_expressions to None, run_after=None
[2024-05-20T01:02:35.061+0000] {logging_mixin.py:188} INFO - [2024-05-20T01:02:35.061+0000] {dag.py:3954} INFO - Setting next_dagrun for consume_1_or_2_with_dataset_expressions to None, run_after=None
[2024-05-20T01:02:35.062+0000] {logging_mixin.py:188} INFO - [2024-05-20T01:02:35.062+0000] {dag.py:3954} INFO - Setting next_dagrun for consume_1_or_both_2_and_3_with_dataset_expressions to None, run_after=None
[2024-05-20T01:02:35.064+0000] {logging_mixin.py:188} INFO - [2024-05-20T01:02:35.063+0000] {dag.py:3954} INFO - Setting next_dagrun for dataset_consumes_1 to None, run_after=None
[2024-05-20T01:02:35.066+0000] {logging_mixin.py:188} INFO - [2024-05-20T01:02:35.066+0000] {dag.py:3954} INFO - Setting next_dagrun for dataset_consumes_1_and_2 to None, run_after=None
[2024-05-20T01:02:35.069+0000] {logging_mixin.py:188} INFO - [2024-05-20T01:02:35.069+0000] {dag.py:3954} INFO - Setting next_dagrun for dataset_consumes_1_never_scheduled to None, run_after=None
[2024-05-20T01:02:35.070+0000] {logging_mixin.py:188} INFO - [2024-05-20T01:02:35.070+0000] {dag.py:3954} INFO - Setting next_dagrun for dataset_consumes_unknown_never_scheduled to None, run_after=None
[2024-05-20T01:02:35.073+0000] {logging_mixin.py:188} INFO - [2024-05-20T01:02:35.073+0000] {dag.py:3954} INFO - Setting next_dagrun for dataset_produces_1 to 2024-05-19 00:00:00+00:00, run_after=2024-05-20 00:00:00+00:00
[2024-05-20T01:02:35.075+0000] {logging_mixin.py:188} INFO - [2024-05-20T01:02:35.075+0000] {dag.py:3954} INFO - Setting next_dagrun for dataset_produces_2 to None, run_after=None
[2024-05-20T01:02:35.124+0000] {processor.py:183} INFO - Processing /home/airflow/.local/lib/python3.12/site-packages/airflow/example_dags/example_datasets.py took 0.195 seconds
[2024-05-20T01:03:26.344+0000] {processor.py:161} INFO - Started process (PID=1563) to work on /home/airflow/.local/lib/python3.12/site-packages/airflow/example_dags/example_datasets.py
[2024-05-20T01:03:26.349+0000] {processor.py:830} INFO - Processing file /home/airflow/.local/lib/python3.12/site-packages/airflow/example_dags/example_datasets.py for tasks to queue
[2024-05-20T01:03:26.358+0000] {logging_mixin.py:188} INFO - [2024-05-20T01:03:26.357+0000] {dagbag.py:545} INFO - Filling up the DagBag from /home/airflow/.local/lib/python3.12/site-packages/airflow/example_dags/example_datasets.py
[2024-05-20T01:03:26.445+0000] {processor.py:840} INFO - DAG(s) 'conditional_dataset_and_time_based_timetable', 'consume_1_or_2_with_dataset_expressions', 'dataset_produces_1', 'consume_1_or_both_2_and_3_with_dataset_expressions', 'dataset_consumes_1', 'dataset_consumes_1_and_2', 'dataset_produces_2', 'consume_1_and_2_with_dataset_expressions', 'dataset_consumes_unknown_never_scheduled', 'dataset_consumes_1_never_scheduled' retrieved from /home/airflow/.local/lib/python3.12/site-packages/airflow/example_dags/example_datasets.py
[2024-05-20T01:03:26.617+0000] {logging_mixin.py:188} INFO - [2024-05-20T01:03:26.616+0000] {dag.py:3096} INFO - Sync 10 DAGs
[2024-05-20T01:03:26.691+0000] {logging_mixin.py:188} INFO - [2024-05-20T01:03:26.690+0000] {dag.py:3954} INFO - Setting next_dagrun for conditional_dataset_and_time_based_timetable to 2024-05-15 01:00:00+00:00, run_after=2024-05-15 01:00:00+00:00
[2024-05-20T01:03:26.704+0000] {logging_mixin.py:188} INFO - [2024-05-20T01:03:26.704+0000] {dag.py:3954} INFO - Setting next_dagrun for consume_1_and_2_with_dataset_expressions to None, run_after=None
[2024-05-20T01:03:26.707+0000] {logging_mixin.py:188} INFO - [2024-05-20T01:03:26.707+0000] {dag.py:3954} INFO - Setting next_dagrun for consume_1_or_2_with_dataset_expressions to None, run_after=None
[2024-05-20T01:03:26.711+0000] {logging_mixin.py:188} INFO - [2024-05-20T01:03:26.711+0000] {dag.py:3954} INFO - Setting next_dagrun for consume_1_or_both_2_and_3_with_dataset_expressions to None, run_after=None
[2024-05-20T01:03:26.715+0000] {logging_mixin.py:188} INFO - [2024-05-20T01:03:26.715+0000] {dag.py:3954} INFO - Setting next_dagrun for dataset_consumes_1 to None, run_after=None
[2024-05-20T01:03:26.718+0000] {logging_mixin.py:188} INFO - [2024-05-20T01:03:26.717+0000] {dag.py:3954} INFO - Setting next_dagrun for dataset_consumes_1_and_2 to None, run_after=None
[2024-05-20T01:03:26.720+0000] {logging_mixin.py:188} INFO - [2024-05-20T01:03:26.720+0000] {dag.py:3954} INFO - Setting next_dagrun for dataset_consumes_1_never_scheduled to None, run_after=None
[2024-05-20T01:03:26.724+0000] {logging_mixin.py:188} INFO - [2024-05-20T01:03:26.723+0000] {dag.py:3954} INFO - Setting next_dagrun for dataset_consumes_unknown_never_scheduled to None, run_after=None
[2024-05-20T01:03:26.733+0000] {logging_mixin.py:188} INFO - [2024-05-20T01:03:26.733+0000] {dag.py:3954} INFO - Setting next_dagrun for dataset_produces_1 to 2024-05-19 00:00:00+00:00, run_after=2024-05-20 00:00:00+00:00
[2024-05-20T01:03:26.736+0000] {logging_mixin.py:188} INFO - [2024-05-20T01:03:26.736+0000] {dag.py:3954} INFO - Setting next_dagrun for dataset_produces_2 to None, run_after=None
[2024-05-20T01:03:26.850+0000] {processor.py:183} INFO - Processing /home/airflow/.local/lib/python3.12/site-packages/airflow/example_dags/example_datasets.py took 0.551 seconds
