[2024-05-20T00:48:48.306+0000] {processor.py:161} INFO - Started process (PID=83) to work on /home/airflow/.local/lib/python3.12/site-packages/airflow/example_dags/example_trigger_controller_dag.py
[2024-05-20T00:48:48.309+0000] {processor.py:830} INFO - Processing file /home/airflow/.local/lib/python3.12/site-packages/airflow/example_dags/example_trigger_controller_dag.py for tasks to queue
[2024-05-20T00:48:48.314+0000] {logging_mixin.py:188} INFO - [2024-05-20T00:48:48.313+0000] {dagbag.py:545} INFO - Filling up the DagBag from /home/airflow/.local/lib/python3.12/site-packages/airflow/example_dags/example_trigger_controller_dag.py
[2024-05-20T00:48:48.345+0000] {processor.py:840} INFO - DAG(s) 'example_trigger_controller_dag' retrieved from /home/airflow/.local/lib/python3.12/site-packages/airflow/example_dags/example_trigger_controller_dag.py
[2024-05-20T00:48:48.547+0000] {logging_mixin.py:188} INFO - [2024-05-20T00:48:48.546+0000] {dag.py:3096} INFO - Sync 1 DAGs
[2024-05-20T00:48:48.589+0000] {logging_mixin.py:188} INFO - [2024-05-20T00:48:48.588+0000] {dag.py:3954} INFO - Setting next_dagrun for example_trigger_controller_dag to 2021-01-01 00:00:00+00:00, run_after=2021-01-01 00:00:00+00:00
[2024-05-20T00:48:48.630+0000] {processor.py:183} INFO - Processing /home/airflow/.local/lib/python3.12/site-packages/airflow/example_dags/example_trigger_controller_dag.py took 0.338 seconds
[2024-05-20T00:49:18.923+0000] {processor.py:161} INFO - Started process (PID=142) to work on /home/airflow/.local/lib/python3.12/site-packages/airflow/example_dags/example_trigger_controller_dag.py
[2024-05-20T00:49:18.925+0000] {processor.py:830} INFO - Processing file /home/airflow/.local/lib/python3.12/site-packages/airflow/example_dags/example_trigger_controller_dag.py for tasks to queue
[2024-05-20T00:49:18.929+0000] {logging_mixin.py:188} INFO - [2024-05-20T00:49:18.928+0000] {dagbag.py:545} INFO - Filling up the DagBag from /home/airflow/.local/lib/python3.12/site-packages/airflow/example_dags/example_trigger_controller_dag.py
[2024-05-20T00:49:18.936+0000] {processor.py:840} INFO - DAG(s) 'example_trigger_controller_dag' retrieved from /home/airflow/.local/lib/python3.12/site-packages/airflow/example_dags/example_trigger_controller_dag.py
[2024-05-20T00:49:18.965+0000] {logging_mixin.py:188} INFO - [2024-05-20T00:49:18.964+0000] {dag.py:3096} INFO - Sync 1 DAGs
[2024-05-20T00:49:18.992+0000] {logging_mixin.py:188} INFO - [2024-05-20T00:49:18.991+0000] {dag.py:3954} INFO - Setting next_dagrun for example_trigger_controller_dag to 2021-01-01 00:00:00+00:00, run_after=2021-01-01 00:00:00+00:00
[2024-05-20T00:49:19.012+0000] {processor.py:183} INFO - Processing /home/airflow/.local/lib/python3.12/site-packages/airflow/example_dags/example_trigger_controller_dag.py took 0.100 seconds
[2024-05-20T00:49:51.537+0000] {processor.py:161} INFO - Started process (PID=201) to work on /home/airflow/.local/lib/python3.12/site-packages/airflow/example_dags/example_trigger_controller_dag.py
[2024-05-20T00:49:51.540+0000] {processor.py:830} INFO - Processing file /home/airflow/.local/lib/python3.12/site-packages/airflow/example_dags/example_trigger_controller_dag.py for tasks to queue
[2024-05-20T00:49:51.548+0000] {logging_mixin.py:188} INFO - [2024-05-20T00:49:51.547+0000] {dagbag.py:545} INFO - Filling up the DagBag from /home/airflow/.local/lib/python3.12/site-packages/airflow/example_dags/example_trigger_controller_dag.py
[2024-05-20T00:49:51.639+0000] {processor.py:840} INFO - DAG(s) 'example_trigger_controller_dag' retrieved from /home/airflow/.local/lib/python3.12/site-packages/airflow/example_dags/example_trigger_controller_dag.py
[2024-05-20T00:49:51.741+0000] {logging_mixin.py:188} INFO - [2024-05-20T00:49:51.740+0000] {dag.py:3096} INFO - Sync 1 DAGs
[2024-05-20T00:49:51.806+0000] {logging_mixin.py:188} INFO - [2024-05-20T00:49:51.806+0000] {dag.py:3954} INFO - Setting next_dagrun for example_trigger_controller_dag to 2021-01-01 00:00:00+00:00, run_after=2021-01-01 00:00:00+00:00
[2024-05-20T00:49:51.856+0000] {processor.py:183} INFO - Processing /home/airflow/.local/lib/python3.12/site-packages/airflow/example_dags/example_trigger_controller_dag.py took 0.359 seconds
[2024-05-20T00:50:22.601+0000] {processor.py:161} INFO - Started process (PID=261) to work on /home/airflow/.local/lib/python3.12/site-packages/airflow/example_dags/example_trigger_controller_dag.py
[2024-05-20T00:50:22.603+0000] {processor.py:830} INFO - Processing file /home/airflow/.local/lib/python3.12/site-packages/airflow/example_dags/example_trigger_controller_dag.py for tasks to queue
[2024-05-20T00:50:22.613+0000] {logging_mixin.py:188} INFO - [2024-05-20T00:50:22.611+0000] {dagbag.py:545} INFO - Filling up the DagBag from /home/airflow/.local/lib/python3.12/site-packages/airflow/example_dags/example_trigger_controller_dag.py
[2024-05-20T00:50:22.623+0000] {processor.py:840} INFO - DAG(s) 'example_trigger_controller_dag' retrieved from /home/airflow/.local/lib/python3.12/site-packages/airflow/example_dags/example_trigger_controller_dag.py
[2024-05-20T00:50:22.665+0000] {logging_mixin.py:188} INFO - [2024-05-20T00:50:22.665+0000] {dag.py:3096} INFO - Sync 1 DAGs
[2024-05-20T00:50:22.701+0000] {logging_mixin.py:188} INFO - [2024-05-20T00:50:22.701+0000] {dag.py:3954} INFO - Setting next_dagrun for example_trigger_controller_dag to 2021-01-01 00:00:00+00:00, run_after=2021-01-01 00:00:00+00:00
[2024-05-20T00:50:22.750+0000] {processor.py:183} INFO - Processing /home/airflow/.local/lib/python3.12/site-packages/airflow/example_dags/example_trigger_controller_dag.py took 0.169 seconds
[2024-05-20T00:50:54.983+0000] {processor.py:161} INFO - Started process (PID=320) to work on /home/airflow/.local/lib/python3.12/site-packages/airflow/example_dags/example_trigger_controller_dag.py
[2024-05-20T00:50:54.986+0000] {processor.py:830} INFO - Processing file /home/airflow/.local/lib/python3.12/site-packages/airflow/example_dags/example_trigger_controller_dag.py for tasks to queue
[2024-05-20T00:50:55.019+0000] {logging_mixin.py:188} INFO - [2024-05-20T00:50:55.010+0000] {dagbag.py:545} INFO - Filling up the DagBag from /home/airflow/.local/lib/python3.12/site-packages/airflow/example_dags/example_trigger_controller_dag.py
[2024-05-20T00:50:55.043+0000] {processor.py:840} INFO - DAG(s) 'example_trigger_controller_dag' retrieved from /home/airflow/.local/lib/python3.12/site-packages/airflow/example_dags/example_trigger_controller_dag.py
[2024-05-20T00:50:55.160+0000] {logging_mixin.py:188} INFO - [2024-05-20T00:50:55.159+0000] {dag.py:3096} INFO - Sync 1 DAGs
[2024-05-20T00:50:55.324+0000] {logging_mixin.py:188} INFO - [2024-05-20T00:50:55.320+0000] {dag.py:3954} INFO - Setting next_dagrun for example_trigger_controller_dag to 2021-01-01 00:00:00+00:00, run_after=2021-01-01 00:00:00+00:00
[2024-05-20T00:50:55.511+0000] {processor.py:183} INFO - Processing /home/airflow/.local/lib/python3.12/site-packages/airflow/example_dags/example_trigger_controller_dag.py took 0.613 seconds
[2024-05-20T00:51:25.686+0000] {processor.py:161} INFO - Started process (PID=380) to work on /home/airflow/.local/lib/python3.12/site-packages/airflow/example_dags/example_trigger_controller_dag.py
[2024-05-20T00:51:25.705+0000] {processor.py:830} INFO - Processing file /home/airflow/.local/lib/python3.12/site-packages/airflow/example_dags/example_trigger_controller_dag.py for tasks to queue
[2024-05-20T00:51:25.715+0000] {logging_mixin.py:188} INFO - [2024-05-20T00:51:25.715+0000] {dagbag.py:545} INFO - Filling up the DagBag from /home/airflow/.local/lib/python3.12/site-packages/airflow/example_dags/example_trigger_controller_dag.py
[2024-05-20T00:51:25.728+0000] {processor.py:840} INFO - DAG(s) 'example_trigger_controller_dag' retrieved from /home/airflow/.local/lib/python3.12/site-packages/airflow/example_dags/example_trigger_controller_dag.py
[2024-05-20T00:51:25.773+0000] {logging_mixin.py:188} INFO - [2024-05-20T00:51:25.773+0000] {dag.py:3096} INFO - Sync 1 DAGs
[2024-05-20T00:51:25.864+0000] {logging_mixin.py:188} INFO - [2024-05-20T00:51:25.863+0000] {dag.py:3954} INFO - Setting next_dagrun for example_trigger_controller_dag to 2021-01-01 00:00:00+00:00, run_after=2021-01-01 00:00:00+00:00
[2024-05-20T00:51:25.906+0000] {processor.py:183} INFO - Processing /home/airflow/.local/lib/python3.12/site-packages/airflow/example_dags/example_trigger_controller_dag.py took 0.238 seconds
[2024-05-20T00:51:55.986+0000] {processor.py:161} INFO - Started process (PID=440) to work on /home/airflow/.local/lib/python3.12/site-packages/airflow/example_dags/example_trigger_controller_dag.py
[2024-05-20T00:51:55.988+0000] {processor.py:830} INFO - Processing file /home/airflow/.local/lib/python3.12/site-packages/airflow/example_dags/example_trigger_controller_dag.py for tasks to queue
[2024-05-20T00:51:55.992+0000] {logging_mixin.py:188} INFO - [2024-05-20T00:51:55.991+0000] {dagbag.py:545} INFO - Filling up the DagBag from /home/airflow/.local/lib/python3.12/site-packages/airflow/example_dags/example_trigger_controller_dag.py
[2024-05-20T00:51:55.999+0000] {processor.py:840} INFO - DAG(s) 'example_trigger_controller_dag' retrieved from /home/airflow/.local/lib/python3.12/site-packages/airflow/example_dags/example_trigger_controller_dag.py
[2024-05-20T00:51:56.025+0000] {logging_mixin.py:188} INFO - [2024-05-20T00:51:56.025+0000] {dag.py:3096} INFO - Sync 1 DAGs
[2024-05-20T00:51:56.053+0000] {logging_mixin.py:188} INFO - [2024-05-20T00:51:56.053+0000] {dag.py:3954} INFO - Setting next_dagrun for example_trigger_controller_dag to 2021-01-01 00:00:00+00:00, run_after=2021-01-01 00:00:00+00:00
[2024-05-20T00:51:56.078+0000] {processor.py:183} INFO - Processing /home/airflow/.local/lib/python3.12/site-packages/airflow/example_dags/example_trigger_controller_dag.py took 0.111 seconds
[2024-05-20T00:52:26.597+0000] {processor.py:161} INFO - Started process (PID=498) to work on /home/airflow/.local/lib/python3.12/site-packages/airflow/example_dags/example_trigger_controller_dag.py
[2024-05-20T00:52:26.598+0000] {processor.py:830} INFO - Processing file /home/airflow/.local/lib/python3.12/site-packages/airflow/example_dags/example_trigger_controller_dag.py for tasks to queue
[2024-05-20T00:52:26.601+0000] {logging_mixin.py:188} INFO - [2024-05-20T00:52:26.600+0000] {dagbag.py:545} INFO - Filling up the DagBag from /home/airflow/.local/lib/python3.12/site-packages/airflow/example_dags/example_trigger_controller_dag.py
[2024-05-20T00:52:26.609+0000] {processor.py:840} INFO - DAG(s) 'example_trigger_controller_dag' retrieved from /home/airflow/.local/lib/python3.12/site-packages/airflow/example_dags/example_trigger_controller_dag.py
[2024-05-20T00:52:26.639+0000] {logging_mixin.py:188} INFO - [2024-05-20T00:52:26.638+0000] {dag.py:3096} INFO - Sync 1 DAGs
[2024-05-20T00:52:26.694+0000] {logging_mixin.py:188} INFO - [2024-05-20T00:52:26.693+0000] {dag.py:3954} INFO - Setting next_dagrun for example_trigger_controller_dag to 2021-01-01 00:00:00+00:00, run_after=2021-01-01 00:00:00+00:00
[2024-05-20T00:52:26.752+0000] {processor.py:183} INFO - Processing /home/airflow/.local/lib/python3.12/site-packages/airflow/example_dags/example_trigger_controller_dag.py took 0.165 seconds
[2024-05-20T00:52:57.120+0000] {processor.py:161} INFO - Started process (PID=558) to work on /home/airflow/.local/lib/python3.12/site-packages/airflow/example_dags/example_trigger_controller_dag.py
[2024-05-20T00:52:57.121+0000] {processor.py:830} INFO - Processing file /home/airflow/.local/lib/python3.12/site-packages/airflow/example_dags/example_trigger_controller_dag.py for tasks to queue
[2024-05-20T00:52:57.122+0000] {logging_mixin.py:188} INFO - [2024-05-20T00:52:57.122+0000] {dagbag.py:545} INFO - Filling up the DagBag from /home/airflow/.local/lib/python3.12/site-packages/airflow/example_dags/example_trigger_controller_dag.py
[2024-05-20T00:52:57.127+0000] {processor.py:840} INFO - DAG(s) 'example_trigger_controller_dag' retrieved from /home/airflow/.local/lib/python3.12/site-packages/airflow/example_dags/example_trigger_controller_dag.py
[2024-05-20T00:52:57.154+0000] {logging_mixin.py:188} INFO - [2024-05-20T00:52:57.153+0000] {dag.py:3096} INFO - Sync 1 DAGs
[2024-05-20T00:52:57.169+0000] {logging_mixin.py:188} INFO - [2024-05-20T00:52:57.169+0000] {dag.py:3954} INFO - Setting next_dagrun for example_trigger_controller_dag to 2021-01-01 00:00:00+00:00, run_after=2021-01-01 00:00:00+00:00
[2024-05-20T00:52:57.184+0000] {processor.py:183} INFO - Processing /home/airflow/.local/lib/python3.12/site-packages/airflow/example_dags/example_trigger_controller_dag.py took 0.069 seconds
[2024-05-20T00:53:52.821+0000] {processor.py:161} INFO - Started process (PID=629) to work on /home/airflow/.local/lib/python3.12/site-packages/airflow/example_dags/example_trigger_controller_dag.py
[2024-05-20T00:53:52.823+0000] {processor.py:830} INFO - Processing file /home/airflow/.local/lib/python3.12/site-packages/airflow/example_dags/example_trigger_controller_dag.py for tasks to queue
[2024-05-20T00:53:52.827+0000] {logging_mixin.py:188} INFO - [2024-05-20T00:53:52.826+0000] {dagbag.py:545} INFO - Filling up the DagBag from /home/airflow/.local/lib/python3.12/site-packages/airflow/example_dags/example_trigger_controller_dag.py
[2024-05-20T00:53:52.837+0000] {processor.py:840} INFO - DAG(s) 'example_trigger_controller_dag' retrieved from /home/airflow/.local/lib/python3.12/site-packages/airflow/example_dags/example_trigger_controller_dag.py
[2024-05-20T00:53:52.896+0000] {logging_mixin.py:188} INFO - [2024-05-20T00:53:52.895+0000] {dag.py:3096} INFO - Sync 1 DAGs
[2024-05-20T00:53:52.938+0000] {logging_mixin.py:188} INFO - [2024-05-20T00:53:52.938+0000] {dag.py:3954} INFO - Setting next_dagrun for example_trigger_controller_dag to 2021-01-01 00:00:00+00:00, run_after=2021-01-01 00:00:00+00:00
[2024-05-20T00:53:52.997+0000] {processor.py:183} INFO - Processing /home/airflow/.local/lib/python3.12/site-packages/airflow/example_dags/example_trigger_controller_dag.py took 0.209 seconds
[2024-05-20T00:54:23.189+0000] {processor.py:161} INFO - Started process (PID=688) to work on /home/airflow/.local/lib/python3.12/site-packages/airflow/example_dags/example_trigger_controller_dag.py
[2024-05-20T00:54:23.190+0000] {processor.py:830} INFO - Processing file /home/airflow/.local/lib/python3.12/site-packages/airflow/example_dags/example_trigger_controller_dag.py for tasks to queue
[2024-05-20T00:54:23.192+0000] {logging_mixin.py:188} INFO - [2024-05-20T00:54:23.191+0000] {dagbag.py:545} INFO - Filling up the DagBag from /home/airflow/.local/lib/python3.12/site-packages/airflow/example_dags/example_trigger_controller_dag.py
[2024-05-20T00:54:23.196+0000] {processor.py:840} INFO - DAG(s) 'example_trigger_controller_dag' retrieved from /home/airflow/.local/lib/python3.12/site-packages/airflow/example_dags/example_trigger_controller_dag.py
[2024-05-20T00:54:23.214+0000] {logging_mixin.py:188} INFO - [2024-05-20T00:54:23.214+0000] {dag.py:3096} INFO - Sync 1 DAGs
[2024-05-20T00:54:23.235+0000] {logging_mixin.py:188} INFO - [2024-05-20T00:54:23.235+0000] {dag.py:3954} INFO - Setting next_dagrun for example_trigger_controller_dag to 2021-01-01 00:00:00+00:00, run_after=2021-01-01 00:00:00+00:00
[2024-05-20T00:54:23.251+0000] {processor.py:183} INFO - Processing /home/airflow/.local/lib/python3.12/site-packages/airflow/example_dags/example_trigger_controller_dag.py took 0.067 seconds
[2024-05-20T00:54:53.476+0000] {processor.py:161} INFO - Started process (PID=748) to work on /home/airflow/.local/lib/python3.12/site-packages/airflow/example_dags/example_trigger_controller_dag.py
[2024-05-20T00:54:53.477+0000] {processor.py:830} INFO - Processing file /home/airflow/.local/lib/python3.12/site-packages/airflow/example_dags/example_trigger_controller_dag.py for tasks to queue
[2024-05-20T00:54:53.479+0000] {logging_mixin.py:188} INFO - [2024-05-20T00:54:53.478+0000] {dagbag.py:545} INFO - Filling up the DagBag from /home/airflow/.local/lib/python3.12/site-packages/airflow/example_dags/example_trigger_controller_dag.py
[2024-05-20T00:54:53.483+0000] {processor.py:840} INFO - DAG(s) 'example_trigger_controller_dag' retrieved from /home/airflow/.local/lib/python3.12/site-packages/airflow/example_dags/example_trigger_controller_dag.py
[2024-05-20T00:54:53.535+0000] {logging_mixin.py:188} INFO - [2024-05-20T00:54:53.535+0000] {dag.py:3096} INFO - Sync 1 DAGs
[2024-05-20T00:54:53.580+0000] {logging_mixin.py:188} INFO - [2024-05-20T00:54:53.579+0000] {dag.py:3954} INFO - Setting next_dagrun for example_trigger_controller_dag to 2021-01-01 00:00:00+00:00, run_after=2021-01-01 00:00:00+00:00
[2024-05-20T00:54:53.605+0000] {processor.py:183} INFO - Processing /home/airflow/.local/lib/python3.12/site-packages/airflow/example_dags/example_trigger_controller_dag.py took 0.134 seconds
[2024-05-20T00:55:44.194+0000] {processor.py:161} INFO - Started process (PID=807) to work on /home/airflow/.local/lib/python3.12/site-packages/airflow/example_dags/example_trigger_controller_dag.py
[2024-05-20T00:55:44.196+0000] {processor.py:830} INFO - Processing file /home/airflow/.local/lib/python3.12/site-packages/airflow/example_dags/example_trigger_controller_dag.py for tasks to queue
[2024-05-20T00:55:44.202+0000] {logging_mixin.py:188} INFO - [2024-05-20T00:55:44.201+0000] {dagbag.py:545} INFO - Filling up the DagBag from /home/airflow/.local/lib/python3.12/site-packages/airflow/example_dags/example_trigger_controller_dag.py
[2024-05-20T00:55:44.209+0000] {processor.py:840} INFO - DAG(s) 'example_trigger_controller_dag' retrieved from /home/airflow/.local/lib/python3.12/site-packages/airflow/example_dags/example_trigger_controller_dag.py
[2024-05-20T00:55:44.264+0000] {logging_mixin.py:188} INFO - [2024-05-20T00:55:44.263+0000] {dag.py:3096} INFO - Sync 1 DAGs
[2024-05-20T00:55:44.309+0000] {logging_mixin.py:188} INFO - [2024-05-20T00:55:44.308+0000] {dag.py:3954} INFO - Setting next_dagrun for example_trigger_controller_dag to 2021-01-01 00:00:00+00:00, run_after=2021-01-01 00:00:00+00:00
[2024-05-20T00:55:44.345+0000] {processor.py:183} INFO - Processing /home/airflow/.local/lib/python3.12/site-packages/airflow/example_dags/example_trigger_controller_dag.py took 0.161 seconds
[2024-05-20T00:56:18.173+0000] {processor.py:161} INFO - Started process (PID=867) to work on /home/airflow/.local/lib/python3.12/site-packages/airflow/example_dags/example_trigger_controller_dag.py
[2024-05-20T00:56:18.181+0000] {processor.py:830} INFO - Processing file /home/airflow/.local/lib/python3.12/site-packages/airflow/example_dags/example_trigger_controller_dag.py for tasks to queue
[2024-05-20T00:56:18.188+0000] {logging_mixin.py:188} INFO - [2024-05-20T00:56:18.185+0000] {dagbag.py:545} INFO - Filling up the DagBag from /home/airflow/.local/lib/python3.12/site-packages/airflow/example_dags/example_trigger_controller_dag.py
[2024-05-20T00:56:18.216+0000] {processor.py:840} INFO - DAG(s) 'example_trigger_controller_dag' retrieved from /home/airflow/.local/lib/python3.12/site-packages/airflow/example_dags/example_trigger_controller_dag.py
[2024-05-20T00:56:18.317+0000] {logging_mixin.py:188} INFO - [2024-05-20T00:56:18.312+0000] {dag.py:3096} INFO - Sync 1 DAGs
[2024-05-20T00:56:18.412+0000] {logging_mixin.py:188} INFO - [2024-05-20T00:56:18.411+0000] {dag.py:3954} INFO - Setting next_dagrun for example_trigger_controller_dag to 2021-01-01 00:00:00+00:00, run_after=2021-01-01 00:00:00+00:00
[2024-05-20T00:56:18.457+0000] {processor.py:183} INFO - Processing /home/airflow/.local/lib/python3.12/site-packages/airflow/example_dags/example_trigger_controller_dag.py took 0.315 seconds
[2024-05-20T00:56:50.435+0000] {processor.py:161} INFO - Started process (PID=927) to work on /home/airflow/.local/lib/python3.12/site-packages/airflow/example_dags/example_trigger_controller_dag.py
[2024-05-20T00:56:50.438+0000] {processor.py:830} INFO - Processing file /home/airflow/.local/lib/python3.12/site-packages/airflow/example_dags/example_trigger_controller_dag.py for tasks to queue
[2024-05-20T00:56:50.448+0000] {logging_mixin.py:188} INFO - [2024-05-20T00:56:50.446+0000] {dagbag.py:545} INFO - Filling up the DagBag from /home/airflow/.local/lib/python3.12/site-packages/airflow/example_dags/example_trigger_controller_dag.py
[2024-05-20T00:56:50.472+0000] {processor.py:840} INFO - DAG(s) 'example_trigger_controller_dag' retrieved from /home/airflow/.local/lib/python3.12/site-packages/airflow/example_dags/example_trigger_controller_dag.py
[2024-05-20T00:56:50.523+0000] {logging_mixin.py:188} INFO - [2024-05-20T00:56:50.522+0000] {dag.py:3096} INFO - Sync 1 DAGs
[2024-05-20T00:56:50.594+0000] {logging_mixin.py:188} INFO - [2024-05-20T00:56:50.594+0000] {dag.py:3954} INFO - Setting next_dagrun for example_trigger_controller_dag to 2021-01-01 00:00:00+00:00, run_after=2021-01-01 00:00:00+00:00
[2024-05-20T00:56:50.647+0000] {processor.py:183} INFO - Processing /home/airflow/.local/lib/python3.12/site-packages/airflow/example_dags/example_trigger_controller_dag.py took 0.223 seconds
[2024-05-20T00:57:57.551+0000] {processor.py:161} INFO - Started process (PID=992) to work on /home/airflow/.local/lib/python3.12/site-packages/airflow/example_dags/example_trigger_controller_dag.py
[2024-05-20T00:57:57.562+0000] {processor.py:830} INFO - Processing file /home/airflow/.local/lib/python3.12/site-packages/airflow/example_dags/example_trigger_controller_dag.py for tasks to queue
[2024-05-20T00:57:57.578+0000] {logging_mixin.py:188} INFO - [2024-05-20T00:57:57.576+0000] {dagbag.py:545} INFO - Filling up the DagBag from /home/airflow/.local/lib/python3.12/site-packages/airflow/example_dags/example_trigger_controller_dag.py
[2024-05-20T00:57:57.636+0000] {processor.py:840} INFO - DAG(s) 'example_trigger_controller_dag' retrieved from /home/airflow/.local/lib/python3.12/site-packages/airflow/example_dags/example_trigger_controller_dag.py
[2024-05-20T00:57:57.811+0000] {logging_mixin.py:188} INFO - [2024-05-20T00:57:57.809+0000] {dag.py:3096} INFO - Sync 1 DAGs
[2024-05-20T00:57:57.918+0000] {logging_mixin.py:188} INFO - [2024-05-20T00:57:57.917+0000] {dag.py:3954} INFO - Setting next_dagrun for example_trigger_controller_dag to 2021-01-01 00:00:00+00:00, run_after=2021-01-01 00:00:00+00:00
[2024-05-20T00:57:57.997+0000] {processor.py:183} INFO - Processing /home/airflow/.local/lib/python3.12/site-packages/airflow/example_dags/example_trigger_controller_dag.py took 0.496 seconds
[2024-05-20T00:58:28.873+0000] {processor.py:161} INFO - Started process (PID=1049) to work on /home/airflow/.local/lib/python3.12/site-packages/airflow/example_dags/example_trigger_controller_dag.py
[2024-05-20T00:58:28.876+0000] {processor.py:830} INFO - Processing file /home/airflow/.local/lib/python3.12/site-packages/airflow/example_dags/example_trigger_controller_dag.py for tasks to queue
[2024-05-20T00:58:28.879+0000] {logging_mixin.py:188} INFO - [2024-05-20T00:58:28.878+0000] {dagbag.py:545} INFO - Filling up the DagBag from /home/airflow/.local/lib/python3.12/site-packages/airflow/example_dags/example_trigger_controller_dag.py
[2024-05-20T00:58:28.886+0000] {processor.py:840} INFO - DAG(s) 'example_trigger_controller_dag' retrieved from /home/airflow/.local/lib/python3.12/site-packages/airflow/example_dags/example_trigger_controller_dag.py
[2024-05-20T00:58:28.930+0000] {logging_mixin.py:188} INFO - [2024-05-20T00:58:28.929+0000] {dag.py:3096} INFO - Sync 1 DAGs
[2024-05-20T00:58:28.959+0000] {logging_mixin.py:188} INFO - [2024-05-20T00:58:28.959+0000] {dag.py:3954} INFO - Setting next_dagrun for example_trigger_controller_dag to 2021-01-01 00:00:00+00:00, run_after=2021-01-01 00:00:00+00:00
[2024-05-20T00:58:28.985+0000] {processor.py:183} INFO - Processing /home/airflow/.local/lib/python3.12/site-packages/airflow/example_dags/example_trigger_controller_dag.py took 0.118 seconds
[2024-05-20T00:58:59.153+0000] {processor.py:161} INFO - Started process (PID=1108) to work on /home/airflow/.local/lib/python3.12/site-packages/airflow/example_dags/example_trigger_controller_dag.py
[2024-05-20T00:58:59.158+0000] {processor.py:830} INFO - Processing file /home/airflow/.local/lib/python3.12/site-packages/airflow/example_dags/example_trigger_controller_dag.py for tasks to queue
[2024-05-20T00:58:59.173+0000] {logging_mixin.py:188} INFO - [2024-05-20T00:58:59.171+0000] {dagbag.py:545} INFO - Filling up the DagBag from /home/airflow/.local/lib/python3.12/site-packages/airflow/example_dags/example_trigger_controller_dag.py
[2024-05-20T00:58:59.215+0000] {processor.py:840} INFO - DAG(s) 'example_trigger_controller_dag' retrieved from /home/airflow/.local/lib/python3.12/site-packages/airflow/example_dags/example_trigger_controller_dag.py
[2024-05-20T00:58:59.301+0000] {logging_mixin.py:188} INFO - [2024-05-20T00:58:59.301+0000] {dag.py:3096} INFO - Sync 1 DAGs
[2024-05-20T00:58:59.384+0000] {logging_mixin.py:188} INFO - [2024-05-20T00:58:59.384+0000] {dag.py:3954} INFO - Setting next_dagrun for example_trigger_controller_dag to 2021-01-01 00:00:00+00:00, run_after=2021-01-01 00:00:00+00:00
[2024-05-20T00:58:59.438+0000] {processor.py:183} INFO - Processing /home/airflow/.local/lib/python3.12/site-packages/airflow/example_dags/example_trigger_controller_dag.py took 0.318 seconds
[2024-05-20T00:59:29.695+0000] {processor.py:161} INFO - Started process (PID=1168) to work on /home/airflow/.local/lib/python3.12/site-packages/airflow/example_dags/example_trigger_controller_dag.py
[2024-05-20T00:59:29.699+0000] {processor.py:830} INFO - Processing file /home/airflow/.local/lib/python3.12/site-packages/airflow/example_dags/example_trigger_controller_dag.py for tasks to queue
[2024-05-20T00:59:29.709+0000] {logging_mixin.py:188} INFO - [2024-05-20T00:59:29.705+0000] {dagbag.py:545} INFO - Filling up the DagBag from /home/airflow/.local/lib/python3.12/site-packages/airflow/example_dags/example_trigger_controller_dag.py
[2024-05-20T00:59:29.752+0000] {processor.py:840} INFO - DAG(s) 'example_trigger_controller_dag' retrieved from /home/airflow/.local/lib/python3.12/site-packages/airflow/example_dags/example_trigger_controller_dag.py
[2024-05-20T00:59:29.810+0000] {logging_mixin.py:188} INFO - [2024-05-20T00:59:29.810+0000] {dag.py:3096} INFO - Sync 1 DAGs
[2024-05-20T00:59:29.904+0000] {logging_mixin.py:188} INFO - [2024-05-20T00:59:29.903+0000] {dag.py:3954} INFO - Setting next_dagrun for example_trigger_controller_dag to 2021-01-01 00:00:00+00:00, run_after=2021-01-01 00:00:00+00:00
[2024-05-20T00:59:29.936+0000] {processor.py:183} INFO - Processing /home/airflow/.local/lib/python3.12/site-packages/airflow/example_dags/example_trigger_controller_dag.py took 0.254 seconds
[2024-05-20T01:00:08.240+0000] {processor.py:161} INFO - Started process (PID=1228) to work on /home/airflow/.local/lib/python3.12/site-packages/airflow/example_dags/example_trigger_controller_dag.py
[2024-05-20T01:00:08.242+0000] {processor.py:830} INFO - Processing file /home/airflow/.local/lib/python3.12/site-packages/airflow/example_dags/example_trigger_controller_dag.py for tasks to queue
[2024-05-20T01:00:08.246+0000] {logging_mixin.py:188} INFO - [2024-05-20T01:00:08.246+0000] {dagbag.py:545} INFO - Filling up the DagBag from /home/airflow/.local/lib/python3.12/site-packages/airflow/example_dags/example_trigger_controller_dag.py
[2024-05-20T01:00:08.271+0000] {processor.py:840} INFO - DAG(s) 'example_trigger_controller_dag' retrieved from /home/airflow/.local/lib/python3.12/site-packages/airflow/example_dags/example_trigger_controller_dag.py
[2024-05-20T01:00:08.330+0000] {logging_mixin.py:188} INFO - [2024-05-20T01:00:08.329+0000] {dag.py:3096} INFO - Sync 1 DAGs
[2024-05-20T01:00:08.367+0000] {logging_mixin.py:188} INFO - [2024-05-20T01:00:08.367+0000] {dag.py:3954} INFO - Setting next_dagrun for example_trigger_controller_dag to 2021-01-01 00:00:00+00:00, run_after=2021-01-01 00:00:00+00:00
[2024-05-20T01:00:08.428+0000] {processor.py:183} INFO - Processing /home/airflow/.local/lib/python3.12/site-packages/airflow/example_dags/example_trigger_controller_dag.py took 0.195 seconds
[2024-05-20T01:00:38.971+0000] {processor.py:161} INFO - Started process (PID=1288) to work on /home/airflow/.local/lib/python3.12/site-packages/airflow/example_dags/example_trigger_controller_dag.py
[2024-05-20T01:00:38.974+0000] {processor.py:830} INFO - Processing file /home/airflow/.local/lib/python3.12/site-packages/airflow/example_dags/example_trigger_controller_dag.py for tasks to queue
[2024-05-20T01:00:38.981+0000] {logging_mixin.py:188} INFO - [2024-05-20T01:00:38.981+0000] {dagbag.py:545} INFO - Filling up the DagBag from /home/airflow/.local/lib/python3.12/site-packages/airflow/example_dags/example_trigger_controller_dag.py
[2024-05-20T01:00:38.990+0000] {processor.py:840} INFO - DAG(s) 'example_trigger_controller_dag' retrieved from /home/airflow/.local/lib/python3.12/site-packages/airflow/example_dags/example_trigger_controller_dag.py
[2024-05-20T01:00:39.067+0000] {logging_mixin.py:188} INFO - [2024-05-20T01:00:39.066+0000] {dag.py:3096} INFO - Sync 1 DAGs
[2024-05-20T01:00:39.143+0000] {logging_mixin.py:188} INFO - [2024-05-20T01:00:39.143+0000] {dag.py:3954} INFO - Setting next_dagrun for example_trigger_controller_dag to 2021-01-01 00:00:00+00:00, run_after=2021-01-01 00:00:00+00:00
[2024-05-20T01:00:39.242+0000] {processor.py:183} INFO - Processing /home/airflow/.local/lib/python3.12/site-packages/airflow/example_dags/example_trigger_controller_dag.py took 0.281 seconds
[2024-05-20T01:01:09.754+0000] {processor.py:161} INFO - Started process (PID=1348) to work on /home/airflow/.local/lib/python3.12/site-packages/airflow/example_dags/example_trigger_controller_dag.py
[2024-05-20T01:01:09.755+0000] {processor.py:830} INFO - Processing file /home/airflow/.local/lib/python3.12/site-packages/airflow/example_dags/example_trigger_controller_dag.py for tasks to queue
[2024-05-20T01:01:09.757+0000] {logging_mixin.py:188} INFO - [2024-05-20T01:01:09.757+0000] {dagbag.py:545} INFO - Filling up the DagBag from /home/airflow/.local/lib/python3.12/site-packages/airflow/example_dags/example_trigger_controller_dag.py
[2024-05-20T01:01:09.763+0000] {processor.py:840} INFO - DAG(s) 'example_trigger_controller_dag' retrieved from /home/airflow/.local/lib/python3.12/site-packages/airflow/example_dags/example_trigger_controller_dag.py
[2024-05-20T01:01:09.798+0000] {logging_mixin.py:188} INFO - [2024-05-20T01:01:09.797+0000] {dag.py:3096} INFO - Sync 1 DAGs
[2024-05-20T01:01:09.826+0000] {logging_mixin.py:188} INFO - [2024-05-20T01:01:09.826+0000] {dag.py:3954} INFO - Setting next_dagrun for example_trigger_controller_dag to 2021-01-01 00:00:00+00:00, run_after=2021-01-01 00:00:00+00:00
[2024-05-20T01:01:09.849+0000] {processor.py:183} INFO - Processing /home/airflow/.local/lib/python3.12/site-packages/airflow/example_dags/example_trigger_controller_dag.py took 0.102 seconds
[2024-05-20T01:01:41.123+0000] {processor.py:161} INFO - Started process (PID=1408) to work on /home/airflow/.local/lib/python3.12/site-packages/airflow/example_dags/example_trigger_controller_dag.py
[2024-05-20T01:01:41.126+0000] {processor.py:830} INFO - Processing file /home/airflow/.local/lib/python3.12/site-packages/airflow/example_dags/example_trigger_controller_dag.py for tasks to queue
[2024-05-20T01:01:41.129+0000] {logging_mixin.py:188} INFO - [2024-05-20T01:01:41.128+0000] {dagbag.py:545} INFO - Filling up the DagBag from /home/airflow/.local/lib/python3.12/site-packages/airflow/example_dags/example_trigger_controller_dag.py
[2024-05-20T01:01:41.136+0000] {processor.py:840} INFO - DAG(s) 'example_trigger_controller_dag' retrieved from /home/airflow/.local/lib/python3.12/site-packages/airflow/example_dags/example_trigger_controller_dag.py
[2024-05-20T01:01:41.184+0000] {logging_mixin.py:188} INFO - [2024-05-20T01:01:41.184+0000] {dag.py:3096} INFO - Sync 1 DAGs
[2024-05-20T01:01:41.223+0000] {logging_mixin.py:188} INFO - [2024-05-20T01:01:41.223+0000] {dag.py:3954} INFO - Setting next_dagrun for example_trigger_controller_dag to 2021-01-01 00:00:00+00:00, run_after=2021-01-01 00:00:00+00:00
[2024-05-20T01:01:41.262+0000] {processor.py:183} INFO - Processing /home/airflow/.local/lib/python3.12/site-packages/airflow/example_dags/example_trigger_controller_dag.py took 0.146 seconds
[2024-05-20T01:02:12.256+0000] {processor.py:161} INFO - Started process (PID=1468) to work on /home/airflow/.local/lib/python3.12/site-packages/airflow/example_dags/example_trigger_controller_dag.py
[2024-05-20T01:02:12.257+0000] {processor.py:830} INFO - Processing file /home/airflow/.local/lib/python3.12/site-packages/airflow/example_dags/example_trigger_controller_dag.py for tasks to queue
[2024-05-20T01:02:12.259+0000] {logging_mixin.py:188} INFO - [2024-05-20T01:02:12.259+0000] {dagbag.py:545} INFO - Filling up the DagBag from /home/airflow/.local/lib/python3.12/site-packages/airflow/example_dags/example_trigger_controller_dag.py
[2024-05-20T01:02:12.264+0000] {processor.py:840} INFO - DAG(s) 'example_trigger_controller_dag' retrieved from /home/airflow/.local/lib/python3.12/site-packages/airflow/example_dags/example_trigger_controller_dag.py
[2024-05-20T01:02:12.283+0000] {logging_mixin.py:188} INFO - [2024-05-20T01:02:12.283+0000] {dag.py:3096} INFO - Sync 1 DAGs
[2024-05-20T01:02:12.317+0000] {logging_mixin.py:188} INFO - [2024-05-20T01:02:12.317+0000] {dag.py:3954} INFO - Setting next_dagrun for example_trigger_controller_dag to 2021-01-01 00:00:00+00:00, run_after=2021-01-01 00:00:00+00:00
[2024-05-20T01:02:12.339+0000] {processor.py:183} INFO - Processing /home/airflow/.local/lib/python3.12/site-packages/airflow/example_dags/example_trigger_controller_dag.py took 0.089 seconds
[2024-05-20T01:02:43.825+0000] {processor.py:161} INFO - Started process (PID=1528) to work on /home/airflow/.local/lib/python3.12/site-packages/airflow/example_dags/example_trigger_controller_dag.py
[2024-05-20T01:02:43.827+0000] {processor.py:830} INFO - Processing file /home/airflow/.local/lib/python3.12/site-packages/airflow/example_dags/example_trigger_controller_dag.py for tasks to queue
[2024-05-20T01:02:43.831+0000] {logging_mixin.py:188} INFO - [2024-05-20T01:02:43.830+0000] {dagbag.py:545} INFO - Filling up the DagBag from /home/airflow/.local/lib/python3.12/site-packages/airflow/example_dags/example_trigger_controller_dag.py
[2024-05-20T01:02:43.854+0000] {processor.py:840} INFO - DAG(s) 'example_trigger_controller_dag' retrieved from /home/airflow/.local/lib/python3.12/site-packages/airflow/example_dags/example_trigger_controller_dag.py
[2024-05-20T01:02:43.909+0000] {logging_mixin.py:188} INFO - [2024-05-20T01:02:43.909+0000] {dag.py:3096} INFO - Sync 1 DAGs
[2024-05-20T01:02:43.961+0000] {logging_mixin.py:188} INFO - [2024-05-20T01:02:43.960+0000] {dag.py:3954} INFO - Setting next_dagrun for example_trigger_controller_dag to 2021-01-01 00:00:00+00:00, run_after=2021-01-01 00:00:00+00:00
[2024-05-20T01:02:44.046+0000] {processor.py:183} INFO - Processing /home/airflow/.local/lib/python3.12/site-packages/airflow/example_dags/example_trigger_controller_dag.py took 0.243 seconds
[2024-05-20T01:03:28.180+0000] {processor.py:161} INFO - Started process (PID=1576) to work on /home/airflow/.local/lib/python3.12/site-packages/airflow/example_dags/example_trigger_controller_dag.py
[2024-05-20T01:03:28.182+0000] {processor.py:830} INFO - Processing file /home/airflow/.local/lib/python3.12/site-packages/airflow/example_dags/example_trigger_controller_dag.py for tasks to queue
[2024-05-20T01:03:28.186+0000] {logging_mixin.py:188} INFO - [2024-05-20T01:03:28.185+0000] {dagbag.py:545} INFO - Filling up the DagBag from /home/airflow/.local/lib/python3.12/site-packages/airflow/example_dags/example_trigger_controller_dag.py
[2024-05-20T01:03:28.200+0000] {processor.py:840} INFO - DAG(s) 'example_trigger_controller_dag' retrieved from /home/airflow/.local/lib/python3.12/site-packages/airflow/example_dags/example_trigger_controller_dag.py
[2024-05-20T01:03:28.238+0000] {logging_mixin.py:188} INFO - [2024-05-20T01:03:28.238+0000] {dag.py:3096} INFO - Sync 1 DAGs
[2024-05-20T01:03:28.299+0000] {logging_mixin.py:188} INFO - [2024-05-20T01:03:28.298+0000] {dag.py:3954} INFO - Setting next_dagrun for example_trigger_controller_dag to 2021-01-01 00:00:00+00:00, run_after=2021-01-01 00:00:00+00:00
[2024-05-20T01:03:28.360+0000] {processor.py:183} INFO - Processing /home/airflow/.local/lib/python3.12/site-packages/airflow/example_dags/example_trigger_controller_dag.py took 0.192 seconds
