[2024-05-20T00:48:46.701+0000] {processor.py:161} INFO - Started process (PID=80) to work on /home/airflow/.local/lib/python3.12/site-packages/airflow/example_dags/example_branch_operator.py
[2024-05-20T00:48:46.708+0000] {processor.py:830} INFO - Processing file /home/airflow/.local/lib/python3.12/site-packages/airflow/example_dags/example_branch_operator.py for tasks to queue
[2024-05-20T00:48:46.712+0000] {logging_mixin.py:188} INFO - [2024-05-20T00:48:46.712+0000] {dagbag.py:545} INFO - Filling up the DagBag from /home/airflow/.local/lib/python3.12/site-packages/airflow/example_dags/example_branch_operator.py
[2024-05-20T00:48:46.797+0000] {processor.py:840} INFO - DAG(s) 'example_branch_operator' retrieved from /home/airflow/.local/lib/python3.12/site-packages/airflow/example_dags/example_branch_operator.py
[2024-05-20T00:48:47.107+0000] {logging_mixin.py:188} INFO - [2024-05-20T00:48:47.106+0000] {dag.py:3096} INFO - Sync 1 DAGs
[2024-05-20T00:48:47.277+0000] {logging_mixin.py:188} INFO - [2024-05-20T00:48:47.276+0000] {dag.py:3954} INFO - Setting next_dagrun for example_branch_operator to 2024-05-19 00:00:00+00:00, run_after=2024-05-20 00:00:00+00:00
[2024-05-20T00:48:47.373+0000] {processor.py:183} INFO - Processing /home/airflow/.local/lib/python3.12/site-packages/airflow/example_dags/example_branch_operator.py took 0.690 seconds
[2024-05-20T00:49:17.741+0000] {processor.py:161} INFO - Started process (PID=139) to work on /home/airflow/.local/lib/python3.12/site-packages/airflow/example_dags/example_branch_operator.py
[2024-05-20T00:49:17.742+0000] {processor.py:830} INFO - Processing file /home/airflow/.local/lib/python3.12/site-packages/airflow/example_dags/example_branch_operator.py for tasks to queue
[2024-05-20T00:49:17.746+0000] {logging_mixin.py:188} INFO - [2024-05-20T00:49:17.746+0000] {dagbag.py:545} INFO - Filling up the DagBag from /home/airflow/.local/lib/python3.12/site-packages/airflow/example_dags/example_branch_operator.py
[2024-05-20T00:49:17.779+0000] {processor.py:840} INFO - DAG(s) 'example_branch_operator' retrieved from /home/airflow/.local/lib/python3.12/site-packages/airflow/example_dags/example_branch_operator.py
[2024-05-20T00:49:17.806+0000] {logging_mixin.py:188} INFO - [2024-05-20T00:49:17.806+0000] {dag.py:3096} INFO - Sync 1 DAGs
[2024-05-20T00:49:17.827+0000] {logging_mixin.py:188} INFO - [2024-05-20T00:49:17.826+0000] {dag.py:3954} INFO - Setting next_dagrun for example_branch_operator to 2024-05-19 00:00:00+00:00, run_after=2024-05-20 00:00:00+00:00
[2024-05-20T00:49:17.854+0000] {processor.py:183} INFO - Processing /home/airflow/.local/lib/python3.12/site-packages/airflow/example_dags/example_branch_operator.py took 0.122 seconds
[2024-05-20T00:49:50.639+0000] {processor.py:161} INFO - Started process (PID=198) to work on /home/airflow/.local/lib/python3.12/site-packages/airflow/example_dags/example_branch_operator.py
[2024-05-20T00:49:50.647+0000] {processor.py:830} INFO - Processing file /home/airflow/.local/lib/python3.12/site-packages/airflow/example_dags/example_branch_operator.py for tasks to queue
[2024-05-20T00:49:50.653+0000] {logging_mixin.py:188} INFO - [2024-05-20T00:49:50.652+0000] {dagbag.py:545} INFO - Filling up the DagBag from /home/airflow/.local/lib/python3.12/site-packages/airflow/example_dags/example_branch_operator.py
[2024-05-20T00:49:50.776+0000] {processor.py:840} INFO - DAG(s) 'example_branch_operator' retrieved from /home/airflow/.local/lib/python3.12/site-packages/airflow/example_dags/example_branch_operator.py
[2024-05-20T00:49:50.881+0000] {logging_mixin.py:188} INFO - [2024-05-20T00:49:50.881+0000] {dag.py:3096} INFO - Sync 1 DAGs
[2024-05-20T00:49:50.981+0000] {logging_mixin.py:188} INFO - [2024-05-20T00:49:50.978+0000] {dag.py:3954} INFO - Setting next_dagrun for example_branch_operator to 2024-05-19 00:00:00+00:00, run_after=2024-05-20 00:00:00+00:00
[2024-05-20T00:49:51.087+0000] {processor.py:183} INFO - Processing /home/airflow/.local/lib/python3.12/site-packages/airflow/example_dags/example_branch_operator.py took 0.489 seconds
[2024-05-20T00:50:21.535+0000] {processor.py:161} INFO - Started process (PID=258) to work on /home/airflow/.local/lib/python3.12/site-packages/airflow/example_dags/example_branch_operator.py
[2024-05-20T00:50:21.538+0000] {processor.py:830} INFO - Processing file /home/airflow/.local/lib/python3.12/site-packages/airflow/example_dags/example_branch_operator.py for tasks to queue
[2024-05-20T00:50:21.540+0000] {logging_mixin.py:188} INFO - [2024-05-20T00:50:21.540+0000] {dagbag.py:545} INFO - Filling up the DagBag from /home/airflow/.local/lib/python3.12/site-packages/airflow/example_dags/example_branch_operator.py
[2024-05-20T00:50:21.559+0000] {processor.py:840} INFO - DAG(s) 'example_branch_operator' retrieved from /home/airflow/.local/lib/python3.12/site-packages/airflow/example_dags/example_branch_operator.py
[2024-05-20T00:50:21.607+0000] {logging_mixin.py:188} INFO - [2024-05-20T00:50:21.606+0000] {dag.py:3096} INFO - Sync 1 DAGs
[2024-05-20T00:50:22.080+0000] {logging_mixin.py:188} INFO - [2024-05-20T00:50:22.080+0000] {dag.py:3954} INFO - Setting next_dagrun for example_branch_operator to 2024-05-19 00:00:00+00:00, run_after=2024-05-20 00:00:00+00:00
[2024-05-20T00:50:22.231+0000] {processor.py:183} INFO - Processing /home/airflow/.local/lib/python3.12/site-packages/airflow/example_dags/example_branch_operator.py took 0.703 seconds
[2024-05-20T00:50:52.656+0000] {processor.py:161} INFO - Started process (PID=317) to work on /home/airflow/.local/lib/python3.12/site-packages/airflow/example_dags/example_branch_operator.py
[2024-05-20T00:50:52.677+0000] {processor.py:830} INFO - Processing file /home/airflow/.local/lib/python3.12/site-packages/airflow/example_dags/example_branch_operator.py for tasks to queue
[2024-05-20T00:50:52.724+0000] {logging_mixin.py:188} INFO - [2024-05-20T00:50:52.723+0000] {dagbag.py:545} INFO - Filling up the DagBag from /home/airflow/.local/lib/python3.12/site-packages/airflow/example_dags/example_branch_operator.py
[2024-05-20T00:50:52.980+0000] {processor.py:840} INFO - DAG(s) 'example_branch_operator' retrieved from /home/airflow/.local/lib/python3.12/site-packages/airflow/example_dags/example_branch_operator.py
[2024-05-20T00:50:53.370+0000] {logging_mixin.py:188} INFO - [2024-05-20T00:50:53.369+0000] {dag.py:3096} INFO - Sync 1 DAGs
[2024-05-20T00:50:53.640+0000] {logging_mixin.py:188} INFO - [2024-05-20T00:50:53.638+0000] {dag.py:3954} INFO - Setting next_dagrun for example_branch_operator to 2024-05-19 00:00:00+00:00, run_after=2024-05-20 00:00:00+00:00
[2024-05-20T00:50:53.768+0000] {processor.py:183} INFO - Processing /home/airflow/.local/lib/python3.12/site-packages/airflow/example_dags/example_branch_operator.py took 1.129 seconds
[2024-05-20T00:51:24.419+0000] {processor.py:161} INFO - Started process (PID=377) to work on /home/airflow/.local/lib/python3.12/site-packages/airflow/example_dags/example_branch_operator.py
[2024-05-20T00:51:24.422+0000] {processor.py:830} INFO - Processing file /home/airflow/.local/lib/python3.12/site-packages/airflow/example_dags/example_branch_operator.py for tasks to queue
[2024-05-20T00:51:24.425+0000] {logging_mixin.py:188} INFO - [2024-05-20T00:51:24.424+0000] {dagbag.py:545} INFO - Filling up the DagBag from /home/airflow/.local/lib/python3.12/site-packages/airflow/example_dags/example_branch_operator.py
[2024-05-20T00:51:24.452+0000] {processor.py:840} INFO - DAG(s) 'example_branch_operator' retrieved from /home/airflow/.local/lib/python3.12/site-packages/airflow/example_dags/example_branch_operator.py
[2024-05-20T00:51:24.480+0000] {logging_mixin.py:188} INFO - [2024-05-20T00:51:24.479+0000] {dag.py:3096} INFO - Sync 1 DAGs
[2024-05-20T00:51:24.514+0000] {logging_mixin.py:188} INFO - [2024-05-20T00:51:24.513+0000] {dag.py:3954} INFO - Setting next_dagrun for example_branch_operator to 2024-05-19 00:00:00+00:00, run_after=2024-05-20 00:00:00+00:00
[2024-05-20T00:51:24.538+0000] {processor.py:183} INFO - Processing /home/airflow/.local/lib/python3.12/site-packages/airflow/example_dags/example_branch_operator.py took 0.128 seconds
[2024-05-20T00:51:55.260+0000] {processor.py:161} INFO - Started process (PID=437) to work on /home/airflow/.local/lib/python3.12/site-packages/airflow/example_dags/example_branch_operator.py
[2024-05-20T00:51:55.264+0000] {processor.py:830} INFO - Processing file /home/airflow/.local/lib/python3.12/site-packages/airflow/example_dags/example_branch_operator.py for tasks to queue
[2024-05-20T00:51:55.270+0000] {logging_mixin.py:188} INFO - [2024-05-20T00:51:55.269+0000] {dagbag.py:545} INFO - Filling up the DagBag from /home/airflow/.local/lib/python3.12/site-packages/airflow/example_dags/example_branch_operator.py
[2024-05-20T00:51:55.327+0000] {processor.py:840} INFO - DAG(s) 'example_branch_operator' retrieved from /home/airflow/.local/lib/python3.12/site-packages/airflow/example_dags/example_branch_operator.py
[2024-05-20T00:51:55.417+0000] {logging_mixin.py:188} INFO - [2024-05-20T00:51:55.416+0000] {dag.py:3096} INFO - Sync 1 DAGs
[2024-05-20T00:51:55.480+0000] {logging_mixin.py:188} INFO - [2024-05-20T00:51:55.479+0000] {dag.py:3954} INFO - Setting next_dagrun for example_branch_operator to 2024-05-19 00:00:00+00:00, run_after=2024-05-20 00:00:00+00:00
[2024-05-20T00:51:55.524+0000] {processor.py:183} INFO - Processing /home/airflow/.local/lib/python3.12/site-packages/airflow/example_dags/example_branch_operator.py took 0.295 seconds
[2024-05-20T00:52:25.925+0000] {processor.py:161} INFO - Started process (PID=495) to work on /home/airflow/.local/lib/python3.12/site-packages/airflow/example_dags/example_branch_operator.py
[2024-05-20T00:52:25.929+0000] {processor.py:830} INFO - Processing file /home/airflow/.local/lib/python3.12/site-packages/airflow/example_dags/example_branch_operator.py for tasks to queue
[2024-05-20T00:52:25.952+0000] {logging_mixin.py:188} INFO - [2024-05-20T00:52:25.947+0000] {dagbag.py:545} INFO - Filling up the DagBag from /home/airflow/.local/lib/python3.12/site-packages/airflow/example_dags/example_branch_operator.py
[2024-05-20T00:52:26.033+0000] {processor.py:840} INFO - DAG(s) 'example_branch_operator' retrieved from /home/airflow/.local/lib/python3.12/site-packages/airflow/example_dags/example_branch_operator.py
[2024-05-20T00:52:26.136+0000] {logging_mixin.py:188} INFO - [2024-05-20T00:52:26.135+0000] {dag.py:3096} INFO - Sync 1 DAGs
[2024-05-20T00:52:26.202+0000] {logging_mixin.py:188} INFO - [2024-05-20T00:52:26.202+0000] {dag.py:3954} INFO - Setting next_dagrun for example_branch_operator to 2024-05-19 00:00:00+00:00, run_after=2024-05-20 00:00:00+00:00
[2024-05-20T00:52:26.270+0000] {processor.py:183} INFO - Processing /home/airflow/.local/lib/python3.12/site-packages/airflow/example_dags/example_branch_operator.py took 0.362 seconds
[2024-05-20T00:52:56.814+0000] {processor.py:161} INFO - Started process (PID=555) to work on /home/airflow/.local/lib/python3.12/site-packages/airflow/example_dags/example_branch_operator.py
[2024-05-20T00:52:56.816+0000] {processor.py:830} INFO - Processing file /home/airflow/.local/lib/python3.12/site-packages/airflow/example_dags/example_branch_operator.py for tasks to queue
[2024-05-20T00:52:56.820+0000] {logging_mixin.py:188} INFO - [2024-05-20T00:52:56.820+0000] {dagbag.py:545} INFO - Filling up the DagBag from /home/airflow/.local/lib/python3.12/site-packages/airflow/example_dags/example_branch_operator.py
[2024-05-20T00:52:56.843+0000] {processor.py:840} INFO - DAG(s) 'example_branch_operator' retrieved from /home/airflow/.local/lib/python3.12/site-packages/airflow/example_dags/example_branch_operator.py
[2024-05-20T00:52:56.880+0000] {logging_mixin.py:188} INFO - [2024-05-20T00:52:56.879+0000] {dag.py:3096} INFO - Sync 1 DAGs
[2024-05-20T00:52:56.936+0000] {logging_mixin.py:188} INFO - [2024-05-20T00:52:56.936+0000] {dag.py:3954} INFO - Setting next_dagrun for example_branch_operator to 2024-05-19 00:00:00+00:00, run_after=2024-05-20 00:00:00+00:00
[2024-05-20T00:52:56.974+0000] {processor.py:183} INFO - Processing /home/airflow/.local/lib/python3.12/site-packages/airflow/example_dags/example_branch_operator.py took 0.172 seconds
[2024-05-20T00:53:52.231+0000] {processor.py:161} INFO - Started process (PID=626) to work on /home/airflow/.local/lib/python3.12/site-packages/airflow/example_dags/example_branch_operator.py
[2024-05-20T00:53:52.243+0000] {processor.py:830} INFO - Processing file /home/airflow/.local/lib/python3.12/site-packages/airflow/example_dags/example_branch_operator.py for tasks to queue
[2024-05-20T00:53:52.248+0000] {logging_mixin.py:188} INFO - [2024-05-20T00:53:52.247+0000] {dagbag.py:545} INFO - Filling up the DagBag from /home/airflow/.local/lib/python3.12/site-packages/airflow/example_dags/example_branch_operator.py
[2024-05-20T00:53:52.282+0000] {processor.py:840} INFO - DAG(s) 'example_branch_operator' retrieved from /home/airflow/.local/lib/python3.12/site-packages/airflow/example_dags/example_branch_operator.py
[2024-05-20T00:53:52.366+0000] {logging_mixin.py:188} INFO - [2024-05-20T00:53:52.365+0000] {dag.py:3096} INFO - Sync 1 DAGs
[2024-05-20T00:53:52.448+0000] {logging_mixin.py:188} INFO - [2024-05-20T00:53:52.446+0000] {dag.py:3954} INFO - Setting next_dagrun for example_branch_operator to 2024-05-19 00:00:00+00:00, run_after=2024-05-20 00:00:00+00:00
[2024-05-20T00:53:52.506+0000] {processor.py:183} INFO - Processing /home/airflow/.local/lib/python3.12/site-packages/airflow/example_dags/example_branch_operator.py took 0.295 seconds
[2024-05-20T00:54:22.988+0000] {processor.py:161} INFO - Started process (PID=685) to work on /home/airflow/.local/lib/python3.12/site-packages/airflow/example_dags/example_branch_operator.py
[2024-05-20T00:54:22.989+0000] {processor.py:830} INFO - Processing file /home/airflow/.local/lib/python3.12/site-packages/airflow/example_dags/example_branch_operator.py for tasks to queue
[2024-05-20T00:54:22.991+0000] {logging_mixin.py:188} INFO - [2024-05-20T00:54:22.991+0000] {dagbag.py:545} INFO - Filling up the DagBag from /home/airflow/.local/lib/python3.12/site-packages/airflow/example_dags/example_branch_operator.py
[2024-05-20T00:54:23.005+0000] {processor.py:840} INFO - DAG(s) 'example_branch_operator' retrieved from /home/airflow/.local/lib/python3.12/site-packages/airflow/example_dags/example_branch_operator.py
[2024-05-20T00:54:23.034+0000] {logging_mixin.py:188} INFO - [2024-05-20T00:54:23.034+0000] {dag.py:3096} INFO - Sync 1 DAGs
[2024-05-20T00:54:23.058+0000] {logging_mixin.py:188} INFO - [2024-05-20T00:54:23.058+0000] {dag.py:3954} INFO - Setting next_dagrun for example_branch_operator to 2024-05-19 00:00:00+00:00, run_after=2024-05-20 00:00:00+00:00
[2024-05-20T00:54:23.075+0000] {processor.py:183} INFO - Processing /home/airflow/.local/lib/python3.12/site-packages/airflow/example_dags/example_branch_operator.py took 0.091 seconds
[2024-05-20T00:54:53.276+0000] {processor.py:161} INFO - Started process (PID=745) to work on /home/airflow/.local/lib/python3.12/site-packages/airflow/example_dags/example_branch_operator.py
[2024-05-20T00:54:53.277+0000] {processor.py:830} INFO - Processing file /home/airflow/.local/lib/python3.12/site-packages/airflow/example_dags/example_branch_operator.py for tasks to queue
[2024-05-20T00:54:53.278+0000] {logging_mixin.py:188} INFO - [2024-05-20T00:54:53.278+0000] {dagbag.py:545} INFO - Filling up the DagBag from /home/airflow/.local/lib/python3.12/site-packages/airflow/example_dags/example_branch_operator.py
[2024-05-20T00:54:53.291+0000] {processor.py:840} INFO - DAG(s) 'example_branch_operator' retrieved from /home/airflow/.local/lib/python3.12/site-packages/airflow/example_dags/example_branch_operator.py
[2024-05-20T00:54:53.312+0000] {logging_mixin.py:188} INFO - [2024-05-20T00:54:53.312+0000] {dag.py:3096} INFO - Sync 1 DAGs
[2024-05-20T00:54:53.329+0000] {logging_mixin.py:188} INFO - [2024-05-20T00:54:53.329+0000] {dag.py:3954} INFO - Setting next_dagrun for example_branch_operator to 2024-05-19 00:00:00+00:00, run_after=2024-05-20 00:00:00+00:00
[2024-05-20T00:54:53.342+0000] {processor.py:183} INFO - Processing /home/airflow/.local/lib/python3.12/site-packages/airflow/example_dags/example_branch_operator.py took 0.071 seconds
[2024-05-20T00:55:43.861+0000] {processor.py:161} INFO - Started process (PID=804) to work on /home/airflow/.local/lib/python3.12/site-packages/airflow/example_dags/example_branch_operator.py
[2024-05-20T00:55:43.863+0000] {processor.py:830} INFO - Processing file /home/airflow/.local/lib/python3.12/site-packages/airflow/example_dags/example_branch_operator.py for tasks to queue
[2024-05-20T00:55:43.867+0000] {logging_mixin.py:188} INFO - [2024-05-20T00:55:43.866+0000] {dagbag.py:545} INFO - Filling up the DagBag from /home/airflow/.local/lib/python3.12/site-packages/airflow/example_dags/example_branch_operator.py
[2024-05-20T00:55:43.900+0000] {processor.py:840} INFO - DAG(s) 'example_branch_operator' retrieved from /home/airflow/.local/lib/python3.12/site-packages/airflow/example_dags/example_branch_operator.py
[2024-05-20T00:55:43.939+0000] {logging_mixin.py:188} INFO - [2024-05-20T00:55:43.939+0000] {dag.py:3096} INFO - Sync 1 DAGs
[2024-05-20T00:55:43.974+0000] {logging_mixin.py:188} INFO - [2024-05-20T00:55:43.974+0000] {dag.py:3954} INFO - Setting next_dagrun for example_branch_operator to 2024-05-19 00:00:00+00:00, run_after=2024-05-20 00:00:00+00:00
[2024-05-20T00:55:44.000+0000] {processor.py:183} INFO - Processing /home/airflow/.local/lib/python3.12/site-packages/airflow/example_dags/example_branch_operator.py took 0.147 seconds
[2024-05-20T00:56:17.282+0000] {processor.py:161} INFO - Started process (PID=864) to work on /home/airflow/.local/lib/python3.12/site-packages/airflow/example_dags/example_branch_operator.py
[2024-05-20T00:56:17.284+0000] {processor.py:830} INFO - Processing file /home/airflow/.local/lib/python3.12/site-packages/airflow/example_dags/example_branch_operator.py for tasks to queue
[2024-05-20T00:56:17.290+0000] {logging_mixin.py:188} INFO - [2024-05-20T00:56:17.289+0000] {dagbag.py:545} INFO - Filling up the DagBag from /home/airflow/.local/lib/python3.12/site-packages/airflow/example_dags/example_branch_operator.py
[2024-05-20T00:56:17.404+0000] {processor.py:840} INFO - DAG(s) 'example_branch_operator' retrieved from /home/airflow/.local/lib/python3.12/site-packages/airflow/example_dags/example_branch_operator.py
[2024-05-20T00:56:17.571+0000] {logging_mixin.py:188} INFO - [2024-05-20T00:56:17.569+0000] {dag.py:3096} INFO - Sync 1 DAGs
[2024-05-20T00:56:17.696+0000] {logging_mixin.py:188} INFO - [2024-05-20T00:56:17.696+0000] {dag.py:3954} INFO - Setting next_dagrun for example_branch_operator to 2024-05-19 00:00:00+00:00, run_after=2024-05-20 00:00:00+00:00
[2024-05-20T00:56:17.810+0000] {processor.py:183} INFO - Processing /home/airflow/.local/lib/python3.12/site-packages/airflow/example_dags/example_branch_operator.py took 0.539 seconds
[2024-05-20T00:56:49.052+0000] {processor.py:161} INFO - Started process (PID=924) to work on /home/airflow/.local/lib/python3.12/site-packages/airflow/example_dags/example_branch_operator.py
[2024-05-20T00:56:49.075+0000] {processor.py:830} INFO - Processing file /home/airflow/.local/lib/python3.12/site-packages/airflow/example_dags/example_branch_operator.py for tasks to queue
[2024-05-20T00:56:49.087+0000] {logging_mixin.py:188} INFO - [2024-05-20T00:56:49.086+0000] {dagbag.py:545} INFO - Filling up the DagBag from /home/airflow/.local/lib/python3.12/site-packages/airflow/example_dags/example_branch_operator.py
[2024-05-20T00:56:49.200+0000] {processor.py:840} INFO - DAG(s) 'example_branch_operator' retrieved from /home/airflow/.local/lib/python3.12/site-packages/airflow/example_dags/example_branch_operator.py
[2024-05-20T00:56:49.584+0000] {logging_mixin.py:188} INFO - [2024-05-20T00:56:49.583+0000] {dag.py:3096} INFO - Sync 1 DAGs
[2024-05-20T00:56:49.721+0000] {logging_mixin.py:188} INFO - [2024-05-20T00:56:49.720+0000] {dag.py:3954} INFO - Setting next_dagrun for example_branch_operator to 2024-05-19 00:00:00+00:00, run_after=2024-05-20 00:00:00+00:00
[2024-05-20T00:56:49.850+0000] {processor.py:183} INFO - Processing /home/airflow/.local/lib/python3.12/site-packages/airflow/example_dags/example_branch_operator.py took 0.830 seconds
[2024-05-20T00:57:54.627+0000] {processor.py:161} INFO - Started process (PID=983) to work on /home/airflow/.local/lib/python3.12/site-packages/airflow/example_dags/example_branch_operator.py
[2024-05-20T00:57:54.631+0000] {processor.py:830} INFO - Processing file /home/airflow/.local/lib/python3.12/site-packages/airflow/example_dags/example_branch_operator.py for tasks to queue
[2024-05-20T00:57:54.638+0000] {logging_mixin.py:188} INFO - [2024-05-20T00:57:54.637+0000] {dagbag.py:545} INFO - Filling up the DagBag from /home/airflow/.local/lib/python3.12/site-packages/airflow/example_dags/example_branch_operator.py
[2024-05-20T00:57:54.725+0000] {processor.py:840} INFO - DAG(s) 'example_branch_operator' retrieved from /home/airflow/.local/lib/python3.12/site-packages/airflow/example_dags/example_branch_operator.py
[2024-05-20T00:57:54.955+0000] {logging_mixin.py:188} INFO - [2024-05-20T00:57:54.953+0000] {dag.py:3096} INFO - Sync 1 DAGs
[2024-05-20T00:57:55.117+0000] {logging_mixin.py:188} INFO - [2024-05-20T00:57:55.116+0000] {dag.py:3954} INFO - Setting next_dagrun for example_branch_operator to 2024-05-19 00:00:00+00:00, run_after=2024-05-20 00:00:00+00:00
[2024-05-20T00:57:55.366+0000] {processor.py:183} INFO - Processing /home/airflow/.local/lib/python3.12/site-packages/airflow/example_dags/example_branch_operator.py took 0.758 seconds
[2024-05-20T00:58:25.520+0000] {processor.py:161} INFO - Started process (PID=1041) to work on /home/airflow/.local/lib/python3.12/site-packages/airflow/example_dags/example_branch_operator.py
[2024-05-20T00:58:25.522+0000] {processor.py:830} INFO - Processing file /home/airflow/.local/lib/python3.12/site-packages/airflow/example_dags/example_branch_operator.py for tasks to queue
[2024-05-20T00:58:25.525+0000] {logging_mixin.py:188} INFO - [2024-05-20T00:58:25.525+0000] {dagbag.py:545} INFO - Filling up the DagBag from /home/airflow/.local/lib/python3.12/site-packages/airflow/example_dags/example_branch_operator.py
[2024-05-20T00:58:25.587+0000] {processor.py:840} INFO - DAG(s) 'example_branch_operator' retrieved from /home/airflow/.local/lib/python3.12/site-packages/airflow/example_dags/example_branch_operator.py
[2024-05-20T00:58:25.631+0000] {logging_mixin.py:188} INFO - [2024-05-20T00:58:25.631+0000] {dag.py:3096} INFO - Sync 1 DAGs
[2024-05-20T00:58:25.667+0000] {logging_mixin.py:188} INFO - [2024-05-20T00:58:25.666+0000] {dag.py:3954} INFO - Setting next_dagrun for example_branch_operator to 2024-05-19 00:00:00+00:00, run_after=2024-05-20 00:00:00+00:00
[2024-05-20T00:58:25.691+0000] {processor.py:183} INFO - Processing /home/airflow/.local/lib/python3.12/site-packages/airflow/example_dags/example_branch_operator.py took 0.179 seconds
[2024-05-20T00:58:55.897+0000] {processor.py:161} INFO - Started process (PID=1100) to work on /home/airflow/.local/lib/python3.12/site-packages/airflow/example_dags/example_branch_operator.py
[2024-05-20T00:58:55.899+0000] {processor.py:830} INFO - Processing file /home/airflow/.local/lib/python3.12/site-packages/airflow/example_dags/example_branch_operator.py for tasks to queue
[2024-05-20T00:58:55.902+0000] {logging_mixin.py:188} INFO - [2024-05-20T00:58:55.901+0000] {dagbag.py:545} INFO - Filling up the DagBag from /home/airflow/.local/lib/python3.12/site-packages/airflow/example_dags/example_branch_operator.py
[2024-05-20T00:58:55.929+0000] {processor.py:840} INFO - DAG(s) 'example_branch_operator' retrieved from /home/airflow/.local/lib/python3.12/site-packages/airflow/example_dags/example_branch_operator.py
[2024-05-20T00:58:55.963+0000] {logging_mixin.py:188} INFO - [2024-05-20T00:58:55.963+0000] {dag.py:3096} INFO - Sync 1 DAGs
[2024-05-20T00:58:55.997+0000] {logging_mixin.py:188} INFO - [2024-05-20T00:58:55.997+0000] {dag.py:3954} INFO - Setting next_dagrun for example_branch_operator to 2024-05-19 00:00:00+00:00, run_after=2024-05-20 00:00:00+00:00
[2024-05-20T00:58:56.018+0000] {processor.py:183} INFO - Processing /home/airflow/.local/lib/python3.12/site-packages/airflow/example_dags/example_branch_operator.py took 0.130 seconds
[2024-05-20T00:59:26.599+0000] {processor.py:161} INFO - Started process (PID=1159) to work on /home/airflow/.local/lib/python3.12/site-packages/airflow/example_dags/example_branch_operator.py
[2024-05-20T00:59:26.620+0000] {processor.py:830} INFO - Processing file /home/airflow/.local/lib/python3.12/site-packages/airflow/example_dags/example_branch_operator.py for tasks to queue
[2024-05-20T00:59:26.636+0000] {logging_mixin.py:188} INFO - [2024-05-20T00:59:26.636+0000] {dagbag.py:545} INFO - Filling up the DagBag from /home/airflow/.local/lib/python3.12/site-packages/airflow/example_dags/example_branch_operator.py
[2024-05-20T00:59:26.755+0000] {processor.py:840} INFO - DAG(s) 'example_branch_operator' retrieved from /home/airflow/.local/lib/python3.12/site-packages/airflow/example_dags/example_branch_operator.py
[2024-05-20T00:59:26.883+0000] {logging_mixin.py:188} INFO - [2024-05-20T00:59:26.883+0000] {dag.py:3096} INFO - Sync 1 DAGs
[2024-05-20T00:59:26.993+0000] {logging_mixin.py:188} INFO - [2024-05-20T00:59:26.992+0000] {dag.py:3954} INFO - Setting next_dagrun for example_branch_operator to 2024-05-19 00:00:00+00:00, run_after=2024-05-20 00:00:00+00:00
[2024-05-20T00:59:27.042+0000] {processor.py:183} INFO - Processing /home/airflow/.local/lib/python3.12/site-packages/airflow/example_dags/example_branch_operator.py took 0.469 seconds
[2024-05-20T01:00:07.446+0000] {processor.py:161} INFO - Started process (PID=1225) to work on /home/airflow/.local/lib/python3.12/site-packages/airflow/example_dags/example_branch_operator.py
[2024-05-20T01:00:07.451+0000] {processor.py:830} INFO - Processing file /home/airflow/.local/lib/python3.12/site-packages/airflow/example_dags/example_branch_operator.py for tasks to queue
[2024-05-20T01:00:07.455+0000] {logging_mixin.py:188} INFO - [2024-05-20T01:00:07.454+0000] {dagbag.py:545} INFO - Filling up the DagBag from /home/airflow/.local/lib/python3.12/site-packages/airflow/example_dags/example_branch_operator.py
[2024-05-20T01:00:07.513+0000] {processor.py:840} INFO - DAG(s) 'example_branch_operator' retrieved from /home/airflow/.local/lib/python3.12/site-packages/airflow/example_dags/example_branch_operator.py
[2024-05-20T01:00:07.648+0000] {logging_mixin.py:188} INFO - [2024-05-20T01:00:07.646+0000] {dag.py:3096} INFO - Sync 1 DAGs
[2024-05-20T01:00:07.704+0000] {logging_mixin.py:188} INFO - [2024-05-20T01:00:07.703+0000] {dag.py:3954} INFO - Setting next_dagrun for example_branch_operator to 2024-05-19 00:00:00+00:00, run_after=2024-05-20 00:00:00+00:00
[2024-05-20T01:00:07.787+0000] {processor.py:183} INFO - Processing /home/airflow/.local/lib/python3.12/site-packages/airflow/example_dags/example_branch_operator.py took 0.360 seconds
[2024-05-20T01:00:38.530+0000] {processor.py:161} INFO - Started process (PID=1285) to work on /home/airflow/.local/lib/python3.12/site-packages/airflow/example_dags/example_branch_operator.py
[2024-05-20T01:00:38.532+0000] {processor.py:830} INFO - Processing file /home/airflow/.local/lib/python3.12/site-packages/airflow/example_dags/example_branch_operator.py for tasks to queue
[2024-05-20T01:00:38.535+0000] {logging_mixin.py:188} INFO - [2024-05-20T01:00:38.534+0000] {dagbag.py:545} INFO - Filling up the DagBag from /home/airflow/.local/lib/python3.12/site-packages/airflow/example_dags/example_branch_operator.py
[2024-05-20T01:00:38.568+0000] {processor.py:840} INFO - DAG(s) 'example_branch_operator' retrieved from /home/airflow/.local/lib/python3.12/site-packages/airflow/example_dags/example_branch_operator.py
[2024-05-20T01:00:38.617+0000] {logging_mixin.py:188} INFO - [2024-05-20T01:00:38.616+0000] {dag.py:3096} INFO - Sync 1 DAGs
[2024-05-20T01:00:38.671+0000] {logging_mixin.py:188} INFO - [2024-05-20T01:00:38.671+0000] {dag.py:3954} INFO - Setting next_dagrun for example_branch_operator to 2024-05-19 00:00:00+00:00, run_after=2024-05-20 00:00:00+00:00
[2024-05-20T01:00:38.712+0000] {processor.py:183} INFO - Processing /home/airflow/.local/lib/python3.12/site-packages/airflow/example_dags/example_branch_operator.py took 0.192 seconds
[2024-05-20T01:01:09.582+0000] {processor.py:161} INFO - Started process (PID=1345) to work on /home/airflow/.local/lib/python3.12/site-packages/airflow/example_dags/example_branch_operator.py
[2024-05-20T01:01:09.588+0000] {processor.py:830} INFO - Processing file /home/airflow/.local/lib/python3.12/site-packages/airflow/example_dags/example_branch_operator.py for tasks to queue
[2024-05-20T01:01:09.590+0000] {logging_mixin.py:188} INFO - [2024-05-20T01:01:09.590+0000] {dagbag.py:545} INFO - Filling up the DagBag from /home/airflow/.local/lib/python3.12/site-packages/airflow/example_dags/example_branch_operator.py
[2024-05-20T01:01:09.618+0000] {processor.py:840} INFO - DAG(s) 'example_branch_operator' retrieved from /home/airflow/.local/lib/python3.12/site-packages/airflow/example_dags/example_branch_operator.py
[2024-05-20T01:01:09.651+0000] {logging_mixin.py:188} INFO - [2024-05-20T01:01:09.651+0000] {dag.py:3096} INFO - Sync 1 DAGs
[2024-05-20T01:01:09.684+0000] {logging_mixin.py:188} INFO - [2024-05-20T01:01:09.684+0000] {dag.py:3954} INFO - Setting next_dagrun for example_branch_operator to 2024-05-19 00:00:00+00:00, run_after=2024-05-20 00:00:00+00:00
[2024-05-20T01:01:09.716+0000] {processor.py:183} INFO - Processing /home/airflow/.local/lib/python3.12/site-packages/airflow/example_dags/example_branch_operator.py took 0.143 seconds
[2024-05-20T01:01:40.807+0000] {processor.py:161} INFO - Started process (PID=1405) to work on /home/airflow/.local/lib/python3.12/site-packages/airflow/example_dags/example_branch_operator.py
[2024-05-20T01:01:40.818+0000] {processor.py:830} INFO - Processing file /home/airflow/.local/lib/python3.12/site-packages/airflow/example_dags/example_branch_operator.py for tasks to queue
[2024-05-20T01:01:40.835+0000] {logging_mixin.py:188} INFO - [2024-05-20T01:01:40.835+0000] {dagbag.py:545} INFO - Filling up the DagBag from /home/airflow/.local/lib/python3.12/site-packages/airflow/example_dags/example_branch_operator.py
[2024-05-20T01:01:40.871+0000] {processor.py:840} INFO - DAG(s) 'example_branch_operator' retrieved from /home/airflow/.local/lib/python3.12/site-packages/airflow/example_dags/example_branch_operator.py
[2024-05-20T01:01:41.005+0000] {logging_mixin.py:188} INFO - [2024-05-20T01:01:41.005+0000] {dag.py:3096} INFO - Sync 1 DAGs
[2024-05-20T01:01:41.054+0000] {logging_mixin.py:188} INFO - [2024-05-20T01:01:41.054+0000] {dag.py:3954} INFO - Setting next_dagrun for example_branch_operator to 2024-05-19 00:00:00+00:00, run_after=2024-05-20 00:00:00+00:00
[2024-05-20T01:01:41.091+0000] {processor.py:183} INFO - Processing /home/airflow/.local/lib/python3.12/site-packages/airflow/example_dags/example_branch_operator.py took 0.307 seconds
[2024-05-20T01:02:11.975+0000] {processor.py:161} INFO - Started process (PID=1465) to work on /home/airflow/.local/lib/python3.12/site-packages/airflow/example_dags/example_branch_operator.py
[2024-05-20T01:02:11.977+0000] {processor.py:830} INFO - Processing file /home/airflow/.local/lib/python3.12/site-packages/airflow/example_dags/example_branch_operator.py for tasks to queue
[2024-05-20T01:02:11.980+0000] {logging_mixin.py:188} INFO - [2024-05-20T01:02:11.979+0000] {dagbag.py:545} INFO - Filling up the DagBag from /home/airflow/.local/lib/python3.12/site-packages/airflow/example_dags/example_branch_operator.py
[2024-05-20T01:02:12.008+0000] {processor.py:840} INFO - DAG(s) 'example_branch_operator' retrieved from /home/airflow/.local/lib/python3.12/site-packages/airflow/example_dags/example_branch_operator.py
[2024-05-20T01:02:12.054+0000] {logging_mixin.py:188} INFO - [2024-05-20T01:02:12.054+0000] {dag.py:3096} INFO - Sync 1 DAGs
[2024-05-20T01:02:12.101+0000] {logging_mixin.py:188} INFO - [2024-05-20T01:02:12.100+0000] {dag.py:3954} INFO - Setting next_dagrun for example_branch_operator to 2024-05-19 00:00:00+00:00, run_after=2024-05-20 00:00:00+00:00
[2024-05-20T01:02:12.124+0000] {processor.py:183} INFO - Processing /home/airflow/.local/lib/python3.12/site-packages/airflow/example_dags/example_branch_operator.py took 0.157 seconds
[2024-05-20T01:02:42.994+0000] {processor.py:161} INFO - Started process (PID=1525) to work on /home/airflow/.local/lib/python3.12/site-packages/airflow/example_dags/example_branch_operator.py
[2024-05-20T01:02:43.016+0000] {processor.py:830} INFO - Processing file /home/airflow/.local/lib/python3.12/site-packages/airflow/example_dags/example_branch_operator.py for tasks to queue
[2024-05-20T01:02:43.022+0000] {logging_mixin.py:188} INFO - [2024-05-20T01:02:43.021+0000] {dagbag.py:545} INFO - Filling up the DagBag from /home/airflow/.local/lib/python3.12/site-packages/airflow/example_dags/example_branch_operator.py
[2024-05-20T01:02:43.091+0000] {processor.py:840} INFO - DAG(s) 'example_branch_operator' retrieved from /home/airflow/.local/lib/python3.12/site-packages/airflow/example_dags/example_branch_operator.py
[2024-05-20T01:02:43.183+0000] {logging_mixin.py:188} INFO - [2024-05-20T01:02:43.174+0000] {dag.py:3096} INFO - Sync 1 DAGs
[2024-05-20T01:02:43.293+0000] {logging_mixin.py:188} INFO - [2024-05-20T01:02:43.293+0000] {dag.py:3954} INFO - Setting next_dagrun for example_branch_operator to 2024-05-19 00:00:00+00:00, run_after=2024-05-20 00:00:00+00:00
[2024-05-20T01:02:43.397+0000] {processor.py:183} INFO - Processing /home/airflow/.local/lib/python3.12/site-packages/airflow/example_dags/example_branch_operator.py took 0.431 seconds
[2024-05-20T01:03:27.847+0000] {processor.py:161} INFO - Started process (PID=1573) to work on /home/airflow/.local/lib/python3.12/site-packages/airflow/example_dags/example_branch_operator.py
[2024-05-20T01:03:27.850+0000] {processor.py:830} INFO - Processing file /home/airflow/.local/lib/python3.12/site-packages/airflow/example_dags/example_branch_operator.py for tasks to queue
[2024-05-20T01:03:27.858+0000] {logging_mixin.py:188} INFO - [2024-05-20T01:03:27.856+0000] {dagbag.py:545} INFO - Filling up the DagBag from /home/airflow/.local/lib/python3.12/site-packages/airflow/example_dags/example_branch_operator.py
[2024-05-20T01:03:27.909+0000] {processor.py:840} INFO - DAG(s) 'example_branch_operator' retrieved from /home/airflow/.local/lib/python3.12/site-packages/airflow/example_dags/example_branch_operator.py
[2024-05-20T01:03:27.956+0000] {logging_mixin.py:188} INFO - [2024-05-20T01:03:27.956+0000] {dag.py:3096} INFO - Sync 1 DAGs
[2024-05-20T01:03:27.996+0000] {logging_mixin.py:188} INFO - [2024-05-20T01:03:27.996+0000] {dag.py:3954} INFO - Setting next_dagrun for example_branch_operator to 2024-05-19 00:00:00+00:00, run_after=2024-05-20 00:00:00+00:00
[2024-05-20T01:03:28.048+0000] {processor.py:183} INFO - Processing /home/airflow/.local/lib/python3.12/site-packages/airflow/example_dags/example_branch_operator.py took 0.230 seconds
