[2024-05-20T00:48:44.070+0000] {processor.py:161} INFO - Started process (PID=74) to work on /home/airflow/.local/lib/python3.12/site-packages/airflow/example_dags/example_xcomargs.py
[2024-05-20T00:48:44.075+0000] {processor.py:830} INFO - Processing file /home/airflow/.local/lib/python3.12/site-packages/airflow/example_dags/example_xcomargs.py for tasks to queue
[2024-05-20T00:48:44.081+0000] {logging_mixin.py:188} INFO - [2024-05-20T00:48:44.079+0000] {dagbag.py:545} INFO - Filling up the DagBag from /home/airflow/.local/lib/python3.12/site-packages/airflow/example_dags/example_xcomargs.py
[2024-05-20T00:48:44.129+0000] {processor.py:840} INFO - DAG(s) 'example_xcom_args', 'example_xcom_args_with_operators' retrieved from /home/airflow/.local/lib/python3.12/site-packages/airflow/example_dags/example_xcomargs.py
[2024-05-20T00:48:44.545+0000] {logging_mixin.py:188} INFO - [2024-05-20T00:48:44.543+0000] {dag.py:3096} INFO - Sync 2 DAGs
[2024-05-20T00:48:44.588+0000] {logging_mixin.py:188} INFO - [2024-05-20T00:48:44.587+0000] {dag.py:3954} INFO - Setting next_dagrun for example_xcom_args to None, run_after=None
[2024-05-20T00:48:44.598+0000] {logging_mixin.py:188} INFO - [2024-05-20T00:48:44.597+0000] {dag.py:3954} INFO - Setting next_dagrun for example_xcom_args_with_operators to None, run_after=None
[2024-05-20T00:48:44.707+0000] {processor.py:183} INFO - Processing /home/airflow/.local/lib/python3.12/site-packages/airflow/example_dags/example_xcomargs.py took 0.666 seconds
[2024-05-20T00:49:15.834+0000] {processor.py:161} INFO - Started process (PID=128) to work on /home/airflow/.local/lib/python3.12/site-packages/airflow/example_dags/example_xcomargs.py
[2024-05-20T00:49:15.838+0000] {processor.py:830} INFO - Processing file /home/airflow/.local/lib/python3.12/site-packages/airflow/example_dags/example_xcomargs.py for tasks to queue
[2024-05-20T00:49:15.847+0000] {logging_mixin.py:188} INFO - [2024-05-20T00:49:15.846+0000] {dagbag.py:545} INFO - Filling up the DagBag from /home/airflow/.local/lib/python3.12/site-packages/airflow/example_dags/example_xcomargs.py
[2024-05-20T00:49:15.937+0000] {processor.py:840} INFO - DAG(s) 'example_xcom_args', 'example_xcom_args_with_operators' retrieved from /home/airflow/.local/lib/python3.12/site-packages/airflow/example_dags/example_xcomargs.py
[2024-05-20T00:49:16.087+0000] {logging_mixin.py:188} INFO - [2024-05-20T00:49:16.086+0000] {dag.py:3096} INFO - Sync 2 DAGs
[2024-05-20T00:49:16.125+0000] {logging_mixin.py:188} INFO - [2024-05-20T00:49:16.124+0000] {dag.py:3954} INFO - Setting next_dagrun for example_xcom_args to None, run_after=None
[2024-05-20T00:49:16.133+0000] {logging_mixin.py:188} INFO - [2024-05-20T00:49:16.132+0000] {dag.py:3954} INFO - Setting next_dagrun for example_xcom_args_with_operators to None, run_after=None
[2024-05-20T00:49:16.183+0000] {processor.py:183} INFO - Processing /home/airflow/.local/lib/python3.12/site-packages/airflow/example_dags/example_xcomargs.py took 0.425 seconds
[2024-05-20T00:49:46.621+0000] {processor.py:161} INFO - Started process (PID=192) to work on /home/airflow/.local/lib/python3.12/site-packages/airflow/example_dags/example_xcomargs.py
[2024-05-20T00:49:46.640+0000] {processor.py:830} INFO - Processing file /home/airflow/.local/lib/python3.12/site-packages/airflow/example_dags/example_xcomargs.py for tasks to queue
[2024-05-20T00:49:46.673+0000] {logging_mixin.py:188} INFO - [2024-05-20T00:49:46.650+0000] {dagbag.py:545} INFO - Filling up the DagBag from /home/airflow/.local/lib/python3.12/site-packages/airflow/example_dags/example_xcomargs.py
[2024-05-20T00:49:46.812+0000] {processor.py:840} INFO - DAG(s) 'example_xcom_args_with_operators', 'example_xcom_args' retrieved from /home/airflow/.local/lib/python3.12/site-packages/airflow/example_dags/example_xcomargs.py
[2024-05-20T00:49:48.792+0000] {logging_mixin.py:188} INFO - [2024-05-20T00:49:48.790+0000] {dag.py:3096} INFO - Sync 2 DAGs
[2024-05-20T00:49:48.904+0000] {logging_mixin.py:188} INFO - [2024-05-20T00:49:48.903+0000] {dag.py:3954} INFO - Setting next_dagrun for example_xcom_args to None, run_after=None
[2024-05-20T00:49:48.945+0000] {logging_mixin.py:188} INFO - [2024-05-20T00:49:48.944+0000] {dag.py:3954} INFO - Setting next_dagrun for example_xcom_args_with_operators to None, run_after=None
[2024-05-20T00:49:49.036+0000] {processor.py:183} INFO - Processing /home/airflow/.local/lib/python3.12/site-packages/airflow/example_dags/example_xcomargs.py took 2.497 seconds
[2024-05-20T00:50:19.132+0000] {processor.py:161} INFO - Started process (PID=252) to work on /home/airflow/.local/lib/python3.12/site-packages/airflow/example_dags/example_xcomargs.py
[2024-05-20T00:50:19.135+0000] {processor.py:830} INFO - Processing file /home/airflow/.local/lib/python3.12/site-packages/airflow/example_dags/example_xcomargs.py for tasks to queue
[2024-05-20T00:50:19.142+0000] {logging_mixin.py:188} INFO - [2024-05-20T00:50:19.141+0000] {dagbag.py:545} INFO - Filling up the DagBag from /home/airflow/.local/lib/python3.12/site-packages/airflow/example_dags/example_xcomargs.py
[2024-05-20T00:50:19.161+0000] {processor.py:840} INFO - DAG(s) 'example_xcom_args', 'example_xcom_args_with_operators' retrieved from /home/airflow/.local/lib/python3.12/site-packages/airflow/example_dags/example_xcomargs.py
[2024-05-20T00:50:19.198+0000] {logging_mixin.py:188} INFO - [2024-05-20T00:50:19.198+0000] {dag.py:3096} INFO - Sync 2 DAGs
[2024-05-20T00:50:19.215+0000] {logging_mixin.py:188} INFO - [2024-05-20T00:50:19.214+0000] {dag.py:3954} INFO - Setting next_dagrun for example_xcom_args to None, run_after=None
[2024-05-20T00:50:19.228+0000] {logging_mixin.py:188} INFO - [2024-05-20T00:50:19.227+0000] {dag.py:3954} INFO - Setting next_dagrun for example_xcom_args_with_operators to None, run_after=None
[2024-05-20T00:50:19.252+0000] {processor.py:183} INFO - Processing /home/airflow/.local/lib/python3.12/site-packages/airflow/example_dags/example_xcomargs.py took 0.130 seconds
[2024-05-20T00:50:49.825+0000] {processor.py:161} INFO - Started process (PID=311) to work on /home/airflow/.local/lib/python3.12/site-packages/airflow/example_dags/example_xcomargs.py
[2024-05-20T00:50:49.833+0000] {processor.py:830} INFO - Processing file /home/airflow/.local/lib/python3.12/site-packages/airflow/example_dags/example_xcomargs.py for tasks to queue
[2024-05-20T00:50:49.838+0000] {logging_mixin.py:188} INFO - [2024-05-20T00:50:49.837+0000] {dagbag.py:545} INFO - Filling up the DagBag from /home/airflow/.local/lib/python3.12/site-packages/airflow/example_dags/example_xcomargs.py
[2024-05-20T00:50:49.969+0000] {processor.py:840} INFO - DAG(s) 'example_xcom_args', 'example_xcom_args_with_operators' retrieved from /home/airflow/.local/lib/python3.12/site-packages/airflow/example_dags/example_xcomargs.py
[2024-05-20T00:50:50.203+0000] {logging_mixin.py:188} INFO - [2024-05-20T00:50:50.202+0000] {dag.py:3096} INFO - Sync 2 DAGs
[2024-05-20T00:50:50.313+0000] {logging_mixin.py:188} INFO - [2024-05-20T00:50:50.311+0000] {dag.py:3954} INFO - Setting next_dagrun for example_xcom_args to None, run_after=None
[2024-05-20T00:50:50.350+0000] {logging_mixin.py:188} INFO - [2024-05-20T00:50:50.350+0000] {dag.py:3954} INFO - Setting next_dagrun for example_xcom_args_with_operators to None, run_after=None
[2024-05-20T00:50:50.493+0000] {processor.py:183} INFO - Processing /home/airflow/.local/lib/python3.12/site-packages/airflow/example_dags/example_xcomargs.py took 0.748 seconds
[2024-05-20T00:51:20.939+0000] {processor.py:161} INFO - Started process (PID=371) to work on /home/airflow/.local/lib/python3.12/site-packages/airflow/example_dags/example_xcomargs.py
[2024-05-20T00:51:20.940+0000] {processor.py:830} INFO - Processing file /home/airflow/.local/lib/python3.12/site-packages/airflow/example_dags/example_xcomargs.py for tasks to queue
[2024-05-20T00:51:20.944+0000] {logging_mixin.py:188} INFO - [2024-05-20T00:51:20.943+0000] {dagbag.py:545} INFO - Filling up the DagBag from /home/airflow/.local/lib/python3.12/site-packages/airflow/example_dags/example_xcomargs.py
[2024-05-20T00:51:20.970+0000] {processor.py:840} INFO - DAG(s) 'example_xcom_args_with_operators', 'example_xcom_args' retrieved from /home/airflow/.local/lib/python3.12/site-packages/airflow/example_dags/example_xcomargs.py
[2024-05-20T00:51:21.002+0000] {logging_mixin.py:188} INFO - [2024-05-20T00:51:21.002+0000] {dag.py:3096} INFO - Sync 2 DAGs
[2024-05-20T00:51:21.029+0000] {logging_mixin.py:188} INFO - [2024-05-20T00:51:21.029+0000] {dag.py:3954} INFO - Setting next_dagrun for example_xcom_args to None, run_after=None
[2024-05-20T00:51:21.038+0000] {logging_mixin.py:188} INFO - [2024-05-20T00:51:21.037+0000] {dag.py:3954} INFO - Setting next_dagrun for example_xcom_args_with_operators to None, run_after=None
[2024-05-20T00:51:21.065+0000] {processor.py:183} INFO - Processing /home/airflow/.local/lib/python3.12/site-packages/airflow/example_dags/example_xcomargs.py took 0.137 seconds
[2024-05-20T00:51:51.964+0000] {processor.py:161} INFO - Started process (PID=429) to work on /home/airflow/.local/lib/python3.12/site-packages/airflow/example_dags/example_xcomargs.py
[2024-05-20T00:51:51.967+0000] {processor.py:830} INFO - Processing file /home/airflow/.local/lib/python3.12/site-packages/airflow/example_dags/example_xcomargs.py for tasks to queue
[2024-05-20T00:51:51.971+0000] {logging_mixin.py:188} INFO - [2024-05-20T00:51:51.970+0000] {dagbag.py:545} INFO - Filling up the DagBag from /home/airflow/.local/lib/python3.12/site-packages/airflow/example_dags/example_xcomargs.py
[2024-05-20T00:51:51.990+0000] {processor.py:840} INFO - DAG(s) 'example_xcom_args_with_operators', 'example_xcom_args' retrieved from /home/airflow/.local/lib/python3.12/site-packages/airflow/example_dags/example_xcomargs.py
[2024-05-20T00:51:52.025+0000] {logging_mixin.py:188} INFO - [2024-05-20T00:51:52.024+0000] {dag.py:3096} INFO - Sync 2 DAGs
[2024-05-20T00:51:52.055+0000] {logging_mixin.py:188} INFO - [2024-05-20T00:51:52.054+0000] {dag.py:3954} INFO - Setting next_dagrun for example_xcom_args to None, run_after=None
[2024-05-20T00:51:52.070+0000] {logging_mixin.py:188} INFO - [2024-05-20T00:51:52.069+0000] {dag.py:3954} INFO - Setting next_dagrun for example_xcom_args_with_operators to None, run_after=None
[2024-05-20T00:51:52.134+0000] {processor.py:183} INFO - Processing /home/airflow/.local/lib/python3.12/site-packages/airflow/example_dags/example_xcomargs.py took 0.191 seconds
[2024-05-20T00:52:22.522+0000] {processor.py:161} INFO - Started process (PID=489) to work on /home/airflow/.local/lib/python3.12/site-packages/airflow/example_dags/example_xcomargs.py
[2024-05-20T00:52:22.523+0000] {processor.py:830} INFO - Processing file /home/airflow/.local/lib/python3.12/site-packages/airflow/example_dags/example_xcomargs.py for tasks to queue
[2024-05-20T00:52:22.525+0000] {logging_mixin.py:188} INFO - [2024-05-20T00:52:22.525+0000] {dagbag.py:545} INFO - Filling up the DagBag from /home/airflow/.local/lib/python3.12/site-packages/airflow/example_dags/example_xcomargs.py
[2024-05-20T00:52:22.532+0000] {processor.py:840} INFO - DAG(s) 'example_xcom_args', 'example_xcom_args_with_operators' retrieved from /home/airflow/.local/lib/python3.12/site-packages/airflow/example_dags/example_xcomargs.py
[2024-05-20T00:52:22.550+0000] {logging_mixin.py:188} INFO - [2024-05-20T00:52:22.550+0000] {dag.py:3096} INFO - Sync 2 DAGs
[2024-05-20T00:52:22.560+0000] {logging_mixin.py:188} INFO - [2024-05-20T00:52:22.560+0000] {dag.py:3954} INFO - Setting next_dagrun for example_xcom_args to None, run_after=None
[2024-05-20T00:52:22.565+0000] {logging_mixin.py:188} INFO - [2024-05-20T00:52:22.564+0000] {dag.py:3954} INFO - Setting next_dagrun for example_xcom_args_with_operators to None, run_after=None
[2024-05-20T00:52:22.580+0000] {processor.py:183} INFO - Processing /home/airflow/.local/lib/python3.12/site-packages/airflow/example_dags/example_xcomargs.py took 0.063 seconds
[2024-05-20T00:52:52.999+0000] {processor.py:161} INFO - Started process (PID=549) to work on /home/airflow/.local/lib/python3.12/site-packages/airflow/example_dags/example_xcomargs.py
[2024-05-20T00:52:53.010+0000] {processor.py:830} INFO - Processing file /home/airflow/.local/lib/python3.12/site-packages/airflow/example_dags/example_xcomargs.py for tasks to queue
[2024-05-20T00:52:53.026+0000] {logging_mixin.py:188} INFO - [2024-05-20T00:52:53.026+0000] {dagbag.py:545} INFO - Filling up the DagBag from /home/airflow/.local/lib/python3.12/site-packages/airflow/example_dags/example_xcomargs.py
[2024-05-20T00:52:53.039+0000] {processor.py:840} INFO - DAG(s) 'example_xcom_args_with_operators', 'example_xcom_args' retrieved from /home/airflow/.local/lib/python3.12/site-packages/airflow/example_dags/example_xcomargs.py
[2024-05-20T00:52:53.075+0000] {logging_mixin.py:188} INFO - [2024-05-20T00:52:53.074+0000] {dag.py:3096} INFO - Sync 2 DAGs
[2024-05-20T00:52:53.090+0000] {logging_mixin.py:188} INFO - [2024-05-20T00:52:53.090+0000] {dag.py:3954} INFO - Setting next_dagrun for example_xcom_args to None, run_after=None
[2024-05-20T00:52:53.096+0000] {logging_mixin.py:188} INFO - [2024-05-20T00:52:53.095+0000] {dag.py:3954} INFO - Setting next_dagrun for example_xcom_args_with_operators to None, run_after=None
[2024-05-20T00:52:53.119+0000] {processor.py:183} INFO - Processing /home/airflow/.local/lib/python3.12/site-packages/airflow/example_dags/example_xcomargs.py took 0.129 seconds
[2024-05-20T00:53:51.474+0000] {processor.py:161} INFO - Started process (PID=620) to work on /home/airflow/.local/lib/python3.12/site-packages/airflow/example_dags/example_xcomargs.py
[2024-05-20T00:53:51.480+0000] {processor.py:830} INFO - Processing file /home/airflow/.local/lib/python3.12/site-packages/airflow/example_dags/example_xcomargs.py for tasks to queue
[2024-05-20T00:53:51.483+0000] {logging_mixin.py:188} INFO - [2024-05-20T00:53:51.483+0000] {dagbag.py:545} INFO - Filling up the DagBag from /home/airflow/.local/lib/python3.12/site-packages/airflow/example_dags/example_xcomargs.py
[2024-05-20T00:53:51.498+0000] {processor.py:840} INFO - DAG(s) 'example_xcom_args_with_operators', 'example_xcom_args' retrieved from /home/airflow/.local/lib/python3.12/site-packages/airflow/example_dags/example_xcomargs.py
[2024-05-20T00:53:51.537+0000] {logging_mixin.py:188} INFO - [2024-05-20T00:53:51.537+0000] {dag.py:3096} INFO - Sync 2 DAGs
[2024-05-20T00:53:51.572+0000] {logging_mixin.py:188} INFO - [2024-05-20T00:53:51.571+0000] {dag.py:3954} INFO - Setting next_dagrun for example_xcom_args to None, run_after=None
[2024-05-20T00:53:51.580+0000] {logging_mixin.py:188} INFO - [2024-05-20T00:53:51.580+0000] {dag.py:3954} INFO - Setting next_dagrun for example_xcom_args_with_operators to None, run_after=None
[2024-05-20T00:53:51.607+0000] {processor.py:183} INFO - Processing /home/airflow/.local/lib/python3.12/site-packages/airflow/example_dags/example_xcomargs.py took 0.144 seconds
[2024-05-20T00:54:22.616+0000] {processor.py:161} INFO - Started process (PID=679) to work on /home/airflow/.local/lib/python3.12/site-packages/airflow/example_dags/example_xcomargs.py
[2024-05-20T00:54:22.619+0000] {processor.py:830} INFO - Processing file /home/airflow/.local/lib/python3.12/site-packages/airflow/example_dags/example_xcomargs.py for tasks to queue
[2024-05-20T00:54:22.624+0000] {logging_mixin.py:188} INFO - [2024-05-20T00:54:22.623+0000] {dagbag.py:545} INFO - Filling up the DagBag from /home/airflow/.local/lib/python3.12/site-packages/airflow/example_dags/example_xcomargs.py
[2024-05-20T00:54:22.638+0000] {processor.py:840} INFO - DAG(s) 'example_xcom_args_with_operators', 'example_xcom_args' retrieved from /home/airflow/.local/lib/python3.12/site-packages/airflow/example_dags/example_xcomargs.py
[2024-05-20T00:54:22.668+0000] {logging_mixin.py:188} INFO - [2024-05-20T00:54:22.667+0000] {dag.py:3096} INFO - Sync 2 DAGs
[2024-05-20T00:54:22.686+0000] {logging_mixin.py:188} INFO - [2024-05-20T00:54:22.685+0000] {dag.py:3954} INFO - Setting next_dagrun for example_xcom_args to None, run_after=None
[2024-05-20T00:54:22.693+0000] {logging_mixin.py:188} INFO - [2024-05-20T00:54:22.693+0000] {dag.py:3954} INFO - Setting next_dagrun for example_xcom_args_with_operators to None, run_after=None
[2024-05-20T00:54:22.712+0000] {processor.py:183} INFO - Processing /home/airflow/.local/lib/python3.12/site-packages/airflow/example_dags/example_xcomargs.py took 0.108 seconds
[2024-05-20T00:54:52.813+0000] {processor.py:161} INFO - Started process (PID=739) to work on /home/airflow/.local/lib/python3.12/site-packages/airflow/example_dags/example_xcomargs.py
[2024-05-20T00:54:52.815+0000] {processor.py:830} INFO - Processing file /home/airflow/.local/lib/python3.12/site-packages/airflow/example_dags/example_xcomargs.py for tasks to queue
[2024-05-20T00:54:52.820+0000] {logging_mixin.py:188} INFO - [2024-05-20T00:54:52.819+0000] {dagbag.py:545} INFO - Filling up the DagBag from /home/airflow/.local/lib/python3.12/site-packages/airflow/example_dags/example_xcomargs.py
[2024-05-20T00:54:52.835+0000] {processor.py:840} INFO - DAG(s) 'example_xcom_args', 'example_xcom_args_with_operators' retrieved from /home/airflow/.local/lib/python3.12/site-packages/airflow/example_dags/example_xcomargs.py
[2024-05-20T00:54:52.893+0000] {logging_mixin.py:188} INFO - [2024-05-20T00:54:52.892+0000] {dag.py:3096} INFO - Sync 2 DAGs
[2024-05-20T00:54:52.910+0000] {logging_mixin.py:188} INFO - [2024-05-20T00:54:52.909+0000] {dag.py:3954} INFO - Setting next_dagrun for example_xcom_args to None, run_after=None
[2024-05-20T00:54:52.914+0000] {logging_mixin.py:188} INFO - [2024-05-20T00:54:52.914+0000] {dag.py:3954} INFO - Setting next_dagrun for example_xcom_args_with_operators to None, run_after=None
[2024-05-20T00:54:52.930+0000] {processor.py:183} INFO - Processing /home/airflow/.local/lib/python3.12/site-packages/airflow/example_dags/example_xcomargs.py took 0.126 seconds
[2024-05-20T00:55:43.406+0000] {processor.py:161} INFO - Started process (PID=798) to work on /home/airflow/.local/lib/python3.12/site-packages/airflow/example_dags/example_xcomargs.py
[2024-05-20T00:55:43.409+0000] {processor.py:830} INFO - Processing file /home/airflow/.local/lib/python3.12/site-packages/airflow/example_dags/example_xcomargs.py for tasks to queue
[2024-05-20T00:55:43.412+0000] {logging_mixin.py:188} INFO - [2024-05-20T00:55:43.411+0000] {dagbag.py:545} INFO - Filling up the DagBag from /home/airflow/.local/lib/python3.12/site-packages/airflow/example_dags/example_xcomargs.py
[2024-05-20T00:55:43.424+0000] {processor.py:840} INFO - DAG(s) 'example_xcom_args', 'example_xcom_args_with_operators' retrieved from /home/airflow/.local/lib/python3.12/site-packages/airflow/example_dags/example_xcomargs.py
[2024-05-20T00:55:43.460+0000] {logging_mixin.py:188} INFO - [2024-05-20T00:55:43.459+0000] {dag.py:3096} INFO - Sync 2 DAGs
[2024-05-20T00:55:43.477+0000] {logging_mixin.py:188} INFO - [2024-05-20T00:55:43.477+0000] {dag.py:3954} INFO - Setting next_dagrun for example_xcom_args to None, run_after=None
[2024-05-20T00:55:43.485+0000] {logging_mixin.py:188} INFO - [2024-05-20T00:55:43.485+0000] {dag.py:3954} INFO - Setting next_dagrun for example_xcom_args_with_operators to None, run_after=None
[2024-05-20T00:55:43.517+0000] {processor.py:183} INFO - Processing /home/airflow/.local/lib/python3.12/site-packages/airflow/example_dags/example_xcomargs.py took 0.119 seconds
[2024-05-20T00:56:15.327+0000] {processor.py:161} INFO - Started process (PID=854) to work on /home/airflow/.local/lib/python3.12/site-packages/airflow/example_dags/example_xcomargs.py
[2024-05-20T00:56:15.332+0000] {processor.py:830} INFO - Processing file /home/airflow/.local/lib/python3.12/site-packages/airflow/example_dags/example_xcomargs.py for tasks to queue
[2024-05-20T00:56:15.335+0000] {logging_mixin.py:188} INFO - [2024-05-20T00:56:15.335+0000] {dagbag.py:545} INFO - Filling up the DagBag from /home/airflow/.local/lib/python3.12/site-packages/airflow/example_dags/example_xcomargs.py
[2024-05-20T00:56:15.349+0000] {processor.py:840} INFO - DAG(s) 'example_xcom_args_with_operators', 'example_xcom_args' retrieved from /home/airflow/.local/lib/python3.12/site-packages/airflow/example_dags/example_xcomargs.py
[2024-05-20T00:56:15.390+0000] {logging_mixin.py:188} INFO - [2024-05-20T00:56:15.389+0000] {dag.py:3096} INFO - Sync 2 DAGs
[2024-05-20T00:56:15.410+0000] {logging_mixin.py:188} INFO - [2024-05-20T00:56:15.410+0000] {dag.py:3954} INFO - Setting next_dagrun for example_xcom_args to None, run_after=None
[2024-05-20T00:56:15.415+0000] {logging_mixin.py:188} INFO - [2024-05-20T00:56:15.415+0000] {dag.py:3954} INFO - Setting next_dagrun for example_xcom_args_with_operators to None, run_after=None
[2024-05-20T00:56:15.435+0000] {processor.py:183} INFO - Processing /home/airflow/.local/lib/python3.12/site-packages/airflow/example_dags/example_xcomargs.py took 0.116 seconds
[2024-05-20T00:56:45.861+0000] {processor.py:161} INFO - Started process (PID=914) to work on /home/airflow/.local/lib/python3.12/site-packages/airflow/example_dags/example_xcomargs.py
[2024-05-20T00:56:45.862+0000] {processor.py:830} INFO - Processing file /home/airflow/.local/lib/python3.12/site-packages/airflow/example_dags/example_xcomargs.py for tasks to queue
[2024-05-20T00:56:45.864+0000] {logging_mixin.py:188} INFO - [2024-05-20T00:56:45.864+0000] {dagbag.py:545} INFO - Filling up the DagBag from /home/airflow/.local/lib/python3.12/site-packages/airflow/example_dags/example_xcomargs.py
[2024-05-20T00:56:45.872+0000] {processor.py:840} INFO - DAG(s) 'example_xcom_args', 'example_xcom_args_with_operators' retrieved from /home/airflow/.local/lib/python3.12/site-packages/airflow/example_dags/example_xcomargs.py
[2024-05-20T00:56:45.899+0000] {logging_mixin.py:188} INFO - [2024-05-20T00:56:45.899+0000] {dag.py:3096} INFO - Sync 2 DAGs
[2024-05-20T00:56:45.910+0000] {logging_mixin.py:188} INFO - [2024-05-20T00:56:45.910+0000] {dag.py:3954} INFO - Setting next_dagrun for example_xcom_args to None, run_after=None
[2024-05-20T00:56:45.914+0000] {logging_mixin.py:188} INFO - [2024-05-20T00:56:45.914+0000] {dag.py:3954} INFO - Setting next_dagrun for example_xcom_args_with_operators to None, run_after=None
[2024-05-20T00:56:45.937+0000] {processor.py:183} INFO - Processing /home/airflow/.local/lib/python3.12/site-packages/airflow/example_dags/example_xcomargs.py took 0.081 seconds
[2024-05-20T00:57:50.303+0000] {processor.py:161} INFO - Started process (PID=970) to work on /home/airflow/.local/lib/python3.12/site-packages/airflow/example_dags/example_xcomargs.py
[2024-05-20T00:57:50.317+0000] {processor.py:830} INFO - Processing file /home/airflow/.local/lib/python3.12/site-packages/airflow/example_dags/example_xcomargs.py for tasks to queue
[2024-05-20T00:57:50.322+0000] {logging_mixin.py:188} INFO - [2024-05-20T00:57:50.321+0000] {dagbag.py:545} INFO - Filling up the DagBag from /home/airflow/.local/lib/python3.12/site-packages/airflow/example_dags/example_xcomargs.py
[2024-05-20T00:57:50.372+0000] {processor.py:840} INFO - DAG(s) 'example_xcom_args_with_operators', 'example_xcom_args' retrieved from /home/airflow/.local/lib/python3.12/site-packages/airflow/example_dags/example_xcomargs.py
[2024-05-20T00:57:50.537+0000] {logging_mixin.py:188} INFO - [2024-05-20T00:57:50.537+0000] {dag.py:3096} INFO - Sync 2 DAGs
[2024-05-20T00:57:50.608+0000] {logging_mixin.py:188} INFO - [2024-05-20T00:57:50.607+0000] {dag.py:3954} INFO - Setting next_dagrun for example_xcom_args to None, run_after=None
[2024-05-20T00:57:50.617+0000] {logging_mixin.py:188} INFO - [2024-05-20T00:57:50.617+0000] {dag.py:3954} INFO - Setting next_dagrun for example_xcom_args_with_operators to None, run_after=None
[2024-05-20T00:57:50.678+0000] {processor.py:183} INFO - Processing /home/airflow/.local/lib/python3.12/site-packages/airflow/example_dags/example_xcomargs.py took 0.396 seconds
[2024-05-20T00:58:21.436+0000] {processor.py:161} INFO - Started process (PID=1030) to work on /home/airflow/.local/lib/python3.12/site-packages/airflow/example_dags/example_xcomargs.py
[2024-05-20T00:58:21.437+0000] {processor.py:830} INFO - Processing file /home/airflow/.local/lib/python3.12/site-packages/airflow/example_dags/example_xcomargs.py for tasks to queue
[2024-05-20T00:58:21.440+0000] {logging_mixin.py:188} INFO - [2024-05-20T00:58:21.439+0000] {dagbag.py:545} INFO - Filling up the DagBag from /home/airflow/.local/lib/python3.12/site-packages/airflow/example_dags/example_xcomargs.py
[2024-05-20T00:58:21.492+0000] {processor.py:840} INFO - DAG(s) 'example_xcom_args', 'example_xcom_args_with_operators' retrieved from /home/airflow/.local/lib/python3.12/site-packages/airflow/example_dags/example_xcomargs.py
[2024-05-20T00:58:21.546+0000] {logging_mixin.py:188} INFO - [2024-05-20T00:58:21.545+0000] {dag.py:3096} INFO - Sync 2 DAGs
[2024-05-20T00:58:21.591+0000] {logging_mixin.py:188} INFO - [2024-05-20T00:58:21.591+0000] {dag.py:3954} INFO - Setting next_dagrun for example_xcom_args to None, run_after=None
[2024-05-20T00:58:21.597+0000] {logging_mixin.py:188} INFO - [2024-05-20T00:58:21.596+0000] {dag.py:3954} INFO - Setting next_dagrun for example_xcom_args_with_operators to None, run_after=None
[2024-05-20T00:58:21.620+0000] {processor.py:183} INFO - Processing /home/airflow/.local/lib/python3.12/site-packages/airflow/example_dags/example_xcomargs.py took 0.191 seconds
[2024-05-20T00:58:52.608+0000] {processor.py:161} INFO - Started process (PID=1089) to work on /home/airflow/.local/lib/python3.12/site-packages/airflow/example_dags/example_xcomargs.py
[2024-05-20T00:58:52.612+0000] {processor.py:830} INFO - Processing file /home/airflow/.local/lib/python3.12/site-packages/airflow/example_dags/example_xcomargs.py for tasks to queue
[2024-05-20T00:58:52.620+0000] {logging_mixin.py:188} INFO - [2024-05-20T00:58:52.619+0000] {dagbag.py:545} INFO - Filling up the DagBag from /home/airflow/.local/lib/python3.12/site-packages/airflow/example_dags/example_xcomargs.py
[2024-05-20T00:58:52.679+0000] {processor.py:840} INFO - DAG(s) 'example_xcom_args_with_operators', 'example_xcom_args' retrieved from /home/airflow/.local/lib/python3.12/site-packages/airflow/example_dags/example_xcomargs.py
[2024-05-20T00:58:52.778+0000] {logging_mixin.py:188} INFO - [2024-05-20T00:58:52.778+0000] {dag.py:3096} INFO - Sync 2 DAGs
[2024-05-20T00:58:52.821+0000] {logging_mixin.py:188} INFO - [2024-05-20T00:58:52.820+0000] {dag.py:3954} INFO - Setting next_dagrun for example_xcom_args to None, run_after=None
[2024-05-20T00:58:52.830+0000] {logging_mixin.py:188} INFO - [2024-05-20T00:58:52.830+0000] {dag.py:3954} INFO - Setting next_dagrun for example_xcom_args_with_operators to None, run_after=None
[2024-05-20T00:58:52.909+0000] {processor.py:183} INFO - Processing /home/airflow/.local/lib/python3.12/site-packages/airflow/example_dags/example_xcomargs.py took 0.487 seconds
[2024-05-20T00:59:23.110+0000] {processor.py:161} INFO - Started process (PID=1148) to work on /home/airflow/.local/lib/python3.12/site-packages/airflow/example_dags/example_xcomargs.py
[2024-05-20T00:59:23.112+0000] {processor.py:830} INFO - Processing file /home/airflow/.local/lib/python3.12/site-packages/airflow/example_dags/example_xcomargs.py for tasks to queue
[2024-05-20T00:59:23.115+0000] {logging_mixin.py:188} INFO - [2024-05-20T00:59:23.115+0000] {dagbag.py:545} INFO - Filling up the DagBag from /home/airflow/.local/lib/python3.12/site-packages/airflow/example_dags/example_xcomargs.py
[2024-05-20T00:59:23.163+0000] {processor.py:840} INFO - DAG(s) 'example_xcom_args', 'example_xcom_args_with_operators' retrieved from /home/airflow/.local/lib/python3.12/site-packages/airflow/example_dags/example_xcomargs.py
[2024-05-20T00:59:23.238+0000] {logging_mixin.py:188} INFO - [2024-05-20T00:59:23.238+0000] {dag.py:3096} INFO - Sync 2 DAGs
[2024-05-20T00:59:23.257+0000] {logging_mixin.py:188} INFO - [2024-05-20T00:59:23.257+0000] {dag.py:3954} INFO - Setting next_dagrun for example_xcom_args to None, run_after=None
[2024-05-20T00:59:23.262+0000] {logging_mixin.py:188} INFO - [2024-05-20T00:59:23.262+0000] {dag.py:3954} INFO - Setting next_dagrun for example_xcom_args_with_operators to None, run_after=None
[2024-05-20T00:59:23.280+0000] {processor.py:183} INFO - Processing /home/airflow/.local/lib/python3.12/site-packages/airflow/example_dags/example_xcomargs.py took 0.180 seconds
[2024-05-20T01:00:00.339+0000] {processor.py:161} INFO - Started process (PID=1214) to work on /home/airflow/.local/lib/python3.12/site-packages/airflow/example_dags/example_xcomargs.py
[2024-05-20T01:00:00.397+0000] {processor.py:830} INFO - Processing file /home/airflow/.local/lib/python3.12/site-packages/airflow/example_dags/example_xcomargs.py for tasks to queue
[2024-05-20T01:00:00.403+0000] {logging_mixin.py:188} INFO - [2024-05-20T01:00:00.402+0000] {dagbag.py:545} INFO - Filling up the DagBag from /home/airflow/.local/lib/python3.12/site-packages/airflow/example_dags/example_xcomargs.py
[2024-05-20T01:00:00.468+0000] {processor.py:840} INFO - DAG(s) 'example_xcom_args', 'example_xcom_args_with_operators' retrieved from /home/airflow/.local/lib/python3.12/site-packages/airflow/example_dags/example_xcomargs.py
[2024-05-20T01:00:00.671+0000] {logging_mixin.py:188} INFO - [2024-05-20T01:00:00.662+0000] {dag.py:3096} INFO - Sync 2 DAGs
[2024-05-20T01:00:00.795+0000] {logging_mixin.py:188} INFO - [2024-05-20T01:00:00.794+0000] {dag.py:3954} INFO - Setting next_dagrun for example_xcom_args to None, run_after=None
[2024-05-20T01:00:00.828+0000] {logging_mixin.py:188} INFO - [2024-05-20T01:00:00.828+0000] {dag.py:3954} INFO - Setting next_dagrun for example_xcom_args_with_operators to None, run_after=None
[2024-05-20T01:00:01.154+0000] {processor.py:183} INFO - Processing /home/airflow/.local/lib/python3.12/site-packages/airflow/example_dags/example_xcomargs.py took 0.829 seconds
[2024-05-20T01:00:31.426+0000] {processor.py:161} INFO - Started process (PID=1274) to work on /home/airflow/.local/lib/python3.12/site-packages/airflow/example_dags/example_xcomargs.py
[2024-05-20T01:00:31.434+0000] {processor.py:830} INFO - Processing file /home/airflow/.local/lib/python3.12/site-packages/airflow/example_dags/example_xcomargs.py for tasks to queue
[2024-05-20T01:00:31.446+0000] {logging_mixin.py:188} INFO - [2024-05-20T01:00:31.444+0000] {dagbag.py:545} INFO - Filling up the DagBag from /home/airflow/.local/lib/python3.12/site-packages/airflow/example_dags/example_xcomargs.py
[2024-05-20T01:00:31.475+0000] {processor.py:840} INFO - DAG(s) 'example_xcom_args_with_operators', 'example_xcom_args' retrieved from /home/airflow/.local/lib/python3.12/site-packages/airflow/example_dags/example_xcomargs.py
[2024-05-20T01:00:31.538+0000] {logging_mixin.py:188} INFO - [2024-05-20T01:00:31.537+0000] {dag.py:3096} INFO - Sync 2 DAGs
[2024-05-20T01:00:31.553+0000] {logging_mixin.py:188} INFO - [2024-05-20T01:00:31.553+0000] {dag.py:3954} INFO - Setting next_dagrun for example_xcom_args to None, run_after=None
[2024-05-20T01:00:31.557+0000] {logging_mixin.py:188} INFO - [2024-05-20T01:00:31.557+0000] {dag.py:3954} INFO - Setting next_dagrun for example_xcom_args_with_operators to None, run_after=None
[2024-05-20T01:00:31.571+0000] {processor.py:183} INFO - Processing /home/airflow/.local/lib/python3.12/site-packages/airflow/example_dags/example_xcomargs.py took 0.159 seconds
[2024-05-20T01:01:04.258+0000] {processor.py:161} INFO - Started process (PID=1334) to work on /home/airflow/.local/lib/python3.12/site-packages/airflow/example_dags/example_xcomargs.py
[2024-05-20T01:01:04.261+0000] {processor.py:830} INFO - Processing file /home/airflow/.local/lib/python3.12/site-packages/airflow/example_dags/example_xcomargs.py for tasks to queue
[2024-05-20T01:01:04.266+0000] {logging_mixin.py:188} INFO - [2024-05-20T01:01:04.266+0000] {dagbag.py:545} INFO - Filling up the DagBag from /home/airflow/.local/lib/python3.12/site-packages/airflow/example_dags/example_xcomargs.py
[2024-05-20T01:01:04.288+0000] {processor.py:840} INFO - DAG(s) 'example_xcom_args', 'example_xcom_args_with_operators' retrieved from /home/airflow/.local/lib/python3.12/site-packages/airflow/example_dags/example_xcomargs.py
[2024-05-20T01:01:04.352+0000] {logging_mixin.py:188} INFO - [2024-05-20T01:01:04.352+0000] {dag.py:3096} INFO - Sync 2 DAGs
[2024-05-20T01:01:04.404+0000] {logging_mixin.py:188} INFO - [2024-05-20T01:01:04.404+0000] {dag.py:3954} INFO - Setting next_dagrun for example_xcom_args to None, run_after=None
[2024-05-20T01:01:04.417+0000] {logging_mixin.py:188} INFO - [2024-05-20T01:01:04.417+0000] {dag.py:3954} INFO - Setting next_dagrun for example_xcom_args_with_operators to None, run_after=None
[2024-05-20T01:01:04.452+0000] {processor.py:183} INFO - Processing /home/airflow/.local/lib/python3.12/site-packages/airflow/example_dags/example_xcomargs.py took 0.212 seconds
[2024-05-20T01:01:35.121+0000] {processor.py:161} INFO - Started process (PID=1394) to work on /home/airflow/.local/lib/python3.12/site-packages/airflow/example_dags/example_xcomargs.py
[2024-05-20T01:01:35.123+0000] {processor.py:830} INFO - Processing file /home/airflow/.local/lib/python3.12/site-packages/airflow/example_dags/example_xcomargs.py for tasks to queue
[2024-05-20T01:01:35.127+0000] {logging_mixin.py:188} INFO - [2024-05-20T01:01:35.126+0000] {dagbag.py:545} INFO - Filling up the DagBag from /home/airflow/.local/lib/python3.12/site-packages/airflow/example_dags/example_xcomargs.py
[2024-05-20T01:01:35.161+0000] {processor.py:840} INFO - DAG(s) 'example_xcom_args', 'example_xcom_args_with_operators' retrieved from /home/airflow/.local/lib/python3.12/site-packages/airflow/example_dags/example_xcomargs.py
[2024-05-20T01:01:35.228+0000] {logging_mixin.py:188} INFO - [2024-05-20T01:01:35.227+0000] {dag.py:3096} INFO - Sync 2 DAGs
[2024-05-20T01:01:35.255+0000] {logging_mixin.py:188} INFO - [2024-05-20T01:01:35.255+0000] {dag.py:3954} INFO - Setting next_dagrun for example_xcom_args to None, run_after=None
[2024-05-20T01:01:35.267+0000] {logging_mixin.py:188} INFO - [2024-05-20T01:01:35.266+0000] {dag.py:3954} INFO - Setting next_dagrun for example_xcom_args_with_operators to None, run_after=None
[2024-05-20T01:01:35.295+0000] {processor.py:183} INFO - Processing /home/airflow/.local/lib/python3.12/site-packages/airflow/example_dags/example_xcomargs.py took 0.198 seconds
[2024-05-20T01:02:06.136+0000] {processor.py:161} INFO - Started process (PID=1452) to work on /home/airflow/.local/lib/python3.12/site-packages/airflow/example_dags/example_xcomargs.py
[2024-05-20T01:02:06.140+0000] {processor.py:830} INFO - Processing file /home/airflow/.local/lib/python3.12/site-packages/airflow/example_dags/example_xcomargs.py for tasks to queue
[2024-05-20T01:02:06.143+0000] {logging_mixin.py:188} INFO - [2024-05-20T01:02:06.142+0000] {dagbag.py:545} INFO - Filling up the DagBag from /home/airflow/.local/lib/python3.12/site-packages/airflow/example_dags/example_xcomargs.py
[2024-05-20T01:02:06.166+0000] {processor.py:840} INFO - DAG(s) 'example_xcom_args', 'example_xcom_args_with_operators' retrieved from /home/airflow/.local/lib/python3.12/site-packages/airflow/example_dags/example_xcomargs.py
[2024-05-20T01:02:06.301+0000] {logging_mixin.py:188} INFO - [2024-05-20T01:02:06.301+0000] {dag.py:3096} INFO - Sync 2 DAGs
[2024-05-20T01:02:06.402+0000] {logging_mixin.py:188} INFO - [2024-05-20T01:02:06.401+0000] {dag.py:3954} INFO - Setting next_dagrun for example_xcom_args to None, run_after=None
[2024-05-20T01:02:06.449+0000] {logging_mixin.py:188} INFO - [2024-05-20T01:02:06.449+0000] {dag.py:3954} INFO - Setting next_dagrun for example_xcom_args_with_operators to None, run_after=None
[2024-05-20T01:02:06.500+0000] {processor.py:183} INFO - Processing /home/airflow/.local/lib/python3.12/site-packages/airflow/example_dags/example_xcomargs.py took 0.372 seconds
[2024-05-20T01:02:37.381+0000] {processor.py:161} INFO - Started process (PID=1511) to work on /home/airflow/.local/lib/python3.12/site-packages/airflow/example_dags/example_xcomargs.py
[2024-05-20T01:02:37.384+0000] {processor.py:830} INFO - Processing file /home/airflow/.local/lib/python3.12/site-packages/airflow/example_dags/example_xcomargs.py for tasks to queue
[2024-05-20T01:02:37.399+0000] {logging_mixin.py:188} INFO - [2024-05-20T01:02:37.396+0000] {dagbag.py:545} INFO - Filling up the DagBag from /home/airflow/.local/lib/python3.12/site-packages/airflow/example_dags/example_xcomargs.py
[2024-05-20T01:02:37.458+0000] {processor.py:840} INFO - DAG(s) 'example_xcom_args', 'example_xcom_args_with_operators' retrieved from /home/airflow/.local/lib/python3.12/site-packages/airflow/example_dags/example_xcomargs.py
[2024-05-20T01:02:37.572+0000] {logging_mixin.py:188} INFO - [2024-05-20T01:02:37.572+0000] {dag.py:3096} INFO - Sync 2 DAGs
[2024-05-20T01:02:37.612+0000] {logging_mixin.py:188} INFO - [2024-05-20T01:02:37.611+0000] {dag.py:3954} INFO - Setting next_dagrun for example_xcom_args to None, run_after=None
[2024-05-20T01:02:37.648+0000] {logging_mixin.py:188} INFO - [2024-05-20T01:02:37.648+0000] {dag.py:3954} INFO - Setting next_dagrun for example_xcom_args_with_operators to None, run_after=None
[2024-05-20T01:02:37.724+0000] {processor.py:183} INFO - Processing /home/airflow/.local/lib/python3.12/site-packages/airflow/example_dags/example_xcomargs.py took 0.388 seconds
[2024-05-20T01:03:27.034+0000] {processor.py:161} INFO - Started process (PID=1567) to work on /home/airflow/.local/lib/python3.12/site-packages/airflow/example_dags/example_xcomargs.py
[2024-05-20T01:03:27.038+0000] {processor.py:830} INFO - Processing file /home/airflow/.local/lib/python3.12/site-packages/airflow/example_dags/example_xcomargs.py for tasks to queue
[2024-05-20T01:03:27.041+0000] {logging_mixin.py:188} INFO - [2024-05-20T01:03:27.041+0000] {dagbag.py:545} INFO - Filling up the DagBag from /home/airflow/.local/lib/python3.12/site-packages/airflow/example_dags/example_xcomargs.py
[2024-05-20T01:03:27.060+0000] {processor.py:840} INFO - DAG(s) 'example_xcom_args', 'example_xcom_args_with_operators' retrieved from /home/airflow/.local/lib/python3.12/site-packages/airflow/example_dags/example_xcomargs.py
[2024-05-20T01:03:27.097+0000] {logging_mixin.py:188} INFO - [2024-05-20T01:03:27.096+0000] {dag.py:3096} INFO - Sync 2 DAGs
[2024-05-20T01:03:27.116+0000] {logging_mixin.py:188} INFO - [2024-05-20T01:03:27.116+0000] {dag.py:3954} INFO - Setting next_dagrun for example_xcom_args to None, run_after=None
[2024-05-20T01:03:27.126+0000] {logging_mixin.py:188} INFO - [2024-05-20T01:03:27.125+0000] {dag.py:3954} INFO - Setting next_dagrun for example_xcom_args_with_operators to None, run_after=None
[2024-05-20T01:03:27.187+0000] {processor.py:183} INFO - Processing /home/airflow/.local/lib/python3.12/site-packages/airflow/example_dags/example_xcomargs.py took 0.166 seconds
