[2024-05-20T00:48:26.279+0000] {processor.py:161} INFO - Started process (PID=52) to work on /home/airflow/.local/lib/python3.12/site-packages/airflow/example_dags/example_branch_python_dop_operator_3.py
[2024-05-20T00:48:26.284+0000] {processor.py:830} INFO - Processing file /home/airflow/.local/lib/python3.12/site-packages/airflow/example_dags/example_branch_python_dop_operator_3.py for tasks to queue
[2024-05-20T00:48:26.297+0000] {logging_mixin.py:188} INFO - [2024-05-20T00:48:26.293+0000] {dagbag.py:545} INFO - Filling up the DagBag from /home/airflow/.local/lib/python3.12/site-packages/airflow/example_dags/example_branch_python_dop_operator_3.py
[2024-05-20T00:48:26.383+0000] {processor.py:840} INFO - DAG(s) 'example_branch_dop_operator_v3' retrieved from /home/airflow/.local/lib/python3.12/site-packages/airflow/example_dags/example_branch_python_dop_operator_3.py
[2024-05-20T00:48:26.969+0000] {logging_mixin.py:188} INFO - [2024-05-20T00:48:26.966+0000] {dag.py:3096} INFO - Sync 1 DAGs
[2024-05-20T00:48:27.249+0000] {logging_mixin.py:188} INFO - [2024-05-20T00:48:27.246+0000] {dag.py:3954} INFO - Setting next_dagrun for example_branch_dop_operator_v3 to 2024-05-20 00:47:00+00:00, run_after=2024-05-20 00:48:00+00:00
[2024-05-20T00:48:27.511+0000] {processor.py:183} INFO - Processing /home/airflow/.local/lib/python3.12/site-packages/airflow/example_dags/example_branch_python_dop_operator_3.py took 1.241 seconds
[2024-05-20T00:48:57.912+0000] {processor.py:161} INFO - Started process (PID=112) to work on /home/airflow/.local/lib/python3.12/site-packages/airflow/example_dags/example_branch_python_dop_operator_3.py
[2024-05-20T00:48:57.914+0000] {processor.py:830} INFO - Processing file /home/airflow/.local/lib/python3.12/site-packages/airflow/example_dags/example_branch_python_dop_operator_3.py for tasks to queue
[2024-05-20T00:48:57.920+0000] {logging_mixin.py:188} INFO - [2024-05-20T00:48:57.919+0000] {dagbag.py:545} INFO - Filling up the DagBag from /home/airflow/.local/lib/python3.12/site-packages/airflow/example_dags/example_branch_python_dop_operator_3.py
[2024-05-20T00:48:57.962+0000] {processor.py:840} INFO - DAG(s) 'example_branch_dop_operator_v3' retrieved from /home/airflow/.local/lib/python3.12/site-packages/airflow/example_dags/example_branch_python_dop_operator_3.py
[2024-05-20T00:48:58.020+0000] {logging_mixin.py:188} INFO - [2024-05-20T00:48:58.020+0000] {dag.py:3096} INFO - Sync 1 DAGs
[2024-05-20T00:48:58.101+0000] {logging_mixin.py:188} INFO - [2024-05-20T00:48:58.100+0000] {dag.py:3954} INFO - Setting next_dagrun for example_branch_dop_operator_v3 to 2024-05-20 00:47:00+00:00, run_after=2024-05-20 00:48:00+00:00
[2024-05-20T00:48:58.200+0000] {processor.py:183} INFO - Processing /home/airflow/.local/lib/python3.12/site-packages/airflow/example_dags/example_branch_python_dop_operator_3.py took 0.295 seconds
[2024-05-20T00:49:28.301+0000] {processor.py:161} INFO - Started process (PID=169) to work on /home/airflow/.local/lib/python3.12/site-packages/airflow/example_dags/example_branch_python_dop_operator_3.py
[2024-05-20T00:49:28.302+0000] {processor.py:830} INFO - Processing file /home/airflow/.local/lib/python3.12/site-packages/airflow/example_dags/example_branch_python_dop_operator_3.py for tasks to queue
[2024-05-20T00:49:28.303+0000] {logging_mixin.py:188} INFO - [2024-05-20T00:49:28.303+0000] {dagbag.py:545} INFO - Filling up the DagBag from /home/airflow/.local/lib/python3.12/site-packages/airflow/example_dags/example_branch_python_dop_operator_3.py
[2024-05-20T00:49:28.310+0000] {processor.py:840} INFO - DAG(s) 'example_branch_dop_operator_v3' retrieved from /home/airflow/.local/lib/python3.12/site-packages/airflow/example_dags/example_branch_python_dop_operator_3.py
[2024-05-20T00:49:28.325+0000] {logging_mixin.py:188} INFO - [2024-05-20T00:49:28.325+0000] {dag.py:3096} INFO - Sync 1 DAGs
[2024-05-20T00:49:28.344+0000] {logging_mixin.py:188} INFO - [2024-05-20T00:49:28.343+0000] {dag.py:3954} INFO - Setting next_dagrun for example_branch_dop_operator_v3 to 2024-05-20 00:48:00+00:00, run_after=2024-05-20 00:49:00+00:00
[2024-05-20T00:49:28.360+0000] {processor.py:183} INFO - Processing /home/airflow/.local/lib/python3.12/site-packages/airflow/example_dags/example_branch_python_dop_operator_3.py took 0.065 seconds
[2024-05-20T00:49:58.426+0000] {processor.py:161} INFO - Started process (PID=228) to work on /home/airflow/.local/lib/python3.12/site-packages/airflow/example_dags/example_branch_python_dop_operator_3.py
[2024-05-20T00:49:58.427+0000] {processor.py:830} INFO - Processing file /home/airflow/.local/lib/python3.12/site-packages/airflow/example_dags/example_branch_python_dop_operator_3.py for tasks to queue
[2024-05-20T00:49:58.428+0000] {logging_mixin.py:188} INFO - [2024-05-20T00:49:58.428+0000] {dagbag.py:545} INFO - Filling up the DagBag from /home/airflow/.local/lib/python3.12/site-packages/airflow/example_dags/example_branch_python_dop_operator_3.py
[2024-05-20T00:49:58.437+0000] {processor.py:840} INFO - DAG(s) 'example_branch_dop_operator_v3' retrieved from /home/airflow/.local/lib/python3.12/site-packages/airflow/example_dags/example_branch_python_dop_operator_3.py
[2024-05-20T00:49:58.456+0000] {logging_mixin.py:188} INFO - [2024-05-20T00:49:58.455+0000] {dag.py:3096} INFO - Sync 1 DAGs
[2024-05-20T00:49:58.480+0000] {logging_mixin.py:188} INFO - [2024-05-20T00:49:58.479+0000] {dag.py:3954} INFO - Setting next_dagrun for example_branch_dop_operator_v3 to 2024-05-20 00:48:00+00:00, run_after=2024-05-20 00:49:00+00:00
[2024-05-20T00:49:58.505+0000] {processor.py:183} INFO - Processing /home/airflow/.local/lib/python3.12/site-packages/airflow/example_dags/example_branch_python_dop_operator_3.py took 0.083 seconds
[2024-05-20T00:50:31.736+0000] {processor.py:161} INFO - Started process (PID=284) to work on /home/airflow/.local/lib/python3.12/site-packages/airflow/example_dags/example_branch_python_dop_operator_3.py
[2024-05-20T00:50:31.741+0000] {processor.py:830} INFO - Processing file /home/airflow/.local/lib/python3.12/site-packages/airflow/example_dags/example_branch_python_dop_operator_3.py for tasks to queue
[2024-05-20T00:50:31.745+0000] {logging_mixin.py:188} INFO - [2024-05-20T00:50:31.745+0000] {dagbag.py:545} INFO - Filling up the DagBag from /home/airflow/.local/lib/python3.12/site-packages/airflow/example_dags/example_branch_python_dop_operator_3.py
[2024-05-20T00:50:31.784+0000] {processor.py:840} INFO - DAG(s) 'example_branch_dop_operator_v3' retrieved from /home/airflow/.local/lib/python3.12/site-packages/airflow/example_dags/example_branch_python_dop_operator_3.py
[2024-05-20T00:50:31.862+0000] {logging_mixin.py:188} INFO - [2024-05-20T00:50:31.861+0000] {dag.py:3096} INFO - Sync 1 DAGs
[2024-05-20T00:50:31.950+0000] {logging_mixin.py:188} INFO - [2024-05-20T00:50:31.949+0000] {dag.py:3954} INFO - Setting next_dagrun for example_branch_dop_operator_v3 to 2024-05-20 00:49:00+00:00, run_after=2024-05-20 00:50:00+00:00
[2024-05-20T00:50:32.028+0000] {processor.py:183} INFO - Processing /home/airflow/.local/lib/python3.12/site-packages/airflow/example_dags/example_branch_python_dop_operator_3.py took 0.310 seconds
[2024-05-20T00:51:02.101+0000] {processor.py:161} INFO - Started process (PID=343) to work on /home/airflow/.local/lib/python3.12/site-packages/airflow/example_dags/example_branch_python_dop_operator_3.py
[2024-05-20T00:51:02.103+0000] {processor.py:830} INFO - Processing file /home/airflow/.local/lib/python3.12/site-packages/airflow/example_dags/example_branch_python_dop_operator_3.py for tasks to queue
[2024-05-20T00:51:02.107+0000] {logging_mixin.py:188} INFO - [2024-05-20T00:51:02.106+0000] {dagbag.py:545} INFO - Filling up the DagBag from /home/airflow/.local/lib/python3.12/site-packages/airflow/example_dags/example_branch_python_dop_operator_3.py
[2024-05-20T00:51:02.120+0000] {processor.py:840} INFO - DAG(s) 'example_branch_dop_operator_v3' retrieved from /home/airflow/.local/lib/python3.12/site-packages/airflow/example_dags/example_branch_python_dop_operator_3.py
[2024-05-20T00:51:02.160+0000] {logging_mixin.py:188} INFO - [2024-05-20T00:51:02.159+0000] {dag.py:3096} INFO - Sync 1 DAGs
[2024-05-20T00:51:02.302+0000] {logging_mixin.py:188} INFO - [2024-05-20T00:51:02.302+0000] {dag.py:3954} INFO - Setting next_dagrun for example_branch_dop_operator_v3 to 2024-05-20 00:50:00+00:00, run_after=2024-05-20 00:51:00+00:00
[2024-05-20T00:51:02.403+0000] {processor.py:183} INFO - Processing /home/airflow/.local/lib/python3.12/site-packages/airflow/example_dags/example_branch_python_dop_operator_3.py took 0.309 seconds
[2024-05-20T00:51:32.507+0000] {processor.py:161} INFO - Started process (PID=403) to work on /home/airflow/.local/lib/python3.12/site-packages/airflow/example_dags/example_branch_python_dop_operator_3.py
[2024-05-20T00:51:32.509+0000] {processor.py:830} INFO - Processing file /home/airflow/.local/lib/python3.12/site-packages/airflow/example_dags/example_branch_python_dop_operator_3.py for tasks to queue
[2024-05-20T00:51:32.514+0000] {logging_mixin.py:188} INFO - [2024-05-20T00:51:32.512+0000] {dagbag.py:545} INFO - Filling up the DagBag from /home/airflow/.local/lib/python3.12/site-packages/airflow/example_dags/example_branch_python_dop_operator_3.py
[2024-05-20T00:51:32.531+0000] {processor.py:840} INFO - DAG(s) 'example_branch_dop_operator_v3' retrieved from /home/airflow/.local/lib/python3.12/site-packages/airflow/example_dags/example_branch_python_dop_operator_3.py
[2024-05-20T00:51:32.564+0000] {logging_mixin.py:188} INFO - [2024-05-20T00:51:32.563+0000] {dag.py:3096} INFO - Sync 1 DAGs
[2024-05-20T00:51:32.608+0000] {logging_mixin.py:188} INFO - [2024-05-20T00:51:32.607+0000] {dag.py:3954} INFO - Setting next_dagrun for example_branch_dop_operator_v3 to 2024-05-20 00:50:00+00:00, run_after=2024-05-20 00:51:00+00:00
[2024-05-20T00:51:32.634+0000] {processor.py:183} INFO - Processing /home/airflow/.local/lib/python3.12/site-packages/airflow/example_dags/example_branch_python_dop_operator_3.py took 0.138 seconds
[2024-05-20T00:52:02.695+0000] {processor.py:161} INFO - Started process (PID=464) to work on /home/airflow/.local/lib/python3.12/site-packages/airflow/example_dags/example_branch_python_dop_operator_3.py
[2024-05-20T00:52:02.696+0000] {processor.py:830} INFO - Processing file /home/airflow/.local/lib/python3.12/site-packages/airflow/example_dags/example_branch_python_dop_operator_3.py for tasks to queue
[2024-05-20T00:52:02.698+0000] {logging_mixin.py:188} INFO - [2024-05-20T00:52:02.698+0000] {dagbag.py:545} INFO - Filling up the DagBag from /home/airflow/.local/lib/python3.12/site-packages/airflow/example_dags/example_branch_python_dop_operator_3.py
[2024-05-20T00:52:02.706+0000] {processor.py:840} INFO - DAG(s) 'example_branch_dop_operator_v3' retrieved from /home/airflow/.local/lib/python3.12/site-packages/airflow/example_dags/example_branch_python_dop_operator_3.py
[2024-05-20T00:52:02.725+0000] {logging_mixin.py:188} INFO - [2024-05-20T00:52:02.724+0000] {dag.py:3096} INFO - Sync 1 DAGs
[2024-05-20T00:52:02.744+0000] {logging_mixin.py:188} INFO - [2024-05-20T00:52:02.744+0000] {dag.py:3954} INFO - Setting next_dagrun for example_branch_dop_operator_v3 to 2024-05-20 00:51:00+00:00, run_after=2024-05-20 00:52:00+00:00
[2024-05-20T00:52:02.764+0000] {processor.py:183} INFO - Processing /home/airflow/.local/lib/python3.12/site-packages/airflow/example_dags/example_branch_python_dop_operator_3.py took 0.074 seconds
[2024-05-20T00:52:35.049+0000] {processor.py:161} INFO - Started process (PID=521) to work on /home/airflow/.local/lib/python3.12/site-packages/airflow/example_dags/example_branch_python_dop_operator_3.py
[2024-05-20T00:52:35.052+0000] {processor.py:830} INFO - Processing file /home/airflow/.local/lib/python3.12/site-packages/airflow/example_dags/example_branch_python_dop_operator_3.py for tasks to queue
[2024-05-20T00:52:35.055+0000] {logging_mixin.py:188} INFO - [2024-05-20T00:52:35.054+0000] {dagbag.py:545} INFO - Filling up the DagBag from /home/airflow/.local/lib/python3.12/site-packages/airflow/example_dags/example_branch_python_dop_operator_3.py
[2024-05-20T00:52:35.069+0000] {processor.py:840} INFO - DAG(s) 'example_branch_dop_operator_v3' retrieved from /home/airflow/.local/lib/python3.12/site-packages/airflow/example_dags/example_branch_python_dop_operator_3.py
[2024-05-20T00:52:35.144+0000] {logging_mixin.py:188} INFO - [2024-05-20T00:52:35.143+0000] {dag.py:3096} INFO - Sync 1 DAGs
[2024-05-20T00:52:35.181+0000] {logging_mixin.py:188} INFO - [2024-05-20T00:52:35.180+0000] {dag.py:3954} INFO - Setting next_dagrun for example_branch_dop_operator_v3 to 2024-05-20 00:51:00+00:00, run_after=2024-05-20 00:52:00+00:00
[2024-05-20T00:52:35.214+0000] {processor.py:183} INFO - Processing /home/airflow/.local/lib/python3.12/site-packages/airflow/example_dags/example_branch_python_dop_operator_3.py took 0.173 seconds
[2024-05-20T00:53:08.504+0000] {processor.py:161} INFO - Started process (PID=581) to work on /home/airflow/.local/lib/python3.12/site-packages/airflow/example_dags/example_branch_python_dop_operator_3.py
[2024-05-20T00:53:08.507+0000] {processor.py:830} INFO - Processing file /home/airflow/.local/lib/python3.12/site-packages/airflow/example_dags/example_branch_python_dop_operator_3.py for tasks to queue
[2024-05-20T00:53:08.510+0000] {logging_mixin.py:188} INFO - [2024-05-20T00:53:08.509+0000] {dagbag.py:545} INFO - Filling up the DagBag from /home/airflow/.local/lib/python3.12/site-packages/airflow/example_dags/example_branch_python_dop_operator_3.py
[2024-05-20T00:53:08.529+0000] {processor.py:840} INFO - DAG(s) 'example_branch_dop_operator_v3' retrieved from /home/airflow/.local/lib/python3.12/site-packages/airflow/example_dags/example_branch_python_dop_operator_3.py
[2024-05-20T00:53:08.993+0000] {logging_mixin.py:188} INFO - [2024-05-20T00:53:08.988+0000] {dag.py:3096} INFO - Sync 1 DAGs
[2024-05-20T00:53:09.687+0000] {logging_mixin.py:188} INFO - [2024-05-20T00:53:09.680+0000] {dag.py:3954} INFO - Setting next_dagrun for example_branch_dop_operator_v3 to 2024-05-20 00:52:00+00:00, run_after=2024-05-20 00:53:00+00:00
[2024-05-20T00:53:13.150+0000] {processor.py:183} INFO - Processing /home/airflow/.local/lib/python3.12/site-packages/airflow/example_dags/example_branch_python_dop_operator_3.py took 4.661 seconds
[2024-05-20T00:53:49.706+0000] {processor.py:161} INFO - Started process (PID=606) to work on /home/airflow/.local/lib/python3.12/site-packages/airflow/example_dags/example_branch_python_dop_operator_3.py
[2024-05-20T00:53:49.708+0000] {processor.py:830} INFO - Processing file /home/airflow/.local/lib/python3.12/site-packages/airflow/example_dags/example_branch_python_dop_operator_3.py for tasks to queue
[2024-05-20T00:53:49.711+0000] {logging_mixin.py:188} INFO - [2024-05-20T00:53:49.710+0000] {dagbag.py:545} INFO - Filling up the DagBag from /home/airflow/.local/lib/python3.12/site-packages/airflow/example_dags/example_branch_python_dop_operator_3.py
[2024-05-20T00:53:49.721+0000] {processor.py:840} INFO - DAG(s) 'example_branch_dop_operator_v3' retrieved from /home/airflow/.local/lib/python3.12/site-packages/airflow/example_dags/example_branch_python_dop_operator_3.py
[2024-05-20T00:53:49.786+0000] {logging_mixin.py:188} INFO - [2024-05-20T00:53:49.785+0000] {dag.py:3096} INFO - Sync 1 DAGs
[2024-05-20T00:53:49.898+0000] {logging_mixin.py:188} INFO - [2024-05-20T00:53:49.898+0000] {dag.py:3954} INFO - Setting next_dagrun for example_branch_dop_operator_v3 to 2024-05-20 00:52:00+00:00, run_after=2024-05-20 00:53:00+00:00
[2024-05-20T00:53:49.952+0000] {processor.py:183} INFO - Processing /home/airflow/.local/lib/python3.12/site-packages/airflow/example_dags/example_branch_python_dop_operator_3.py took 0.253 seconds
[2024-05-20T00:54:20.693+0000] {processor.py:161} INFO - Started process (PID=665) to work on /home/airflow/.local/lib/python3.12/site-packages/airflow/example_dags/example_branch_python_dop_operator_3.py
[2024-05-20T00:54:20.695+0000] {processor.py:830} INFO - Processing file /home/airflow/.local/lib/python3.12/site-packages/airflow/example_dags/example_branch_python_dop_operator_3.py for tasks to queue
[2024-05-20T00:54:20.697+0000] {logging_mixin.py:188} INFO - [2024-05-20T00:54:20.697+0000] {dagbag.py:545} INFO - Filling up the DagBag from /home/airflow/.local/lib/python3.12/site-packages/airflow/example_dags/example_branch_python_dop_operator_3.py
[2024-05-20T00:54:20.707+0000] {processor.py:840} INFO - DAG(s) 'example_branch_dop_operator_v3' retrieved from /home/airflow/.local/lib/python3.12/site-packages/airflow/example_dags/example_branch_python_dop_operator_3.py
[2024-05-20T00:54:20.727+0000] {logging_mixin.py:188} INFO - [2024-05-20T00:54:20.727+0000] {dag.py:3096} INFO - Sync 1 DAGs
[2024-05-20T00:54:20.749+0000] {logging_mixin.py:188} INFO - [2024-05-20T00:54:20.749+0000] {dag.py:3954} INFO - Setting next_dagrun for example_branch_dop_operator_v3 to 2024-05-20 00:53:00+00:00, run_after=2024-05-20 00:54:00+00:00
[2024-05-20T00:54:20.767+0000] {processor.py:183} INFO - Processing /home/airflow/.local/lib/python3.12/site-packages/airflow/example_dags/example_branch_python_dop_operator_3.py took 0.081 seconds
[2024-05-20T00:54:50.948+0000] {processor.py:161} INFO - Started process (PID=725) to work on /home/airflow/.local/lib/python3.12/site-packages/airflow/example_dags/example_branch_python_dop_operator_3.py
[2024-05-20T00:54:50.950+0000] {processor.py:830} INFO - Processing file /home/airflow/.local/lib/python3.12/site-packages/airflow/example_dags/example_branch_python_dop_operator_3.py for tasks to queue
[2024-05-20T00:54:50.953+0000] {logging_mixin.py:188} INFO - [2024-05-20T00:54:50.953+0000] {dagbag.py:545} INFO - Filling up the DagBag from /home/airflow/.local/lib/python3.12/site-packages/airflow/example_dags/example_branch_python_dop_operator_3.py
[2024-05-20T00:54:50.965+0000] {processor.py:840} INFO - DAG(s) 'example_branch_dop_operator_v3' retrieved from /home/airflow/.local/lib/python3.12/site-packages/airflow/example_dags/example_branch_python_dop_operator_3.py
[2024-05-20T00:54:50.995+0000] {logging_mixin.py:188} INFO - [2024-05-20T00:54:50.994+0000] {dag.py:3096} INFO - Sync 1 DAGs
[2024-05-20T00:54:51.019+0000] {logging_mixin.py:188} INFO - [2024-05-20T00:54:51.019+0000] {dag.py:3954} INFO - Setting next_dagrun for example_branch_dop_operator_v3 to 2024-05-20 00:53:00+00:00, run_after=2024-05-20 00:54:00+00:00
[2024-05-20T00:54:51.043+0000] {processor.py:183} INFO - Processing /home/airflow/.local/lib/python3.12/site-packages/airflow/example_dags/example_branch_python_dop_operator_3.py took 0.102 seconds
[2024-05-20T00:55:41.327+0000] {processor.py:161} INFO - Started process (PID=784) to work on /home/airflow/.local/lib/python3.12/site-packages/airflow/example_dags/example_branch_python_dop_operator_3.py
[2024-05-20T00:55:41.330+0000] {processor.py:830} INFO - Processing file /home/airflow/.local/lib/python3.12/site-packages/airflow/example_dags/example_branch_python_dop_operator_3.py for tasks to queue
[2024-05-20T00:55:41.333+0000] {logging_mixin.py:188} INFO - [2024-05-20T00:55:41.333+0000] {dagbag.py:545} INFO - Filling up the DagBag from /home/airflow/.local/lib/python3.12/site-packages/airflow/example_dags/example_branch_python_dop_operator_3.py
[2024-05-20T00:55:41.351+0000] {processor.py:840} INFO - DAG(s) 'example_branch_dop_operator_v3' retrieved from /home/airflow/.local/lib/python3.12/site-packages/airflow/example_dags/example_branch_python_dop_operator_3.py
[2024-05-20T00:55:41.411+0000] {logging_mixin.py:188} INFO - [2024-05-20T00:55:41.411+0000] {dag.py:3096} INFO - Sync 1 DAGs
[2024-05-20T00:55:41.478+0000] {logging_mixin.py:188} INFO - [2024-05-20T00:55:41.477+0000] {dag.py:3954} INFO - Setting next_dagrun for example_branch_dop_operator_v3 to 2024-05-20 00:54:00+00:00, run_after=2024-05-20 00:55:00+00:00
[2024-05-20T00:55:41.545+0000] {processor.py:183} INFO - Processing /home/airflow/.local/lib/python3.12/site-packages/airflow/example_dags/example_branch_python_dop_operator_3.py took 0.252 seconds
[2024-05-20T00:56:13.783+0000] {processor.py:161} INFO - Started process (PID=840) to work on /home/airflow/.local/lib/python3.12/site-packages/airflow/example_dags/example_branch_python_dop_operator_3.py
[2024-05-20T00:56:13.785+0000] {processor.py:830} INFO - Processing file /home/airflow/.local/lib/python3.12/site-packages/airflow/example_dags/example_branch_python_dop_operator_3.py for tasks to queue
[2024-05-20T00:56:13.791+0000] {logging_mixin.py:188} INFO - [2024-05-20T00:56:13.790+0000] {dagbag.py:545} INFO - Filling up the DagBag from /home/airflow/.local/lib/python3.12/site-packages/airflow/example_dags/example_branch_python_dop_operator_3.py
[2024-05-20T00:56:13.810+0000] {processor.py:840} INFO - DAG(s) 'example_branch_dop_operator_v3' retrieved from /home/airflow/.local/lib/python3.12/site-packages/airflow/example_dags/example_branch_python_dop_operator_3.py
[2024-05-20T00:56:13.834+0000] {logging_mixin.py:188} INFO - [2024-05-20T00:56:13.834+0000] {dag.py:3096} INFO - Sync 1 DAGs
[2024-05-20T00:56:13.861+0000] {logging_mixin.py:188} INFO - [2024-05-20T00:56:13.860+0000] {dag.py:3954} INFO - Setting next_dagrun for example_branch_dop_operator_v3 to 2024-05-20 00:55:00+00:00, run_after=2024-05-20 00:56:00+00:00
[2024-05-20T00:56:13.887+0000] {processor.py:183} INFO - Processing /home/airflow/.local/lib/python3.12/site-packages/airflow/example_dags/example_branch_python_dop_operator_3.py took 0.113 seconds
[2024-05-20T00:56:44.947+0000] {processor.py:161} INFO - Started process (PID=900) to work on /home/airflow/.local/lib/python3.12/site-packages/airflow/example_dags/example_branch_python_dop_operator_3.py
[2024-05-20T00:56:44.949+0000] {processor.py:830} INFO - Processing file /home/airflow/.local/lib/python3.12/site-packages/airflow/example_dags/example_branch_python_dop_operator_3.py for tasks to queue
[2024-05-20T00:56:44.952+0000] {logging_mixin.py:188} INFO - [2024-05-20T00:56:44.952+0000] {dagbag.py:545} INFO - Filling up the DagBag from /home/airflow/.local/lib/python3.12/site-packages/airflow/example_dags/example_branch_python_dop_operator_3.py
[2024-05-20T00:56:44.969+0000] {processor.py:840} INFO - DAG(s) 'example_branch_dop_operator_v3' retrieved from /home/airflow/.local/lib/python3.12/site-packages/airflow/example_dags/example_branch_python_dop_operator_3.py
[2024-05-20T00:56:44.994+0000] {logging_mixin.py:188} INFO - [2024-05-20T00:56:44.994+0000] {dag.py:3096} INFO - Sync 1 DAGs
[2024-05-20T00:56:45.034+0000] {logging_mixin.py:188} INFO - [2024-05-20T00:56:45.034+0000] {dag.py:3954} INFO - Setting next_dagrun for example_branch_dop_operator_v3 to 2024-05-20 00:55:00+00:00, run_after=2024-05-20 00:56:00+00:00
[2024-05-20T00:56:45.059+0000] {processor.py:183} INFO - Processing /home/airflow/.local/lib/python3.12/site-packages/airflow/example_dags/example_branch_python_dop_operator_3.py took 0.118 seconds
[2024-05-20T00:57:32.678+0000] {processor.py:161} INFO - Started process (PID=954) to work on /home/airflow/.local/lib/python3.12/site-packages/airflow/example_dags/example_branch_python_dop_operator_3.py
[2024-05-20T00:57:32.682+0000] {processor.py:830} INFO - Processing file /home/airflow/.local/lib/python3.12/site-packages/airflow/example_dags/example_branch_python_dop_operator_3.py for tasks to queue
[2024-05-20T00:57:32.695+0000] {logging_mixin.py:188} INFO - [2024-05-20T00:57:32.691+0000] {dagbag.py:545} INFO - Filling up the DagBag from /home/airflow/.local/lib/python3.12/site-packages/airflow/example_dags/example_branch_python_dop_operator_3.py
[2024-05-20T00:57:32.820+0000] {processor.py:840} INFO - DAG(s) 'example_branch_dop_operator_v3' retrieved from /home/airflow/.local/lib/python3.12/site-packages/airflow/example_dags/example_branch_python_dop_operator_3.py
[2024-05-20T00:57:33.293+0000] {logging_mixin.py:188} INFO - [2024-05-20T00:57:33.279+0000] {dag.py:3096} INFO - Sync 1 DAGs
[2024-05-20T00:57:34.149+0000] {logging_mixin.py:188} INFO - [2024-05-20T00:57:34.119+0000] {dag.py:3954} INFO - Setting next_dagrun for example_branch_dop_operator_v3 to 2024-05-20 00:56:00+00:00, run_after=2024-05-20 00:57:00+00:00
[2024-05-20T00:57:34.681+0000] {processor.py:183} INFO - Processing /home/airflow/.local/lib/python3.12/site-packages/airflow/example_dags/example_branch_python_dop_operator_3.py took 2.054 seconds
[2024-05-20T00:58:07.098+0000] {processor.py:161} INFO - Started process (PID=1014) to work on /home/airflow/.local/lib/python3.12/site-packages/airflow/example_dags/example_branch_python_dop_operator_3.py
[2024-05-20T00:58:07.102+0000] {processor.py:830} INFO - Processing file /home/airflow/.local/lib/python3.12/site-packages/airflow/example_dags/example_branch_python_dop_operator_3.py for tasks to queue
[2024-05-20T00:58:07.105+0000] {logging_mixin.py:188} INFO - [2024-05-20T00:58:07.105+0000] {dagbag.py:545} INFO - Filling up the DagBag from /home/airflow/.local/lib/python3.12/site-packages/airflow/example_dags/example_branch_python_dop_operator_3.py
[2024-05-20T00:58:07.125+0000] {processor.py:840} INFO - DAG(s) 'example_branch_dop_operator_v3' retrieved from /home/airflow/.local/lib/python3.12/site-packages/airflow/example_dags/example_branch_python_dop_operator_3.py
[2024-05-20T00:58:07.177+0000] {logging_mixin.py:188} INFO - [2024-05-20T00:58:07.176+0000] {dag.py:3096} INFO - Sync 1 DAGs
[2024-05-20T00:58:07.226+0000] {logging_mixin.py:188} INFO - [2024-05-20T00:58:07.226+0000] {dag.py:3954} INFO - Setting next_dagrun for example_branch_dop_operator_v3 to 2024-05-20 00:57:00+00:00, run_after=2024-05-20 00:58:00+00:00
[2024-05-20T00:58:07.256+0000] {processor.py:183} INFO - Processing /home/airflow/.local/lib/python3.12/site-packages/airflow/example_dags/example_branch_python_dop_operator_3.py took 0.180 seconds
[2024-05-20T00:58:37.968+0000] {processor.py:161} INFO - Started process (PID=1073) to work on /home/airflow/.local/lib/python3.12/site-packages/airflow/example_dags/example_branch_python_dop_operator_3.py
[2024-05-20T00:58:37.970+0000] {processor.py:830} INFO - Processing file /home/airflow/.local/lib/python3.12/site-packages/airflow/example_dags/example_branch_python_dop_operator_3.py for tasks to queue
[2024-05-20T00:58:37.974+0000] {logging_mixin.py:188} INFO - [2024-05-20T00:58:37.973+0000] {dagbag.py:545} INFO - Filling up the DagBag from /home/airflow/.local/lib/python3.12/site-packages/airflow/example_dags/example_branch_python_dop_operator_3.py
[2024-05-20T00:58:37.990+0000] {processor.py:840} INFO - DAG(s) 'example_branch_dop_operator_v3' retrieved from /home/airflow/.local/lib/python3.12/site-packages/airflow/example_dags/example_branch_python_dop_operator_3.py
[2024-05-20T00:58:38.025+0000] {logging_mixin.py:188} INFO - [2024-05-20T00:58:38.024+0000] {dag.py:3096} INFO - Sync 1 DAGs
[2024-05-20T00:58:38.060+0000] {logging_mixin.py:188} INFO - [2024-05-20T00:58:38.059+0000] {dag.py:3954} INFO - Setting next_dagrun for example_branch_dop_operator_v3 to 2024-05-20 00:57:00+00:00, run_after=2024-05-20 00:58:00+00:00
[2024-05-20T00:58:38.087+0000] {processor.py:183} INFO - Processing /home/airflow/.local/lib/python3.12/site-packages/airflow/example_dags/example_branch_python_dop_operator_3.py took 0.125 seconds
[2024-05-20T00:59:09.020+0000] {processor.py:161} INFO - Started process (PID=1132) to work on /home/airflow/.local/lib/python3.12/site-packages/airflow/example_dags/example_branch_python_dop_operator_3.py
[2024-05-20T00:59:09.021+0000] {processor.py:830} INFO - Processing file /home/airflow/.local/lib/python3.12/site-packages/airflow/example_dags/example_branch_python_dop_operator_3.py for tasks to queue
[2024-05-20T00:59:09.023+0000] {logging_mixin.py:188} INFO - [2024-05-20T00:59:09.022+0000] {dagbag.py:545} INFO - Filling up the DagBag from /home/airflow/.local/lib/python3.12/site-packages/airflow/example_dags/example_branch_python_dop_operator_3.py
[2024-05-20T00:59:09.030+0000] {processor.py:840} INFO - DAG(s) 'example_branch_dop_operator_v3' retrieved from /home/airflow/.local/lib/python3.12/site-packages/airflow/example_dags/example_branch_python_dop_operator_3.py
[2024-05-20T00:59:09.046+0000] {logging_mixin.py:188} INFO - [2024-05-20T00:59:09.046+0000] {dag.py:3096} INFO - Sync 1 DAGs
[2024-05-20T00:59:09.065+0000] {logging_mixin.py:188} INFO - [2024-05-20T00:59:09.064+0000] {dag.py:3954} INFO - Setting next_dagrun for example_branch_dop_operator_v3 to 2024-05-20 00:58:00+00:00, run_after=2024-05-20 00:59:00+00:00
[2024-05-20T00:59:09.078+0000] {processor.py:183} INFO - Processing /home/airflow/.local/lib/python3.12/site-packages/airflow/example_dags/example_branch_python_dop_operator_3.py took 0.064 seconds
[2024-05-20T00:59:39.646+0000] {processor.py:161} INFO - Started process (PID=1190) to work on /home/airflow/.local/lib/python3.12/site-packages/airflow/example_dags/example_branch_python_dop_operator_3.py
[2024-05-20T00:59:39.647+0000] {processor.py:830} INFO - Processing file /home/airflow/.local/lib/python3.12/site-packages/airflow/example_dags/example_branch_python_dop_operator_3.py for tasks to queue
[2024-05-20T00:59:39.649+0000] {logging_mixin.py:188} INFO - [2024-05-20T00:59:39.649+0000] {dagbag.py:545} INFO - Filling up the DagBag from /home/airflow/.local/lib/python3.12/site-packages/airflow/example_dags/example_branch_python_dop_operator_3.py
[2024-05-20T00:59:39.659+0000] {processor.py:840} INFO - DAG(s) 'example_branch_dop_operator_v3' retrieved from /home/airflow/.local/lib/python3.12/site-packages/airflow/example_dags/example_branch_python_dop_operator_3.py
[2024-05-20T00:59:39.709+0000] {logging_mixin.py:188} INFO - [2024-05-20T00:59:39.708+0000] {dag.py:3096} INFO - Sync 1 DAGs
[2024-05-20T00:59:39.783+0000] {logging_mixin.py:188} INFO - [2024-05-20T00:59:39.782+0000] {dag.py:3954} INFO - Setting next_dagrun for example_branch_dop_operator_v3 to 2024-05-20 00:58:00+00:00, run_after=2024-05-20 00:59:00+00:00
[2024-05-20T00:59:39.806+0000] {processor.py:183} INFO - Processing /home/airflow/.local/lib/python3.12/site-packages/airflow/example_dags/example_branch_python_dop_operator_3.py took 0.166 seconds
[2024-05-20T01:00:15.020+0000] {processor.py:161} INFO - Started process (PID=1245) to work on /home/airflow/.local/lib/python3.12/site-packages/airflow/example_dags/example_branch_python_dop_operator_3.py
[2024-05-20T01:00:15.027+0000] {processor.py:830} INFO - Processing file /home/airflow/.local/lib/python3.12/site-packages/airflow/example_dags/example_branch_python_dop_operator_3.py for tasks to queue
[2024-05-20T01:00:15.033+0000] {logging_mixin.py:188} INFO - [2024-05-20T01:00:15.032+0000] {dagbag.py:545} INFO - Filling up the DagBag from /home/airflow/.local/lib/python3.12/site-packages/airflow/example_dags/example_branch_python_dop_operator_3.py
[2024-05-20T01:00:15.115+0000] {processor.py:840} INFO - DAG(s) 'example_branch_dop_operator_v3' retrieved from /home/airflow/.local/lib/python3.12/site-packages/airflow/example_dags/example_branch_python_dop_operator_3.py
[2024-05-20T01:00:15.285+0000] {logging_mixin.py:188} INFO - [2024-05-20T01:00:15.284+0000] {dag.py:3096} INFO - Sync 1 DAGs
[2024-05-20T01:00:15.405+0000] {logging_mixin.py:188} INFO - [2024-05-20T01:00:15.404+0000] {dag.py:3954} INFO - Setting next_dagrun for example_branch_dop_operator_v3 to 2024-05-20 00:59:00+00:00, run_after=2024-05-20 01:00:00+00:00
[2024-05-20T01:00:15.468+0000] {processor.py:183} INFO - Processing /home/airflow/.local/lib/python3.12/site-packages/airflow/example_dags/example_branch_python_dop_operator_3.py took 0.484 seconds
[2024-05-20T01:00:58.077+0000] {processor.py:161} INFO - Started process (PID=1305) to work on /home/airflow/.local/lib/python3.12/site-packages/airflow/example_dags/example_branch_python_dop_operator_3.py
[2024-05-20T01:00:58.078+0000] {processor.py:830} INFO - Processing file /home/airflow/.local/lib/python3.12/site-packages/airflow/example_dags/example_branch_python_dop_operator_3.py for tasks to queue
[2024-05-20T01:00:58.081+0000] {logging_mixin.py:188} INFO - [2024-05-20T01:00:58.081+0000] {dagbag.py:545} INFO - Filling up the DagBag from /home/airflow/.local/lib/python3.12/site-packages/airflow/example_dags/example_branch_python_dop_operator_3.py
[2024-05-20T01:00:58.108+0000] {processor.py:840} INFO - DAG(s) 'example_branch_dop_operator_v3' retrieved from /home/airflow/.local/lib/python3.12/site-packages/airflow/example_dags/example_branch_python_dop_operator_3.py
[2024-05-20T01:00:58.148+0000] {logging_mixin.py:188} INFO - [2024-05-20T01:00:58.148+0000] {dag.py:3096} INFO - Sync 1 DAGs
[2024-05-20T01:00:58.202+0000] {logging_mixin.py:188} INFO - [2024-05-20T01:00:58.202+0000] {dag.py:3954} INFO - Setting next_dagrun for example_branch_dop_operator_v3 to 2024-05-20 00:59:00+00:00, run_after=2024-05-20 01:00:00+00:00
[2024-05-20T01:00:58.236+0000] {processor.py:183} INFO - Processing /home/airflow/.local/lib/python3.12/site-packages/airflow/example_dags/example_branch_python_dop_operator_3.py took 0.169 seconds
[2024-05-20T01:01:29.140+0000] {processor.py:161} INFO - Started process (PID=1365) to work on /home/airflow/.local/lib/python3.12/site-packages/airflow/example_dags/example_branch_python_dop_operator_3.py
[2024-05-20T01:01:29.142+0000] {processor.py:830} INFO - Processing file /home/airflow/.local/lib/python3.12/site-packages/airflow/example_dags/example_branch_python_dop_operator_3.py for tasks to queue
[2024-05-20T01:01:29.145+0000] {logging_mixin.py:188} INFO - [2024-05-20T01:01:29.144+0000] {dagbag.py:545} INFO - Filling up the DagBag from /home/airflow/.local/lib/python3.12/site-packages/airflow/example_dags/example_branch_python_dop_operator_3.py
[2024-05-20T01:01:29.154+0000] {processor.py:840} INFO - DAG(s) 'example_branch_dop_operator_v3' retrieved from /home/airflow/.local/lib/python3.12/site-packages/airflow/example_dags/example_branch_python_dop_operator_3.py
[2024-05-20T01:01:29.179+0000] {logging_mixin.py:188} INFO - [2024-05-20T01:01:29.179+0000] {dag.py:3096} INFO - Sync 1 DAGs
[2024-05-20T01:01:29.228+0000] {logging_mixin.py:188} INFO - [2024-05-20T01:01:29.227+0000] {dag.py:3954} INFO - Setting next_dagrun for example_branch_dop_operator_v3 to 2024-05-20 01:00:00+00:00, run_after=2024-05-20 01:01:00+00:00
[2024-05-20T01:01:29.271+0000] {processor.py:183} INFO - Processing /home/airflow/.local/lib/python3.12/site-packages/airflow/example_dags/example_branch_python_dop_operator_3.py took 0.140 seconds
[2024-05-20T01:01:59.408+0000] {processor.py:161} INFO - Started process (PID=1425) to work on /home/airflow/.local/lib/python3.12/site-packages/airflow/example_dags/example_branch_python_dop_operator_3.py
[2024-05-20T01:01:59.410+0000] {processor.py:830} INFO - Processing file /home/airflow/.local/lib/python3.12/site-packages/airflow/example_dags/example_branch_python_dop_operator_3.py for tasks to queue
[2024-05-20T01:01:59.411+0000] {logging_mixin.py:188} INFO - [2024-05-20T01:01:59.411+0000] {dagbag.py:545} INFO - Filling up the DagBag from /home/airflow/.local/lib/python3.12/site-packages/airflow/example_dags/example_branch_python_dop_operator_3.py
[2024-05-20T01:01:59.418+0000] {processor.py:840} INFO - DAG(s) 'example_branch_dop_operator_v3' retrieved from /home/airflow/.local/lib/python3.12/site-packages/airflow/example_dags/example_branch_python_dop_operator_3.py
[2024-05-20T01:01:59.435+0000] {logging_mixin.py:188} INFO - [2024-05-20T01:01:59.435+0000] {dag.py:3096} INFO - Sync 1 DAGs
[2024-05-20T01:01:59.455+0000] {logging_mixin.py:188} INFO - [2024-05-20T01:01:59.455+0000] {dag.py:3954} INFO - Setting next_dagrun for example_branch_dop_operator_v3 to 2024-05-20 01:00:00+00:00, run_after=2024-05-20 01:01:00+00:00
[2024-05-20T01:01:59.476+0000] {processor.py:183} INFO - Processing /home/airflow/.local/lib/python3.12/site-packages/airflow/example_dags/example_branch_python_dop_operator_3.py took 0.073 seconds
[2024-05-20T01:02:29.919+0000] {processor.py:161} INFO - Started process (PID=1485) to work on /home/airflow/.local/lib/python3.12/site-packages/airflow/example_dags/example_branch_python_dop_operator_3.py
[2024-05-20T01:02:29.921+0000] {processor.py:830} INFO - Processing file /home/airflow/.local/lib/python3.12/site-packages/airflow/example_dags/example_branch_python_dop_operator_3.py for tasks to queue
[2024-05-20T01:02:29.924+0000] {logging_mixin.py:188} INFO - [2024-05-20T01:02:29.924+0000] {dagbag.py:545} INFO - Filling up the DagBag from /home/airflow/.local/lib/python3.12/site-packages/airflow/example_dags/example_branch_python_dop_operator_3.py
[2024-05-20T01:02:29.931+0000] {processor.py:840} INFO - DAG(s) 'example_branch_dop_operator_v3' retrieved from /home/airflow/.local/lib/python3.12/site-packages/airflow/example_dags/example_branch_python_dop_operator_3.py
[2024-05-20T01:02:29.953+0000] {logging_mixin.py:188} INFO - [2024-05-20T01:02:29.952+0000] {dag.py:3096} INFO - Sync 1 DAGs
[2024-05-20T01:02:30.012+0000] {logging_mixin.py:188} INFO - [2024-05-20T01:02:30.012+0000] {dag.py:3954} INFO - Setting next_dagrun for example_branch_dop_operator_v3 to 2024-05-20 01:01:00+00:00, run_after=2024-05-20 01:02:00+00:00
[2024-05-20T01:02:30.049+0000] {processor.py:183} INFO - Processing /home/airflow/.local/lib/python3.12/site-packages/airflow/example_dags/example_branch_python_dop_operator_3.py took 0.137 seconds
[2024-05-20T01:03:21.811+0000] {processor.py:161} INFO - Started process (PID=1551) to work on /home/airflow/.local/lib/python3.12/site-packages/airflow/example_dags/example_branch_python_dop_operator_3.py
[2024-05-20T01:03:21.824+0000] {processor.py:830} INFO - Processing file /home/airflow/.local/lib/python3.12/site-packages/airflow/example_dags/example_branch_python_dop_operator_3.py for tasks to queue
[2024-05-20T01:03:21.854+0000] {logging_mixin.py:188} INFO - [2024-05-20T01:03:21.846+0000] {dagbag.py:545} INFO - Filling up the DagBag from /home/airflow/.local/lib/python3.12/site-packages/airflow/example_dags/example_branch_python_dop_operator_3.py
[2024-05-20T01:03:21.921+0000] {processor.py:840} INFO - DAG(s) 'example_branch_dop_operator_v3' retrieved from /home/airflow/.local/lib/python3.12/site-packages/airflow/example_dags/example_branch_python_dop_operator_3.py
[2024-05-20T01:03:22.117+0000] {logging_mixin.py:188} INFO - [2024-05-20T01:03:22.116+0000] {dag.py:3096} INFO - Sync 1 DAGs
[2024-05-20T01:03:22.398+0000] {logging_mixin.py:188} INFO - [2024-05-20T01:03:22.392+0000] {dag.py:3954} INFO - Setting next_dagrun for example_branch_dop_operator_v3 to 2024-05-20 01:02:00+00:00, run_after=2024-05-20 01:03:00+00:00
[2024-05-20T01:03:22.708+0000] {processor.py:183} INFO - Processing /home/airflow/.local/lib/python3.12/site-packages/airflow/example_dags/example_branch_python_dop_operator_3.py took 1.010 seconds
