[2024-05-20T00:48:43.254+0000] {processor.py:161} INFO - Started process (PID=73) to work on /home/airflow/.local/lib/python3.12/site-packages/airflow/example_dags/example_sensors.py
[2024-05-20T00:48:43.266+0000] {processor.py:830} INFO - Processing file /home/airflow/.local/lib/python3.12/site-packages/airflow/example_dags/example_sensors.py for tasks to queue
[2024-05-20T00:48:43.276+0000] {logging_mixin.py:188} INFO - [2024-05-20T00:48:43.275+0000] {dagbag.py:545} INFO - Filling up the DagBag from /home/airflow/.local/lib/python3.12/site-packages/airflow/example_dags/example_sensors.py
[2024-05-20T00:48:43.340+0000] {processor.py:840} INFO - DAG(s) 'example_sensors' retrieved from /home/airflow/.local/lib/python3.12/site-packages/airflow/example_dags/example_sensors.py
[2024-05-20T00:48:43.828+0000] {logging_mixin.py:188} INFO - [2024-05-20T00:48:43.826+0000] {dag.py:3096} INFO - Sync 1 DAGs
[2024-05-20T00:48:43.856+0000] {logging_mixin.py:188} INFO - [2024-05-20T00:48:43.856+0000] {dag.py:3954} INFO - Setting next_dagrun for example_sensors to None, run_after=None
[2024-05-20T00:48:43.937+0000] {processor.py:183} INFO - Processing /home/airflow/.local/lib/python3.12/site-packages/airflow/example_dags/example_sensors.py took 0.739 seconds
[2024-05-20T00:49:14.456+0000] {processor.py:161} INFO - Started process (PID=127) to work on /home/airflow/.local/lib/python3.12/site-packages/airflow/example_dags/example_sensors.py
[2024-05-20T00:49:14.459+0000] {processor.py:830} INFO - Processing file /home/airflow/.local/lib/python3.12/site-packages/airflow/example_dags/example_sensors.py for tasks to queue
[2024-05-20T00:49:14.463+0000] {logging_mixin.py:188} INFO - [2024-05-20T00:49:14.462+0000] {dagbag.py:545} INFO - Filling up the DagBag from /home/airflow/.local/lib/python3.12/site-packages/airflow/example_dags/example_sensors.py
[2024-05-20T00:49:14.481+0000] {processor.py:840} INFO - DAG(s) 'example_sensors' retrieved from /home/airflow/.local/lib/python3.12/site-packages/airflow/example_dags/example_sensors.py
[2024-05-20T00:49:14.538+0000] {logging_mixin.py:188} INFO - [2024-05-20T00:49:14.537+0000] {dag.py:3096} INFO - Sync 1 DAGs
[2024-05-20T00:49:14.564+0000] {logging_mixin.py:188} INFO - [2024-05-20T00:49:14.564+0000] {dag.py:3954} INFO - Setting next_dagrun for example_sensors to None, run_after=None
[2024-05-20T00:49:14.622+0000] {processor.py:183} INFO - Processing /home/airflow/.local/lib/python3.12/site-packages/airflow/example_dags/example_sensors.py took 0.175 seconds
[2024-05-20T00:49:45.336+0000] {processor.py:161} INFO - Started process (PID=186) to work on /home/airflow/.local/lib/python3.12/site-packages/airflow/example_dags/example_sensors.py
[2024-05-20T00:49:45.338+0000] {processor.py:830} INFO - Processing file /home/airflow/.local/lib/python3.12/site-packages/airflow/example_dags/example_sensors.py for tasks to queue
[2024-05-20T00:49:45.347+0000] {logging_mixin.py:188} INFO - [2024-05-20T00:49:45.343+0000] {dagbag.py:545} INFO - Filling up the DagBag from /home/airflow/.local/lib/python3.12/site-packages/airflow/example_dags/example_sensors.py
[2024-05-20T00:49:45.402+0000] {processor.py:840} INFO - DAG(s) 'example_sensors' retrieved from /home/airflow/.local/lib/python3.12/site-packages/airflow/example_dags/example_sensors.py
[2024-05-20T00:49:45.531+0000] {logging_mixin.py:188} INFO - [2024-05-20T00:49:45.527+0000] {dag.py:3096} INFO - Sync 1 DAGs
[2024-05-20T00:49:45.569+0000] {logging_mixin.py:188} INFO - [2024-05-20T00:49:45.568+0000] {dag.py:3954} INFO - Setting next_dagrun for example_sensors to None, run_after=None
[2024-05-20T00:49:45.780+0000] {processor.py:183} INFO - Processing /home/airflow/.local/lib/python3.12/site-packages/airflow/example_dags/example_sensors.py took 0.461 seconds
[2024-05-20T00:50:15.988+0000] {processor.py:161} INFO - Started process (PID=245) to work on /home/airflow/.local/lib/python3.12/site-packages/airflow/example_dags/example_sensors.py
[2024-05-20T00:50:15.989+0000] {processor.py:830} INFO - Processing file /home/airflow/.local/lib/python3.12/site-packages/airflow/example_dags/example_sensors.py for tasks to queue
[2024-05-20T00:50:15.992+0000] {logging_mixin.py:188} INFO - [2024-05-20T00:50:15.991+0000] {dagbag.py:545} INFO - Filling up the DagBag from /home/airflow/.local/lib/python3.12/site-packages/airflow/example_dags/example_sensors.py
[2024-05-20T00:50:16.003+0000] {processor.py:840} INFO - DAG(s) 'example_sensors' retrieved from /home/airflow/.local/lib/python3.12/site-packages/airflow/example_dags/example_sensors.py
[2024-05-20T00:50:16.036+0000] {logging_mixin.py:188} INFO - [2024-05-20T00:50:16.036+0000] {dag.py:3096} INFO - Sync 1 DAGs
[2024-05-20T00:50:16.054+0000] {logging_mixin.py:188} INFO - [2024-05-20T00:50:16.053+0000] {dag.py:3954} INFO - Setting next_dagrun for example_sensors to None, run_after=None
[2024-05-20T00:50:16.080+0000] {processor.py:183} INFO - Processing /home/airflow/.local/lib/python3.12/site-packages/airflow/example_dags/example_sensors.py took 0.099 seconds
[2024-05-20T00:50:46.337+0000] {processor.py:161} INFO - Started process (PID=305) to work on /home/airflow/.local/lib/python3.12/site-packages/airflow/example_dags/example_sensors.py
[2024-05-20T00:50:46.339+0000] {processor.py:830} INFO - Processing file /home/airflow/.local/lib/python3.12/site-packages/airflow/example_dags/example_sensors.py for tasks to queue
[2024-05-20T00:50:46.346+0000] {logging_mixin.py:188} INFO - [2024-05-20T00:50:46.343+0000] {dagbag.py:545} INFO - Filling up the DagBag from /home/airflow/.local/lib/python3.12/site-packages/airflow/example_dags/example_sensors.py
[2024-05-20T00:50:46.359+0000] {processor.py:840} INFO - DAG(s) 'example_sensors' retrieved from /home/airflow/.local/lib/python3.12/site-packages/airflow/example_dags/example_sensors.py
[2024-05-20T00:50:46.386+0000] {logging_mixin.py:188} INFO - [2024-05-20T00:50:46.386+0000] {dag.py:3096} INFO - Sync 1 DAGs
[2024-05-20T00:50:46.415+0000] {logging_mixin.py:188} INFO - [2024-05-20T00:50:46.415+0000] {dag.py:3954} INFO - Setting next_dagrun for example_sensors to None, run_after=None
[2024-05-20T00:50:46.449+0000] {processor.py:183} INFO - Processing /home/airflow/.local/lib/python3.12/site-packages/airflow/example_dags/example_sensors.py took 0.123 seconds
[2024-05-20T00:51:17.580+0000] {processor.py:161} INFO - Started process (PID=362) to work on /home/airflow/.local/lib/python3.12/site-packages/airflow/example_dags/example_sensors.py
[2024-05-20T00:51:17.582+0000] {processor.py:830} INFO - Processing file /home/airflow/.local/lib/python3.12/site-packages/airflow/example_dags/example_sensors.py for tasks to queue
[2024-05-20T00:51:17.586+0000] {logging_mixin.py:188} INFO - [2024-05-20T00:51:17.585+0000] {dagbag.py:545} INFO - Filling up the DagBag from /home/airflow/.local/lib/python3.12/site-packages/airflow/example_dags/example_sensors.py
[2024-05-20T00:51:17.622+0000] {processor.py:840} INFO - DAG(s) 'example_sensors' retrieved from /home/airflow/.local/lib/python3.12/site-packages/airflow/example_dags/example_sensors.py
[2024-05-20T00:51:17.751+0000] {logging_mixin.py:188} INFO - [2024-05-20T00:51:17.750+0000] {dag.py:3096} INFO - Sync 1 DAGs
[2024-05-20T00:51:17.795+0000] {logging_mixin.py:188} INFO - [2024-05-20T00:51:17.795+0000] {dag.py:3954} INFO - Setting next_dagrun for example_sensors to None, run_after=None
[2024-05-20T00:51:17.830+0000] {processor.py:183} INFO - Processing /home/airflow/.local/lib/python3.12/site-packages/airflow/example_dags/example_sensors.py took 0.263 seconds
[2024-05-20T00:51:51.725+0000] {processor.py:161} INFO - Started process (PID=428) to work on /home/airflow/.local/lib/python3.12/site-packages/airflow/example_dags/example_sensors.py
[2024-05-20T00:51:51.729+0000] {processor.py:830} INFO - Processing file /home/airflow/.local/lib/python3.12/site-packages/airflow/example_dags/example_sensors.py for tasks to queue
[2024-05-20T00:51:51.753+0000] {logging_mixin.py:188} INFO - [2024-05-20T00:51:51.751+0000] {dagbag.py:545} INFO - Filling up the DagBag from /home/airflow/.local/lib/python3.12/site-packages/airflow/example_dags/example_sensors.py
[2024-05-20T00:51:51.815+0000] {processor.py:840} INFO - DAG(s) 'example_sensors' retrieved from /home/airflow/.local/lib/python3.12/site-packages/airflow/example_dags/example_sensors.py
[2024-05-20T00:51:51.897+0000] {logging_mixin.py:188} INFO - [2024-05-20T00:51:51.896+0000] {dag.py:3096} INFO - Sync 1 DAGs
[2024-05-20T00:51:51.923+0000] {logging_mixin.py:188} INFO - [2024-05-20T00:51:51.923+0000] {dag.py:3954} INFO - Setting next_dagrun for example_sensors to None, run_after=None
[2024-05-20T00:51:51.972+0000] {processor.py:183} INFO - Processing /home/airflow/.local/lib/python3.12/site-packages/airflow/example_dags/example_sensors.py took 0.258 seconds
[2024-05-20T00:52:22.506+0000] {processor.py:161} INFO - Started process (PID=488) to work on /home/airflow/.local/lib/python3.12/site-packages/airflow/example_dags/example_sensors.py
[2024-05-20T00:52:22.508+0000] {processor.py:830} INFO - Processing file /home/airflow/.local/lib/python3.12/site-packages/airflow/example_dags/example_sensors.py for tasks to queue
[2024-05-20T00:52:22.510+0000] {logging_mixin.py:188} INFO - [2024-05-20T00:52:22.510+0000] {dagbag.py:545} INFO - Filling up the DagBag from /home/airflow/.local/lib/python3.12/site-packages/airflow/example_dags/example_sensors.py
[2024-05-20T00:52:22.520+0000] {processor.py:840} INFO - DAG(s) 'example_sensors' retrieved from /home/airflow/.local/lib/python3.12/site-packages/airflow/example_dags/example_sensors.py
[2024-05-20T00:52:22.540+0000] {logging_mixin.py:188} INFO - [2024-05-20T00:52:22.540+0000] {dag.py:3096} INFO - Sync 1 DAGs
[2024-05-20T00:52:22.549+0000] {logging_mixin.py:188} INFO - [2024-05-20T00:52:22.549+0000] {dag.py:3954} INFO - Setting next_dagrun for example_sensors to None, run_after=None
[2024-05-20T00:52:22.565+0000] {processor.py:183} INFO - Processing /home/airflow/.local/lib/python3.12/site-packages/airflow/example_dags/example_sensors.py took 0.075 seconds
[2024-05-20T00:52:52.930+0000] {processor.py:161} INFO - Started process (PID=548) to work on /home/airflow/.local/lib/python3.12/site-packages/airflow/example_dags/example_sensors.py
[2024-05-20T00:52:52.931+0000] {processor.py:830} INFO - Processing file /home/airflow/.local/lib/python3.12/site-packages/airflow/example_dags/example_sensors.py for tasks to queue
[2024-05-20T00:52:52.933+0000] {logging_mixin.py:188} INFO - [2024-05-20T00:52:52.933+0000] {dagbag.py:545} INFO - Filling up the DagBag from /home/airflow/.local/lib/python3.12/site-packages/airflow/example_dags/example_sensors.py
[2024-05-20T00:52:52.942+0000] {processor.py:840} INFO - DAG(s) 'example_sensors' retrieved from /home/airflow/.local/lib/python3.12/site-packages/airflow/example_dags/example_sensors.py
[2024-05-20T00:52:52.976+0000] {logging_mixin.py:188} INFO - [2024-05-20T00:52:52.975+0000] {dag.py:3096} INFO - Sync 1 DAGs
[2024-05-20T00:52:52.991+0000] {logging_mixin.py:188} INFO - [2024-05-20T00:52:52.991+0000] {dag.py:3954} INFO - Setting next_dagrun for example_sensors to None, run_after=None
[2024-05-20T00:52:53.036+0000] {processor.py:183} INFO - Processing /home/airflow/.local/lib/python3.12/site-packages/airflow/example_dags/example_sensors.py took 0.113 seconds
[2024-05-20T00:53:51.339+0000] {processor.py:161} INFO - Started process (PID=619) to work on /home/airflow/.local/lib/python3.12/site-packages/airflow/example_dags/example_sensors.py
[2024-05-20T00:53:51.341+0000] {processor.py:830} INFO - Processing file /home/airflow/.local/lib/python3.12/site-packages/airflow/example_dags/example_sensors.py for tasks to queue
[2024-05-20T00:53:51.346+0000] {logging_mixin.py:188} INFO - [2024-05-20T00:53:51.345+0000] {dagbag.py:545} INFO - Filling up the DagBag from /home/airflow/.local/lib/python3.12/site-packages/airflow/example_dags/example_sensors.py
[2024-05-20T00:53:51.390+0000] {processor.py:840} INFO - DAG(s) 'example_sensors' retrieved from /home/airflow/.local/lib/python3.12/site-packages/airflow/example_dags/example_sensors.py
[2024-05-20T00:53:51.463+0000] {logging_mixin.py:188} INFO - [2024-05-20T00:53:51.462+0000] {dag.py:3096} INFO - Sync 1 DAGs
[2024-05-20T00:53:51.489+0000] {logging_mixin.py:188} INFO - [2024-05-20T00:53:51.489+0000] {dag.py:3954} INFO - Setting next_dagrun for example_sensors to None, run_after=None
[2024-05-20T00:53:51.526+0000] {processor.py:183} INFO - Processing /home/airflow/.local/lib/python3.12/site-packages/airflow/example_dags/example_sensors.py took 0.195 seconds
[2024-05-20T00:54:21.555+0000] {processor.py:161} INFO - Started process (PID=678) to work on /home/airflow/.local/lib/python3.12/site-packages/airflow/example_dags/example_sensors.py
[2024-05-20T00:54:21.557+0000] {processor.py:830} INFO - Processing file /home/airflow/.local/lib/python3.12/site-packages/airflow/example_dags/example_sensors.py for tasks to queue
[2024-05-20T00:54:21.558+0000] {logging_mixin.py:188} INFO - [2024-05-20T00:54:21.558+0000] {dagbag.py:545} INFO - Filling up the DagBag from /home/airflow/.local/lib/python3.12/site-packages/airflow/example_dags/example_sensors.py
[2024-05-20T00:54:21.565+0000] {processor.py:840} INFO - DAG(s) 'example_sensors' retrieved from /home/airflow/.local/lib/python3.12/site-packages/airflow/example_dags/example_sensors.py
[2024-05-20T00:54:21.586+0000] {logging_mixin.py:188} INFO - [2024-05-20T00:54:21.586+0000] {dag.py:3096} INFO - Sync 1 DAGs
[2024-05-20T00:54:21.596+0000] {logging_mixin.py:188} INFO - [2024-05-20T00:54:21.596+0000] {dag.py:3954} INFO - Setting next_dagrun for example_sensors to None, run_after=None
[2024-05-20T00:54:21.615+0000] {processor.py:183} INFO - Processing /home/airflow/.local/lib/python3.12/site-packages/airflow/example_dags/example_sensors.py took 0.065 seconds
[2024-05-20T00:54:51.661+0000] {processor.py:161} INFO - Started process (PID=738) to work on /home/airflow/.local/lib/python3.12/site-packages/airflow/example_dags/example_sensors.py
[2024-05-20T00:54:51.662+0000] {processor.py:830} INFO - Processing file /home/airflow/.local/lib/python3.12/site-packages/airflow/example_dags/example_sensors.py for tasks to queue
[2024-05-20T00:54:51.664+0000] {logging_mixin.py:188} INFO - [2024-05-20T00:54:51.664+0000] {dagbag.py:545} INFO - Filling up the DagBag from /home/airflow/.local/lib/python3.12/site-packages/airflow/example_dags/example_sensors.py
[2024-05-20T00:54:51.674+0000] {processor.py:840} INFO - DAG(s) 'example_sensors' retrieved from /home/airflow/.local/lib/python3.12/site-packages/airflow/example_dags/example_sensors.py
[2024-05-20T00:54:51.707+0000] {logging_mixin.py:188} INFO - [2024-05-20T00:54:51.707+0000] {dag.py:3096} INFO - Sync 1 DAGs
[2024-05-20T00:54:51.726+0000] {logging_mixin.py:188} INFO - [2024-05-20T00:54:51.726+0000] {dag.py:3954} INFO - Setting next_dagrun for example_sensors to None, run_after=None
[2024-05-20T00:54:51.767+0000] {processor.py:183} INFO - Processing /home/airflow/.local/lib/python3.12/site-packages/airflow/example_dags/example_sensors.py took 0.112 seconds
[2024-05-20T00:55:43.390+0000] {processor.py:161} INFO - Started process (PID=797) to work on /home/airflow/.local/lib/python3.12/site-packages/airflow/example_dags/example_sensors.py
[2024-05-20T00:55:43.392+0000] {processor.py:830} INFO - Processing file /home/airflow/.local/lib/python3.12/site-packages/airflow/example_dags/example_sensors.py for tasks to queue
[2024-05-20T00:55:43.395+0000] {logging_mixin.py:188} INFO - [2024-05-20T00:55:43.395+0000] {dagbag.py:545} INFO - Filling up the DagBag from /home/airflow/.local/lib/python3.12/site-packages/airflow/example_dags/example_sensors.py
[2024-05-20T00:55:43.410+0000] {processor.py:840} INFO - DAG(s) 'example_sensors' retrieved from /home/airflow/.local/lib/python3.12/site-packages/airflow/example_dags/example_sensors.py
[2024-05-20T00:55:43.444+0000] {logging_mixin.py:188} INFO - [2024-05-20T00:55:43.444+0000] {dag.py:3096} INFO - Sync 1 DAGs
[2024-05-20T00:55:43.460+0000] {logging_mixin.py:188} INFO - [2024-05-20T00:55:43.460+0000] {dag.py:3954} INFO - Setting next_dagrun for example_sensors to None, run_after=None
[2024-05-20T00:55:43.494+0000] {processor.py:183} INFO - Processing /home/airflow/.local/lib/python3.12/site-packages/airflow/example_dags/example_sensors.py took 0.115 seconds
[2024-05-20T00:56:15.262+0000] {processor.py:161} INFO - Started process (PID=853) to work on /home/airflow/.local/lib/python3.12/site-packages/airflow/example_dags/example_sensors.py
[2024-05-20T00:56:15.264+0000] {processor.py:830} INFO - Processing file /home/airflow/.local/lib/python3.12/site-packages/airflow/example_dags/example_sensors.py for tasks to queue
[2024-05-20T00:56:15.267+0000] {logging_mixin.py:188} INFO - [2024-05-20T00:56:15.266+0000] {dagbag.py:545} INFO - Filling up the DagBag from /home/airflow/.local/lib/python3.12/site-packages/airflow/example_dags/example_sensors.py
[2024-05-20T00:56:15.279+0000] {processor.py:840} INFO - DAG(s) 'example_sensors' retrieved from /home/airflow/.local/lib/python3.12/site-packages/airflow/example_dags/example_sensors.py
[2024-05-20T00:56:15.334+0000] {logging_mixin.py:188} INFO - [2024-05-20T00:56:15.334+0000] {dag.py:3096} INFO - Sync 1 DAGs
[2024-05-20T00:56:15.355+0000] {logging_mixin.py:188} INFO - [2024-05-20T00:56:15.354+0000] {dag.py:3954} INFO - Setting next_dagrun for example_sensors to None, run_after=None
[2024-05-20T00:56:15.384+0000] {processor.py:183} INFO - Processing /home/airflow/.local/lib/python3.12/site-packages/airflow/example_dags/example_sensors.py took 0.134 seconds
[2024-05-20T00:56:45.844+0000] {processor.py:161} INFO - Started process (PID=913) to work on /home/airflow/.local/lib/python3.12/site-packages/airflow/example_dags/example_sensors.py
[2024-05-20T00:56:45.845+0000] {processor.py:830} INFO - Processing file /home/airflow/.local/lib/python3.12/site-packages/airflow/example_dags/example_sensors.py for tasks to queue
[2024-05-20T00:56:45.846+0000] {logging_mixin.py:188} INFO - [2024-05-20T00:56:45.846+0000] {dagbag.py:545} INFO - Filling up the DagBag from /home/airflow/.local/lib/python3.12/site-packages/airflow/example_dags/example_sensors.py
[2024-05-20T00:56:45.855+0000] {processor.py:840} INFO - DAG(s) 'example_sensors' retrieved from /home/airflow/.local/lib/python3.12/site-packages/airflow/example_dags/example_sensors.py
[2024-05-20T00:56:45.879+0000] {logging_mixin.py:188} INFO - [2024-05-20T00:56:45.878+0000] {dag.py:3096} INFO - Sync 1 DAGs
[2024-05-20T00:56:45.893+0000] {logging_mixin.py:188} INFO - [2024-05-20T00:56:45.893+0000] {dag.py:3954} INFO - Setting next_dagrun for example_sensors to None, run_after=None
[2024-05-20T00:56:45.915+0000] {processor.py:183} INFO - Processing /home/airflow/.local/lib/python3.12/site-packages/airflow/example_dags/example_sensors.py took 0.077 seconds
[2024-05-20T00:57:50.276+0000] {processor.py:161} INFO - Started process (PID=969) to work on /home/airflow/.local/lib/python3.12/site-packages/airflow/example_dags/example_sensors.py
[2024-05-20T00:57:50.284+0000] {processor.py:830} INFO - Processing file /home/airflow/.local/lib/python3.12/site-packages/airflow/example_dags/example_sensors.py for tasks to queue
[2024-05-20T00:57:50.295+0000] {logging_mixin.py:188} INFO - [2024-05-20T00:57:50.294+0000] {dagbag.py:545} INFO - Filling up the DagBag from /home/airflow/.local/lib/python3.12/site-packages/airflow/example_dags/example_sensors.py
[2024-05-20T00:57:50.403+0000] {processor.py:840} INFO - DAG(s) 'example_sensors' retrieved from /home/airflow/.local/lib/python3.12/site-packages/airflow/example_dags/example_sensors.py
[2024-05-20T00:57:50.534+0000] {logging_mixin.py:188} INFO - [2024-05-20T00:57:50.534+0000] {dag.py:3096} INFO - Sync 1 DAGs
[2024-05-20T00:57:50.608+0000] {logging_mixin.py:188} INFO - [2024-05-20T00:57:50.604+0000] {dag.py:3954} INFO - Setting next_dagrun for example_sensors to None, run_after=None
[2024-05-20T00:57:50.683+0000] {processor.py:183} INFO - Processing /home/airflow/.local/lib/python3.12/site-packages/airflow/example_dags/example_sensors.py took 0.429 seconds
[2024-05-20T00:58:21.430+0000] {processor.py:161} INFO - Started process (PID=1029) to work on /home/airflow/.local/lib/python3.12/site-packages/airflow/example_dags/example_sensors.py
[2024-05-20T00:58:21.435+0000] {processor.py:830} INFO - Processing file /home/airflow/.local/lib/python3.12/site-packages/airflow/example_dags/example_sensors.py for tasks to queue
[2024-05-20T00:58:21.440+0000] {logging_mixin.py:188} INFO - [2024-05-20T00:58:21.439+0000] {dagbag.py:545} INFO - Filling up the DagBag from /home/airflow/.local/lib/python3.12/site-packages/airflow/example_dags/example_sensors.py
[2024-05-20T00:58:21.489+0000] {processor.py:840} INFO - DAG(s) 'example_sensors' retrieved from /home/airflow/.local/lib/python3.12/site-packages/airflow/example_dags/example_sensors.py
[2024-05-20T00:58:21.551+0000] {logging_mixin.py:188} INFO - [2024-05-20T00:58:21.549+0000] {dag.py:3096} INFO - Sync 1 DAGs
[2024-05-20T00:58:21.589+0000] {logging_mixin.py:188} INFO - [2024-05-20T00:58:21.588+0000] {dag.py:3954} INFO - Setting next_dagrun for example_sensors to None, run_after=None
[2024-05-20T00:58:21.616+0000] {processor.py:183} INFO - Processing /home/airflow/.local/lib/python3.12/site-packages/airflow/example_dags/example_sensors.py took 0.194 seconds
[2024-05-20T00:58:52.609+0000] {processor.py:161} INFO - Started process (PID=1088) to work on /home/airflow/.local/lib/python3.12/site-packages/airflow/example_dags/example_sensors.py
[2024-05-20T00:58:52.615+0000] {processor.py:830} INFO - Processing file /home/airflow/.local/lib/python3.12/site-packages/airflow/example_dags/example_sensors.py for tasks to queue
[2024-05-20T00:58:52.622+0000] {logging_mixin.py:188} INFO - [2024-05-20T00:58:52.622+0000] {dagbag.py:545} INFO - Filling up the DagBag from /home/airflow/.local/lib/python3.12/site-packages/airflow/example_dags/example_sensors.py
[2024-05-20T00:58:52.680+0000] {processor.py:840} INFO - DAG(s) 'example_sensors' retrieved from /home/airflow/.local/lib/python3.12/site-packages/airflow/example_dags/example_sensors.py
[2024-05-20T00:58:52.775+0000] {logging_mixin.py:188} INFO - [2024-05-20T00:58:52.775+0000] {dag.py:3096} INFO - Sync 1 DAGs
[2024-05-20T00:58:52.821+0000] {logging_mixin.py:188} INFO - [2024-05-20T00:58:52.820+0000] {dag.py:3954} INFO - Setting next_dagrun for example_sensors to None, run_after=None
[2024-05-20T00:58:52.908+0000] {processor.py:183} INFO - Processing /home/airflow/.local/lib/python3.12/site-packages/airflow/example_dags/example_sensors.py took 0.496 seconds
[2024-05-20T00:59:23.103+0000] {processor.py:161} INFO - Started process (PID=1147) to work on /home/airflow/.local/lib/python3.12/site-packages/airflow/example_dags/example_sensors.py
[2024-05-20T00:59:23.105+0000] {processor.py:830} INFO - Processing file /home/airflow/.local/lib/python3.12/site-packages/airflow/example_dags/example_sensors.py for tasks to queue
[2024-05-20T00:59:23.109+0000] {logging_mixin.py:188} INFO - [2024-05-20T00:59:23.108+0000] {dagbag.py:545} INFO - Filling up the DagBag from /home/airflow/.local/lib/python3.12/site-packages/airflow/example_dags/example_sensors.py
[2024-05-20T00:59:23.163+0000] {processor.py:840} INFO - DAG(s) 'example_sensors' retrieved from /home/airflow/.local/lib/python3.12/site-packages/airflow/example_dags/example_sensors.py
[2024-05-20T00:59:23.238+0000] {logging_mixin.py:188} INFO - [2024-05-20T00:59:23.237+0000] {dag.py:3096} INFO - Sync 1 DAGs
[2024-05-20T00:59:23.257+0000] {logging_mixin.py:188} INFO - [2024-05-20T00:59:23.256+0000] {dag.py:3954} INFO - Setting next_dagrun for example_sensors to None, run_after=None
[2024-05-20T00:59:23.280+0000] {processor.py:183} INFO - Processing /home/airflow/.local/lib/python3.12/site-packages/airflow/example_dags/example_sensors.py took 0.195 seconds
[2024-05-20T00:59:59.786+0000] {processor.py:161} INFO - Started process (PID=1213) to work on /home/airflow/.local/lib/python3.12/site-packages/airflow/example_dags/example_sensors.py
[2024-05-20T00:59:59.792+0000] {processor.py:830} INFO - Processing file /home/airflow/.local/lib/python3.12/site-packages/airflow/example_dags/example_sensors.py for tasks to queue
[2024-05-20T00:59:59.810+0000] {logging_mixin.py:188} INFO - [2024-05-20T00:59:59.810+0000] {dagbag.py:545} INFO - Filling up the DagBag from /home/airflow/.local/lib/python3.12/site-packages/airflow/example_dags/example_sensors.py
[2024-05-20T00:59:59.874+0000] {processor.py:840} INFO - DAG(s) 'example_sensors' retrieved from /home/airflow/.local/lib/python3.12/site-packages/airflow/example_dags/example_sensors.py
[2024-05-20T01:00:00.165+0000] {logging_mixin.py:188} INFO - [2024-05-20T01:00:00.154+0000] {dag.py:3096} INFO - Sync 1 DAGs
[2024-05-20T01:00:00.265+0000] {logging_mixin.py:188} INFO - [2024-05-20T01:00:00.265+0000] {dag.py:3954} INFO - Setting next_dagrun for example_sensors to None, run_after=None
[2024-05-20T01:00:00.442+0000] {processor.py:183} INFO - Processing /home/airflow/.local/lib/python3.12/site-packages/airflow/example_dags/example_sensors.py took 0.686 seconds
[2024-05-20T01:00:31.426+0000] {processor.py:161} INFO - Started process (PID=1273) to work on /home/airflow/.local/lib/python3.12/site-packages/airflow/example_dags/example_sensors.py
[2024-05-20T01:00:31.434+0000] {processor.py:830} INFO - Processing file /home/airflow/.local/lib/python3.12/site-packages/airflow/example_dags/example_sensors.py for tasks to queue
[2024-05-20T01:00:31.446+0000] {logging_mixin.py:188} INFO - [2024-05-20T01:00:31.444+0000] {dagbag.py:545} INFO - Filling up the DagBag from /home/airflow/.local/lib/python3.12/site-packages/airflow/example_dags/example_sensors.py
[2024-05-20T01:00:31.475+0000] {processor.py:840} INFO - DAG(s) 'example_sensors' retrieved from /home/airflow/.local/lib/python3.12/site-packages/airflow/example_dags/example_sensors.py
[2024-05-20T01:00:31.536+0000] {logging_mixin.py:188} INFO - [2024-05-20T01:00:31.536+0000] {dag.py:3096} INFO - Sync 1 DAGs
[2024-05-20T01:00:31.553+0000] {logging_mixin.py:188} INFO - [2024-05-20T01:00:31.553+0000] {dag.py:3954} INFO - Setting next_dagrun for example_sensors to None, run_after=None
[2024-05-20T01:00:31.571+0000] {processor.py:183} INFO - Processing /home/airflow/.local/lib/python3.12/site-packages/airflow/example_dags/example_sensors.py took 0.160 seconds
[2024-05-20T01:01:04.158+0000] {processor.py:161} INFO - Started process (PID=1333) to work on /home/airflow/.local/lib/python3.12/site-packages/airflow/example_dags/example_sensors.py
[2024-05-20T01:01:04.164+0000] {processor.py:830} INFO - Processing file /home/airflow/.local/lib/python3.12/site-packages/airflow/example_dags/example_sensors.py for tasks to queue
[2024-05-20T01:01:04.193+0000] {logging_mixin.py:188} INFO - [2024-05-20T01:01:04.180+0000] {dagbag.py:545} INFO - Filling up the DagBag from /home/airflow/.local/lib/python3.12/site-packages/airflow/example_dags/example_sensors.py
[2024-05-20T01:01:04.226+0000] {processor.py:840} INFO - DAG(s) 'example_sensors' retrieved from /home/airflow/.local/lib/python3.12/site-packages/airflow/example_dags/example_sensors.py
[2024-05-20T01:01:04.301+0000] {logging_mixin.py:188} INFO - [2024-05-20T01:01:04.301+0000] {dag.py:3096} INFO - Sync 1 DAGs
[2024-05-20T01:01:04.341+0000] {logging_mixin.py:188} INFO - [2024-05-20T01:01:04.340+0000] {dag.py:3954} INFO - Setting next_dagrun for example_sensors to None, run_after=None
[2024-05-20T01:01:04.388+0000] {processor.py:183} INFO - Processing /home/airflow/.local/lib/python3.12/site-packages/airflow/example_dags/example_sensors.py took 0.257 seconds
[2024-05-20T01:01:35.119+0000] {processor.py:161} INFO - Started process (PID=1393) to work on /home/airflow/.local/lib/python3.12/site-packages/airflow/example_dags/example_sensors.py
[2024-05-20T01:01:35.122+0000] {processor.py:830} INFO - Processing file /home/airflow/.local/lib/python3.12/site-packages/airflow/example_dags/example_sensors.py for tasks to queue
[2024-05-20T01:01:35.127+0000] {logging_mixin.py:188} INFO - [2024-05-20T01:01:35.126+0000] {dagbag.py:545} INFO - Filling up the DagBag from /home/airflow/.local/lib/python3.12/site-packages/airflow/example_dags/example_sensors.py
[2024-05-20T01:01:35.161+0000] {processor.py:840} INFO - DAG(s) 'example_sensors' retrieved from /home/airflow/.local/lib/python3.12/site-packages/airflow/example_dags/example_sensors.py
[2024-05-20T01:01:35.215+0000] {logging_mixin.py:188} INFO - [2024-05-20T01:01:35.214+0000] {dag.py:3096} INFO - Sync 1 DAGs
[2024-05-20T01:01:35.241+0000] {logging_mixin.py:188} INFO - [2024-05-20T01:01:35.241+0000] {dag.py:3954} INFO - Setting next_dagrun for example_sensors to None, run_after=None
[2024-05-20T01:01:35.280+0000] {processor.py:183} INFO - Processing /home/airflow/.local/lib/python3.12/site-packages/airflow/example_dags/example_sensors.py took 0.192 seconds
[2024-05-20T01:02:05.919+0000] {processor.py:161} INFO - Started process (PID=1451) to work on /home/airflow/.local/lib/python3.12/site-packages/airflow/example_dags/example_sensors.py
[2024-05-20T01:02:05.922+0000] {processor.py:830} INFO - Processing file /home/airflow/.local/lib/python3.12/site-packages/airflow/example_dags/example_sensors.py for tasks to queue
[2024-05-20T01:02:05.928+0000] {logging_mixin.py:188} INFO - [2024-05-20T01:02:05.927+0000] {dagbag.py:545} INFO - Filling up the DagBag from /home/airflow/.local/lib/python3.12/site-packages/airflow/example_dags/example_sensors.py
[2024-05-20T01:02:05.962+0000] {processor.py:840} INFO - DAG(s) 'example_sensors' retrieved from /home/airflow/.local/lib/python3.12/site-packages/airflow/example_dags/example_sensors.py
[2024-05-20T01:02:06.010+0000] {logging_mixin.py:188} INFO - [2024-05-20T01:02:06.010+0000] {dag.py:3096} INFO - Sync 1 DAGs
[2024-05-20T01:02:06.042+0000] {logging_mixin.py:188} INFO - [2024-05-20T01:02:06.041+0000] {dag.py:3954} INFO - Setting next_dagrun for example_sensors to None, run_after=None
[2024-05-20T01:02:06.083+0000] {processor.py:183} INFO - Processing /home/airflow/.local/lib/python3.12/site-packages/airflow/example_dags/example_sensors.py took 0.185 seconds
[2024-05-20T01:02:36.178+0000] {processor.py:161} INFO - Started process (PID=1510) to work on /home/airflow/.local/lib/python3.12/site-packages/airflow/example_dags/example_sensors.py
[2024-05-20T01:02:36.180+0000] {processor.py:830} INFO - Processing file /home/airflow/.local/lib/python3.12/site-packages/airflow/example_dags/example_sensors.py for tasks to queue
[2024-05-20T01:02:36.184+0000] {logging_mixin.py:188} INFO - [2024-05-20T01:02:36.184+0000] {dagbag.py:545} INFO - Filling up the DagBag from /home/airflow/.local/lib/python3.12/site-packages/airflow/example_dags/example_sensors.py
[2024-05-20T01:02:36.199+0000] {processor.py:840} INFO - DAG(s) 'example_sensors' retrieved from /home/airflow/.local/lib/python3.12/site-packages/airflow/example_dags/example_sensors.py
[2024-05-20T01:02:36.261+0000] {logging_mixin.py:188} INFO - [2024-05-20T01:02:36.261+0000] {dag.py:3096} INFO - Sync 1 DAGs
[2024-05-20T01:02:36.287+0000] {logging_mixin.py:188} INFO - [2024-05-20T01:02:36.287+0000] {dag.py:3954} INFO - Setting next_dagrun for example_sensors to None, run_after=None
[2024-05-20T01:02:36.307+0000] {processor.py:183} INFO - Processing /home/airflow/.local/lib/python3.12/site-packages/airflow/example_dags/example_sensors.py took 0.139 seconds
[2024-05-20T01:03:26.900+0000] {processor.py:161} INFO - Started process (PID=1566) to work on /home/airflow/.local/lib/python3.12/site-packages/airflow/example_dags/example_sensors.py
[2024-05-20T01:03:26.902+0000] {processor.py:830} INFO - Processing file /home/airflow/.local/lib/python3.12/site-packages/airflow/example_dags/example_sensors.py for tasks to queue
[2024-05-20T01:03:26.905+0000] {logging_mixin.py:188} INFO - [2024-05-20T01:03:26.905+0000] {dagbag.py:545} INFO - Filling up the DagBag from /home/airflow/.local/lib/python3.12/site-packages/airflow/example_dags/example_sensors.py
[2024-05-20T01:03:26.918+0000] {processor.py:840} INFO - DAG(s) 'example_sensors' retrieved from /home/airflow/.local/lib/python3.12/site-packages/airflow/example_dags/example_sensors.py
[2024-05-20T01:03:26.974+0000] {logging_mixin.py:188} INFO - [2024-05-20T01:03:26.973+0000] {dag.py:3096} INFO - Sync 1 DAGs
[2024-05-20T01:03:26.996+0000] {logging_mixin.py:188} INFO - [2024-05-20T01:03:26.995+0000] {dag.py:3954} INFO - Setting next_dagrun for example_sensors to None, run_after=None
[2024-05-20T01:03:27.043+0000] {processor.py:183} INFO - Processing /home/airflow/.local/lib/python3.12/site-packages/airflow/example_dags/example_sensors.py took 0.151 seconds
