[2024-05-20T00:48:44.085+0000] {processor.py:161} INFO - Started process (PID=75) to work on /home/airflow/.local/lib/python3.12/site-packages/airflow/example_dags/example_skip_dag.py
[2024-05-20T00:48:44.088+0000] {processor.py:830} INFO - Processing file /home/airflow/.local/lib/python3.12/site-packages/airflow/example_dags/example_skip_dag.py for tasks to queue
[2024-05-20T00:48:44.096+0000] {logging_mixin.py:188} INFO - [2024-05-20T00:48:44.095+0000] {dagbag.py:545} INFO - Filling up the DagBag from /home/airflow/.local/lib/python3.12/site-packages/airflow/example_dags/example_skip_dag.py
[2024-05-20T00:48:44.123+0000] {processor.py:840} INFO - DAG(s) 'example_skip_dag' retrieved from /home/airflow/.local/lib/python3.12/site-packages/airflow/example_dags/example_skip_dag.py
[2024-05-20T00:48:44.487+0000] {logging_mixin.py:188} INFO - [2024-05-20T00:48:44.486+0000] {dag.py:3096} INFO - Sync 1 DAGs
[2024-05-20T00:48:44.593+0000] {logging_mixin.py:188} INFO - [2024-05-20T00:48:44.592+0000] {dag.py:3954} INFO - Setting next_dagrun for example_skip_dag to 2024-05-19 00:00:00+00:00, run_after=2024-05-20 00:00:00+00:00
[2024-05-20T00:48:44.699+0000] {processor.py:183} INFO - Processing /home/airflow/.local/lib/python3.12/site-packages/airflow/example_dags/example_skip_dag.py took 0.634 seconds
[2024-05-20T00:49:15.833+0000] {processor.py:161} INFO - Started process (PID=129) to work on /home/airflow/.local/lib/python3.12/site-packages/airflow/example_dags/example_skip_dag.py
[2024-05-20T00:49:15.838+0000] {processor.py:830} INFO - Processing file /home/airflow/.local/lib/python3.12/site-packages/airflow/example_dags/example_skip_dag.py for tasks to queue
[2024-05-20T00:49:15.848+0000] {logging_mixin.py:188} INFO - [2024-05-20T00:49:15.846+0000] {dagbag.py:545} INFO - Filling up the DagBag from /home/airflow/.local/lib/python3.12/site-packages/airflow/example_dags/example_skip_dag.py
[2024-05-20T00:49:15.899+0000] {processor.py:840} INFO - DAG(s) 'example_skip_dag' retrieved from /home/airflow/.local/lib/python3.12/site-packages/airflow/example_dags/example_skip_dag.py
[2024-05-20T00:49:16.053+0000] {logging_mixin.py:188} INFO - [2024-05-20T00:49:16.053+0000] {dag.py:3096} INFO - Sync 1 DAGs
[2024-05-20T00:49:16.140+0000] {logging_mixin.py:188} INFO - [2024-05-20T00:49:16.140+0000] {dag.py:3954} INFO - Setting next_dagrun for example_skip_dag to 2024-05-19 00:00:00+00:00, run_after=2024-05-20 00:00:00+00:00
[2024-05-20T00:49:16.204+0000] {processor.py:183} INFO - Processing /home/airflow/.local/lib/python3.12/site-packages/airflow/example_dags/example_skip_dag.py took 0.396 seconds
[2024-05-20T00:49:46.698+0000] {processor.py:161} INFO - Started process (PID=193) to work on /home/airflow/.local/lib/python3.12/site-packages/airflow/example_dags/example_skip_dag.py
[2024-05-20T00:49:46.723+0000] {processor.py:830} INFO - Processing file /home/airflow/.local/lib/python3.12/site-packages/airflow/example_dags/example_skip_dag.py for tasks to queue
[2024-05-20T00:49:46.750+0000] {logging_mixin.py:188} INFO - [2024-05-20T00:49:46.743+0000] {dagbag.py:545} INFO - Filling up the DagBag from /home/airflow/.local/lib/python3.12/site-packages/airflow/example_dags/example_skip_dag.py
[2024-05-20T00:49:46.812+0000] {processor.py:840} INFO - DAG(s) 'example_skip_dag' retrieved from /home/airflow/.local/lib/python3.12/site-packages/airflow/example_dags/example_skip_dag.py
[2024-05-20T00:49:48.771+0000] {logging_mixin.py:188} INFO - [2024-05-20T00:49:48.762+0000] {dag.py:3096} INFO - Sync 1 DAGs
[2024-05-20T00:49:48.972+0000] {logging_mixin.py:188} INFO - [2024-05-20T00:49:48.971+0000] {dag.py:3954} INFO - Setting next_dagrun for example_skip_dag to 2024-05-19 00:00:00+00:00, run_after=2024-05-20 00:00:00+00:00
[2024-05-20T00:49:49.055+0000] {processor.py:183} INFO - Processing /home/airflow/.local/lib/python3.12/site-packages/airflow/example_dags/example_skip_dag.py took 2.484 seconds
[2024-05-20T00:50:19.144+0000] {processor.py:161} INFO - Started process (PID=253) to work on /home/airflow/.local/lib/python3.12/site-packages/airflow/example_dags/example_skip_dag.py
[2024-05-20T00:50:19.148+0000] {processor.py:830} INFO - Processing file /home/airflow/.local/lib/python3.12/site-packages/airflow/example_dags/example_skip_dag.py for tasks to queue
[2024-05-20T00:50:19.153+0000] {logging_mixin.py:188} INFO - [2024-05-20T00:50:19.152+0000] {dagbag.py:545} INFO - Filling up the DagBag from /home/airflow/.local/lib/python3.12/site-packages/airflow/example_dags/example_skip_dag.py
[2024-05-20T00:50:19.166+0000] {processor.py:840} INFO - DAG(s) 'example_skip_dag' retrieved from /home/airflow/.local/lib/python3.12/site-packages/airflow/example_dags/example_skip_dag.py
[2024-05-20T00:50:19.194+0000] {logging_mixin.py:188} INFO - [2024-05-20T00:50:19.194+0000] {dag.py:3096} INFO - Sync 1 DAGs
[2024-05-20T00:50:19.238+0000] {logging_mixin.py:188} INFO - [2024-05-20T00:50:19.238+0000] {dag.py:3954} INFO - Setting next_dagrun for example_skip_dag to 2024-05-19 00:00:00+00:00, run_after=2024-05-20 00:00:00+00:00
[2024-05-20T00:50:19.264+0000] {processor.py:183} INFO - Processing /home/airflow/.local/lib/python3.12/site-packages/airflow/example_dags/example_skip_dag.py took 0.130 seconds
[2024-05-20T00:50:49.825+0000] {processor.py:161} INFO - Started process (PID=312) to work on /home/airflow/.local/lib/python3.12/site-packages/airflow/example_dags/example_skip_dag.py
[2024-05-20T00:50:49.830+0000] {processor.py:830} INFO - Processing file /home/airflow/.local/lib/python3.12/site-packages/airflow/example_dags/example_skip_dag.py for tasks to queue
[2024-05-20T00:50:49.838+0000] {logging_mixin.py:188} INFO - [2024-05-20T00:50:49.837+0000] {dagbag.py:545} INFO - Filling up the DagBag from /home/airflow/.local/lib/python3.12/site-packages/airflow/example_dags/example_skip_dag.py
[2024-05-20T00:50:49.966+0000] {processor.py:840} INFO - DAG(s) 'example_skip_dag' retrieved from /home/airflow/.local/lib/python3.12/site-packages/airflow/example_dags/example_skip_dag.py
[2024-05-20T00:50:50.148+0000] {logging_mixin.py:188} INFO - [2024-05-20T00:50:50.147+0000] {dag.py:3096} INFO - Sync 1 DAGs
[2024-05-20T00:50:50.554+0000] {logging_mixin.py:188} INFO - [2024-05-20T00:50:50.553+0000] {dag.py:3954} INFO - Setting next_dagrun for example_skip_dag to 2024-05-19 00:00:00+00:00, run_after=2024-05-20 00:00:00+00:00
[2024-05-20T00:50:50.716+0000] {processor.py:183} INFO - Processing /home/airflow/.local/lib/python3.12/site-packages/airflow/example_dags/example_skip_dag.py took 0.918 seconds
[2024-05-20T00:51:20.939+0000] {processor.py:161} INFO - Started process (PID=372) to work on /home/airflow/.local/lib/python3.12/site-packages/airflow/example_dags/example_skip_dag.py
[2024-05-20T00:51:20.940+0000] {processor.py:830} INFO - Processing file /home/airflow/.local/lib/python3.12/site-packages/airflow/example_dags/example_skip_dag.py for tasks to queue
[2024-05-20T00:51:20.944+0000] {logging_mixin.py:188} INFO - [2024-05-20T00:51:20.943+0000] {dagbag.py:545} INFO - Filling up the DagBag from /home/airflow/.local/lib/python3.12/site-packages/airflow/example_dags/example_skip_dag.py
[2024-05-20T00:51:20.966+0000] {processor.py:840} INFO - DAG(s) 'example_skip_dag' retrieved from /home/airflow/.local/lib/python3.12/site-packages/airflow/example_dags/example_skip_dag.py
[2024-05-20T00:51:20.999+0000] {logging_mixin.py:188} INFO - [2024-05-20T00:51:20.999+0000] {dag.py:3096} INFO - Sync 1 DAGs
[2024-05-20T00:51:21.056+0000] {logging_mixin.py:188} INFO - [2024-05-20T00:51:21.055+0000] {dag.py:3954} INFO - Setting next_dagrun for example_skip_dag to 2024-05-19 00:00:00+00:00, run_after=2024-05-20 00:00:00+00:00
[2024-05-20T00:51:21.075+0000] {processor.py:183} INFO - Processing /home/airflow/.local/lib/python3.12/site-packages/airflow/example_dags/example_skip_dag.py took 0.146 seconds
[2024-05-20T00:51:52.014+0000] {processor.py:161} INFO - Started process (PID=430) to work on /home/airflow/.local/lib/python3.12/site-packages/airflow/example_dags/example_skip_dag.py
[2024-05-20T00:51:52.019+0000] {processor.py:830} INFO - Processing file /home/airflow/.local/lib/python3.12/site-packages/airflow/example_dags/example_skip_dag.py for tasks to queue
[2024-05-20T00:51:52.022+0000] {logging_mixin.py:188} INFO - [2024-05-20T00:51:52.022+0000] {dagbag.py:545} INFO - Filling up the DagBag from /home/airflow/.local/lib/python3.12/site-packages/airflow/example_dags/example_skip_dag.py
[2024-05-20T00:51:52.034+0000] {processor.py:840} INFO - DAG(s) 'example_skip_dag' retrieved from /home/airflow/.local/lib/python3.12/site-packages/airflow/example_dags/example_skip_dag.py
[2024-05-20T00:51:52.118+0000] {logging_mixin.py:188} INFO - [2024-05-20T00:51:52.118+0000] {dag.py:3096} INFO - Sync 1 DAGs
[2024-05-20T00:51:52.215+0000] {logging_mixin.py:188} INFO - [2024-05-20T00:51:52.215+0000] {dag.py:3954} INFO - Setting next_dagrun for example_skip_dag to 2024-05-19 00:00:00+00:00, run_after=2024-05-20 00:00:00+00:00
[2024-05-20T00:51:52.303+0000] {processor.py:183} INFO - Processing /home/airflow/.local/lib/python3.12/site-packages/airflow/example_dags/example_skip_dag.py took 0.296 seconds
[2024-05-20T00:52:22.589+0000] {processor.py:161} INFO - Started process (PID=490) to work on /home/airflow/.local/lib/python3.12/site-packages/airflow/example_dags/example_skip_dag.py
[2024-05-20T00:52:22.590+0000] {processor.py:830} INFO - Processing file /home/airflow/.local/lib/python3.12/site-packages/airflow/example_dags/example_skip_dag.py for tasks to queue
[2024-05-20T00:52:22.591+0000] {logging_mixin.py:188} INFO - [2024-05-20T00:52:22.591+0000] {dagbag.py:545} INFO - Filling up the DagBag from /home/airflow/.local/lib/python3.12/site-packages/airflow/example_dags/example_skip_dag.py
[2024-05-20T00:52:22.597+0000] {processor.py:840} INFO - DAG(s) 'example_skip_dag' retrieved from /home/airflow/.local/lib/python3.12/site-packages/airflow/example_dags/example_skip_dag.py
[2024-05-20T00:52:22.613+0000] {logging_mixin.py:188} INFO - [2024-05-20T00:52:22.613+0000] {dag.py:3096} INFO - Sync 1 DAGs
[2024-05-20T00:52:22.628+0000] {logging_mixin.py:188} INFO - [2024-05-20T00:52:22.628+0000] {dag.py:3954} INFO - Setting next_dagrun for example_skip_dag to 2024-05-19 00:00:00+00:00, run_after=2024-05-20 00:00:00+00:00
[2024-05-20T00:52:22.641+0000] {processor.py:183} INFO - Processing /home/airflow/.local/lib/python3.12/site-packages/airflow/example_dags/example_skip_dag.py took 0.057 seconds
[2024-05-20T00:52:53.077+0000] {processor.py:161} INFO - Started process (PID=550) to work on /home/airflow/.local/lib/python3.12/site-packages/airflow/example_dags/example_skip_dag.py
[2024-05-20T00:52:53.078+0000] {processor.py:830} INFO - Processing file /home/airflow/.local/lib/python3.12/site-packages/airflow/example_dags/example_skip_dag.py for tasks to queue
[2024-05-20T00:52:53.081+0000] {logging_mixin.py:188} INFO - [2024-05-20T00:52:53.080+0000] {dagbag.py:545} INFO - Filling up the DagBag from /home/airflow/.local/lib/python3.12/site-packages/airflow/example_dags/example_skip_dag.py
[2024-05-20T00:52:53.092+0000] {processor.py:840} INFO - DAG(s) 'example_skip_dag' retrieved from /home/airflow/.local/lib/python3.12/site-packages/airflow/example_dags/example_skip_dag.py
[2024-05-20T00:52:53.124+0000] {logging_mixin.py:188} INFO - [2024-05-20T00:52:53.124+0000] {dag.py:3096} INFO - Sync 1 DAGs
[2024-05-20T00:52:53.150+0000] {logging_mixin.py:188} INFO - [2024-05-20T00:52:53.150+0000] {dag.py:3954} INFO - Setting next_dagrun for example_skip_dag to 2024-05-19 00:00:00+00:00, run_after=2024-05-20 00:00:00+00:00
[2024-05-20T00:52:53.174+0000] {processor.py:183} INFO - Processing /home/airflow/.local/lib/python3.12/site-packages/airflow/example_dags/example_skip_dag.py took 0.103 seconds
[2024-05-20T00:53:51.569+0000] {processor.py:161} INFO - Started process (PID=621) to work on /home/airflow/.local/lib/python3.12/site-packages/airflow/example_dags/example_skip_dag.py
[2024-05-20T00:53:51.571+0000] {processor.py:830} INFO - Processing file /home/airflow/.local/lib/python3.12/site-packages/airflow/example_dags/example_skip_dag.py for tasks to queue
[2024-05-20T00:53:51.575+0000] {logging_mixin.py:188} INFO - [2024-05-20T00:53:51.574+0000] {dagbag.py:545} INFO - Filling up the DagBag from /home/airflow/.local/lib/python3.12/site-packages/airflow/example_dags/example_skip_dag.py
[2024-05-20T00:53:51.589+0000] {processor.py:840} INFO - DAG(s) 'example_skip_dag' retrieved from /home/airflow/.local/lib/python3.12/site-packages/airflow/example_dags/example_skip_dag.py
[2024-05-20T00:53:51.646+0000] {logging_mixin.py:188} INFO - [2024-05-20T00:53:51.646+0000] {dag.py:3096} INFO - Sync 1 DAGs
[2024-05-20T00:53:51.705+0000] {logging_mixin.py:188} INFO - [2024-05-20T00:53:51.705+0000] {dag.py:3954} INFO - Setting next_dagrun for example_skip_dag to 2024-05-19 00:00:00+00:00, run_after=2024-05-20 00:00:00+00:00
[2024-05-20T00:53:51.782+0000] {processor.py:183} INFO - Processing /home/airflow/.local/lib/python3.12/site-packages/airflow/example_dags/example_skip_dag.py took 0.234 seconds
[2024-05-20T00:54:22.616+0000] {processor.py:161} INFO - Started process (PID=680) to work on /home/airflow/.local/lib/python3.12/site-packages/airflow/example_dags/example_skip_dag.py
[2024-05-20T00:54:22.619+0000] {processor.py:830} INFO - Processing file /home/airflow/.local/lib/python3.12/site-packages/airflow/example_dags/example_skip_dag.py for tasks to queue
[2024-05-20T00:54:22.624+0000] {logging_mixin.py:188} INFO - [2024-05-20T00:54:22.623+0000] {dagbag.py:545} INFO - Filling up the DagBag from /home/airflow/.local/lib/python3.12/site-packages/airflow/example_dags/example_skip_dag.py
[2024-05-20T00:54:22.635+0000] {processor.py:840} INFO - DAG(s) 'example_skip_dag' retrieved from /home/airflow/.local/lib/python3.12/site-packages/airflow/example_dags/example_skip_dag.py
[2024-05-20T00:54:22.665+0000] {logging_mixin.py:188} INFO - [2024-05-20T00:54:22.665+0000] {dag.py:3096} INFO - Sync 1 DAGs
[2024-05-20T00:54:22.700+0000] {logging_mixin.py:188} INFO - [2024-05-20T00:54:22.700+0000] {dag.py:3954} INFO - Setting next_dagrun for example_skip_dag to 2024-05-19 00:00:00+00:00, run_after=2024-05-20 00:00:00+00:00
[2024-05-20T00:54:22.721+0000] {processor.py:183} INFO - Processing /home/airflow/.local/lib/python3.12/site-packages/airflow/example_dags/example_skip_dag.py took 0.116 seconds
[2024-05-20T00:54:52.822+0000] {processor.py:161} INFO - Started process (PID=740) to work on /home/airflow/.local/lib/python3.12/site-packages/airflow/example_dags/example_skip_dag.py
[2024-05-20T00:54:52.829+0000] {processor.py:830} INFO - Processing file /home/airflow/.local/lib/python3.12/site-packages/airflow/example_dags/example_skip_dag.py for tasks to queue
[2024-05-20T00:54:52.831+0000] {logging_mixin.py:188} INFO - [2024-05-20T00:54:52.831+0000] {dagbag.py:545} INFO - Filling up the DagBag from /home/airflow/.local/lib/python3.12/site-packages/airflow/example_dags/example_skip_dag.py
[2024-05-20T00:54:52.840+0000] {processor.py:840} INFO - DAG(s) 'example_skip_dag' retrieved from /home/airflow/.local/lib/python3.12/site-packages/airflow/example_dags/example_skip_dag.py
[2024-05-20T00:54:52.889+0000] {logging_mixin.py:188} INFO - [2024-05-20T00:54:52.888+0000] {dag.py:3096} INFO - Sync 1 DAGs
[2024-05-20T00:54:52.922+0000] {logging_mixin.py:188} INFO - [2024-05-20T00:54:52.922+0000] {dag.py:3954} INFO - Setting next_dagrun for example_skip_dag to 2024-05-19 00:00:00+00:00, run_after=2024-05-20 00:00:00+00:00
[2024-05-20T00:54:52.939+0000] {processor.py:183} INFO - Processing /home/airflow/.local/lib/python3.12/site-packages/airflow/example_dags/example_skip_dag.py took 0.126 seconds
[2024-05-20T00:55:43.529+0000] {processor.py:161} INFO - Started process (PID=799) to work on /home/airflow/.local/lib/python3.12/site-packages/airflow/example_dags/example_skip_dag.py
[2024-05-20T00:55:43.531+0000] {processor.py:830} INFO - Processing file /home/airflow/.local/lib/python3.12/site-packages/airflow/example_dags/example_skip_dag.py for tasks to queue
[2024-05-20T00:55:43.535+0000] {logging_mixin.py:188} INFO - [2024-05-20T00:55:43.534+0000] {dagbag.py:545} INFO - Filling up the DagBag from /home/airflow/.local/lib/python3.12/site-packages/airflow/example_dags/example_skip_dag.py
[2024-05-20T00:55:43.546+0000] {processor.py:840} INFO - DAG(s) 'example_skip_dag' retrieved from /home/airflow/.local/lib/python3.12/site-packages/airflow/example_dags/example_skip_dag.py
[2024-05-20T00:55:43.576+0000] {logging_mixin.py:188} INFO - [2024-05-20T00:55:43.575+0000] {dag.py:3096} INFO - Sync 1 DAGs
[2024-05-20T00:55:43.608+0000] {logging_mixin.py:188} INFO - [2024-05-20T00:55:43.607+0000] {dag.py:3954} INFO - Setting next_dagrun for example_skip_dag to 2024-05-19 00:00:00+00:00, run_after=2024-05-20 00:00:00+00:00
[2024-05-20T00:55:43.652+0000] {processor.py:183} INFO - Processing /home/airflow/.local/lib/python3.12/site-packages/airflow/example_dags/example_skip_dag.py took 0.132 seconds
[2024-05-20T00:56:15.780+0000] {processor.py:161} INFO - Started process (PID=859) to work on /home/airflow/.local/lib/python3.12/site-packages/airflow/example_dags/example_skip_dag.py
[2024-05-20T00:56:15.783+0000] {processor.py:830} INFO - Processing file /home/airflow/.local/lib/python3.12/site-packages/airflow/example_dags/example_skip_dag.py for tasks to queue
[2024-05-20T00:56:15.790+0000] {logging_mixin.py:188} INFO - [2024-05-20T00:56:15.789+0000] {dagbag.py:545} INFO - Filling up the DagBag from /home/airflow/.local/lib/python3.12/site-packages/airflow/example_dags/example_skip_dag.py
[2024-05-20T00:56:15.833+0000] {processor.py:840} INFO - DAG(s) 'example_skip_dag' retrieved from /home/airflow/.local/lib/python3.12/site-packages/airflow/example_dags/example_skip_dag.py
[2024-05-20T00:56:15.901+0000] {logging_mixin.py:188} INFO - [2024-05-20T00:56:15.901+0000] {dag.py:3096} INFO - Sync 1 DAGs
[2024-05-20T00:56:15.945+0000] {logging_mixin.py:188} INFO - [2024-05-20T00:56:15.945+0000] {dag.py:3954} INFO - Setting next_dagrun for example_skip_dag to 2024-05-19 00:00:00+00:00, run_after=2024-05-20 00:00:00+00:00
[2024-05-20T00:56:15.990+0000] {processor.py:183} INFO - Processing /home/airflow/.local/lib/python3.12/site-packages/airflow/example_dags/example_skip_dag.py took 0.220 seconds
[2024-05-20T00:56:47.019+0000] {processor.py:161} INFO - Started process (PID=918) to work on /home/airflow/.local/lib/python3.12/site-packages/airflow/example_dags/example_skip_dag.py
[2024-05-20T00:56:47.022+0000] {processor.py:830} INFO - Processing file /home/airflow/.local/lib/python3.12/site-packages/airflow/example_dags/example_skip_dag.py for tasks to queue
[2024-05-20T00:56:47.025+0000] {logging_mixin.py:188} INFO - [2024-05-20T00:56:47.024+0000] {dagbag.py:545} INFO - Filling up the DagBag from /home/airflow/.local/lib/python3.12/site-packages/airflow/example_dags/example_skip_dag.py
[2024-05-20T00:56:47.034+0000] {processor.py:840} INFO - DAG(s) 'example_skip_dag' retrieved from /home/airflow/.local/lib/python3.12/site-packages/airflow/example_dags/example_skip_dag.py
[2024-05-20T00:56:47.062+0000] {logging_mixin.py:188} INFO - [2024-05-20T00:56:47.062+0000] {dag.py:3096} INFO - Sync 1 DAGs
[2024-05-20T00:56:47.089+0000] {logging_mixin.py:188} INFO - [2024-05-20T00:56:47.089+0000] {dag.py:3954} INFO - Setting next_dagrun for example_skip_dag to 2024-05-19 00:00:00+00:00, run_after=2024-05-20 00:00:00+00:00
[2024-05-20T00:56:47.118+0000] {processor.py:183} INFO - Processing /home/airflow/.local/lib/python3.12/site-packages/airflow/example_dags/example_skip_dag.py took 0.106 seconds
[2024-05-20T00:57:50.783+0000] {processor.py:161} INFO - Started process (PID=971) to work on /home/airflow/.local/lib/python3.12/site-packages/airflow/example_dags/example_skip_dag.py
[2024-05-20T00:57:50.787+0000] {processor.py:830} INFO - Processing file /home/airflow/.local/lib/python3.12/site-packages/airflow/example_dags/example_skip_dag.py for tasks to queue
[2024-05-20T00:57:50.795+0000] {logging_mixin.py:188} INFO - [2024-05-20T00:57:50.793+0000] {dagbag.py:545} INFO - Filling up the DagBag from /home/airflow/.local/lib/python3.12/site-packages/airflow/example_dags/example_skip_dag.py
[2024-05-20T00:57:50.839+0000] {processor.py:840} INFO - DAG(s) 'example_skip_dag' retrieved from /home/airflow/.local/lib/python3.12/site-packages/airflow/example_dags/example_skip_dag.py
[2024-05-20T00:57:50.929+0000] {logging_mixin.py:188} INFO - [2024-05-20T00:57:50.928+0000] {dag.py:3096} INFO - Sync 1 DAGs
[2024-05-20T00:57:51.014+0000] {logging_mixin.py:188} INFO - [2024-05-20T00:57:51.012+0000] {dag.py:3954} INFO - Setting next_dagrun for example_skip_dag to 2024-05-19 00:00:00+00:00, run_after=2024-05-20 00:00:00+00:00
[2024-05-20T00:57:51.073+0000] {processor.py:183} INFO - Processing /home/airflow/.local/lib/python3.12/site-packages/airflow/example_dags/example_skip_dag.py took 0.314 seconds
[2024-05-20T00:58:21.677+0000] {processor.py:161} INFO - Started process (PID=1031) to work on /home/airflow/.local/lib/python3.12/site-packages/airflow/example_dags/example_skip_dag.py
[2024-05-20T00:58:21.679+0000] {processor.py:830} INFO - Processing file /home/airflow/.local/lib/python3.12/site-packages/airflow/example_dags/example_skip_dag.py for tasks to queue
[2024-05-20T00:58:21.682+0000] {logging_mixin.py:188} INFO - [2024-05-20T00:58:21.681+0000] {dagbag.py:545} INFO - Filling up the DagBag from /home/airflow/.local/lib/python3.12/site-packages/airflow/example_dags/example_skip_dag.py
[2024-05-20T00:58:21.702+0000] {processor.py:840} INFO - DAG(s) 'example_skip_dag' retrieved from /home/airflow/.local/lib/python3.12/site-packages/airflow/example_dags/example_skip_dag.py
[2024-05-20T00:58:21.749+0000] {logging_mixin.py:188} INFO - [2024-05-20T00:58:21.749+0000] {dag.py:3096} INFO - Sync 1 DAGs
[2024-05-20T00:58:21.810+0000] {logging_mixin.py:188} INFO - [2024-05-20T00:58:21.810+0000] {dag.py:3954} INFO - Setting next_dagrun for example_skip_dag to 2024-05-19 00:00:00+00:00, run_after=2024-05-20 00:00:00+00:00
[2024-05-20T00:58:21.850+0000] {processor.py:183} INFO - Processing /home/airflow/.local/lib/python3.12/site-packages/airflow/example_dags/example_skip_dag.py took 0.192 seconds
[2024-05-20T00:58:52.955+0000] {processor.py:161} INFO - Started process (PID=1090) to work on /home/airflow/.local/lib/python3.12/site-packages/airflow/example_dags/example_skip_dag.py
[2024-05-20T00:58:52.959+0000] {processor.py:830} INFO - Processing file /home/airflow/.local/lib/python3.12/site-packages/airflow/example_dags/example_skip_dag.py for tasks to queue
[2024-05-20T00:58:52.963+0000] {logging_mixin.py:188} INFO - [2024-05-20T00:58:52.962+0000] {dagbag.py:545} INFO - Filling up the DagBag from /home/airflow/.local/lib/python3.12/site-packages/airflow/example_dags/example_skip_dag.py
[2024-05-20T00:58:52.978+0000] {processor.py:840} INFO - DAG(s) 'example_skip_dag' retrieved from /home/airflow/.local/lib/python3.12/site-packages/airflow/example_dags/example_skip_dag.py
[2024-05-20T00:58:53.017+0000] {logging_mixin.py:188} INFO - [2024-05-20T00:58:53.017+0000] {dag.py:3096} INFO - Sync 1 DAGs
[2024-05-20T00:58:53.090+0000] {logging_mixin.py:188} INFO - [2024-05-20T00:58:53.089+0000] {dag.py:3954} INFO - Setting next_dagrun for example_skip_dag to 2024-05-19 00:00:00+00:00, run_after=2024-05-20 00:00:00+00:00
[2024-05-20T00:58:53.128+0000] {processor.py:183} INFO - Processing /home/airflow/.local/lib/python3.12/site-packages/airflow/example_dags/example_skip_dag.py took 0.187 seconds
[2024-05-20T00:59:23.322+0000] {processor.py:161} INFO - Started process (PID=1149) to work on /home/airflow/.local/lib/python3.12/site-packages/airflow/example_dags/example_skip_dag.py
[2024-05-20T00:59:23.326+0000] {processor.py:830} INFO - Processing file /home/airflow/.local/lib/python3.12/site-packages/airflow/example_dags/example_skip_dag.py for tasks to queue
[2024-05-20T00:59:23.328+0000] {logging_mixin.py:188} INFO - [2024-05-20T00:59:23.327+0000] {dagbag.py:545} INFO - Filling up the DagBag from /home/airflow/.local/lib/python3.12/site-packages/airflow/example_dags/example_skip_dag.py
[2024-05-20T00:59:23.334+0000] {processor.py:840} INFO - DAG(s) 'example_skip_dag' retrieved from /home/airflow/.local/lib/python3.12/site-packages/airflow/example_dags/example_skip_dag.py
[2024-05-20T00:59:23.358+0000] {logging_mixin.py:188} INFO - [2024-05-20T00:59:23.358+0000] {dag.py:3096} INFO - Sync 1 DAGs
[2024-05-20T00:59:23.392+0000] {logging_mixin.py:188} INFO - [2024-05-20T00:59:23.392+0000] {dag.py:3954} INFO - Setting next_dagrun for example_skip_dag to 2024-05-19 00:00:00+00:00, run_after=2024-05-20 00:00:00+00:00
[2024-05-20T00:59:23.412+0000] {processor.py:183} INFO - Processing /home/airflow/.local/lib/python3.12/site-packages/airflow/example_dags/example_skip_dag.py took 0.107 seconds
[2024-05-20T01:00:00.685+0000] {processor.py:161} INFO - Started process (PID=1215) to work on /home/airflow/.local/lib/python3.12/site-packages/airflow/example_dags/example_skip_dag.py
[2024-05-20T01:00:00.695+0000] {processor.py:830} INFO - Processing file /home/airflow/.local/lib/python3.12/site-packages/airflow/example_dags/example_skip_dag.py for tasks to queue
[2024-05-20T01:00:00.745+0000] {logging_mixin.py:188} INFO - [2024-05-20T01:00:00.738+0000] {dagbag.py:545} INFO - Filling up the DagBag from /home/airflow/.local/lib/python3.12/site-packages/airflow/example_dags/example_skip_dag.py
[2024-05-20T01:00:00.834+0000] {processor.py:840} INFO - DAG(s) 'example_skip_dag' retrieved from /home/airflow/.local/lib/python3.12/site-packages/airflow/example_dags/example_skip_dag.py
[2024-05-20T01:00:01.174+0000] {logging_mixin.py:188} INFO - [2024-05-20T01:00:01.169+0000] {dag.py:3096} INFO - Sync 1 DAGs
[2024-05-20T01:00:01.908+0000] {logging_mixin.py:188} INFO - [2024-05-20T01:00:01.896+0000] {dag.py:3954} INFO - Setting next_dagrun for example_skip_dag to 2024-05-19 00:00:00+00:00, run_after=2024-05-20 00:00:00+00:00
[2024-05-20T01:00:02.226+0000] {processor.py:183} INFO - Processing /home/airflow/.local/lib/python3.12/site-packages/airflow/example_dags/example_skip_dag.py took 1.601 seconds
[2024-05-20T01:00:32.549+0000] {processor.py:161} INFO - Started process (PID=1275) to work on /home/airflow/.local/lib/python3.12/site-packages/airflow/example_dags/example_skip_dag.py
[2024-05-20T01:00:32.552+0000] {processor.py:830} INFO - Processing file /home/airflow/.local/lib/python3.12/site-packages/airflow/example_dags/example_skip_dag.py for tasks to queue
[2024-05-20T01:00:32.558+0000] {logging_mixin.py:188} INFO - [2024-05-20T01:00:32.557+0000] {dagbag.py:545} INFO - Filling up the DagBag from /home/airflow/.local/lib/python3.12/site-packages/airflow/example_dags/example_skip_dag.py
[2024-05-20T01:00:32.573+0000] {processor.py:840} INFO - DAG(s) 'example_skip_dag' retrieved from /home/airflow/.local/lib/python3.12/site-packages/airflow/example_dags/example_skip_dag.py
[2024-05-20T01:00:32.612+0000] {logging_mixin.py:188} INFO - [2024-05-20T01:00:32.612+0000] {dag.py:3096} INFO - Sync 1 DAGs
[2024-05-20T01:00:32.660+0000] {logging_mixin.py:188} INFO - [2024-05-20T01:00:32.659+0000] {dag.py:3954} INFO - Setting next_dagrun for example_skip_dag to 2024-05-19 00:00:00+00:00, run_after=2024-05-20 00:00:00+00:00
[2024-05-20T01:00:32.686+0000] {processor.py:183} INFO - Processing /home/airflow/.local/lib/python3.12/site-packages/airflow/example_dags/example_skip_dag.py took 0.179 seconds
[2024-05-20T01:01:04.449+0000] {processor.py:161} INFO - Started process (PID=1335) to work on /home/airflow/.local/lib/python3.12/site-packages/airflow/example_dags/example_skip_dag.py
[2024-05-20T01:01:04.451+0000] {processor.py:830} INFO - Processing file /home/airflow/.local/lib/python3.12/site-packages/airflow/example_dags/example_skip_dag.py for tasks to queue
[2024-05-20T01:01:04.458+0000] {logging_mixin.py:188} INFO - [2024-05-20T01:01:04.457+0000] {dagbag.py:545} INFO - Filling up the DagBag from /home/airflow/.local/lib/python3.12/site-packages/airflow/example_dags/example_skip_dag.py
[2024-05-20T01:01:04.479+0000] {processor.py:840} INFO - DAG(s) 'example_skip_dag' retrieved from /home/airflow/.local/lib/python3.12/site-packages/airflow/example_dags/example_skip_dag.py
[2024-05-20T01:01:04.514+0000] {logging_mixin.py:188} INFO - [2024-05-20T01:01:04.513+0000] {dag.py:3096} INFO - Sync 1 DAGs
[2024-05-20T01:01:04.578+0000] {logging_mixin.py:188} INFO - [2024-05-20T01:01:04.578+0000] {dag.py:3954} INFO - Setting next_dagrun for example_skip_dag to 2024-05-19 00:00:00+00:00, run_after=2024-05-20 00:00:00+00:00
[2024-05-20T01:01:04.612+0000] {processor.py:183} INFO - Processing /home/airflow/.local/lib/python3.12/site-packages/airflow/example_dags/example_skip_dag.py took 0.172 seconds
[2024-05-20T01:01:35.312+0000] {processor.py:161} INFO - Started process (PID=1395) to work on /home/airflow/.local/lib/python3.12/site-packages/airflow/example_dags/example_skip_dag.py
[2024-05-20T01:01:35.313+0000] {processor.py:830} INFO - Processing file /home/airflow/.local/lib/python3.12/site-packages/airflow/example_dags/example_skip_dag.py for tasks to queue
[2024-05-20T01:01:35.316+0000] {logging_mixin.py:188} INFO - [2024-05-20T01:01:35.315+0000] {dagbag.py:545} INFO - Filling up the DagBag from /home/airflow/.local/lib/python3.12/site-packages/airflow/example_dags/example_skip_dag.py
[2024-05-20T01:01:35.327+0000] {processor.py:840} INFO - DAG(s) 'example_skip_dag' retrieved from /home/airflow/.local/lib/python3.12/site-packages/airflow/example_dags/example_skip_dag.py
[2024-05-20T01:01:35.352+0000] {logging_mixin.py:188} INFO - [2024-05-20T01:01:35.352+0000] {dag.py:3096} INFO - Sync 1 DAGs
[2024-05-20T01:01:35.374+0000] {logging_mixin.py:188} INFO - [2024-05-20T01:01:35.374+0000] {dag.py:3954} INFO - Setting next_dagrun for example_skip_dag to 2024-05-19 00:00:00+00:00, run_after=2024-05-20 00:00:00+00:00
[2024-05-20T01:01:35.391+0000] {processor.py:183} INFO - Processing /home/airflow/.local/lib/python3.12/site-packages/airflow/example_dags/example_skip_dag.py took 0.085 seconds
[2024-05-20T01:02:06.630+0000] {processor.py:161} INFO - Started process (PID=1453) to work on /home/airflow/.local/lib/python3.12/site-packages/airflow/example_dags/example_skip_dag.py
[2024-05-20T01:02:06.632+0000] {processor.py:830} INFO - Processing file /home/airflow/.local/lib/python3.12/site-packages/airflow/example_dags/example_skip_dag.py for tasks to queue
[2024-05-20T01:02:06.638+0000] {logging_mixin.py:188} INFO - [2024-05-20T01:02:06.637+0000] {dagbag.py:545} INFO - Filling up the DagBag from /home/airflow/.local/lib/python3.12/site-packages/airflow/example_dags/example_skip_dag.py
[2024-05-20T01:02:06.705+0000] {processor.py:840} INFO - DAG(s) 'example_skip_dag' retrieved from /home/airflow/.local/lib/python3.12/site-packages/airflow/example_dags/example_skip_dag.py
[2024-05-20T01:02:06.807+0000] {logging_mixin.py:188} INFO - [2024-05-20T01:02:06.807+0000] {dag.py:3096} INFO - Sync 1 DAGs
[2024-05-20T01:02:06.966+0000] {logging_mixin.py:188} INFO - [2024-05-20T01:02:06.965+0000] {dag.py:3954} INFO - Setting next_dagrun for example_skip_dag to 2024-05-19 00:00:00+00:00, run_after=2024-05-20 00:00:00+00:00
[2024-05-20T01:02:07.081+0000] {processor.py:183} INFO - Processing /home/airflow/.local/lib/python3.12/site-packages/airflow/example_dags/example_skip_dag.py took 0.490 seconds
[2024-05-20T01:02:37.385+0000] {processor.py:161} INFO - Started process (PID=1512) to work on /home/airflow/.local/lib/python3.12/site-packages/airflow/example_dags/example_skip_dag.py
[2024-05-20T01:02:37.388+0000] {processor.py:830} INFO - Processing file /home/airflow/.local/lib/python3.12/site-packages/airflow/example_dags/example_skip_dag.py for tasks to queue
[2024-05-20T01:02:37.407+0000] {logging_mixin.py:188} INFO - [2024-05-20T01:02:37.405+0000] {dagbag.py:545} INFO - Filling up the DagBag from /home/airflow/.local/lib/python3.12/site-packages/airflow/example_dags/example_skip_dag.py
[2024-05-20T01:02:37.438+0000] {processor.py:840} INFO - DAG(s) 'example_skip_dag' retrieved from /home/airflow/.local/lib/python3.12/site-packages/airflow/example_dags/example_skip_dag.py
[2024-05-20T01:02:37.561+0000] {logging_mixin.py:188} INFO - [2024-05-20T01:02:37.561+0000] {dag.py:3096} INFO - Sync 1 DAGs
[2024-05-20T01:02:37.661+0000] {logging_mixin.py:188} INFO - [2024-05-20T01:02:37.661+0000] {dag.py:3954} INFO - Setting next_dagrun for example_skip_dag to 2024-05-19 00:00:00+00:00, run_after=2024-05-20 00:00:00+00:00
[2024-05-20T01:02:37.757+0000] {processor.py:183} INFO - Processing /home/airflow/.local/lib/python3.12/site-packages/airflow/example_dags/example_skip_dag.py took 0.403 seconds
[2024-05-20T01:03:27.080+0000] {processor.py:161} INFO - Started process (PID=1568) to work on /home/airflow/.local/lib/python3.12/site-packages/airflow/example_dags/example_skip_dag.py
[2024-05-20T01:03:27.081+0000] {processor.py:830} INFO - Processing file /home/airflow/.local/lib/python3.12/site-packages/airflow/example_dags/example_skip_dag.py for tasks to queue
[2024-05-20T01:03:27.084+0000] {logging_mixin.py:188} INFO - [2024-05-20T01:03:27.084+0000] {dagbag.py:545} INFO - Filling up the DagBag from /home/airflow/.local/lib/python3.12/site-packages/airflow/example_dags/example_skip_dag.py
[2024-05-20T01:03:27.095+0000] {processor.py:840} INFO - DAG(s) 'example_skip_dag' retrieved from /home/airflow/.local/lib/python3.12/site-packages/airflow/example_dags/example_skip_dag.py
[2024-05-20T01:03:27.126+0000] {logging_mixin.py:188} INFO - [2024-05-20T01:03:27.126+0000] {dag.py:3096} INFO - Sync 1 DAGs
[2024-05-20T01:03:27.208+0000] {logging_mixin.py:188} INFO - [2024-05-20T01:03:27.207+0000] {dag.py:3954} INFO - Setting next_dagrun for example_skip_dag to 2024-05-19 00:00:00+00:00, run_after=2024-05-20 00:00:00+00:00
[2024-05-20T01:03:27.293+0000] {processor.py:183} INFO - Processing /home/airflow/.local/lib/python3.12/site-packages/airflow/example_dags/example_skip_dag.py took 0.221 seconds
