[2024-05-20T00:48:27.631+0000] {processor.py:161} INFO - Started process (PID=54) to work on /home/airflow/.local/lib/python3.12/site-packages/airflow/example_dags/tutorial_dag.py
[2024-05-20T00:48:27.680+0000] {processor.py:830} INFO - Processing file /home/airflow/.local/lib/python3.12/site-packages/airflow/example_dags/tutorial_dag.py for tasks to queue
[2024-05-20T00:48:27.699+0000] {logging_mixin.py:188} INFO - [2024-05-20T00:48:27.696+0000] {dagbag.py:545} INFO - Filling up the DagBag from /home/airflow/.local/lib/python3.12/site-packages/airflow/example_dags/tutorial_dag.py
[2024-05-20T00:48:27.757+0000] {processor.py:840} INFO - DAG(s) 'tutorial_dag' retrieved from /home/airflow/.local/lib/python3.12/site-packages/airflow/example_dags/tutorial_dag.py
[2024-05-20T00:48:29.112+0000] {logging_mixin.py:188} INFO - [2024-05-20T00:48:29.111+0000] {dag.py:3096} INFO - Sync 1 DAGs
[2024-05-20T00:48:29.176+0000] {logging_mixin.py:188} INFO - [2024-05-20T00:48:29.175+0000] {dag.py:3954} INFO - Setting next_dagrun for tutorial_dag to None, run_after=None
[2024-05-20T00:48:29.264+0000] {processor.py:183} INFO - Processing /home/airflow/.local/lib/python3.12/site-packages/airflow/example_dags/tutorial_dag.py took 1.659 seconds
[2024-05-20T00:49:00.182+0000] {processor.py:161} INFO - Started process (PID=114) to work on /home/airflow/.local/lib/python3.12/site-packages/airflow/example_dags/tutorial_dag.py
[2024-05-20T00:49:00.187+0000] {processor.py:830} INFO - Processing file /home/airflow/.local/lib/python3.12/site-packages/airflow/example_dags/tutorial_dag.py for tasks to queue
[2024-05-20T00:49:00.193+0000] {logging_mixin.py:188} INFO - [2024-05-20T00:49:00.192+0000] {dagbag.py:545} INFO - Filling up the DagBag from /home/airflow/.local/lib/python3.12/site-packages/airflow/example_dags/tutorial_dag.py
[2024-05-20T00:49:00.210+0000] {processor.py:840} INFO - DAG(s) 'tutorial_dag' retrieved from /home/airflow/.local/lib/python3.12/site-packages/airflow/example_dags/tutorial_dag.py
[2024-05-20T00:49:00.258+0000] {logging_mixin.py:188} INFO - [2024-05-20T00:49:00.257+0000] {dag.py:3096} INFO - Sync 1 DAGs
[2024-05-20T00:49:00.281+0000] {logging_mixin.py:188} INFO - [2024-05-20T00:49:00.280+0000] {dag.py:3954} INFO - Setting next_dagrun for tutorial_dag to None, run_after=None
[2024-05-20T00:49:00.306+0000] {processor.py:183} INFO - Processing /home/airflow/.local/lib/python3.12/site-packages/airflow/example_dags/tutorial_dag.py took 0.148 seconds
[2024-05-20T00:49:30.509+0000] {processor.py:161} INFO - Started process (PID=173) to work on /home/airflow/.local/lib/python3.12/site-packages/airflow/example_dags/tutorial_dag.py
[2024-05-20T00:49:30.519+0000] {processor.py:830} INFO - Processing file /home/airflow/.local/lib/python3.12/site-packages/airflow/example_dags/tutorial_dag.py for tasks to queue
[2024-05-20T00:49:30.534+0000] {logging_mixin.py:188} INFO - [2024-05-20T00:49:30.532+0000] {dagbag.py:545} INFO - Filling up the DagBag from /home/airflow/.local/lib/python3.12/site-packages/airflow/example_dags/tutorial_dag.py
[2024-05-20T00:49:30.611+0000] {processor.py:840} INFO - DAG(s) 'tutorial_dag' retrieved from /home/airflow/.local/lib/python3.12/site-packages/airflow/example_dags/tutorial_dag.py
[2024-05-20T00:49:30.769+0000] {logging_mixin.py:188} INFO - [2024-05-20T00:49:30.762+0000] {dag.py:3096} INFO - Sync 1 DAGs
[2024-05-20T00:49:30.913+0000] {logging_mixin.py:188} INFO - [2024-05-20T00:49:30.910+0000] {dag.py:3954} INFO - Setting next_dagrun for tutorial_dag to None, run_after=None
[2024-05-20T00:49:31.348+0000] {processor.py:183} INFO - Processing /home/airflow/.local/lib/python3.12/site-packages/airflow/example_dags/tutorial_dag.py took 0.856 seconds
[2024-05-20T00:50:01.587+0000] {processor.py:161} INFO - Started process (PID=230) to work on /home/airflow/.local/lib/python3.12/site-packages/airflow/example_dags/tutorial_dag.py
[2024-05-20T00:50:01.589+0000] {processor.py:830} INFO - Processing file /home/airflow/.local/lib/python3.12/site-packages/airflow/example_dags/tutorial_dag.py for tasks to queue
[2024-05-20T00:50:01.593+0000] {logging_mixin.py:188} INFO - [2024-05-20T00:50:01.592+0000] {dagbag.py:545} INFO - Filling up the DagBag from /home/airflow/.local/lib/python3.12/site-packages/airflow/example_dags/tutorial_dag.py
[2024-05-20T00:50:01.621+0000] {processor.py:840} INFO - DAG(s) 'tutorial_dag' retrieved from /home/airflow/.local/lib/python3.12/site-packages/airflow/example_dags/tutorial_dag.py
[2024-05-20T00:50:01.690+0000] {logging_mixin.py:188} INFO - [2024-05-20T00:50:01.689+0000] {dag.py:3096} INFO - Sync 1 DAGs
[2024-05-20T00:50:01.738+0000] {logging_mixin.py:188} INFO - [2024-05-20T00:50:01.738+0000] {dag.py:3954} INFO - Setting next_dagrun for tutorial_dag to None, run_after=None
[2024-05-20T00:50:01.844+0000] {processor.py:183} INFO - Processing /home/airflow/.local/lib/python3.12/site-packages/airflow/example_dags/tutorial_dag.py took 0.265 seconds
[2024-05-20T00:50:32.216+0000] {processor.py:161} INFO - Started process (PID=290) to work on /home/airflow/.local/lib/python3.12/site-packages/airflow/example_dags/tutorial_dag.py
[2024-05-20T00:50:32.230+0000] {processor.py:830} INFO - Processing file /home/airflow/.local/lib/python3.12/site-packages/airflow/example_dags/tutorial_dag.py for tasks to queue
[2024-05-20T00:50:32.236+0000] {logging_mixin.py:188} INFO - [2024-05-20T00:50:32.235+0000] {dagbag.py:545} INFO - Filling up the DagBag from /home/airflow/.local/lib/python3.12/site-packages/airflow/example_dags/tutorial_dag.py
[2024-05-20T00:50:32.250+0000] {processor.py:840} INFO - DAG(s) 'tutorial_dag' retrieved from /home/airflow/.local/lib/python3.12/site-packages/airflow/example_dags/tutorial_dag.py
[2024-05-20T00:50:32.298+0000] {logging_mixin.py:188} INFO - [2024-05-20T00:50:32.298+0000] {dag.py:3096} INFO - Sync 1 DAGs
[2024-05-20T00:50:32.344+0000] {logging_mixin.py:188} INFO - [2024-05-20T00:50:32.343+0000] {dag.py:3954} INFO - Setting next_dagrun for tutorial_dag to None, run_after=None
[2024-05-20T00:50:32.434+0000] {processor.py:183} INFO - Processing /home/airflow/.local/lib/python3.12/site-packages/airflow/example_dags/tutorial_dag.py took 0.232 seconds
[2024-05-20T00:51:03.661+0000] {processor.py:161} INFO - Started process (PID=349) to work on /home/airflow/.local/lib/python3.12/site-packages/airflow/example_dags/tutorial_dag.py
[2024-05-20T00:51:03.727+0000] {processor.py:830} INFO - Processing file /home/airflow/.local/lib/python3.12/site-packages/airflow/example_dags/tutorial_dag.py for tasks to queue
[2024-05-20T00:51:03.808+0000] {logging_mixin.py:188} INFO - [2024-05-20T00:51:03.802+0000] {dagbag.py:545} INFO - Filling up the DagBag from /home/airflow/.local/lib/python3.12/site-packages/airflow/example_dags/tutorial_dag.py
[2024-05-20T00:51:03.986+0000] {processor.py:840} INFO - DAG(s) 'tutorial_dag' retrieved from /home/airflow/.local/lib/python3.12/site-packages/airflow/example_dags/tutorial_dag.py
[2024-05-20T00:51:04.481+0000] {logging_mixin.py:188} INFO - [2024-05-20T00:51:04.480+0000] {dag.py:3096} INFO - Sync 1 DAGs
[2024-05-20T00:51:04.649+0000] {logging_mixin.py:188} INFO - [2024-05-20T00:51:04.648+0000] {dag.py:3954} INFO - Setting next_dagrun for tutorial_dag to None, run_after=None
[2024-05-20T00:51:04.774+0000] {processor.py:183} INFO - Processing /home/airflow/.local/lib/python3.12/site-packages/airflow/example_dags/tutorial_dag.py took 1.370 seconds
[2024-05-20T00:51:35.759+0000] {processor.py:161} INFO - Started process (PID=409) to work on /home/airflow/.local/lib/python3.12/site-packages/airflow/example_dags/tutorial_dag.py
[2024-05-20T00:51:35.763+0000] {processor.py:830} INFO - Processing file /home/airflow/.local/lib/python3.12/site-packages/airflow/example_dags/tutorial_dag.py for tasks to queue
[2024-05-20T00:51:35.775+0000] {logging_mixin.py:188} INFO - [2024-05-20T00:51:35.773+0000] {dagbag.py:545} INFO - Filling up the DagBag from /home/airflow/.local/lib/python3.12/site-packages/airflow/example_dags/tutorial_dag.py
[2024-05-20T00:51:35.797+0000] {processor.py:840} INFO - DAG(s) 'tutorial_dag' retrieved from /home/airflow/.local/lib/python3.12/site-packages/airflow/example_dags/tutorial_dag.py
[2024-05-20T00:51:35.838+0000] {logging_mixin.py:188} INFO - [2024-05-20T00:51:35.837+0000] {dag.py:3096} INFO - Sync 1 DAGs
[2024-05-20T00:51:35.872+0000] {logging_mixin.py:188} INFO - [2024-05-20T00:51:35.870+0000] {dag.py:3954} INFO - Setting next_dagrun for tutorial_dag to None, run_after=None
[2024-05-20T00:51:35.905+0000] {processor.py:183} INFO - Processing /home/airflow/.local/lib/python3.12/site-packages/airflow/example_dags/tutorial_dag.py took 0.164 seconds
[2024-05-20T00:52:06.883+0000] {processor.py:161} INFO - Started process (PID=469) to work on /home/airflow/.local/lib/python3.12/site-packages/airflow/example_dags/tutorial_dag.py
[2024-05-20T00:52:06.886+0000] {processor.py:830} INFO - Processing file /home/airflow/.local/lib/python3.12/site-packages/airflow/example_dags/tutorial_dag.py for tasks to queue
[2024-05-20T00:52:06.891+0000] {logging_mixin.py:188} INFO - [2024-05-20T00:52:06.890+0000] {dagbag.py:545} INFO - Filling up the DagBag from /home/airflow/.local/lib/python3.12/site-packages/airflow/example_dags/tutorial_dag.py
[2024-05-20T00:52:06.905+0000] {processor.py:840} INFO - DAG(s) 'tutorial_dag' retrieved from /home/airflow/.local/lib/python3.12/site-packages/airflow/example_dags/tutorial_dag.py
[2024-05-20T00:52:06.955+0000] {logging_mixin.py:188} INFO - [2024-05-20T00:52:06.955+0000] {dag.py:3096} INFO - Sync 1 DAGs
[2024-05-20T00:52:06.977+0000] {logging_mixin.py:188} INFO - [2024-05-20T00:52:06.976+0000] {dag.py:3954} INFO - Setting next_dagrun for tutorial_dag to None, run_after=None
[2024-05-20T00:52:07.017+0000] {processor.py:183} INFO - Processing /home/airflow/.local/lib/python3.12/site-packages/airflow/example_dags/tutorial_dag.py took 0.146 seconds
[2024-05-20T00:52:37.246+0000] {processor.py:161} INFO - Started process (PID=528) to work on /home/airflow/.local/lib/python3.12/site-packages/airflow/example_dags/tutorial_dag.py
[2024-05-20T00:52:37.251+0000] {processor.py:830} INFO - Processing file /home/airflow/.local/lib/python3.12/site-packages/airflow/example_dags/tutorial_dag.py for tasks to queue
[2024-05-20T00:52:37.265+0000] {logging_mixin.py:188} INFO - [2024-05-20T00:52:37.260+0000] {dagbag.py:545} INFO - Filling up the DagBag from /home/airflow/.local/lib/python3.12/site-packages/airflow/example_dags/tutorial_dag.py
[2024-05-20T00:52:37.336+0000] {processor.py:840} INFO - DAG(s) 'tutorial_dag' retrieved from /home/airflow/.local/lib/python3.12/site-packages/airflow/example_dags/tutorial_dag.py
[2024-05-20T00:52:37.553+0000] {logging_mixin.py:188} INFO - [2024-05-20T00:52:37.552+0000] {dag.py:3096} INFO - Sync 1 DAGs
[2024-05-20T00:52:37.615+0000] {logging_mixin.py:188} INFO - [2024-05-20T00:52:37.615+0000] {dag.py:3954} INFO - Setting next_dagrun for tutorial_dag to None, run_after=None
[2024-05-20T00:52:37.681+0000] {processor.py:183} INFO - Processing /home/airflow/.local/lib/python3.12/site-packages/airflow/example_dags/tutorial_dag.py took 0.483 seconds
[2024-05-20T00:53:13.486+0000] {processor.py:161} INFO - Started process (PID=583) to work on /home/airflow/.local/lib/python3.12/site-packages/airflow/example_dags/tutorial_dag.py
[2024-05-20T00:53:13.492+0000] {processor.py:830} INFO - Processing file /home/airflow/.local/lib/python3.12/site-packages/airflow/example_dags/tutorial_dag.py for tasks to queue
[2024-05-20T00:53:13.502+0000] {logging_mixin.py:188} INFO - [2024-05-20T00:53:13.496+0000] {dagbag.py:545} INFO - Filling up the DagBag from /home/airflow/.local/lib/python3.12/site-packages/airflow/example_dags/tutorial_dag.py
[2024-05-20T00:53:13.587+0000] {processor.py:840} INFO - DAG(s) 'tutorial_dag' retrieved from /home/airflow/.local/lib/python3.12/site-packages/airflow/example_dags/tutorial_dag.py
[2024-05-20T00:53:37.718+0000] {logging_mixin.py:188} INFO - [2024-05-20T00:53:37.417+0000] {dag.py:3096} INFO - Sync 1 DAGs
[2024-05-20T00:53:43.368+0000] {logging_mixin.py:188} INFO - [2024-05-20T00:53:43.358+0000] {dag.py:3954} INFO - Setting next_dagrun for tutorial_dag to None, run_after=None
[2024-05-20T00:53:43.738+0000] {processor.py:183} INFO - Processing /home/airflow/.local/lib/python3.12/site-packages/airflow/example_dags/tutorial_dag.py took 30.305 seconds
[2024-05-20T00:54:15.148+0000] {processor.py:161} INFO - Started process (PID=643) to work on /home/airflow/.local/lib/python3.12/site-packages/airflow/example_dags/tutorial_dag.py
[2024-05-20T00:54:15.150+0000] {processor.py:830} INFO - Processing file /home/airflow/.local/lib/python3.12/site-packages/airflow/example_dags/tutorial_dag.py for tasks to queue
[2024-05-20T00:54:15.160+0000] {logging_mixin.py:188} INFO - [2024-05-20T00:54:15.159+0000] {dagbag.py:545} INFO - Filling up the DagBag from /home/airflow/.local/lib/python3.12/site-packages/airflow/example_dags/tutorial_dag.py
[2024-05-20T00:54:15.224+0000] {processor.py:840} INFO - DAG(s) 'tutorial_dag' retrieved from /home/airflow/.local/lib/python3.12/site-packages/airflow/example_dags/tutorial_dag.py
[2024-05-20T00:54:15.307+0000] {logging_mixin.py:188} INFO - [2024-05-20T00:54:15.306+0000] {dag.py:3096} INFO - Sync 1 DAGs
[2024-05-20T00:54:15.358+0000] {logging_mixin.py:188} INFO - [2024-05-20T00:54:15.357+0000] {dag.py:3954} INFO - Setting next_dagrun for tutorial_dag to None, run_after=None
[2024-05-20T00:54:15.386+0000] {processor.py:183} INFO - Processing /home/airflow/.local/lib/python3.12/site-packages/airflow/example_dags/tutorial_dag.py took 0.274 seconds
[2024-05-20T00:54:45.580+0000] {processor.py:161} INFO - Started process (PID=702) to work on /home/airflow/.local/lib/python3.12/site-packages/airflow/example_dags/tutorial_dag.py
[2024-05-20T00:54:45.585+0000] {processor.py:830} INFO - Processing file /home/airflow/.local/lib/python3.12/site-packages/airflow/example_dags/tutorial_dag.py for tasks to queue
[2024-05-20T00:54:45.617+0000] {logging_mixin.py:188} INFO - [2024-05-20T00:54:45.612+0000] {dagbag.py:545} INFO - Filling up the DagBag from /home/airflow/.local/lib/python3.12/site-packages/airflow/example_dags/tutorial_dag.py
[2024-05-20T00:54:45.672+0000] {processor.py:840} INFO - DAG(s) 'tutorial_dag' retrieved from /home/airflow/.local/lib/python3.12/site-packages/airflow/example_dags/tutorial_dag.py
[2024-05-20T00:54:45.785+0000] {logging_mixin.py:188} INFO - [2024-05-20T00:54:45.785+0000] {dag.py:3096} INFO - Sync 1 DAGs
[2024-05-20T00:54:45.816+0000] {logging_mixin.py:188} INFO - [2024-05-20T00:54:45.816+0000] {dag.py:3954} INFO - Setting next_dagrun for tutorial_dag to None, run_after=None
[2024-05-20T00:54:45.888+0000] {processor.py:183} INFO - Processing /home/airflow/.local/lib/python3.12/site-packages/airflow/example_dags/tutorial_dag.py took 0.338 seconds
[2024-05-20T00:55:40.308+0000] {processor.py:161} INFO - Started process (PID=774) to work on /home/airflow/.local/lib/python3.12/site-packages/airflow/example_dags/tutorial_dag.py
[2024-05-20T00:55:40.310+0000] {processor.py:830} INFO - Processing file /home/airflow/.local/lib/python3.12/site-packages/airflow/example_dags/tutorial_dag.py for tasks to queue
[2024-05-20T00:55:40.312+0000] {logging_mixin.py:188} INFO - [2024-05-20T00:55:40.312+0000] {dagbag.py:545} INFO - Filling up the DagBag from /home/airflow/.local/lib/python3.12/site-packages/airflow/example_dags/tutorial_dag.py
[2024-05-20T00:55:40.323+0000] {processor.py:840} INFO - DAG(s) 'tutorial_dag' retrieved from /home/airflow/.local/lib/python3.12/site-packages/airflow/example_dags/tutorial_dag.py
[2024-05-20T00:55:40.386+0000] {logging_mixin.py:188} INFO - [2024-05-20T00:55:40.385+0000] {dag.py:3096} INFO - Sync 1 DAGs
[2024-05-20T00:55:40.413+0000] {logging_mixin.py:188} INFO - [2024-05-20T00:55:40.409+0000] {dag.py:3954} INFO - Setting next_dagrun for tutorial_dag to None, run_after=None
[2024-05-20T00:55:40.440+0000] {processor.py:183} INFO - Processing /home/airflow/.local/lib/python3.12/site-packages/airflow/example_dags/tutorial_dag.py took 0.139 seconds
[2024-05-20T00:56:13.107+0000] {processor.py:161} INFO - Started process (PID=834) to work on /home/airflow/.local/lib/python3.12/site-packages/airflow/example_dags/tutorial_dag.py
[2024-05-20T00:56:13.110+0000] {processor.py:830} INFO - Processing file /home/airflow/.local/lib/python3.12/site-packages/airflow/example_dags/tutorial_dag.py for tasks to queue
[2024-05-20T00:56:13.116+0000] {logging_mixin.py:188} INFO - [2024-05-20T00:56:13.115+0000] {dagbag.py:545} INFO - Filling up the DagBag from /home/airflow/.local/lib/python3.12/site-packages/airflow/example_dags/tutorial_dag.py
[2024-05-20T00:56:13.174+0000] {processor.py:840} INFO - DAG(s) 'tutorial_dag' retrieved from /home/airflow/.local/lib/python3.12/site-packages/airflow/example_dags/tutorial_dag.py
[2024-05-20T00:56:13.299+0000] {logging_mixin.py:188} INFO - [2024-05-20T00:56:13.298+0000] {dag.py:3096} INFO - Sync 1 DAGs
[2024-05-20T00:56:13.375+0000] {logging_mixin.py:188} INFO - [2024-05-20T00:56:13.375+0000] {dag.py:3954} INFO - Setting next_dagrun for tutorial_dag to None, run_after=None
[2024-05-20T00:56:13.454+0000] {processor.py:183} INFO - Processing /home/airflow/.local/lib/python3.12/site-packages/airflow/example_dags/tutorial_dag.py took 0.378 seconds
[2024-05-20T00:56:44.673+0000] {processor.py:161} INFO - Started process (PID=896) to work on /home/airflow/.local/lib/python3.12/site-packages/airflow/example_dags/tutorial_dag.py
[2024-05-20T00:56:44.675+0000] {processor.py:830} INFO - Processing file /home/airflow/.local/lib/python3.12/site-packages/airflow/example_dags/tutorial_dag.py for tasks to queue
[2024-05-20T00:56:44.678+0000] {logging_mixin.py:188} INFO - [2024-05-20T00:56:44.677+0000] {dagbag.py:545} INFO - Filling up the DagBag from /home/airflow/.local/lib/python3.12/site-packages/airflow/example_dags/tutorial_dag.py
[2024-05-20T00:56:44.687+0000] {processor.py:840} INFO - DAG(s) 'tutorial_dag' retrieved from /home/airflow/.local/lib/python3.12/site-packages/airflow/example_dags/tutorial_dag.py
[2024-05-20T00:56:44.739+0000] {logging_mixin.py:188} INFO - [2024-05-20T00:56:44.738+0000] {dag.py:3096} INFO - Sync 1 DAGs
[2024-05-20T00:56:44.764+0000] {logging_mixin.py:188} INFO - [2024-05-20T00:56:44.764+0000] {dag.py:3954} INFO - Setting next_dagrun for tutorial_dag to None, run_after=None
[2024-05-20T00:56:44.795+0000] {processor.py:183} INFO - Processing /home/airflow/.local/lib/python3.12/site-packages/airflow/example_dags/tutorial_dag.py took 0.137 seconds
[2024-05-20T00:57:35.057+0000] {processor.py:161} INFO - Started process (PID=956) to work on /home/airflow/.local/lib/python3.12/site-packages/airflow/example_dags/tutorial_dag.py
[2024-05-20T00:57:35.078+0000] {processor.py:830} INFO - Processing file /home/airflow/.local/lib/python3.12/site-packages/airflow/example_dags/tutorial_dag.py for tasks to queue
[2024-05-20T00:57:35.103+0000] {logging_mixin.py:188} INFO - [2024-05-20T00:57:35.098+0000] {dagbag.py:545} INFO - Filling up the DagBag from /home/airflow/.local/lib/python3.12/site-packages/airflow/example_dags/tutorial_dag.py
[2024-05-20T00:57:35.190+0000] {processor.py:840} INFO - DAG(s) 'tutorial_dag' retrieved from /home/airflow/.local/lib/python3.12/site-packages/airflow/example_dags/tutorial_dag.py
[2024-05-20T00:57:36.013+0000] {logging_mixin.py:188} INFO - [2024-05-20T00:57:35.998+0000] {dag.py:3096} INFO - Sync 1 DAGs
[2024-05-20T00:57:36.316+0000] {logging_mixin.py:188} INFO - [2024-05-20T00:57:36.251+0000] {dag.py:3954} INFO - Setting next_dagrun for tutorial_dag to None, run_after=None
[2024-05-20T00:57:44.948+0000] {processor.py:183} INFO - Processing /home/airflow/.local/lib/python3.12/site-packages/airflow/example_dags/tutorial_dag.py took 9.977 seconds
[2024-05-20T00:58:15.455+0000] {processor.py:161} INFO - Started process (PID=1016) to work on /home/airflow/.local/lib/python3.12/site-packages/airflow/example_dags/tutorial_dag.py
[2024-05-20T00:58:15.462+0000] {processor.py:830} INFO - Processing file /home/airflow/.local/lib/python3.12/site-packages/airflow/example_dags/tutorial_dag.py for tasks to queue
[2024-05-20T00:58:15.470+0000] {logging_mixin.py:188} INFO - [2024-05-20T00:58:15.469+0000] {dagbag.py:545} INFO - Filling up the DagBag from /home/airflow/.local/lib/python3.12/site-packages/airflow/example_dags/tutorial_dag.py
[2024-05-20T00:58:15.486+0000] {processor.py:840} INFO - DAG(s) 'tutorial_dag' retrieved from /home/airflow/.local/lib/python3.12/site-packages/airflow/example_dags/tutorial_dag.py
[2024-05-20T00:58:15.547+0000] {logging_mixin.py:188} INFO - [2024-05-20T00:58:15.547+0000] {dag.py:3096} INFO - Sync 1 DAGs
[2024-05-20T00:58:15.568+0000] {logging_mixin.py:188} INFO - [2024-05-20T00:58:15.568+0000] {dag.py:3954} INFO - Setting next_dagrun for tutorial_dag to None, run_after=None
[2024-05-20T00:58:15.608+0000] {processor.py:183} INFO - Processing /home/airflow/.local/lib/python3.12/site-packages/airflow/example_dags/tutorial_dag.py took 0.192 seconds
[2024-05-20T00:58:46.348+0000] {processor.py:161} INFO - Started process (PID=1075) to work on /home/airflow/.local/lib/python3.12/site-packages/airflow/example_dags/tutorial_dag.py
[2024-05-20T00:58:46.353+0000] {processor.py:830} INFO - Processing file /home/airflow/.local/lib/python3.12/site-packages/airflow/example_dags/tutorial_dag.py for tasks to queue
[2024-05-20T00:58:46.358+0000] {logging_mixin.py:188} INFO - [2024-05-20T00:58:46.357+0000] {dagbag.py:545} INFO - Filling up the DagBag from /home/airflow/.local/lib/python3.12/site-packages/airflow/example_dags/tutorial_dag.py
[2024-05-20T00:58:46.371+0000] {processor.py:840} INFO - DAG(s) 'tutorial_dag' retrieved from /home/airflow/.local/lib/python3.12/site-packages/airflow/example_dags/tutorial_dag.py
[2024-05-20T00:58:46.433+0000] {logging_mixin.py:188} INFO - [2024-05-20T00:58:46.432+0000] {dag.py:3096} INFO - Sync 1 DAGs
[2024-05-20T00:58:46.466+0000] {logging_mixin.py:188} INFO - [2024-05-20T00:58:46.465+0000] {dag.py:3954} INFO - Setting next_dagrun for tutorial_dag to None, run_after=None
[2024-05-20T00:58:46.500+0000] {processor.py:183} INFO - Processing /home/airflow/.local/lib/python3.12/site-packages/airflow/example_dags/tutorial_dag.py took 0.182 seconds
[2024-05-20T00:59:17.262+0000] {processor.py:161} INFO - Started process (PID=1134) to work on /home/airflow/.local/lib/python3.12/site-packages/airflow/example_dags/tutorial_dag.py
[2024-05-20T00:59:17.265+0000] {processor.py:830} INFO - Processing file /home/airflow/.local/lib/python3.12/site-packages/airflow/example_dags/tutorial_dag.py for tasks to queue
[2024-05-20T00:59:17.281+0000] {logging_mixin.py:188} INFO - [2024-05-20T00:59:17.280+0000] {dagbag.py:545} INFO - Filling up the DagBag from /home/airflow/.local/lib/python3.12/site-packages/airflow/example_dags/tutorial_dag.py
[2024-05-20T00:59:17.304+0000] {processor.py:840} INFO - DAG(s) 'tutorial_dag' retrieved from /home/airflow/.local/lib/python3.12/site-packages/airflow/example_dags/tutorial_dag.py
[2024-05-20T00:59:17.339+0000] {logging_mixin.py:188} INFO - [2024-05-20T00:59:17.339+0000] {dag.py:3096} INFO - Sync 1 DAGs
[2024-05-20T00:59:17.360+0000] {logging_mixin.py:188} INFO - [2024-05-20T00:59:17.360+0000] {dag.py:3954} INFO - Setting next_dagrun for tutorial_dag to None, run_after=None
[2024-05-20T00:59:17.385+0000] {processor.py:183} INFO - Processing /home/airflow/.local/lib/python3.12/site-packages/airflow/example_dags/tutorial_dag.py took 0.132 seconds
[2024-05-20T00:59:48.205+0000] {processor.py:161} INFO - Started process (PID=1194) to work on /home/airflow/.local/lib/python3.12/site-packages/airflow/example_dags/tutorial_dag.py
[2024-05-20T00:59:48.215+0000] {processor.py:830} INFO - Processing file /home/airflow/.local/lib/python3.12/site-packages/airflow/example_dags/tutorial_dag.py for tasks to queue
[2024-05-20T00:59:48.229+0000] {logging_mixin.py:188} INFO - [2024-05-20T00:59:48.228+0000] {dagbag.py:545} INFO - Filling up the DagBag from /home/airflow/.local/lib/python3.12/site-packages/airflow/example_dags/tutorial_dag.py
[2024-05-20T00:59:48.353+0000] {processor.py:840} INFO - DAG(s) 'tutorial_dag' retrieved from /home/airflow/.local/lib/python3.12/site-packages/airflow/example_dags/tutorial_dag.py
[2024-05-20T00:59:48.574+0000] {logging_mixin.py:188} INFO - [2024-05-20T00:59:48.573+0000] {dag.py:3096} INFO - Sync 1 DAGs
[2024-05-20T00:59:48.670+0000] {logging_mixin.py:188} INFO - [2024-05-20T00:59:48.668+0000] {dag.py:3954} INFO - Setting next_dagrun for tutorial_dag to None, run_after=None
[2024-05-20T00:59:48.793+0000] {processor.py:183} INFO - Processing /home/airflow/.local/lib/python3.12/site-packages/airflow/example_dags/tutorial_dag.py took 0.728 seconds
[2024-05-20T01:00:19.636+0000] {processor.py:161} INFO - Started process (PID=1254) to work on /home/airflow/.local/lib/python3.12/site-packages/airflow/example_dags/tutorial_dag.py
[2024-05-20T01:00:19.645+0000] {processor.py:830} INFO - Processing file /home/airflow/.local/lib/python3.12/site-packages/airflow/example_dags/tutorial_dag.py for tasks to queue
[2024-05-20T01:00:19.665+0000] {logging_mixin.py:188} INFO - [2024-05-20T01:00:19.662+0000] {dagbag.py:545} INFO - Filling up the DagBag from /home/airflow/.local/lib/python3.12/site-packages/airflow/example_dags/tutorial_dag.py
[2024-05-20T01:00:19.698+0000] {processor.py:840} INFO - DAG(s) 'tutorial_dag' retrieved from /home/airflow/.local/lib/python3.12/site-packages/airflow/example_dags/tutorial_dag.py
[2024-05-20T01:00:19.779+0000] {logging_mixin.py:188} INFO - [2024-05-20T01:00:19.777+0000] {dag.py:3096} INFO - Sync 1 DAGs
[2024-05-20T01:00:19.826+0000] {logging_mixin.py:188} INFO - [2024-05-20T01:00:19.825+0000] {dag.py:3954} INFO - Setting next_dagrun for tutorial_dag to None, run_after=None
[2024-05-20T01:00:19.876+0000] {processor.py:183} INFO - Processing /home/airflow/.local/lib/python3.12/site-packages/airflow/example_dags/tutorial_dag.py took 0.263 seconds
[2024-05-20T01:00:58.275+0000] {processor.py:161} INFO - Started process (PID=1307) to work on /home/airflow/.local/lib/python3.12/site-packages/airflow/example_dags/tutorial_dag.py
[2024-05-20T01:00:58.277+0000] {processor.py:830} INFO - Processing file /home/airflow/.local/lib/python3.12/site-packages/airflow/example_dags/tutorial_dag.py for tasks to queue
[2024-05-20T01:00:58.280+0000] {logging_mixin.py:188} INFO - [2024-05-20T01:00:58.280+0000] {dagbag.py:545} INFO - Filling up the DagBag from /home/airflow/.local/lib/python3.12/site-packages/airflow/example_dags/tutorial_dag.py
[2024-05-20T01:00:58.295+0000] {processor.py:840} INFO - DAG(s) 'tutorial_dag' retrieved from /home/airflow/.local/lib/python3.12/site-packages/airflow/example_dags/tutorial_dag.py
[2024-05-20T01:00:58.420+0000] {logging_mixin.py:188} INFO - [2024-05-20T01:00:58.419+0000] {dag.py:3096} INFO - Sync 1 DAGs
[2024-05-20T01:00:58.492+0000] {logging_mixin.py:188} INFO - [2024-05-20T01:00:58.491+0000] {dag.py:3954} INFO - Setting next_dagrun for tutorial_dag to None, run_after=None
[2024-05-20T01:00:58.542+0000] {processor.py:183} INFO - Processing /home/airflow/.local/lib/python3.12/site-packages/airflow/example_dags/tutorial_dag.py took 0.274 seconds
[2024-05-20T01:01:29.300+0000] {processor.py:161} INFO - Started process (PID=1367) to work on /home/airflow/.local/lib/python3.12/site-packages/airflow/example_dags/tutorial_dag.py
[2024-05-20T01:01:29.302+0000] {processor.py:830} INFO - Processing file /home/airflow/.local/lib/python3.12/site-packages/airflow/example_dags/tutorial_dag.py for tasks to queue
[2024-05-20T01:01:29.304+0000] {logging_mixin.py:188} INFO - [2024-05-20T01:01:29.304+0000] {dagbag.py:545} INFO - Filling up the DagBag from /home/airflow/.local/lib/python3.12/site-packages/airflow/example_dags/tutorial_dag.py
[2024-05-20T01:01:29.311+0000] {processor.py:840} INFO - DAG(s) 'tutorial_dag' retrieved from /home/airflow/.local/lib/python3.12/site-packages/airflow/example_dags/tutorial_dag.py
[2024-05-20T01:01:29.332+0000] {logging_mixin.py:188} INFO - [2024-05-20T01:01:29.331+0000] {dag.py:3096} INFO - Sync 1 DAGs
[2024-05-20T01:01:29.343+0000] {logging_mixin.py:188} INFO - [2024-05-20T01:01:29.343+0000] {dag.py:3954} INFO - Setting next_dagrun for tutorial_dag to None, run_after=None
[2024-05-20T01:01:29.369+0000] {processor.py:183} INFO - Processing /home/airflow/.local/lib/python3.12/site-packages/airflow/example_dags/tutorial_dag.py took 0.075 seconds
[2024-05-20T01:01:59.510+0000] {processor.py:161} INFO - Started process (PID=1427) to work on /home/airflow/.local/lib/python3.12/site-packages/airflow/example_dags/tutorial_dag.py
[2024-05-20T01:01:59.512+0000] {processor.py:830} INFO - Processing file /home/airflow/.local/lib/python3.12/site-packages/airflow/example_dags/tutorial_dag.py for tasks to queue
[2024-05-20T01:01:59.514+0000] {logging_mixin.py:188} INFO - [2024-05-20T01:01:59.514+0000] {dagbag.py:545} INFO - Filling up the DagBag from /home/airflow/.local/lib/python3.12/site-packages/airflow/example_dags/tutorial_dag.py
[2024-05-20T01:01:59.519+0000] {processor.py:840} INFO - DAG(s) 'tutorial_dag' retrieved from /home/airflow/.local/lib/python3.12/site-packages/airflow/example_dags/tutorial_dag.py
[2024-05-20T01:01:59.539+0000] {logging_mixin.py:188} INFO - [2024-05-20T01:01:59.538+0000] {dag.py:3096} INFO - Sync 1 DAGs
[2024-05-20T01:01:59.555+0000] {logging_mixin.py:188} INFO - [2024-05-20T01:01:59.555+0000] {dag.py:3954} INFO - Setting next_dagrun for tutorial_dag to None, run_after=None
[2024-05-20T01:01:59.576+0000] {processor.py:183} INFO - Processing /home/airflow/.local/lib/python3.12/site-packages/airflow/example_dags/tutorial_dag.py took 0.071 seconds
[2024-05-20T01:02:30.118+0000] {processor.py:161} INFO - Started process (PID=1493) to work on /home/airflow/.local/lib/python3.12/site-packages/airflow/example_dags/tutorial_dag.py
[2024-05-20T01:02:30.122+0000] {processor.py:830} INFO - Processing file /home/airflow/.local/lib/python3.12/site-packages/airflow/example_dags/tutorial_dag.py for tasks to queue
[2024-05-20T01:02:30.125+0000] {logging_mixin.py:188} INFO - [2024-05-20T01:02:30.124+0000] {dagbag.py:545} INFO - Filling up the DagBag from /home/airflow/.local/lib/python3.12/site-packages/airflow/example_dags/tutorial_dag.py
[2024-05-20T01:02:30.137+0000] {processor.py:840} INFO - DAG(s) 'tutorial_dag' retrieved from /home/airflow/.local/lib/python3.12/site-packages/airflow/example_dags/tutorial_dag.py
[2024-05-20T01:02:30.160+0000] {logging_mixin.py:188} INFO - [2024-05-20T01:02:30.160+0000] {dag.py:3096} INFO - Sync 1 DAGs
[2024-05-20T01:02:30.172+0000] {logging_mixin.py:188} INFO - [2024-05-20T01:02:30.171+0000] {dag.py:3954} INFO - Setting next_dagrun for tutorial_dag to None, run_after=None
[2024-05-20T01:02:30.549+0000] {processor.py:183} INFO - Processing /home/airflow/.local/lib/python3.12/site-packages/airflow/example_dags/tutorial_dag.py took 0.443 seconds
[2024-05-20T01:03:23.446+0000] {processor.py:161} INFO - Started process (PID=1553) to work on /home/airflow/.local/lib/python3.12/site-packages/airflow/example_dags/tutorial_dag.py
[2024-05-20T01:03:23.454+0000] {processor.py:830} INFO - Processing file /home/airflow/.local/lib/python3.12/site-packages/airflow/example_dags/tutorial_dag.py for tasks to queue
[2024-05-20T01:03:23.470+0000] {logging_mixin.py:188} INFO - [2024-05-20T01:03:23.468+0000] {dagbag.py:545} INFO - Filling up the DagBag from /home/airflow/.local/lib/python3.12/site-packages/airflow/example_dags/tutorial_dag.py
[2024-05-20T01:03:23.570+0000] {processor.py:840} INFO - DAG(s) 'tutorial_dag' retrieved from /home/airflow/.local/lib/python3.12/site-packages/airflow/example_dags/tutorial_dag.py
[2024-05-20T01:03:23.721+0000] {logging_mixin.py:188} INFO - [2024-05-20T01:03:23.720+0000] {dag.py:3096} INFO - Sync 1 DAGs
[2024-05-20T01:03:23.907+0000] {logging_mixin.py:188} INFO - [2024-05-20T01:03:23.903+0000] {dag.py:3954} INFO - Setting next_dagrun for tutorial_dag to None, run_after=None
[2024-05-20T01:03:24.018+0000] {processor.py:183} INFO - Processing /home/airflow/.local/lib/python3.12/site-packages/airflow/example_dags/tutorial_dag.py took 0.636 seconds
