[2024-05-20T00:48:42.948+0000] {processor.py:161} INFO - Started process (PID=72) to work on /home/airflow/.local/lib/python3.12/site-packages/airflow/example_dags/tutorial_taskflow_api.py
[2024-05-20T00:48:42.963+0000] {processor.py:830} INFO - Processing file /home/airflow/.local/lib/python3.12/site-packages/airflow/example_dags/tutorial_taskflow_api.py for tasks to queue
[2024-05-20T00:48:43.015+0000] {logging_mixin.py:188} INFO - [2024-05-20T00:48:43.012+0000] {dagbag.py:545} INFO - Filling up the DagBag from /home/airflow/.local/lib/python3.12/site-packages/airflow/example_dags/tutorial_taskflow_api.py
[2024-05-20T00:48:43.133+0000] {processor.py:840} INFO - DAG(s) 'tutorial_taskflow_api' retrieved from /home/airflow/.local/lib/python3.12/site-packages/airflow/example_dags/tutorial_taskflow_api.py
[2024-05-20T00:48:43.702+0000] {logging_mixin.py:188} INFO - [2024-05-20T00:48:43.700+0000] {dag.py:3096} INFO - Sync 1 DAGs
[2024-05-20T00:48:43.765+0000] {logging_mixin.py:188} INFO - [2024-05-20T00:48:43.765+0000] {dag.py:3954} INFO - Setting next_dagrun for tutorial_taskflow_api to None, run_after=None
[2024-05-20T00:48:43.857+0000] {processor.py:183} INFO - Processing /home/airflow/.local/lib/python3.12/site-packages/airflow/example_dags/tutorial_taskflow_api.py took 0.927 seconds
[2024-05-20T00:49:14.413+0000] {processor.py:161} INFO - Started process (PID=126) to work on /home/airflow/.local/lib/python3.12/site-packages/airflow/example_dags/tutorial_taskflow_api.py
[2024-05-20T00:49:14.423+0000] {processor.py:830} INFO - Processing file /home/airflow/.local/lib/python3.12/site-packages/airflow/example_dags/tutorial_taskflow_api.py for tasks to queue
[2024-05-20T00:49:14.429+0000] {logging_mixin.py:188} INFO - [2024-05-20T00:49:14.429+0000] {dagbag.py:545} INFO - Filling up the DagBag from /home/airflow/.local/lib/python3.12/site-packages/airflow/example_dags/tutorial_taskflow_api.py
[2024-05-20T00:49:14.445+0000] {processor.py:840} INFO - DAG(s) 'tutorial_taskflow_api' retrieved from /home/airflow/.local/lib/python3.12/site-packages/airflow/example_dags/tutorial_taskflow_api.py
[2024-05-20T00:49:14.513+0000] {logging_mixin.py:188} INFO - [2024-05-20T00:49:14.513+0000] {dag.py:3096} INFO - Sync 1 DAGs
[2024-05-20T00:49:14.568+0000] {logging_mixin.py:188} INFO - [2024-05-20T00:49:14.568+0000] {dag.py:3954} INFO - Setting next_dagrun for tutorial_taskflow_api to None, run_after=None
[2024-05-20T00:49:14.635+0000] {processor.py:183} INFO - Processing /home/airflow/.local/lib/python3.12/site-packages/airflow/example_dags/tutorial_taskflow_api.py took 0.238 seconds
[2024-05-20T00:49:45.310+0000] {processor.py:161} INFO - Started process (PID=185) to work on /home/airflow/.local/lib/python3.12/site-packages/airflow/example_dags/tutorial_taskflow_api.py
[2024-05-20T00:49:45.314+0000] {processor.py:830} INFO - Processing file /home/airflow/.local/lib/python3.12/site-packages/airflow/example_dags/tutorial_taskflow_api.py for tasks to queue
[2024-05-20T00:49:45.322+0000] {logging_mixin.py:188} INFO - [2024-05-20T00:49:45.319+0000] {dagbag.py:545} INFO - Filling up the DagBag from /home/airflow/.local/lib/python3.12/site-packages/airflow/example_dags/tutorial_taskflow_api.py
[2024-05-20T00:49:45.345+0000] {processor.py:840} INFO - DAG(s) 'tutorial_taskflow_api' retrieved from /home/airflow/.local/lib/python3.12/site-packages/airflow/example_dags/tutorial_taskflow_api.py
[2024-05-20T00:49:45.531+0000] {logging_mixin.py:188} INFO - [2024-05-20T00:49:45.527+0000] {dag.py:3096} INFO - Sync 1 DAGs
[2024-05-20T00:49:45.575+0000] {logging_mixin.py:188} INFO - [2024-05-20T00:49:45.573+0000] {dag.py:3954} INFO - Setting next_dagrun for tutorial_taskflow_api to None, run_after=None
[2024-05-20T00:49:45.778+0000] {processor.py:183} INFO - Processing /home/airflow/.local/lib/python3.12/site-packages/airflow/example_dags/tutorial_taskflow_api.py took 0.558 seconds
[2024-05-20T00:50:15.983+0000] {processor.py:161} INFO - Started process (PID=244) to work on /home/airflow/.local/lib/python3.12/site-packages/airflow/example_dags/tutorial_taskflow_api.py
[2024-05-20T00:50:15.985+0000] {processor.py:830} INFO - Processing file /home/airflow/.local/lib/python3.12/site-packages/airflow/example_dags/tutorial_taskflow_api.py for tasks to queue
[2024-05-20T00:50:15.987+0000] {logging_mixin.py:188} INFO - [2024-05-20T00:50:15.987+0000] {dagbag.py:545} INFO - Filling up the DagBag from /home/airflow/.local/lib/python3.12/site-packages/airflow/example_dags/tutorial_taskflow_api.py
[2024-05-20T00:50:15.996+0000] {processor.py:840} INFO - DAG(s) 'tutorial_taskflow_api' retrieved from /home/airflow/.local/lib/python3.12/site-packages/airflow/example_dags/tutorial_taskflow_api.py
[2024-05-20T00:50:16.024+0000] {logging_mixin.py:188} INFO - [2024-05-20T00:50:16.024+0000] {dag.py:3096} INFO - Sync 1 DAGs
[2024-05-20T00:50:16.039+0000] {logging_mixin.py:188} INFO - [2024-05-20T00:50:16.039+0000] {dag.py:3954} INFO - Setting next_dagrun for tutorial_taskflow_api to None, run_after=None
[2024-05-20T00:50:16.065+0000] {processor.py:183} INFO - Processing /home/airflow/.local/lib/python3.12/site-packages/airflow/example_dags/tutorial_taskflow_api.py took 0.090 seconds
[2024-05-20T00:50:46.170+0000] {processor.py:161} INFO - Started process (PID=304) to work on /home/airflow/.local/lib/python3.12/site-packages/airflow/example_dags/tutorial_taskflow_api.py
[2024-05-20T00:50:46.172+0000] {processor.py:830} INFO - Processing file /home/airflow/.local/lib/python3.12/site-packages/airflow/example_dags/tutorial_taskflow_api.py for tasks to queue
[2024-05-20T00:50:46.174+0000] {logging_mixin.py:188} INFO - [2024-05-20T00:50:46.174+0000] {dagbag.py:545} INFO - Filling up the DagBag from /home/airflow/.local/lib/python3.12/site-packages/airflow/example_dags/tutorial_taskflow_api.py
[2024-05-20T00:50:46.183+0000] {processor.py:840} INFO - DAG(s) 'tutorial_taskflow_api' retrieved from /home/airflow/.local/lib/python3.12/site-packages/airflow/example_dags/tutorial_taskflow_api.py
[2024-05-20T00:50:46.212+0000] {logging_mixin.py:188} INFO - [2024-05-20T00:50:46.211+0000] {dag.py:3096} INFO - Sync 1 DAGs
[2024-05-20T00:50:46.248+0000] {logging_mixin.py:188} INFO - [2024-05-20T00:50:46.248+0000] {dag.py:3954} INFO - Setting next_dagrun for tutorial_taskflow_api to None, run_after=None
[2024-05-20T00:50:46.292+0000] {processor.py:183} INFO - Processing /home/airflow/.local/lib/python3.12/site-packages/airflow/example_dags/tutorial_taskflow_api.py took 0.130 seconds
[2024-05-20T00:51:17.327+0000] {processor.py:161} INFO - Started process (PID=361) to work on /home/airflow/.local/lib/python3.12/site-packages/airflow/example_dags/tutorial_taskflow_api.py
[2024-05-20T00:51:17.332+0000] {processor.py:830} INFO - Processing file /home/airflow/.local/lib/python3.12/site-packages/airflow/example_dags/tutorial_taskflow_api.py for tasks to queue
[2024-05-20T00:51:17.342+0000] {logging_mixin.py:188} INFO - [2024-05-20T00:51:17.341+0000] {dagbag.py:545} INFO - Filling up the DagBag from /home/airflow/.local/lib/python3.12/site-packages/airflow/example_dags/tutorial_taskflow_api.py
[2024-05-20T00:51:17.398+0000] {processor.py:840} INFO - DAG(s) 'tutorial_taskflow_api' retrieved from /home/airflow/.local/lib/python3.12/site-packages/airflow/example_dags/tutorial_taskflow_api.py
[2024-05-20T00:51:17.533+0000] {logging_mixin.py:188} INFO - [2024-05-20T00:51:17.533+0000] {dag.py:3096} INFO - Sync 1 DAGs
[2024-05-20T00:51:17.564+0000] {logging_mixin.py:188} INFO - [2024-05-20T00:51:17.563+0000] {dag.py:3954} INFO - Setting next_dagrun for tutorial_taskflow_api to None, run_after=None
[2024-05-20T00:51:17.610+0000] {processor.py:183} INFO - Processing /home/airflow/.local/lib/python3.12/site-packages/airflow/example_dags/tutorial_taskflow_api.py took 0.323 seconds
[2024-05-20T00:51:51.514+0000] {processor.py:161} INFO - Started process (PID=427) to work on /home/airflow/.local/lib/python3.12/site-packages/airflow/example_dags/tutorial_taskflow_api.py
[2024-05-20T00:51:51.517+0000] {processor.py:830} INFO - Processing file /home/airflow/.local/lib/python3.12/site-packages/airflow/example_dags/tutorial_taskflow_api.py for tasks to queue
[2024-05-20T00:51:51.533+0000] {logging_mixin.py:188} INFO - [2024-05-20T00:51:51.529+0000] {dagbag.py:545} INFO - Filling up the DagBag from /home/airflow/.local/lib/python3.12/site-packages/airflow/example_dags/tutorial_taskflow_api.py
[2024-05-20T00:51:51.574+0000] {processor.py:840} INFO - DAG(s) 'tutorial_taskflow_api' retrieved from /home/airflow/.local/lib/python3.12/site-packages/airflow/example_dags/tutorial_taskflow_api.py
[2024-05-20T00:51:51.721+0000] {logging_mixin.py:188} INFO - [2024-05-20T00:51:51.720+0000] {dag.py:3096} INFO - Sync 1 DAGs
[2024-05-20T00:51:51.788+0000] {logging_mixin.py:188} INFO - [2024-05-20T00:51:51.787+0000] {dag.py:3954} INFO - Setting next_dagrun for tutorial_taskflow_api to None, run_after=None
[2024-05-20T00:51:51.896+0000] {processor.py:183} INFO - Processing /home/airflow/.local/lib/python3.12/site-packages/airflow/example_dags/tutorial_taskflow_api.py took 0.405 seconds
[2024-05-20T00:52:22.413+0000] {processor.py:161} INFO - Started process (PID=487) to work on /home/airflow/.local/lib/python3.12/site-packages/airflow/example_dags/tutorial_taskflow_api.py
[2024-05-20T00:52:22.416+0000] {processor.py:830} INFO - Processing file /home/airflow/.local/lib/python3.12/site-packages/airflow/example_dags/tutorial_taskflow_api.py for tasks to queue
[2024-05-20T00:52:22.421+0000] {logging_mixin.py:188} INFO - [2024-05-20T00:52:22.420+0000] {dagbag.py:545} INFO - Filling up the DagBag from /home/airflow/.local/lib/python3.12/site-packages/airflow/example_dags/tutorial_taskflow_api.py
[2024-05-20T00:52:22.430+0000] {processor.py:840} INFO - DAG(s) 'tutorial_taskflow_api' retrieved from /home/airflow/.local/lib/python3.12/site-packages/airflow/example_dags/tutorial_taskflow_api.py
[2024-05-20T00:52:22.450+0000] {logging_mixin.py:188} INFO - [2024-05-20T00:52:22.450+0000] {dag.py:3096} INFO - Sync 1 DAGs
[2024-05-20T00:52:22.461+0000] {logging_mixin.py:188} INFO - [2024-05-20T00:52:22.461+0000] {dag.py:3954} INFO - Setting next_dagrun for tutorial_taskflow_api to None, run_after=None
[2024-05-20T00:52:22.488+0000] {processor.py:183} INFO - Processing /home/airflow/.local/lib/python3.12/site-packages/airflow/example_dags/tutorial_taskflow_api.py took 0.082 seconds
[2024-05-20T00:52:52.862+0000] {processor.py:161} INFO - Started process (PID=547) to work on /home/airflow/.local/lib/python3.12/site-packages/airflow/example_dags/tutorial_taskflow_api.py
[2024-05-20T00:52:52.864+0000] {processor.py:830} INFO - Processing file /home/airflow/.local/lib/python3.12/site-packages/airflow/example_dags/tutorial_taskflow_api.py for tasks to queue
[2024-05-20T00:52:52.869+0000] {logging_mixin.py:188} INFO - [2024-05-20T00:52:52.868+0000] {dagbag.py:545} INFO - Filling up the DagBag from /home/airflow/.local/lib/python3.12/site-packages/airflow/example_dags/tutorial_taskflow_api.py
[2024-05-20T00:52:52.883+0000] {processor.py:840} INFO - DAG(s) 'tutorial_taskflow_api' retrieved from /home/airflow/.local/lib/python3.12/site-packages/airflow/example_dags/tutorial_taskflow_api.py
[2024-05-20T00:52:52.931+0000] {logging_mixin.py:188} INFO - [2024-05-20T00:52:52.931+0000] {dag.py:3096} INFO - Sync 1 DAGs
[2024-05-20T00:52:52.948+0000] {logging_mixin.py:188} INFO - [2024-05-20T00:52:52.948+0000] {dag.py:3954} INFO - Setting next_dagrun for tutorial_taskflow_api to None, run_after=None
[2024-05-20T00:52:52.969+0000] {processor.py:183} INFO - Processing /home/airflow/.local/lib/python3.12/site-packages/airflow/example_dags/tutorial_taskflow_api.py took 0.117 seconds
[2024-05-20T00:53:51.242+0000] {processor.py:161} INFO - Started process (PID=618) to work on /home/airflow/.local/lib/python3.12/site-packages/airflow/example_dags/tutorial_taskflow_api.py
[2024-05-20T00:53:51.247+0000] {processor.py:830} INFO - Processing file /home/airflow/.local/lib/python3.12/site-packages/airflow/example_dags/tutorial_taskflow_api.py for tasks to queue
[2024-05-20T00:53:51.254+0000] {logging_mixin.py:188} INFO - [2024-05-20T00:53:51.253+0000] {dagbag.py:545} INFO - Filling up the DagBag from /home/airflow/.local/lib/python3.12/site-packages/airflow/example_dags/tutorial_taskflow_api.py
[2024-05-20T00:53:51.275+0000] {processor.py:840} INFO - DAG(s) 'tutorial_taskflow_api' retrieved from /home/airflow/.local/lib/python3.12/site-packages/airflow/example_dags/tutorial_taskflow_api.py
[2024-05-20T00:53:51.321+0000] {logging_mixin.py:188} INFO - [2024-05-20T00:53:51.320+0000] {dag.py:3096} INFO - Sync 1 DAGs
[2024-05-20T00:53:51.339+0000] {logging_mixin.py:188} INFO - [2024-05-20T00:53:51.339+0000] {dag.py:3954} INFO - Setting next_dagrun for tutorial_taskflow_api to None, run_after=None
[2024-05-20T00:53:51.414+0000] {processor.py:183} INFO - Processing /home/airflow/.local/lib/python3.12/site-packages/airflow/example_dags/tutorial_taskflow_api.py took 0.182 seconds
[2024-05-20T00:54:21.488+0000] {processor.py:161} INFO - Started process (PID=677) to work on /home/airflow/.local/lib/python3.12/site-packages/airflow/example_dags/tutorial_taskflow_api.py
[2024-05-20T00:54:21.489+0000] {processor.py:830} INFO - Processing file /home/airflow/.local/lib/python3.12/site-packages/airflow/example_dags/tutorial_taskflow_api.py for tasks to queue
[2024-05-20T00:54:21.491+0000] {logging_mixin.py:188} INFO - [2024-05-20T00:54:21.490+0000] {dagbag.py:545} INFO - Filling up the DagBag from /home/airflow/.local/lib/python3.12/site-packages/airflow/example_dags/tutorial_taskflow_api.py
[2024-05-20T00:54:21.496+0000] {processor.py:840} INFO - DAG(s) 'tutorial_taskflow_api' retrieved from /home/airflow/.local/lib/python3.12/site-packages/airflow/example_dags/tutorial_taskflow_api.py
[2024-05-20T00:54:21.512+0000] {logging_mixin.py:188} INFO - [2024-05-20T00:54:21.512+0000] {dag.py:3096} INFO - Sync 1 DAGs
[2024-05-20T00:54:21.522+0000] {logging_mixin.py:188} INFO - [2024-05-20T00:54:21.521+0000] {dag.py:3954} INFO - Setting next_dagrun for tutorial_taskflow_api to None, run_after=None
[2024-05-20T00:54:21.536+0000] {processor.py:183} INFO - Processing /home/airflow/.local/lib/python3.12/site-packages/airflow/example_dags/tutorial_taskflow_api.py took 0.052 seconds
[2024-05-20T00:54:51.581+0000] {processor.py:161} INFO - Started process (PID=737) to work on /home/airflow/.local/lib/python3.12/site-packages/airflow/example_dags/tutorial_taskflow_api.py
[2024-05-20T00:54:51.582+0000] {processor.py:830} INFO - Processing file /home/airflow/.local/lib/python3.12/site-packages/airflow/example_dags/tutorial_taskflow_api.py for tasks to queue
[2024-05-20T00:54:51.583+0000] {logging_mixin.py:188} INFO - [2024-05-20T00:54:51.583+0000] {dagbag.py:545} INFO - Filling up the DagBag from /home/airflow/.local/lib/python3.12/site-packages/airflow/example_dags/tutorial_taskflow_api.py
[2024-05-20T00:54:51.589+0000] {processor.py:840} INFO - DAG(s) 'tutorial_taskflow_api' retrieved from /home/airflow/.local/lib/python3.12/site-packages/airflow/example_dags/tutorial_taskflow_api.py
[2024-05-20T00:54:51.610+0000] {logging_mixin.py:188} INFO - [2024-05-20T00:54:51.610+0000] {dag.py:3096} INFO - Sync 1 DAGs
[2024-05-20T00:54:51.621+0000] {logging_mixin.py:188} INFO - [2024-05-20T00:54:51.620+0000] {dag.py:3954} INFO - Setting next_dagrun for tutorial_taskflow_api to None, run_after=None
[2024-05-20T00:54:51.639+0000] {processor.py:183} INFO - Processing /home/airflow/.local/lib/python3.12/site-packages/airflow/example_dags/tutorial_taskflow_api.py took 0.063 seconds
[2024-05-20T00:55:43.236+0000] {processor.py:161} INFO - Started process (PID=796) to work on /home/airflow/.local/lib/python3.12/site-packages/airflow/example_dags/tutorial_taskflow_api.py
[2024-05-20T00:55:43.237+0000] {processor.py:830} INFO - Processing file /home/airflow/.local/lib/python3.12/site-packages/airflow/example_dags/tutorial_taskflow_api.py for tasks to queue
[2024-05-20T00:55:43.239+0000] {logging_mixin.py:188} INFO - [2024-05-20T00:55:43.239+0000] {dagbag.py:545} INFO - Filling up the DagBag from /home/airflow/.local/lib/python3.12/site-packages/airflow/example_dags/tutorial_taskflow_api.py
[2024-05-20T00:55:43.248+0000] {processor.py:840} INFO - DAG(s) 'tutorial_taskflow_api' retrieved from /home/airflow/.local/lib/python3.12/site-packages/airflow/example_dags/tutorial_taskflow_api.py
[2024-05-20T00:55:43.275+0000] {logging_mixin.py:188} INFO - [2024-05-20T00:55:43.274+0000] {dag.py:3096} INFO - Sync 1 DAGs
[2024-05-20T00:55:43.297+0000] {logging_mixin.py:188} INFO - [2024-05-20T00:55:43.296+0000] {dag.py:3954} INFO - Setting next_dagrun for tutorial_taskflow_api to None, run_after=None
[2024-05-20T00:55:43.339+0000] {processor.py:183} INFO - Processing /home/airflow/.local/lib/python3.12/site-packages/airflow/example_dags/tutorial_taskflow_api.py took 0.109 seconds
[2024-05-20T00:56:15.151+0000] {processor.py:161} INFO - Started process (PID=852) to work on /home/airflow/.local/lib/python3.12/site-packages/airflow/example_dags/tutorial_taskflow_api.py
[2024-05-20T00:56:15.154+0000] {processor.py:830} INFO - Processing file /home/airflow/.local/lib/python3.12/site-packages/airflow/example_dags/tutorial_taskflow_api.py for tasks to queue
[2024-05-20T00:56:15.161+0000] {logging_mixin.py:188} INFO - [2024-05-20T00:56:15.159+0000] {dagbag.py:545} INFO - Filling up the DagBag from /home/airflow/.local/lib/python3.12/site-packages/airflow/example_dags/tutorial_taskflow_api.py
[2024-05-20T00:56:15.198+0000] {processor.py:840} INFO - DAG(s) 'tutorial_taskflow_api' retrieved from /home/airflow/.local/lib/python3.12/site-packages/airflow/example_dags/tutorial_taskflow_api.py
[2024-05-20T00:56:15.236+0000] {logging_mixin.py:188} INFO - [2024-05-20T00:56:15.236+0000] {dag.py:3096} INFO - Sync 1 DAGs
[2024-05-20T00:56:15.255+0000] {logging_mixin.py:188} INFO - [2024-05-20T00:56:15.254+0000] {dag.py:3954} INFO - Setting next_dagrun for tutorial_taskflow_api to None, run_after=None
[2024-05-20T00:56:15.284+0000] {processor.py:183} INFO - Processing /home/airflow/.local/lib/python3.12/site-packages/airflow/example_dags/tutorial_taskflow_api.py took 0.157 seconds
[2024-05-20T00:56:45.776+0000] {processor.py:161} INFO - Started process (PID=912) to work on /home/airflow/.local/lib/python3.12/site-packages/airflow/example_dags/tutorial_taskflow_api.py
[2024-05-20T00:56:45.778+0000] {processor.py:830} INFO - Processing file /home/airflow/.local/lib/python3.12/site-packages/airflow/example_dags/tutorial_taskflow_api.py for tasks to queue
[2024-05-20T00:56:45.780+0000] {logging_mixin.py:188} INFO - [2024-05-20T00:56:45.780+0000] {dagbag.py:545} INFO - Filling up the DagBag from /home/airflow/.local/lib/python3.12/site-packages/airflow/example_dags/tutorial_taskflow_api.py
[2024-05-20T00:56:45.786+0000] {processor.py:840} INFO - DAG(s) 'tutorial_taskflow_api' retrieved from /home/airflow/.local/lib/python3.12/site-packages/airflow/example_dags/tutorial_taskflow_api.py
[2024-05-20T00:56:45.808+0000] {logging_mixin.py:188} INFO - [2024-05-20T00:56:45.808+0000] {dag.py:3096} INFO - Sync 1 DAGs
[2024-05-20T00:56:45.819+0000] {logging_mixin.py:188} INFO - [2024-05-20T00:56:45.819+0000] {dag.py:3954} INFO - Setting next_dagrun for tutorial_taskflow_api to None, run_after=None
[2024-05-20T00:56:45.840+0000] {processor.py:183} INFO - Processing /home/airflow/.local/lib/python3.12/site-packages/airflow/example_dags/tutorial_taskflow_api.py took 0.070 seconds
[2024-05-20T00:57:49.827+0000] {processor.py:161} INFO - Started process (PID=968) to work on /home/airflow/.local/lib/python3.12/site-packages/airflow/example_dags/tutorial_taskflow_api.py
[2024-05-20T00:57:49.839+0000] {processor.py:830} INFO - Processing file /home/airflow/.local/lib/python3.12/site-packages/airflow/example_dags/tutorial_taskflow_api.py for tasks to queue
[2024-05-20T00:57:49.860+0000] {logging_mixin.py:188} INFO - [2024-05-20T00:57:49.856+0000] {dagbag.py:545} INFO - Filling up the DagBag from /home/airflow/.local/lib/python3.12/site-packages/airflow/example_dags/tutorial_taskflow_api.py
[2024-05-20T00:57:49.920+0000] {processor.py:840} INFO - DAG(s) 'tutorial_taskflow_api' retrieved from /home/airflow/.local/lib/python3.12/site-packages/airflow/example_dags/tutorial_taskflow_api.py
[2024-05-20T00:57:50.092+0000] {logging_mixin.py:188} INFO - [2024-05-20T00:57:50.091+0000] {dag.py:3096} INFO - Sync 1 DAGs
[2024-05-20T00:57:50.149+0000] {logging_mixin.py:188} INFO - [2024-05-20T00:57:50.148+0000] {dag.py:3954} INFO - Setting next_dagrun for tutorial_taskflow_api to None, run_after=None
[2024-05-20T00:57:50.207+0000] {processor.py:183} INFO - Processing /home/airflow/.local/lib/python3.12/site-packages/airflow/example_dags/tutorial_taskflow_api.py took 0.428 seconds
[2024-05-20T00:58:20.396+0000] {processor.py:161} INFO - Started process (PID=1028) to work on /home/airflow/.local/lib/python3.12/site-packages/airflow/example_dags/tutorial_taskflow_api.py
[2024-05-20T00:58:20.399+0000] {processor.py:830} INFO - Processing file /home/airflow/.local/lib/python3.12/site-packages/airflow/example_dags/tutorial_taskflow_api.py for tasks to queue
[2024-05-20T00:58:20.404+0000] {logging_mixin.py:188} INFO - [2024-05-20T00:58:20.403+0000] {dagbag.py:545} INFO - Filling up the DagBag from /home/airflow/.local/lib/python3.12/site-packages/airflow/example_dags/tutorial_taskflow_api.py
[2024-05-20T00:58:20.418+0000] {processor.py:840} INFO - DAG(s) 'tutorial_taskflow_api' retrieved from /home/airflow/.local/lib/python3.12/site-packages/airflow/example_dags/tutorial_taskflow_api.py
[2024-05-20T00:58:20.441+0000] {logging_mixin.py:188} INFO - [2024-05-20T00:58:20.440+0000] {dag.py:3096} INFO - Sync 1 DAGs
[2024-05-20T00:58:20.452+0000] {logging_mixin.py:188} INFO - [2024-05-20T00:58:20.452+0000] {dag.py:3954} INFO - Setting next_dagrun for tutorial_taskflow_api to None, run_after=None
[2024-05-20T00:58:20.469+0000] {processor.py:183} INFO - Processing /home/airflow/.local/lib/python3.12/site-packages/airflow/example_dags/tutorial_taskflow_api.py took 0.092 seconds
[2024-05-20T00:58:51.275+0000] {processor.py:161} INFO - Started process (PID=1087) to work on /home/airflow/.local/lib/python3.12/site-packages/airflow/example_dags/tutorial_taskflow_api.py
[2024-05-20T00:58:51.277+0000] {processor.py:830} INFO - Processing file /home/airflow/.local/lib/python3.12/site-packages/airflow/example_dags/tutorial_taskflow_api.py for tasks to queue
[2024-05-20T00:58:51.285+0000] {logging_mixin.py:188} INFO - [2024-05-20T00:58:51.285+0000] {dagbag.py:545} INFO - Filling up the DagBag from /home/airflow/.local/lib/python3.12/site-packages/airflow/example_dags/tutorial_taskflow_api.py
[2024-05-20T00:58:51.299+0000] {processor.py:840} INFO - DAG(s) 'tutorial_taskflow_api' retrieved from /home/airflow/.local/lib/python3.12/site-packages/airflow/example_dags/tutorial_taskflow_api.py
[2024-05-20T00:58:51.326+0000] {logging_mixin.py:188} INFO - [2024-05-20T00:58:51.326+0000] {dag.py:3096} INFO - Sync 1 DAGs
[2024-05-20T00:58:51.345+0000] {logging_mixin.py:188} INFO - [2024-05-20T00:58:51.345+0000] {dag.py:3954} INFO - Setting next_dagrun for tutorial_taskflow_api to None, run_after=None
[2024-05-20T00:58:51.388+0000] {processor.py:183} INFO - Processing /home/airflow/.local/lib/python3.12/site-packages/airflow/example_dags/tutorial_taskflow_api.py took 0.134 seconds
[2024-05-20T00:59:21.773+0000] {processor.py:161} INFO - Started process (PID=1146) to work on /home/airflow/.local/lib/python3.12/site-packages/airflow/example_dags/tutorial_taskflow_api.py
[2024-05-20T00:59:21.778+0000] {processor.py:830} INFO - Processing file /home/airflow/.local/lib/python3.12/site-packages/airflow/example_dags/tutorial_taskflow_api.py for tasks to queue
[2024-05-20T00:59:21.782+0000] {logging_mixin.py:188} INFO - [2024-05-20T00:59:21.782+0000] {dagbag.py:545} INFO - Filling up the DagBag from /home/airflow/.local/lib/python3.12/site-packages/airflow/example_dags/tutorial_taskflow_api.py
[2024-05-20T00:59:21.825+0000] {processor.py:840} INFO - DAG(s) 'tutorial_taskflow_api' retrieved from /home/airflow/.local/lib/python3.12/site-packages/airflow/example_dags/tutorial_taskflow_api.py
[2024-05-20T00:59:21.884+0000] {logging_mixin.py:188} INFO - [2024-05-20T00:59:21.883+0000] {dag.py:3096} INFO - Sync 1 DAGs
[2024-05-20T00:59:21.908+0000] {logging_mixin.py:188} INFO - [2024-05-20T00:59:21.908+0000] {dag.py:3954} INFO - Setting next_dagrun for tutorial_taskflow_api to None, run_after=None
[2024-05-20T00:59:21.997+0000] {processor.py:183} INFO - Processing /home/airflow/.local/lib/python3.12/site-packages/airflow/example_dags/tutorial_taskflow_api.py took 0.248 seconds
[2024-05-20T00:59:59.408+0000] {processor.py:161} INFO - Started process (PID=1212) to work on /home/airflow/.local/lib/python3.12/site-packages/airflow/example_dags/tutorial_taskflow_api.py
[2024-05-20T00:59:59.445+0000] {processor.py:830} INFO - Processing file /home/airflow/.local/lib/python3.12/site-packages/airflow/example_dags/tutorial_taskflow_api.py for tasks to queue
[2024-05-20T00:59:59.461+0000] {logging_mixin.py:188} INFO - [2024-05-20T00:59:59.460+0000] {dagbag.py:545} INFO - Filling up the DagBag from /home/airflow/.local/lib/python3.12/site-packages/airflow/example_dags/tutorial_taskflow_api.py
[2024-05-20T00:59:59.632+0000] {processor.py:840} INFO - DAG(s) 'tutorial_taskflow_api' retrieved from /home/airflow/.local/lib/python3.12/site-packages/airflow/example_dags/tutorial_taskflow_api.py
[2024-05-20T00:59:59.871+0000] {logging_mixin.py:188} INFO - [2024-05-20T00:59:59.871+0000] {dag.py:3096} INFO - Sync 1 DAGs
[2024-05-20T00:59:59.965+0000] {logging_mixin.py:188} INFO - [2024-05-20T00:59:59.962+0000] {dag.py:3954} INFO - Setting next_dagrun for tutorial_taskflow_api to None, run_after=None
[2024-05-20T01:00:00.173+0000] {processor.py:183} INFO - Processing /home/airflow/.local/lib/python3.12/site-packages/airflow/example_dags/tutorial_taskflow_api.py took 0.951 seconds
[2024-05-20T01:00:30.345+0000] {processor.py:161} INFO - Started process (PID=1272) to work on /home/airflow/.local/lib/python3.12/site-packages/airflow/example_dags/tutorial_taskflow_api.py
[2024-05-20T01:00:30.347+0000] {processor.py:830} INFO - Processing file /home/airflow/.local/lib/python3.12/site-packages/airflow/example_dags/tutorial_taskflow_api.py for tasks to queue
[2024-05-20T01:00:30.350+0000] {logging_mixin.py:188} INFO - [2024-05-20T01:00:30.349+0000] {dagbag.py:545} INFO - Filling up the DagBag from /home/airflow/.local/lib/python3.12/site-packages/airflow/example_dags/tutorial_taskflow_api.py
[2024-05-20T01:00:30.360+0000] {processor.py:840} INFO - DAG(s) 'tutorial_taskflow_api' retrieved from /home/airflow/.local/lib/python3.12/site-packages/airflow/example_dags/tutorial_taskflow_api.py
[2024-05-20T01:00:30.398+0000] {logging_mixin.py:188} INFO - [2024-05-20T01:00:30.398+0000] {dag.py:3096} INFO - Sync 1 DAGs
[2024-05-20T01:00:30.412+0000] {logging_mixin.py:188} INFO - [2024-05-20T01:00:30.412+0000] {dag.py:3954} INFO - Setting next_dagrun for tutorial_taskflow_api to None, run_after=None
[2024-05-20T01:00:30.433+0000] {processor.py:183} INFO - Processing /home/airflow/.local/lib/python3.12/site-packages/airflow/example_dags/tutorial_taskflow_api.py took 0.098 seconds
[2024-05-20T01:01:03.881+0000] {processor.py:161} INFO - Started process (PID=1332) to work on /home/airflow/.local/lib/python3.12/site-packages/airflow/example_dags/tutorial_taskflow_api.py
[2024-05-20T01:01:03.883+0000] {processor.py:830} INFO - Processing file /home/airflow/.local/lib/python3.12/site-packages/airflow/example_dags/tutorial_taskflow_api.py for tasks to queue
[2024-05-20T01:01:03.886+0000] {logging_mixin.py:188} INFO - [2024-05-20T01:01:03.885+0000] {dagbag.py:545} INFO - Filling up the DagBag from /home/airflow/.local/lib/python3.12/site-packages/airflow/example_dags/tutorial_taskflow_api.py
[2024-05-20T01:01:03.898+0000] {processor.py:840} INFO - DAG(s) 'tutorial_taskflow_api' retrieved from /home/airflow/.local/lib/python3.12/site-packages/airflow/example_dags/tutorial_taskflow_api.py
[2024-05-20T01:01:03.933+0000] {logging_mixin.py:188} INFO - [2024-05-20T01:01:03.933+0000] {dag.py:3096} INFO - Sync 1 DAGs
[2024-05-20T01:01:03.956+0000] {logging_mixin.py:188} INFO - [2024-05-20T01:01:03.956+0000] {dag.py:3954} INFO - Setting next_dagrun for tutorial_taskflow_api to None, run_after=None
[2024-05-20T01:01:04.045+0000] {processor.py:183} INFO - Processing /home/airflow/.local/lib/python3.12/site-packages/airflow/example_dags/tutorial_taskflow_api.py took 0.173 seconds
[2024-05-20T01:01:34.153+0000] {processor.py:161} INFO - Started process (PID=1390) to work on /home/airflow/.local/lib/python3.12/site-packages/airflow/example_dags/tutorial_taskflow_api.py
[2024-05-20T01:01:34.155+0000] {processor.py:830} INFO - Processing file /home/airflow/.local/lib/python3.12/site-packages/airflow/example_dags/tutorial_taskflow_api.py for tasks to queue
[2024-05-20T01:01:34.159+0000] {logging_mixin.py:188} INFO - [2024-05-20T01:01:34.158+0000] {dagbag.py:545} INFO - Filling up the DagBag from /home/airflow/.local/lib/python3.12/site-packages/airflow/example_dags/tutorial_taskflow_api.py
[2024-05-20T01:01:34.169+0000] {processor.py:840} INFO - DAG(s) 'tutorial_taskflow_api' retrieved from /home/airflow/.local/lib/python3.12/site-packages/airflow/example_dags/tutorial_taskflow_api.py
[2024-05-20T01:01:34.192+0000] {logging_mixin.py:188} INFO - [2024-05-20T01:01:34.192+0000] {dag.py:3096} INFO - Sync 1 DAGs
[2024-05-20T01:01:34.205+0000] {logging_mixin.py:188} INFO - [2024-05-20T01:01:34.205+0000] {dag.py:3954} INFO - Setting next_dagrun for tutorial_taskflow_api to None, run_after=None
[2024-05-20T01:01:34.221+0000] {processor.py:183} INFO - Processing /home/airflow/.local/lib/python3.12/site-packages/airflow/example_dags/tutorial_taskflow_api.py took 0.089 seconds
[2024-05-20T01:02:04.848+0000] {processor.py:161} INFO - Started process (PID=1449) to work on /home/airflow/.local/lib/python3.12/site-packages/airflow/example_dags/tutorial_taskflow_api.py
[2024-05-20T01:02:04.849+0000] {processor.py:830} INFO - Processing file /home/airflow/.local/lib/python3.12/site-packages/airflow/example_dags/tutorial_taskflow_api.py for tasks to queue
[2024-05-20T01:02:04.852+0000] {logging_mixin.py:188} INFO - [2024-05-20T01:02:04.851+0000] {dagbag.py:545} INFO - Filling up the DagBag from /home/airflow/.local/lib/python3.12/site-packages/airflow/example_dags/tutorial_taskflow_api.py
[2024-05-20T01:02:04.859+0000] {processor.py:840} INFO - DAG(s) 'tutorial_taskflow_api' retrieved from /home/airflow/.local/lib/python3.12/site-packages/airflow/example_dags/tutorial_taskflow_api.py
[2024-05-20T01:02:04.892+0000] {logging_mixin.py:188} INFO - [2024-05-20T01:02:04.892+0000] {dag.py:3096} INFO - Sync 1 DAGs
[2024-05-20T01:02:04.908+0000] {logging_mixin.py:188} INFO - [2024-05-20T01:02:04.907+0000] {dag.py:3954} INFO - Setting next_dagrun for tutorial_taskflow_api to None, run_after=None
[2024-05-20T01:02:04.927+0000] {processor.py:183} INFO - Processing /home/airflow/.local/lib/python3.12/site-packages/airflow/example_dags/tutorial_taskflow_api.py took 0.091 seconds
[2024-05-20T01:02:35.065+0000] {processor.py:161} INFO - Started process (PID=1509) to work on /home/airflow/.local/lib/python3.12/site-packages/airflow/example_dags/tutorial_taskflow_api.py
[2024-05-20T01:02:35.068+0000] {processor.py:830} INFO - Processing file /home/airflow/.local/lib/python3.12/site-packages/airflow/example_dags/tutorial_taskflow_api.py for tasks to queue
[2024-05-20T01:02:35.070+0000] {logging_mixin.py:188} INFO - [2024-05-20T01:02:35.069+0000] {dagbag.py:545} INFO - Filling up the DagBag from /home/airflow/.local/lib/python3.12/site-packages/airflow/example_dags/tutorial_taskflow_api.py
[2024-05-20T01:02:35.076+0000] {processor.py:840} INFO - DAG(s) 'tutorial_taskflow_api' retrieved from /home/airflow/.local/lib/python3.12/site-packages/airflow/example_dags/tutorial_taskflow_api.py
[2024-05-20T01:02:35.098+0000] {logging_mixin.py:188} INFO - [2024-05-20T01:02:35.098+0000] {dag.py:3096} INFO - Sync 1 DAGs
[2024-05-20T01:02:35.111+0000] {logging_mixin.py:188} INFO - [2024-05-20T01:02:35.111+0000] {dag.py:3954} INFO - Setting next_dagrun for tutorial_taskflow_api to None, run_after=None
[2024-05-20T01:02:35.141+0000] {processor.py:183} INFO - Processing /home/airflow/.local/lib/python3.12/site-packages/airflow/example_dags/tutorial_taskflow_api.py took 0.081 seconds
[2024-05-20T01:03:26.864+0000] {processor.py:161} INFO - Started process (PID=1565) to work on /home/airflow/.local/lib/python3.12/site-packages/airflow/example_dags/tutorial_taskflow_api.py
[2024-05-20T01:03:26.867+0000] {processor.py:830} INFO - Processing file /home/airflow/.local/lib/python3.12/site-packages/airflow/example_dags/tutorial_taskflow_api.py for tasks to queue
[2024-05-20T01:03:26.872+0000] {logging_mixin.py:188} INFO - [2024-05-20T01:03:26.872+0000] {dagbag.py:545} INFO - Filling up the DagBag from /home/airflow/.local/lib/python3.12/site-packages/airflow/example_dags/tutorial_taskflow_api.py
[2024-05-20T01:03:26.887+0000] {processor.py:840} INFO - DAG(s) 'tutorial_taskflow_api' retrieved from /home/airflow/.local/lib/python3.12/site-packages/airflow/example_dags/tutorial_taskflow_api.py
[2024-05-20T01:03:26.918+0000] {logging_mixin.py:188} INFO - [2024-05-20T01:03:26.917+0000] {dag.py:3096} INFO - Sync 1 DAGs
[2024-05-20T01:03:26.940+0000] {logging_mixin.py:188} INFO - [2024-05-20T01:03:26.939+0000] {dag.py:3954} INFO - Setting next_dagrun for tutorial_taskflow_api to None, run_after=None
[2024-05-20T01:03:26.988+0000] {processor.py:183} INFO - Processing /home/airflow/.local/lib/python3.12/site-packages/airflow/example_dags/tutorial_taskflow_api.py took 0.139 seconds
