[2024-05-20T00:48:51.486+0000] {processor.py:161} INFO - Started process (PID=91) to work on /home/airflow/.local/lib/python3.12/site-packages/airflow/example_dags/tutorial.py
[2024-05-20T00:48:51.488+0000] {processor.py:830} INFO - Processing file /home/airflow/.local/lib/python3.12/site-packages/airflow/example_dags/tutorial.py for tasks to queue
[2024-05-20T00:48:51.491+0000] {logging_mixin.py:188} INFO - [2024-05-20T00:48:51.490+0000] {dagbag.py:545} INFO - Filling up the DagBag from /home/airflow/.local/lib/python3.12/site-packages/airflow/example_dags/tutorial.py
[2024-05-20T00:48:51.505+0000] {processor.py:840} INFO - DAG(s) 'tutorial' retrieved from /home/airflow/.local/lib/python3.12/site-packages/airflow/example_dags/tutorial.py
[2024-05-20T00:48:51.681+0000] {logging_mixin.py:188} INFO - [2024-05-20T00:48:51.681+0000] {dag.py:3096} INFO - Sync 1 DAGs
[2024-05-20T00:48:51.720+0000] {logging_mixin.py:188} INFO - [2024-05-20T00:48:51.720+0000] {dag.py:3954} INFO - Setting next_dagrun for tutorial to 2024-05-19 00:00:00+00:00, run_after=2024-05-20 00:00:00+00:00
[2024-05-20T00:48:51.782+0000] {processor.py:183} INFO - Processing /home/airflow/.local/lib/python3.12/site-packages/airflow/example_dags/tutorial.py took 0.304 seconds
[2024-05-20T00:49:22.770+0000] {processor.py:161} INFO - Started process (PID=150) to work on /home/airflow/.local/lib/python3.12/site-packages/airflow/example_dags/tutorial.py
[2024-05-20T00:49:22.771+0000] {processor.py:830} INFO - Processing file /home/airflow/.local/lib/python3.12/site-packages/airflow/example_dags/tutorial.py for tasks to queue
[2024-05-20T00:49:22.774+0000] {logging_mixin.py:188} INFO - [2024-05-20T00:49:22.774+0000] {dagbag.py:545} INFO - Filling up the DagBag from /home/airflow/.local/lib/python3.12/site-packages/airflow/example_dags/tutorial.py
[2024-05-20T00:49:22.784+0000] {processor.py:840} INFO - DAG(s) 'tutorial' retrieved from /home/airflow/.local/lib/python3.12/site-packages/airflow/example_dags/tutorial.py
[2024-05-20T00:49:22.818+0000] {logging_mixin.py:188} INFO - [2024-05-20T00:49:22.817+0000] {dag.py:3096} INFO - Sync 1 DAGs
[2024-05-20T00:49:22.849+0000] {logging_mixin.py:188} INFO - [2024-05-20T00:49:22.848+0000] {dag.py:3954} INFO - Setting next_dagrun for tutorial to 2024-05-19 00:00:00+00:00, run_after=2024-05-20 00:00:00+00:00
[2024-05-20T00:49:22.868+0000] {processor.py:183} INFO - Processing /home/airflow/.local/lib/python3.12/site-packages/airflow/example_dags/tutorial.py took 0.106 seconds
[2024-05-20T00:49:52.924+0000] {processor.py:161} INFO - Started process (PID=209) to work on /home/airflow/.local/lib/python3.12/site-packages/airflow/example_dags/tutorial.py
[2024-05-20T00:49:52.926+0000] {processor.py:830} INFO - Processing file /home/airflow/.local/lib/python3.12/site-packages/airflow/example_dags/tutorial.py for tasks to queue
[2024-05-20T00:49:52.931+0000] {logging_mixin.py:188} INFO - [2024-05-20T00:49:52.930+0000] {dagbag.py:545} INFO - Filling up the DagBag from /home/airflow/.local/lib/python3.12/site-packages/airflow/example_dags/tutorial.py
[2024-05-20T00:49:52.942+0000] {processor.py:840} INFO - DAG(s) 'tutorial' retrieved from /home/airflow/.local/lib/python3.12/site-packages/airflow/example_dags/tutorial.py
[2024-05-20T00:49:52.989+0000] {logging_mixin.py:188} INFO - [2024-05-20T00:49:52.989+0000] {dag.py:3096} INFO - Sync 1 DAGs
[2024-05-20T00:49:53.059+0000] {logging_mixin.py:188} INFO - [2024-05-20T00:49:53.058+0000] {dag.py:3954} INFO - Setting next_dagrun for tutorial to 2024-05-19 00:00:00+00:00, run_after=2024-05-20 00:00:00+00:00
[2024-05-20T00:49:53.110+0000] {processor.py:183} INFO - Processing /home/airflow/.local/lib/python3.12/site-packages/airflow/example_dags/tutorial.py took 0.199 seconds
[2024-05-20T00:50:24.105+0000] {processor.py:161} INFO - Started process (PID=269) to work on /home/airflow/.local/lib/python3.12/site-packages/airflow/example_dags/tutorial.py
[2024-05-20T00:50:24.112+0000] {processor.py:830} INFO - Processing file /home/airflow/.local/lib/python3.12/site-packages/airflow/example_dags/tutorial.py for tasks to queue
[2024-05-20T00:50:24.117+0000] {logging_mixin.py:188} INFO - [2024-05-20T00:50:24.116+0000] {dagbag.py:545} INFO - Filling up the DagBag from /home/airflow/.local/lib/python3.12/site-packages/airflow/example_dags/tutorial.py
[2024-05-20T00:50:24.126+0000] {processor.py:840} INFO - DAG(s) 'tutorial' retrieved from /home/airflow/.local/lib/python3.12/site-packages/airflow/example_dags/tutorial.py
[2024-05-20T00:50:24.220+0000] {logging_mixin.py:188} INFO - [2024-05-20T00:50:24.219+0000] {dag.py:3096} INFO - Sync 1 DAGs
[2024-05-20T00:50:24.360+0000] {logging_mixin.py:188} INFO - [2024-05-20T00:50:24.360+0000] {dag.py:3954} INFO - Setting next_dagrun for tutorial to 2024-05-19 00:00:00+00:00, run_after=2024-05-20 00:00:00+00:00
[2024-05-20T00:50:24.432+0000] {processor.py:183} INFO - Processing /home/airflow/.local/lib/python3.12/site-packages/airflow/example_dags/tutorial.py took 0.337 seconds
[2024-05-20T00:50:56.508+0000] {processor.py:161} INFO - Started process (PID=327) to work on /home/airflow/.local/lib/python3.12/site-packages/airflow/example_dags/tutorial.py
[2024-05-20T00:50:56.510+0000] {processor.py:830} INFO - Processing file /home/airflow/.local/lib/python3.12/site-packages/airflow/example_dags/tutorial.py for tasks to queue
[2024-05-20T00:50:56.516+0000] {logging_mixin.py:188} INFO - [2024-05-20T00:50:56.515+0000] {dagbag.py:545} INFO - Filling up the DagBag from /home/airflow/.local/lib/python3.12/site-packages/airflow/example_dags/tutorial.py
[2024-05-20T00:50:56.532+0000] {processor.py:840} INFO - DAG(s) 'tutorial' retrieved from /home/airflow/.local/lib/python3.12/site-packages/airflow/example_dags/tutorial.py
[2024-05-20T00:50:56.571+0000] {logging_mixin.py:188} INFO - [2024-05-20T00:50:56.570+0000] {dag.py:3096} INFO - Sync 1 DAGs
[2024-05-20T00:50:56.608+0000] {logging_mixin.py:188} INFO - [2024-05-20T00:50:56.608+0000] {dag.py:3954} INFO - Setting next_dagrun for tutorial to 2024-05-19 00:00:00+00:00, run_after=2024-05-20 00:00:00+00:00
[2024-05-20T00:50:56.635+0000] {processor.py:183} INFO - Processing /home/airflow/.local/lib/python3.12/site-packages/airflow/example_dags/tutorial.py took 0.141 seconds
[2024-05-20T00:51:27.454+0000] {processor.py:161} INFO - Started process (PID=387) to work on /home/airflow/.local/lib/python3.12/site-packages/airflow/example_dags/tutorial.py
[2024-05-20T00:51:27.458+0000] {processor.py:830} INFO - Processing file /home/airflow/.local/lib/python3.12/site-packages/airflow/example_dags/tutorial.py for tasks to queue
[2024-05-20T00:51:27.462+0000] {logging_mixin.py:188} INFO - [2024-05-20T00:51:27.461+0000] {dagbag.py:545} INFO - Filling up the DagBag from /home/airflow/.local/lib/python3.12/site-packages/airflow/example_dags/tutorial.py
[2024-05-20T00:51:27.479+0000] {processor.py:840} INFO - DAG(s) 'tutorial' retrieved from /home/airflow/.local/lib/python3.12/site-packages/airflow/example_dags/tutorial.py
[2024-05-20T00:51:27.518+0000] {logging_mixin.py:188} INFO - [2024-05-20T00:51:27.517+0000] {dag.py:3096} INFO - Sync 1 DAGs
[2024-05-20T00:51:27.561+0000] {logging_mixin.py:188} INFO - [2024-05-20T00:51:27.561+0000] {dag.py:3954} INFO - Setting next_dagrun for tutorial to 2024-05-19 00:00:00+00:00, run_after=2024-05-20 00:00:00+00:00
[2024-05-20T00:51:27.588+0000] {processor.py:183} INFO - Processing /home/airflow/.local/lib/python3.12/site-packages/airflow/example_dags/tutorial.py took 0.152 seconds
[2024-05-20T00:51:57.713+0000] {processor.py:161} INFO - Started process (PID=447) to work on /home/airflow/.local/lib/python3.12/site-packages/airflow/example_dags/tutorial.py
[2024-05-20T00:51:57.713+0000] {processor.py:830} INFO - Processing file /home/airflow/.local/lib/python3.12/site-packages/airflow/example_dags/tutorial.py for tasks to queue
[2024-05-20T00:51:57.715+0000] {logging_mixin.py:188} INFO - [2024-05-20T00:51:57.715+0000] {dagbag.py:545} INFO - Filling up the DagBag from /home/airflow/.local/lib/python3.12/site-packages/airflow/example_dags/tutorial.py
[2024-05-20T00:51:57.720+0000] {processor.py:840} INFO - DAG(s) 'tutorial' retrieved from /home/airflow/.local/lib/python3.12/site-packages/airflow/example_dags/tutorial.py
[2024-05-20T00:51:57.738+0000] {logging_mixin.py:188} INFO - [2024-05-20T00:51:57.738+0000] {dag.py:3096} INFO - Sync 1 DAGs
[2024-05-20T00:51:57.758+0000] {logging_mixin.py:188} INFO - [2024-05-20T00:51:57.758+0000] {dag.py:3954} INFO - Setting next_dagrun for tutorial to 2024-05-19 00:00:00+00:00, run_after=2024-05-20 00:00:00+00:00
[2024-05-20T00:51:57.775+0000] {processor.py:183} INFO - Processing /home/airflow/.local/lib/python3.12/site-packages/airflow/example_dags/tutorial.py took 0.067 seconds
[2024-05-20T00:52:29.291+0000] {processor.py:161} INFO - Started process (PID=507) to work on /home/airflow/.local/lib/python3.12/site-packages/airflow/example_dags/tutorial.py
[2024-05-20T00:52:29.295+0000] {processor.py:830} INFO - Processing file /home/airflow/.local/lib/python3.12/site-packages/airflow/example_dags/tutorial.py for tasks to queue
[2024-05-20T00:52:29.310+0000] {logging_mixin.py:188} INFO - [2024-05-20T00:52:29.309+0000] {dagbag.py:545} INFO - Filling up the DagBag from /home/airflow/.local/lib/python3.12/site-packages/airflow/example_dags/tutorial.py
[2024-05-20T00:52:29.321+0000] {processor.py:840} INFO - DAG(s) 'tutorial' retrieved from /home/airflow/.local/lib/python3.12/site-packages/airflow/example_dags/tutorial.py
[2024-05-20T00:52:29.352+0000] {logging_mixin.py:188} INFO - [2024-05-20T00:52:29.352+0000] {dag.py:3096} INFO - Sync 1 DAGs
[2024-05-20T00:52:29.383+0000] {logging_mixin.py:188} INFO - [2024-05-20T00:52:29.383+0000] {dag.py:3954} INFO - Setting next_dagrun for tutorial to 2024-05-19 00:00:00+00:00, run_after=2024-05-20 00:00:00+00:00
[2024-05-20T00:52:29.411+0000] {processor.py:183} INFO - Processing /home/airflow/.local/lib/python3.12/site-packages/airflow/example_dags/tutorial.py took 0.133 seconds
[2024-05-20T00:52:59.783+0000] {processor.py:161} INFO - Started process (PID=565) to work on /home/airflow/.local/lib/python3.12/site-packages/airflow/example_dags/tutorial.py
[2024-05-20T00:52:59.785+0000] {processor.py:830} INFO - Processing file /home/airflow/.local/lib/python3.12/site-packages/airflow/example_dags/tutorial.py for tasks to queue
[2024-05-20T00:52:59.788+0000] {logging_mixin.py:188} INFO - [2024-05-20T00:52:59.788+0000] {dagbag.py:545} INFO - Filling up the DagBag from /home/airflow/.local/lib/python3.12/site-packages/airflow/example_dags/tutorial.py
[2024-05-20T00:52:59.797+0000] {processor.py:840} INFO - DAG(s) 'tutorial' retrieved from /home/airflow/.local/lib/python3.12/site-packages/airflow/example_dags/tutorial.py
[2024-05-20T00:52:59.856+0000] {logging_mixin.py:188} INFO - [2024-05-20T00:52:59.855+0000] {dag.py:3096} INFO - Sync 1 DAGs
[2024-05-20T00:52:59.885+0000] {logging_mixin.py:188} INFO - [2024-05-20T00:52:59.885+0000] {dag.py:3954} INFO - Setting next_dagrun for tutorial to 2024-05-19 00:00:00+00:00, run_after=2024-05-20 00:00:00+00:00
[2024-05-20T00:52:59.910+0000] {processor.py:183} INFO - Processing /home/airflow/.local/lib/python3.12/site-packages/airflow/example_dags/tutorial.py took 0.136 seconds
[2024-05-20T00:53:54.064+0000] {processor.py:161} INFO - Started process (PID=636) to work on /home/airflow/.local/lib/python3.12/site-packages/airflow/example_dags/tutorial.py
[2024-05-20T00:53:54.067+0000] {processor.py:830} INFO - Processing file /home/airflow/.local/lib/python3.12/site-packages/airflow/example_dags/tutorial.py for tasks to queue
[2024-05-20T00:53:54.073+0000] {logging_mixin.py:188} INFO - [2024-05-20T00:53:54.072+0000] {dagbag.py:545} INFO - Filling up the DagBag from /home/airflow/.local/lib/python3.12/site-packages/airflow/example_dags/tutorial.py
[2024-05-20T00:53:54.104+0000] {processor.py:840} INFO - DAG(s) 'tutorial' retrieved from /home/airflow/.local/lib/python3.12/site-packages/airflow/example_dags/tutorial.py
[2024-05-20T00:53:54.153+0000] {logging_mixin.py:188} INFO - [2024-05-20T00:53:54.152+0000] {dag.py:3096} INFO - Sync 1 DAGs
[2024-05-20T00:53:54.220+0000] {logging_mixin.py:188} INFO - [2024-05-20T00:53:54.219+0000] {dag.py:3954} INFO - Setting next_dagrun for tutorial to 2024-05-19 00:00:00+00:00, run_after=2024-05-20 00:00:00+00:00
[2024-05-20T00:53:54.281+0000] {processor.py:183} INFO - Processing /home/airflow/.local/lib/python3.12/site-packages/airflow/example_dags/tutorial.py took 0.227 seconds
[2024-05-20T00:54:24.777+0000] {processor.py:161} INFO - Started process (PID=694) to work on /home/airflow/.local/lib/python3.12/site-packages/airflow/example_dags/tutorial.py
[2024-05-20T00:54:24.784+0000] {processor.py:830} INFO - Processing file /home/airflow/.local/lib/python3.12/site-packages/airflow/example_dags/tutorial.py for tasks to queue
[2024-05-20T00:54:24.787+0000] {logging_mixin.py:188} INFO - [2024-05-20T00:54:24.787+0000] {dagbag.py:545} INFO - Filling up the DagBag from /home/airflow/.local/lib/python3.12/site-packages/airflow/example_dags/tutorial.py
[2024-05-20T00:54:24.796+0000] {processor.py:840} INFO - DAG(s) 'tutorial' retrieved from /home/airflow/.local/lib/python3.12/site-packages/airflow/example_dags/tutorial.py
[2024-05-20T00:54:24.820+0000] {logging_mixin.py:188} INFO - [2024-05-20T00:54:24.820+0000] {dag.py:3096} INFO - Sync 1 DAGs
[2024-05-20T00:54:24.872+0000] {logging_mixin.py:188} INFO - [2024-05-20T00:54:24.871+0000] {dag.py:3954} INFO - Setting next_dagrun for tutorial to 2024-05-19 00:00:00+00:00, run_after=2024-05-20 00:00:00+00:00
[2024-05-20T00:54:24.911+0000] {processor.py:183} INFO - Processing /home/airflow/.local/lib/python3.12/site-packages/airflow/example_dags/tutorial.py took 0.147 seconds
[2024-05-20T00:54:55.697+0000] {processor.py:161} INFO - Started process (PID=755) to work on /home/airflow/.local/lib/python3.12/site-packages/airflow/example_dags/tutorial.py
[2024-05-20T00:54:55.698+0000] {processor.py:830} INFO - Processing file /home/airflow/.local/lib/python3.12/site-packages/airflow/example_dags/tutorial.py for tasks to queue
[2024-05-20T00:54:55.701+0000] {logging_mixin.py:188} INFO - [2024-05-20T00:54:55.701+0000] {dagbag.py:545} INFO - Filling up the DagBag from /home/airflow/.local/lib/python3.12/site-packages/airflow/example_dags/tutorial.py
[2024-05-20T00:54:55.709+0000] {processor.py:840} INFO - DAG(s) 'tutorial' retrieved from /home/airflow/.local/lib/python3.12/site-packages/airflow/example_dags/tutorial.py
[2024-05-20T00:54:55.770+0000] {logging_mixin.py:188} INFO - [2024-05-20T00:54:55.769+0000] {dag.py:3096} INFO - Sync 1 DAGs
[2024-05-20T00:54:55.856+0000] {logging_mixin.py:188} INFO - [2024-05-20T00:54:55.855+0000] {dag.py:3954} INFO - Setting next_dagrun for tutorial to 2024-05-19 00:00:00+00:00, run_after=2024-05-20 00:00:00+00:00
[2024-05-20T00:54:55.911+0000] {processor.py:183} INFO - Processing /home/airflow/.local/lib/python3.12/site-packages/airflow/example_dags/tutorial.py took 0.225 seconds
[2024-05-20T00:55:44.798+0000] {processor.py:161} INFO - Started process (PID=814) to work on /home/airflow/.local/lib/python3.12/site-packages/airflow/example_dags/tutorial.py
[2024-05-20T00:55:44.800+0000] {processor.py:830} INFO - Processing file /home/airflow/.local/lib/python3.12/site-packages/airflow/example_dags/tutorial.py for tasks to queue
[2024-05-20T00:55:44.802+0000] {logging_mixin.py:188} INFO - [2024-05-20T00:55:44.802+0000] {dagbag.py:545} INFO - Filling up the DagBag from /home/airflow/.local/lib/python3.12/site-packages/airflow/example_dags/tutorial.py
[2024-05-20T00:55:44.811+0000] {processor.py:840} INFO - DAG(s) 'tutorial' retrieved from /home/airflow/.local/lib/python3.12/site-packages/airflow/example_dags/tutorial.py
[2024-05-20T00:55:44.834+0000] {logging_mixin.py:188} INFO - [2024-05-20T00:55:44.834+0000] {dag.py:3096} INFO - Sync 1 DAGs
[2024-05-20T00:55:44.860+0000] {logging_mixin.py:188} INFO - [2024-05-20T00:55:44.859+0000] {dag.py:3954} INFO - Setting next_dagrun for tutorial to 2024-05-19 00:00:00+00:00, run_after=2024-05-20 00:00:00+00:00
[2024-05-20T00:55:44.882+0000] {processor.py:183} INFO - Processing /home/airflow/.local/lib/python3.12/site-packages/airflow/example_dags/tutorial.py took 0.093 seconds
[2024-05-20T00:56:19.356+0000] {processor.py:161} INFO - Started process (PID=874) to work on /home/airflow/.local/lib/python3.12/site-packages/airflow/example_dags/tutorial.py
[2024-05-20T00:56:19.358+0000] {processor.py:830} INFO - Processing file /home/airflow/.local/lib/python3.12/site-packages/airflow/example_dags/tutorial.py for tasks to queue
[2024-05-20T00:56:19.361+0000] {logging_mixin.py:188} INFO - [2024-05-20T00:56:19.360+0000] {dagbag.py:545} INFO - Filling up the DagBag from /home/airflow/.local/lib/python3.12/site-packages/airflow/example_dags/tutorial.py
[2024-05-20T00:56:19.373+0000] {processor.py:840} INFO - DAG(s) 'tutorial' retrieved from /home/airflow/.local/lib/python3.12/site-packages/airflow/example_dags/tutorial.py
[2024-05-20T00:56:19.433+0000] {logging_mixin.py:188} INFO - [2024-05-20T00:56:19.433+0000] {dag.py:3096} INFO - Sync 1 DAGs
[2024-05-20T00:56:19.495+0000] {logging_mixin.py:188} INFO - [2024-05-20T00:56:19.494+0000] {dag.py:3954} INFO - Setting next_dagrun for tutorial to 2024-05-19 00:00:00+00:00, run_after=2024-05-20 00:00:00+00:00
[2024-05-20T00:56:19.547+0000] {processor.py:183} INFO - Processing /home/airflow/.local/lib/python3.12/site-packages/airflow/example_dags/tutorial.py took 0.206 seconds
[2024-05-20T00:56:51.380+0000] {processor.py:161} INFO - Started process (PID=934) to work on /home/airflow/.local/lib/python3.12/site-packages/airflow/example_dags/tutorial.py
[2024-05-20T00:56:51.382+0000] {processor.py:830} INFO - Processing file /home/airflow/.local/lib/python3.12/site-packages/airflow/example_dags/tutorial.py for tasks to queue
[2024-05-20T00:56:51.384+0000] {logging_mixin.py:188} INFO - [2024-05-20T00:56:51.384+0000] {dagbag.py:545} INFO - Filling up the DagBag from /home/airflow/.local/lib/python3.12/site-packages/airflow/example_dags/tutorial.py
[2024-05-20T00:56:51.394+0000] {processor.py:840} INFO - DAG(s) 'tutorial' retrieved from /home/airflow/.local/lib/python3.12/site-packages/airflow/example_dags/tutorial.py
[2024-05-20T00:56:51.461+0000] {logging_mixin.py:188} INFO - [2024-05-20T00:56:51.458+0000] {dag.py:3096} INFO - Sync 1 DAGs
[2024-05-20T00:56:51.528+0000] {logging_mixin.py:188} INFO - [2024-05-20T00:56:51.528+0000] {dag.py:3954} INFO - Setting next_dagrun for tutorial to 2024-05-19 00:00:00+00:00, run_after=2024-05-20 00:00:00+00:00
[2024-05-20T00:56:51.570+0000] {processor.py:183} INFO - Processing /home/airflow/.local/lib/python3.12/site-packages/airflow/example_dags/tutorial.py took 0.197 seconds
[2024-05-20T00:58:03.828+0000] {processor.py:161} INFO - Started process (PID=1000) to work on /home/airflow/.local/lib/python3.12/site-packages/airflow/example_dags/tutorial.py
[2024-05-20T00:58:03.837+0000] {processor.py:830} INFO - Processing file /home/airflow/.local/lib/python3.12/site-packages/airflow/example_dags/tutorial.py for tasks to queue
[2024-05-20T00:58:03.853+0000] {logging_mixin.py:188} INFO - [2024-05-20T00:58:03.851+0000] {dagbag.py:545} INFO - Filling up the DagBag from /home/airflow/.local/lib/python3.12/site-packages/airflow/example_dags/tutorial.py
[2024-05-20T00:58:03.916+0000] {processor.py:840} INFO - DAG(s) 'tutorial' retrieved from /home/airflow/.local/lib/python3.12/site-packages/airflow/example_dags/tutorial.py
[2024-05-20T00:58:04.035+0000] {logging_mixin.py:188} INFO - [2024-05-20T00:58:04.034+0000] {dag.py:3096} INFO - Sync 1 DAGs
[2024-05-20T00:58:04.137+0000] {logging_mixin.py:188} INFO - [2024-05-20T00:58:04.136+0000] {dag.py:3954} INFO - Setting next_dagrun for tutorial to 2024-05-19 00:00:00+00:00, run_after=2024-05-20 00:00:00+00:00
[2024-05-20T00:58:04.203+0000] {processor.py:183} INFO - Processing /home/airflow/.local/lib/python3.12/site-packages/airflow/example_dags/tutorial.py took 0.412 seconds
[2024-05-20T00:58:34.438+0000] {processor.py:161} INFO - Started process (PID=1059) to work on /home/airflow/.local/lib/python3.12/site-packages/airflow/example_dags/tutorial.py
[2024-05-20T00:58:34.440+0000] {processor.py:830} INFO - Processing file /home/airflow/.local/lib/python3.12/site-packages/airflow/example_dags/tutorial.py for tasks to queue
[2024-05-20T00:58:34.442+0000] {logging_mixin.py:188} INFO - [2024-05-20T00:58:34.442+0000] {dagbag.py:545} INFO - Filling up the DagBag from /home/airflow/.local/lib/python3.12/site-packages/airflow/example_dags/tutorial.py
[2024-05-20T00:58:34.453+0000] {processor.py:840} INFO - DAG(s) 'tutorial' retrieved from /home/airflow/.local/lib/python3.12/site-packages/airflow/example_dags/tutorial.py
[2024-05-20T00:58:34.492+0000] {logging_mixin.py:188} INFO - [2024-05-20T00:58:34.491+0000] {dag.py:3096} INFO - Sync 1 DAGs
[2024-05-20T00:58:34.547+0000] {logging_mixin.py:188} INFO - [2024-05-20T00:58:34.546+0000] {dag.py:3954} INFO - Setting next_dagrun for tutorial to 2024-05-19 00:00:00+00:00, run_after=2024-05-20 00:00:00+00:00
[2024-05-20T00:58:34.594+0000] {processor.py:183} INFO - Processing /home/airflow/.local/lib/python3.12/site-packages/airflow/example_dags/tutorial.py took 0.165 seconds
[2024-05-20T00:59:05.137+0000] {processor.py:161} INFO - Started process (PID=1116) to work on /home/airflow/.local/lib/python3.12/site-packages/airflow/example_dags/tutorial.py
[2024-05-20T00:59:05.139+0000] {processor.py:830} INFO - Processing file /home/airflow/.local/lib/python3.12/site-packages/airflow/example_dags/tutorial.py for tasks to queue
[2024-05-20T00:59:05.157+0000] {logging_mixin.py:188} INFO - [2024-05-20T00:59:05.156+0000] {dagbag.py:545} INFO - Filling up the DagBag from /home/airflow/.local/lib/python3.12/site-packages/airflow/example_dags/tutorial.py
[2024-05-20T00:59:05.170+0000] {processor.py:840} INFO - DAG(s) 'tutorial' retrieved from /home/airflow/.local/lib/python3.12/site-packages/airflow/example_dags/tutorial.py
[2024-05-20T00:59:05.222+0000] {logging_mixin.py:188} INFO - [2024-05-20T00:59:05.221+0000] {dag.py:3096} INFO - Sync 1 DAGs
[2024-05-20T00:59:05.285+0000] {logging_mixin.py:188} INFO - [2024-05-20T00:59:05.284+0000] {dag.py:3954} INFO - Setting next_dagrun for tutorial to 2024-05-19 00:00:00+00:00, run_after=2024-05-20 00:00:00+00:00
[2024-05-20T00:59:05.329+0000] {processor.py:183} INFO - Processing /home/airflow/.local/lib/python3.12/site-packages/airflow/example_dags/tutorial.py took 0.198 seconds
[2024-05-20T00:59:36.042+0000] {processor.py:161} INFO - Started process (PID=1175) to work on /home/airflow/.local/lib/python3.12/site-packages/airflow/example_dags/tutorial.py
[2024-05-20T00:59:36.059+0000] {processor.py:830} INFO - Processing file /home/airflow/.local/lib/python3.12/site-packages/airflow/example_dags/tutorial.py for tasks to queue
[2024-05-20T00:59:36.076+0000] {logging_mixin.py:188} INFO - [2024-05-20T00:59:36.075+0000] {dagbag.py:545} INFO - Filling up the DagBag from /home/airflow/.local/lib/python3.12/site-packages/airflow/example_dags/tutorial.py
[2024-05-20T00:59:36.094+0000] {processor.py:840} INFO - DAG(s) 'tutorial' retrieved from /home/airflow/.local/lib/python3.12/site-packages/airflow/example_dags/tutorial.py
[2024-05-20T00:59:36.178+0000] {logging_mixin.py:188} INFO - [2024-05-20T00:59:36.178+0000] {dag.py:3096} INFO - Sync 1 DAGs
[2024-05-20T00:59:36.284+0000] {logging_mixin.py:188} INFO - [2024-05-20T00:59:36.283+0000] {dag.py:3954} INFO - Setting next_dagrun for tutorial to 2024-05-19 00:00:00+00:00, run_after=2024-05-20 00:00:00+00:00
[2024-05-20T00:59:36.352+0000] {processor.py:183} INFO - Processing /home/airflow/.local/lib/python3.12/site-packages/airflow/example_dags/tutorial.py took 0.323 seconds
[2024-05-20T01:00:15.811+0000] {processor.py:161} INFO - Started process (PID=1248) to work on /home/airflow/.local/lib/python3.12/site-packages/airflow/example_dags/tutorial.py
[2024-05-20T01:00:15.813+0000] {processor.py:830} INFO - Processing file /home/airflow/.local/lib/python3.12/site-packages/airflow/example_dags/tutorial.py for tasks to queue
[2024-05-20T01:00:15.819+0000] {logging_mixin.py:188} INFO - [2024-05-20T01:00:15.818+0000] {dagbag.py:545} INFO - Filling up the DagBag from /home/airflow/.local/lib/python3.12/site-packages/airflow/example_dags/tutorial.py
[2024-05-20T01:00:15.838+0000] {processor.py:840} INFO - DAG(s) 'tutorial' retrieved from /home/airflow/.local/lib/python3.12/site-packages/airflow/example_dags/tutorial.py
[2024-05-20T01:00:15.937+0000] {logging_mixin.py:188} INFO - [2024-05-20T01:00:15.936+0000] {dag.py:3096} INFO - Sync 1 DAGs
[2024-05-20T01:00:16.008+0000] {logging_mixin.py:188} INFO - [2024-05-20T01:00:16.008+0000] {dag.py:3954} INFO - Setting next_dagrun for tutorial to 2024-05-19 00:00:00+00:00, run_after=2024-05-20 00:00:00+00:00
[2024-05-20T01:00:16.080+0000] {processor.py:183} INFO - Processing /home/airflow/.local/lib/python3.12/site-packages/airflow/example_dags/tutorial.py took 0.291 seconds
[2024-05-20T01:01:00.547+0000] {processor.py:161} INFO - Started process (PID=1322) to work on /home/airflow/.local/lib/python3.12/site-packages/airflow/example_dags/tutorial.py
[2024-05-20T01:01:00.550+0000] {processor.py:830} INFO - Processing file /home/airflow/.local/lib/python3.12/site-packages/airflow/example_dags/tutorial.py for tasks to queue
[2024-05-20T01:01:00.555+0000] {logging_mixin.py:188} INFO - [2024-05-20T01:01:00.554+0000] {dagbag.py:545} INFO - Filling up the DagBag from /home/airflow/.local/lib/python3.12/site-packages/airflow/example_dags/tutorial.py
[2024-05-20T01:01:00.576+0000] {processor.py:840} INFO - DAG(s) 'tutorial' retrieved from /home/airflow/.local/lib/python3.12/site-packages/airflow/example_dags/tutorial.py
[2024-05-20T01:01:00.634+0000] {logging_mixin.py:188} INFO - [2024-05-20T01:01:00.633+0000] {dag.py:3096} INFO - Sync 1 DAGs
[2024-05-20T01:01:00.693+0000] {logging_mixin.py:188} INFO - [2024-05-20T01:01:00.692+0000] {dag.py:3954} INFO - Setting next_dagrun for tutorial to 2024-05-19 00:00:00+00:00, run_after=2024-05-20 00:00:00+00:00
[2024-05-20T01:01:00.748+0000] {processor.py:183} INFO - Processing /home/airflow/.local/lib/python3.12/site-packages/airflow/example_dags/tutorial.py took 0.221 seconds
[2024-05-20T01:01:30.865+0000] {processor.py:161} INFO - Started process (PID=1381) to work on /home/airflow/.local/lib/python3.12/site-packages/airflow/example_dags/tutorial.py
[2024-05-20T01:01:30.866+0000] {processor.py:830} INFO - Processing file /home/airflow/.local/lib/python3.12/site-packages/airflow/example_dags/tutorial.py for tasks to queue
[2024-05-20T01:01:30.867+0000] {logging_mixin.py:188} INFO - [2024-05-20T01:01:30.867+0000] {dagbag.py:545} INFO - Filling up the DagBag from /home/airflow/.local/lib/python3.12/site-packages/airflow/example_dags/tutorial.py
[2024-05-20T01:01:30.873+0000] {processor.py:840} INFO - DAG(s) 'tutorial' retrieved from /home/airflow/.local/lib/python3.12/site-packages/airflow/example_dags/tutorial.py
[2024-05-20T01:01:30.890+0000] {logging_mixin.py:188} INFO - [2024-05-20T01:01:30.890+0000] {dag.py:3096} INFO - Sync 1 DAGs
[2024-05-20T01:01:30.908+0000] {logging_mixin.py:188} INFO - [2024-05-20T01:01:30.908+0000] {dag.py:3954} INFO - Setting next_dagrun for tutorial to 2024-05-19 00:00:00+00:00, run_after=2024-05-20 00:00:00+00:00
[2024-05-20T01:01:30.923+0000] {processor.py:183} INFO - Processing /home/airflow/.local/lib/python3.12/site-packages/airflow/example_dags/tutorial.py took 0.065 seconds
[2024-05-20T01:02:01.059+0000] {processor.py:161} INFO - Started process (PID=1441) to work on /home/airflow/.local/lib/python3.12/site-packages/airflow/example_dags/tutorial.py
[2024-05-20T01:02:01.061+0000] {processor.py:830} INFO - Processing file /home/airflow/.local/lib/python3.12/site-packages/airflow/example_dags/tutorial.py for tasks to queue
[2024-05-20T01:02:01.063+0000] {logging_mixin.py:188} INFO - [2024-05-20T01:02:01.062+0000] {dagbag.py:545} INFO - Filling up the DagBag from /home/airflow/.local/lib/python3.12/site-packages/airflow/example_dags/tutorial.py
[2024-05-20T01:02:01.076+0000] {processor.py:840} INFO - DAG(s) 'tutorial' retrieved from /home/airflow/.local/lib/python3.12/site-packages/airflow/example_dags/tutorial.py
[2024-05-20T01:02:01.108+0000] {logging_mixin.py:188} INFO - [2024-05-20T01:02:01.108+0000] {dag.py:3096} INFO - Sync 1 DAGs
[2024-05-20T01:02:01.140+0000] {logging_mixin.py:188} INFO - [2024-05-20T01:02:01.140+0000] {dag.py:3954} INFO - Setting next_dagrun for tutorial to 2024-05-19 00:00:00+00:00, run_after=2024-05-20 00:00:00+00:00
[2024-05-20T01:02:01.183+0000] {processor.py:183} INFO - Processing /home/airflow/.local/lib/python3.12/site-packages/airflow/example_dags/tutorial.py took 0.131 seconds
[2024-05-20T01:02:33.202+0000] {processor.py:161} INFO - Started process (PID=1501) to work on /home/airflow/.local/lib/python3.12/site-packages/airflow/example_dags/tutorial.py
[2024-05-20T01:02:33.203+0000] {processor.py:830} INFO - Processing file /home/airflow/.local/lib/python3.12/site-packages/airflow/example_dags/tutorial.py for tasks to queue
[2024-05-20T01:02:33.207+0000] {logging_mixin.py:188} INFO - [2024-05-20T01:02:33.206+0000] {dagbag.py:545} INFO - Filling up the DagBag from /home/airflow/.local/lib/python3.12/site-packages/airflow/example_dags/tutorial.py
[2024-05-20T01:02:33.217+0000] {processor.py:840} INFO - DAG(s) 'tutorial' retrieved from /home/airflow/.local/lib/python3.12/site-packages/airflow/example_dags/tutorial.py
[2024-05-20T01:02:33.244+0000] {logging_mixin.py:188} INFO - [2024-05-20T01:02:33.244+0000] {dag.py:3096} INFO - Sync 1 DAGs
[2024-05-20T01:02:33.267+0000] {logging_mixin.py:188} INFO - [2024-05-20T01:02:33.267+0000] {dag.py:3954} INFO - Setting next_dagrun for tutorial to 2024-05-19 00:00:00+00:00, run_after=2024-05-20 00:00:00+00:00
[2024-05-20T01:02:33.292+0000] {processor.py:183} INFO - Processing /home/airflow/.local/lib/python3.12/site-packages/airflow/example_dags/tutorial.py took 0.099 seconds
[2024-05-20T01:03:29.077+0000] {processor.py:161} INFO - Started process (PID=1582) to work on /home/airflow/.local/lib/python3.12/site-packages/airflow/example_dags/tutorial.py
[2024-05-20T01:03:29.079+0000] {processor.py:830} INFO - Processing file /home/airflow/.local/lib/python3.12/site-packages/airflow/example_dags/tutorial.py for tasks to queue
[2024-05-20T01:03:29.082+0000] {logging_mixin.py:188} INFO - [2024-05-20T01:03:29.082+0000] {dagbag.py:545} INFO - Filling up the DagBag from /home/airflow/.local/lib/python3.12/site-packages/airflow/example_dags/tutorial.py
[2024-05-20T01:03:29.098+0000] {processor.py:840} INFO - DAG(s) 'tutorial' retrieved from /home/airflow/.local/lib/python3.12/site-packages/airflow/example_dags/tutorial.py
[2024-05-20T01:03:29.141+0000] {logging_mixin.py:188} INFO - [2024-05-20T01:03:29.140+0000] {dag.py:3096} INFO - Sync 1 DAGs
[2024-05-20T01:03:29.263+0000] {logging_mixin.py:188} INFO - [2024-05-20T01:03:29.261+0000] {dag.py:3954} INFO - Setting next_dagrun for tutorial to 2024-05-19 00:00:00+00:00, run_after=2024-05-20 00:00:00+00:00
[2024-05-20T01:03:29.384+0000] {processor.py:183} INFO - Processing /home/airflow/.local/lib/python3.12/site-packages/airflow/example_dags/tutorial.py took 0.318 seconds
